#***************************************************************************

#sjplacer

#Version:            1.1

#Build Date:         Sep  9 2019 11:47:43

#File Generated:     Feb 24 2022 19:30:15

#Purpose:            

#Copyright (C) 2010-2011 by Softjin Technologies Pvt Ltd. All rights reserved.

#***************************************************************************

Executing : C:\Program Files (x86)\Cypress\PSoC Creator\4.4\PSoC Creator\bin/sjplacer.exe --proj-name science wow --netlist-vh2 science wow_p.vh2 --arch p4_udb2x4 --arch-file C:\Program Files (x86)\Cypress\PSoC Creator\4.4\PSoC Creator\dev\arch/udbdsi_2x4_08.cydata --ip-file C:\Program Files (x86)\Cypress\PSoC Creator\4.4\PSoC Creator\dev\psoc4/2/ip_blocks.cydata --rrg-file C:\Program Files (x86)\Cypress\PSoC Creator\4.4\PSoC Creator\dev\psoc4/2/route_arch-rrg.cydata --irq-file C:\Program Files (x86)\Cypress\PSoC Creator\4.4\PSoC Creator\dev\psoc4/2/irqconn.cydata --drq-file C:\Program Files (x86)\Cypress\PSoC Creator\4.4\PSoC Creator\dev\psoc4/2/triggerconn.cydata --dsi-conn-file C:\Program Files (x86)\Cypress\PSoC Creator\4.4\PSoC Creator\dev\psoc4/2/dsiconn.cydata --pins-file pins_64-TQFP.xml --lib-file science wow_p.lib --sdc-file science wow.sdc --io-pcf science wow.pci --outdir .

		Softjin Techologies Placer, Version 1.1

Build Date : Sep  9 2019	11:45:12

D2004: Option and Settings Summary
=============================================================
Netlist vh2 file          - science wow_p.vh2
Architecture file         - C:\Program Files (x86)\Cypress\PSoC Creator\4.4\PSoC Creator\dev\arch/udbdsi_2x4_08.cydata
Package                   - 
Defparam file             - 
SDC file                  - science wow.sdc
Output directory          - .
Timing library            - science wow_p.lib
IO Placement file         - science wow.pci

D2050: Starting reading inputs for placer
=============================================================
D2065: Reading netlist file : "science wow_p.vh2"
D2065: Reading arch file : "C:\Program Files (x86)\Cypress\PSoC Creator\4.4\PSoC Creator\dev\arch/udbdsi_2x4_08.cydata"
D2051: Reading of inputs for placer completed successfully

D2053: Starting placement of the design
=============================================================

Phase 2
Phase 3

Design Statistics after Packing
    Number of Combinational MCs 	:	16
    Number of Sequential MCs    	:	31
    Number of DPs               	:	4
    Number of Controls          	:	2
    Number of Status            	:	5
    Number of SyncCells         	:	0
    Number of count7cells       	:	0

Device Utilization Summary after Packing
    Macrocells                  :	47/64
    UDBS                        :	8/8
    IOs                         :	21/76


D2088: Phase 3, elapsed time : 0.0 (sec)

Phase 4
D2088: Phase 4, elapsed time : 0.0 (sec)

Phase 6

######################################################################
Placement Timing Summary

The timing summary is based on estimated routing delays after
placement. For final timing report, please carry out the timing
analysis after routing.
======================================================================

######################################################################
                     Clock Summary 
======================================================================
Number of clocks: 13
Clock: ADC_intClock         | Frequency: N/A       | Target:   6.0 MHz
Clock: ADC_intClock(FFB)    | Frequency: N/A       | Target:   6.0 MHz
Clock: Clock_1              | Frequency:  32.6 MHz | Target:   0.0 MHz
Clock: CyHFClk              | Frequency: N/A       | Target:  48.0 MHz
Clock: CyILO                | Frequency: N/A       | Target:   0.0 MHz
Clock: CyIMO                | Frequency: N/A       | Target:  48.0 MHz
Clock: CyLFClk              | Frequency: N/A       | Target:   0.0 MHz
Clock: CyRouted1            | Frequency: N/A       | Target:  48.0 MHz
Clock: CySysClk             | Frequency: N/A       | Target:  48.0 MHz
Clock: I2C_SCBCLK           | Frequency: N/A       | Target:   1.6 MHz
Clock: I2C_SCBCLK(FFB)      | Frequency: N/A       | Target:   1.6 MHz
Clock: UART_SCBCLK          | Frequency: N/A       | Target:   1.4 MHz
Clock: UART_SCBCLK(FFB)     | Frequency: N/A       | Target:   1.4 MHz

======================================================================
                     End of Clock Summary
######################################################################

D2088: Phase 6, elapsed time : 0.1 (sec)

Phase 7
######################################################################
                     Clock Summary 
======================================================================
Number of clocks: 13
Clock: ADC_intClock         | Frequency: N/A       | Target:   6.0 MHz
Clock: ADC_intClock(FFB)    | Frequency: N/A       | Target:   6.0 MHz
Clock: Clock_1              | Frequency:  32.6 MHz | Target:   0.0 MHz
Clock: CyHFClk              | Frequency: N/A       | Target:  48.0 MHz
Clock: CyILO                | Frequency: N/A       | Target:   0.0 MHz
Clock: CyIMO                | Frequency: N/A       | Target:  48.0 MHz
Clock: CyLFClk              | Frequency: N/A       | Target:   0.0 MHz
Clock: CyRouted1            | Frequency: N/A       | Target:  48.0 MHz
Clock: CySysClk             | Frequency: N/A       | Target:  48.0 MHz
Clock: I2C_SCBCLK           | Frequency: N/A       | Target:   1.6 MHz
Clock: I2C_SCBCLK(FFB)      | Frequency: N/A       | Target:   1.6 MHz
Clock: UART_SCBCLK          | Frequency: N/A       | Target:   1.4 MHz
Clock: UART_SCBCLK(FFB)     | Frequency: N/A       | Target:   1.4 MHz

======================================================================
                     End of Clock Summary
######################################################################
D2088: Phase 7, elapsed time : 0.9 (sec)

Final Design Statistics
    Number of Combinational MCs 	:	16
    Number of Sequential MCs    	:	31
    Number of DPs               	:	4
    Number of Controls          	:	2
    Number of Status            	:	5
    Number of SyncCells         	:	0
    Number of count7cells       	:	0
    Number of IOs       	:	21

Device Utilization Summary
    Macrocells                  :	47/64
    IOs                         :	21/76



######################################################################
Placement Timing Summary

The timing summary is based on estimated routing delays after
placement. For final timing report, please carry out the timing
analysis after routing.
======================================================================


######################################################################
                     Clock Summary 
======================================================================
Number of clocks: 13
Clock: ADC_intClock         | Frequency: N/A       | Target:   6.0 MHz
Clock: ADC_intClock(FFB)    | Frequency: N/A       | Target:   6.0 MHz
Clock: Clock_1              | Frequency:  32.6 MHz | Target:   0.0 MHz
Clock: CyHFClk              | Frequency: N/A       | Target:  48.0 MHz
Clock: CyILO                | Frequency: N/A       | Target:   0.0 MHz
Clock: CyIMO                | Frequency: N/A       | Target:  48.0 MHz
Clock: CyLFClk              | Frequency: N/A       | Target:   0.0 MHz
Clock: CyRouted1            | Frequency: N/A       | Target:  48.0 MHz
Clock: CySysClk             | Frequency: N/A       | Target:  48.0 MHz
Clock: I2C_SCBCLK           | Frequency: N/A       | Target:   1.6 MHz
Clock: I2C_SCBCLK(FFB)      | Frequency: N/A       | Target:   1.6 MHz
Clock: UART_SCBCLK          | Frequency: N/A       | Target:   1.4 MHz
Clock: UART_SCBCLK(FFB)     | Frequency: N/A       | Target:   1.4 MHz

======================================================================
                     End of Clock Summary
######################################################################

Phase 8
D2088: Phase 8, elapsed time : 0.0 (sec)

D2054: Placement of the design completed successfully

I2076: Total run-time: 2.4 sec.

