--------------- Rebuild Started: 07/22/2023 17:42:27 Project: science wow, Configuration: ARM GCC 5.4-2016-q2-update Debug ---------------
Deleting file ".\CortexM0\ARM_GCC_541\Debug\CANCommon.o"
Deleting file ".\CortexM0\ARM_GCC_541\Debug\CANGPIO.o"
Deleting file ".\CortexM0\ARM_GCC_541\Debug\CANLocalization.o"
Deleting file ".\CortexM0\ARM_GCC_541\Debug\CANMotorUnit.o"
Deleting file ".\CortexM0\ARM_GCC_541\Debug\CANPacket.o"
Deleting file ".\CortexM0\ARM_GCC_541\Debug\CANPower.o"
Deleting file ".\CortexM0\ARM_GCC_541\Debug\CANScience.o"
Deleting file ".\CortexM0\ARM_GCC_541\Debug\PortPSOC_CY8C4248AZI_L485.o"
Deleting file ".\CortexM0\ARM_GCC_541\Debug\PCA9685.o"
Deleting file ".\CortexM0\ARM_GCC_541\Debug\main.o"
Deleting file ".\CortexM0\ARM_GCC_541\Debug\sensor.o"
Deleting file ".\CortexM0\ARM_GCC_541\Debug\servo.o"
Deleting file ".\CortexM0\ARM_GCC_541\Debug\Milliseconds.o"
Deleting file ".\CortexM0\ARM_GCC_541\Debug\cyfitter_cfg.o"
Deleting file ".\CortexM0\ARM_GCC_541\Debug\cymetadata.o"
Deleting file ".\CortexM0\ARM_GCC_541\Debug\CAN.o"
Deleting file ".\CortexM0\ARM_GCC_541\Debug\CAN_INT.o"
Deleting file ".\CortexM0\ARM_GCC_541\Debug\CAN_PM.o"
Deleting file ".\CortexM0\ARM_GCC_541\Debug\CAN_TX_RX_func.o"
Deleting file ".\CortexM0\ARM_GCC_541\Debug\CAN_isr.o"
Deleting file ".\CortexM0\ARM_GCC_541\Debug\CAN_HFCLK.o"
Deleting file ".\CortexM0\ARM_GCC_541\Debug\Cm0Start.o"
Deleting file ".\CortexM0\ARM_GCC_541\Debug\CyFlash.o"
Deleting file ".\CortexM0\ARM_GCC_541\Debug\CyLib.o"
Deleting file ".\CortexM0\ARM_GCC_541\Debug\cyPm.o"
Deleting file ".\CortexM0\ARM_GCC_541\Debug\cyutils.o"
Deleting file ".\CortexM0\ARM_GCC_541\Debug\CyBootAsmGnu.o"
Deleting file ".\CortexM0\ARM_GCC_541\Debug\CyDMA.o"
Deleting file ".\CortexM0\ARM_GCC_541\Debug\CyLFClk.o"
Deleting file ".\CortexM0\ARM_GCC_541\Debug\cy_em_eeprom.o"
Deleting file ".\CortexM0\ARM_GCC_541\Debug\DBG_LED.o"
Deleting file ".\CortexM0\ARM_GCC_541\Debug\DBG_LED_PM.o"
Deleting file ".\CortexM0\ARM_GCC_541\Debug\ERR_LED.o"
Deleting file ".\CortexM0\ARM_GCC_541\Debug\ERR_LED_PM.o"
Deleting file ".\CortexM0\ARM_GCC_541\Debug\CAN_LED.o"
Deleting file ".\CortexM0\ARM_GCC_541\Debug\CAN_LED_PM.o"
Deleting file ".\CortexM0\ARM_GCC_541\Debug\LIM1.o"
Deleting file ".\CortexM0\ARM_GCC_541\Debug\LIM1_PM.o"
Deleting file ".\CortexM0\ARM_GCC_541\Debug\LIM2.o"
Deleting file ".\CortexM0\ARM_GCC_541\Debug\LIM2_PM.o"
Deleting file ".\CortexM0\ARM_GCC_541\Debug\ADC.o"
Deleting file ".\CortexM0\ARM_GCC_541\Debug\ADC_PM.o"
Deleting file ".\CortexM0\ARM_GCC_541\Debug\ADC_INT.o"
Deleting file ".\CortexM0\ARM_GCC_541\Debug\Humidity.o"
Deleting file ".\CortexM0\ARM_GCC_541\Debug\Humidity_PM.o"
Deleting file ".\CortexM0\ARM_GCC_541\Debug\Temp.o"
Deleting file ".\CortexM0\ARM_GCC_541\Debug\Temp_PM.o"
Deleting file ".\CortexM0\ARM_GCC_541\Debug\ADC_IRQ.o"
Deleting file ".\CortexM0\ARM_GCC_541\Debug\ADC_intClock.o"
Deleting file ".\CortexM0\ARM_GCC_541\Debug\CAN_RX.o"
Deleting file ".\CortexM0\ARM_GCC_541\Debug\CAN_RX_PM.o"
Deleting file ".\CortexM0\ARM_GCC_541\Debug\CAN_TX.o"
Deleting file ".\CortexM0\ARM_GCC_541\Debug\CAN_TX_PM.o"
Deleting file ".\CortexM0\ARM_GCC_541\Debug\LIM3.o"
Deleting file ".\CortexM0\ARM_GCC_541\Debug\LIM3_PM.o"
Deleting file ".\CortexM0\ARM_GCC_541\Debug\LIM4.o"
Deleting file ".\CortexM0\ARM_GCC_541\Debug\LIM4_PM.o"
Deleting file ".\CortexM0\ARM_GCC_541\Debug\LIM5.o"
Deleting file ".\CortexM0\ARM_GCC_541\Debug\LIM5_PM.o"
Deleting file ".\CortexM0\ARM_GCC_541\Debug\I2C.o"
Deleting file ".\CortexM0\ARM_GCC_541\Debug\I2C_I2C_INT.o"
Deleting file ".\CortexM0\ARM_GCC_541\Debug\I2C_I2C.o"
Deleting file ".\CortexM0\ARM_GCC_541\Debug\I2C_I2C_BOOT.o"
Deleting file ".\CortexM0\ARM_GCC_541\Debug\I2C_I2C_MASTER.o"
Deleting file ".\CortexM0\ARM_GCC_541\Debug\I2C_PM.o"
Deleting file ".\CortexM0\ARM_GCC_541\Debug\I2C_BOOT.o"
Deleting file ".\CortexM0\ARM_GCC_541\Debug\I2C_SCBCLK.o"
Deleting file ".\CortexM0\ARM_GCC_541\Debug\I2C_sda.o"
Deleting file ".\CortexM0\ARM_GCC_541\Debug\I2C_sda_PM.o"
Deleting file ".\CortexM0\ARM_GCC_541\Debug\I2C_scl.o"
Deleting file ".\CortexM0\ARM_GCC_541\Debug\I2C_scl_PM.o"
Deleting file ".\CortexM0\ARM_GCC_541\Debug\I2C_SCB_IRQ.o"
Deleting file ".\CortexM0\ARM_GCC_541\Debug\Clock_1.o"
Deleting file ".\CortexM0\ARM_GCC_541\Debug\Status_Reg_LIM.o"
Deleting file ".\CortexM0\ARM_GCC_541\Debug\isr_LIM.o"
Deleting file ".\CortexM0\ARM_GCC_541\Debug\QuadDec_1.o"
Deleting file ".\CortexM0\ARM_GCC_541\Debug\QuadDec_1_PM.o"
Deleting file ".\CortexM0\ARM_GCC_541\Debug\ENC_1_B.o"
Deleting file ".\CortexM0\ARM_GCC_541\Debug\ENC_1_B_PM.o"
Deleting file ".\CortexM0\ARM_GCC_541\Debug\ENC_1_A.o"
Deleting file ".\CortexM0\ARM_GCC_541\Debug\ENC_1_A_PM.o"
Deleting file ".\CortexM0\ARM_GCC_541\Debug\ENC_2_A.o"
Deleting file ".\CortexM0\ARM_GCC_541\Debug\ENC_2_A_PM.o"
Deleting file ".\CortexM0\ARM_GCC_541\Debug\ENC_2_B.o"
Deleting file ".\CortexM0\ARM_GCC_541\Debug\ENC_2_B_PM.o"
Deleting file ".\CortexM0\ARM_GCC_541\Debug\QuadDec_2.o"
Deleting file ".\CortexM0\ARM_GCC_541\Debug\QuadDec_2_PM.o"
Deleting file ".\CortexM0\ARM_GCC_541\Debug\UART.o"
Deleting file ".\CortexM0\ARM_GCC_541\Debug\UART_SPI_UART.o"
Deleting file ".\CortexM0\ARM_GCC_541\Debug\UART_SPI_UART_INT.o"
Deleting file ".\CortexM0\ARM_GCC_541\Debug\UART_PM.o"
Deleting file ".\CortexM0\ARM_GCC_541\Debug\UART_UART.o"
Deleting file ".\CortexM0\ARM_GCC_541\Debug\UART_BOOT.o"
Deleting file ".\CortexM0\ARM_GCC_541\Debug\UART_UART_BOOT.o"
Deleting file ".\CortexM0\ARM_GCC_541\Debug\UART_SCBCLK.o"
Deleting file ".\CortexM0\ARM_GCC_541\Debug\UART_tx.o"
Deleting file ".\CortexM0\ARM_GCC_541\Debug\UART_tx_PM.o"
Deleting file ".\CortexM0\ARM_GCC_541\Debug\UART_rx.o"
Deleting file ".\CortexM0\ARM_GCC_541\Debug\UART_rx_PM.o"
Deleting file ".\CortexM0\ARM_GCC_541\Debug\Timer_1ms.o"
Deleting file ".\CortexM0\ARM_GCC_541\Debug\Timer_1ms_PM.o"
Deleting file ".\CortexM0\ARM_GCC_541\Debug\isr_1ms.o"
Deleting file ".\CortexM0\ARM_GCC_541\Debug\CC1_isr.o"
Deleting file ".\CortexM0\ARM_GCC_541\Debug\CC2_isr.o"
Deleting file ".\CortexM0\ARM_GCC_541\Debug\Can_addr.o"
Deleting file ".\CortexM0\ARM_GCC_541\Debug\Dip_1.o"
Deleting file ".\CortexM0\ARM_GCC_541\Debug\Dip_1_PM.o"
Deleting file ".\CortexM0\ARM_GCC_541\Debug\Dip_2.o"
Deleting file ".\CortexM0\ARM_GCC_541\Debug\Dip_2_PM.o"
Deleting file ".\CortexM0\ARM_GCC_541\Debug\Dip_3.o"
Deleting file ".\CortexM0\ARM_GCC_541\Debug\Dip_3_PM.o"
Deleting file ".\CortexM0\ARM_GCC_541\Debug\Dip_4.o"
Deleting file ".\CortexM0\ARM_GCC_541\Debug\Dip_4_PM.o"
Deleting file ".\CortexM0\ARM_GCC_541\Debug\Timer_LEDs.o"
Deleting file ".\CortexM0\ARM_GCC_541\Debug\Timer_LEDs_PM.o"
Deleting file ".\CortexM0\ARM_GCC_541\Debug\isr_LEDs.o"
Deleting file ".\CortexM0\ARM_GCC_541\Debug\timer_clock.o"
Deleting file ".\CortexM0\ARM_GCC_541\Debug\science wow.hex"
Deleting file ".\CortexM0\ARM_GCC_541\Debug\science wow.elf"
Deleting file ".\CortexM0\ARM_GCC_541\Debug\science wow.map"
Deleting file ".\science wow.cycdx"
Deleting file ".\science wow.svd"
Deleting file ".\science wow.rpt"
Deleting file ".\science wow_timing.html"
Deleting file ".\CortexM0\ARM_GCC_541\Debug\.deps\SOURCE_C__ARM_GCC_GENERIC.P"
Deleting file ".\CortexM0\ARM_GCC_541\Debug\.deps\SOURCE_ASM__ARM_GCC_GENERIC.P"
cydsfit.exe -.appdatapath "C:\Users\mewin\AppData\Local\Cypress Semiconductor\PSoC Creator\4.4" -.fdsnotice -.fdswarpdepfile=warp_dependencies.txt -.fdselabdepfile=elab_dependencies.txt -.fdsbldfile=generated_files.txt -.fdsreffile=referenced_files.txt -p "C:\Users\mewin\Documents\PSoC Creator\Science_Board_2021-2022\science wow.cydsn\science wow.cyprj" -d CY8C4248AZI-L485 -s "C:\Users\mewin\Documents\PSoC Creator\Science_Board_2021-2022\science wow.cydsn\Generated_Source\PSoC4" -- -yv2 -q10 -ygs -o2 -v3 -.fftcfgtype=LE
Elaborating Design...
HDL Generation...
Synthesis...
Tech Mapping...
Analog Placement...
Analog Routing...
Analog Code Generation...
Digital Placement...
Digital Routing...
Bitstream Generation...
Bitstream Verification...
Static timing analysis...
API Generation...
Dependency Generation...
Cleanup...
arm-none-eabi-gcc.exe -mcpu=cortex-m0 -mthumb -I..\HindsightCAN-master -I. -IGenerated_Source\PSoC4 -Wa,-alh=.\CortexM0\ARM_GCC_541\Debug/CANCommon.lst -g -D DEBUG -D CY_CORE_ID=0 -Wall -ffunction-sections -ffat-lto-objects -Og -DCHIP_TYPE=CHIP_TYPE_PSOC_CY8C4248AZI_L485 -c ..\HindsightCAN-master\CANCommon.c -o .\CortexM0\ARM_GCC_541\Debug\CANCommon.o
arm-none-eabi-gcc.exe -mcpu=cortex-m0 -mthumb -I..\HindsightCAN-master -I. -IGenerated_Source\PSoC4 -Wa,-alh=.\CortexM0\ARM_GCC_541\Debug/CANGPIO.lst -g -D DEBUG -D CY_CORE_ID=0 -Wall -ffunction-sections -ffat-lto-objects -Og -DCHIP_TYPE=CHIP_TYPE_PSOC_CY8C4248AZI_L485 -c ..\HindsightCAN-master\CANGPIO.c -o .\CortexM0\ARM_GCC_541\Debug\CANGPIO.o
arm-none-eabi-gcc.exe -mcpu=cortex-m0 -mthumb -I..\HindsightCAN-master -I. -IGenerated_Source\PSoC4 -Wa,-alh=.\CortexM0\ARM_GCC_541\Debug/CANLocalization.lst -g -D DEBUG -D CY_CORE_ID=0 -Wall -ffunction-sections -ffat-lto-objects -Og -DCHIP_TYPE=CHIP_TYPE_PSOC_CY8C4248AZI_L485 -c ..\HindsightCAN-master\CANLocalization.c -o .\CortexM0\ARM_GCC_541\Debug\CANLocalization.o
arm-none-eabi-gcc.exe -mcpu=cortex-m0 -mthumb -I..\HindsightCAN-master -I. -IGenerated_Source\PSoC4 -Wa,-alh=.\CortexM0\ARM_GCC_541\Debug/CANMotorUnit.lst -g -D DEBUG -D CY_CORE_ID=0 -Wall -ffunction-sections -ffat-lto-objects -Og -DCHIP_TYPE=CHIP_TYPE_PSOC_CY8C4248AZI_L485 -c ..\HindsightCAN-master\CANMotorUnit.c -o .\CortexM0\ARM_GCC_541\Debug\CANMotorUnit.o
arm-none-eabi-gcc.exe -mcpu=cortex-m0 -mthumb -I..\HindsightCAN-master -I. -IGenerated_Source\PSoC4 -Wa,-alh=.\CortexM0\ARM_GCC_541\Debug/CANPacket.lst -g -D DEBUG -D CY_CORE_ID=0 -Wall -ffunction-sections -ffat-lto-objects -Og -DCHIP_TYPE=CHIP_TYPE_PSOC_CY8C4248AZI_L485 -c ..\HindsightCAN-master\CANPacket.c -o .\CortexM0\ARM_GCC_541\Debug\CANPacket.o
arm-none-eabi-gcc.exe -mcpu=cortex-m0 -mthumb -I..\HindsightCAN-master -I. -IGenerated_Source\PSoC4 -Wa,-alh=.\CortexM0\ARM_GCC_541\Debug/CANPower.lst -g -D DEBUG -D CY_CORE_ID=0 -Wall -ffunction-sections -ffat-lto-objects -Og -DCHIP_TYPE=CHIP_TYPE_PSOC_CY8C4248AZI_L485 -c ..\HindsightCAN-master\CANPower.c -o .\CortexM0\ARM_GCC_541\Debug\CANPower.o
arm-none-eabi-gcc.exe -mcpu=cortex-m0 -mthumb -I..\HindsightCAN-master -I. -IGenerated_Source\PSoC4 -Wa,-alh=.\CortexM0\ARM_GCC_541\Debug/CANScience.lst -g -D DEBUG -D CY_CORE_ID=0 -Wall -ffunction-sections -ffat-lto-objects -Og -DCHIP_TYPE=CHIP_TYPE_PSOC_CY8C4248AZI_L485 -c ..\HindsightCAN-master\CANScience.c -o .\CortexM0\ARM_GCC_541\Debug\CANScience.o
arm-none-eabi-gcc.exe -mcpu=cortex-m0 -mthumb -I..\HindsightCAN-master -I. -IGenerated_Source\PSoC4 -Wa,-alh=.\CortexM0\ARM_GCC_541\Debug/PortPSOC_CY8C4248AZI_L485.lst -g -D DEBUG -D CY_CORE_ID=0 -Wall -ffunction-sections -ffat-lto-objects -Og -DCHIP_TYPE=CHIP_TYPE_PSOC_CY8C4248AZI_L485 -c ..\HindsightCAN-master\PortFiles\PortPSOC_CY8C4248AZI_L485.c -o .\CortexM0\ARM_GCC_541\Debug\PortPSOC_CY8C4248AZI_L485.o
In file included from Generated_Source\PSoC4/project.h:25:0,
                 from ..\HindsightCAN-master\PortFiles\PortPSOC_CY8C4248AZI_L485.c:12:
..\HindsightCAN-master\PortFiles\PortPSOC_CY8C4248AZI_L485.c: In function 'CAN_FLAG_ISR':
Generated_Source\PSoC4/CAN.h:566:58: warning: 'mailbox' may be used uninitialized in this function [-Wmaybe-uninitialized]
 #define CAN_RX_CMD_REG(i)            (*(reg32 *) (&CAN_RX[i].rxcmd))
                                                          ^
..\HindsightCAN-master\PortFiles\PortPSOC_CY8C4248AZI_L485.c:172:13: note: 'mailbox' was declared here
     uint8_t mailbox;
             ^
arm-none-eabi-gcc.exe -mcpu=cortex-m0 -mthumb -I..\HindsightCAN-master -I. -IGenerated_Source\PSoC4 -Wa,-alh=.\CortexM0\ARM_GCC_541\Debug/PCA9685.lst -g -D DEBUG -D CY_CORE_ID=0 -Wall -ffunction-sections -ffat-lto-objects -Og -DCHIP_TYPE=CHIP_TYPE_PSOC_CY8C4248AZI_L485 -c PCA9685.c -o .\CortexM0\ARM_GCC_541\Debug\PCA9685.o
arm-none-eabi-gcc.exe -mcpu=cortex-m0 -mthumb -I..\HindsightCAN-master -I. -IGenerated_Source\PSoC4 -Wa,-alh=.\CortexM0\ARM_GCC_541\Debug/main.lst -g -D DEBUG -D CY_CORE_ID=0 -Wall -ffunction-sections -ffat-lto-objects -Og -DCHIP_TYPE=CHIP_TYPE_PSOC_CY8C4248AZI_L485 -c main.c -o .\CortexM0\ARM_GCC_541\Debug\main.o
main.c: In function 'LED_Timer_Handler':
main.c:51:9: warning: unused variable 'timer' [-Wunused-variable]
     int timer = Timer_LEDs_ReadStatusRegister();
         ^
main.c: In function 'main':
main.c:218:36: warning: unused variable 'sum' [-Wunused-variable]
                             int8_t sum = target_cup_pos + first_cup_pos + 1; // plus 1 because zero indexed
                                    ^
main.c:182:14: warning: unused variable 'out4' [-Wunused-variable]
         char out4[32];
              ^
main.c:241:29: warning: 'next_pow' may be used uninitialized in this function [-Wmaybe-uninitialized]
                             set_servo_continuous(LAZY_SUSAN_ID, next_pow); // check servo num
                             ^
arm-none-eabi-gcc.exe -mcpu=cortex-m0 -mthumb -I..\HindsightCAN-master -I. -IGenerated_Source\PSoC4 -Wa,-alh=.\CortexM0\ARM_GCC_541\Debug/sensor.lst -g -D DEBUG -D CY_CORE_ID=0 -Wall -ffunction-sections -ffat-lto-objects -Og -DCHIP_TYPE=CHIP_TYPE_PSOC_CY8C4248AZI_L485 -c sensor.c -o .\CortexM0\ARM_GCC_541\Debug\sensor.o
sensor.c: In function 'VEML6070_init':
sensor.c:67:13: warning: unused variable 'data' [-Wunused-variable]
     uint8_t data[1] = {0x06};
             ^
sensor.c:66:13: warning: unused variable 'error' [-Wunused-variable]
     uint8_t error;
             ^
sensor.c: In function 'read_uv_sensor':
sensor.c:108:14: warning: unused variable 'lsberror' [-Wunused-variable]
      uint8_t lsberror = I2C_bus_read(VEML6070_ADDR_DATA_LSB, VEML6070_ADDR_DATA_LSB, &lsb, 0);
              ^
sensor.c:107:14: warning: unused variable 'msberror' [-Wunused-variable]
      uint8_t msberror = I2C_bus_read(VEML6070_ADDR_DATA_MSB, VEML6070_ADDR_DATA_MSB, &msb, 0);
              ^
arm-none-eabi-gcc.exe -mcpu=cortex-m0 -mthumb -I..\HindsightCAN-master -I. -IGenerated_Source\PSoC4 -Wa,-alh=.\CortexM0\ARM_GCC_541\Debug/servo.lst -g -D DEBUG -D CY_CORE_ID=0 -Wall -ffunction-sections -ffat-lto-objects -Og -DCHIP_TYPE=CHIP_TYPE_PSOC_CY8C4248AZI_L485 -c servo.c -o .\CortexM0\ARM_GCC_541\Debug\servo.o
servo.c: In function 'set_servo_continuous':
servo.c:80:13: warning: unused variable 'offset' [-Wunused-variable]
     float32 offset = 0;
             ^
arm-none-eabi-gcc.exe -mcpu=cortex-m0 -mthumb -I..\HindsightCAN-master -I. -IGenerated_Source\PSoC4 -Wa,-alh=.\CortexM0\ARM_GCC_541\Debug/Milliseconds.lst -g -D DEBUG -D CY_CORE_ID=0 -Wall -ffunction-sections -ffat-lto-objects -Og -DCHIP_TYPE=CHIP_TYPE_PSOC_CY8C4248AZI_L485 -c Milliseconds.c -o .\CortexM0\ARM_GCC_541\Debug\Milliseconds.o
arm-none-eabi-gcc.exe -mcpu=cortex-m0 -mthumb -I..\HindsightCAN-master -I. -IGenerated_Source\PSoC4 -Wa,-alh=.\CortexM0\ARM_GCC_541\Debug/cyfitter_cfg.lst -g -D DEBUG -D CY_CORE_ID=0 -Wall -ffunction-sections -ffat-lto-objects -Og -DCHIP_TYPE=CHIP_TYPE_PSOC_CY8C4248AZI_L485 -c Generated_Source\PSoC4\cyfitter_cfg.c -o .\CortexM0\ARM_GCC_541\Debug\cyfitter_cfg.o
arm-none-eabi-gcc.exe -mcpu=cortex-m0 -mthumb -I..\HindsightCAN-master -I. -IGenerated_Source\PSoC4 -Wa,-alh=.\CortexM0\ARM_GCC_541\Debug/cymetadata.lst -g -D DEBUG -D CY_CORE_ID=0 -Wall -ffunction-sections -ffat-lto-objects -Og -DCHIP_TYPE=CHIP_TYPE_PSOC_CY8C4248AZI_L485 -c Generated_Source\PSoC4\cymetadata.c -o .\CortexM0\ARM_GCC_541\Debug\cymetadata.o
arm-none-eabi-gcc.exe -mcpu=cortex-m0 -mthumb -I..\HindsightCAN-master -I. -IGenerated_Source\PSoC4 -Wa,-alh=.\CortexM0\ARM_GCC_541\Debug/CAN.lst -g -D DEBUG -D CY_CORE_ID=0 -Wall -ffunction-sections -ffat-lto-objects -Og -DCHIP_TYPE=CHIP_TYPE_PSOC_CY8C4248AZI_L485 -c Generated_Source\PSoC4\CAN.c -o .\CortexM0\ARM_GCC_541\Debug\CAN.o
arm-none-eabi-gcc.exe -mcpu=cortex-m0 -mthumb -I..\HindsightCAN-master -I. -IGenerated_Source\PSoC4 -Wa,-alh=.\CortexM0\ARM_GCC_541\Debug/CAN_INT.lst -g -D DEBUG -D CY_CORE_ID=0 -Wall -ffunction-sections -ffat-lto-objects -Og -DCHIP_TYPE=CHIP_TYPE_PSOC_CY8C4248AZI_L485 -c Generated_Source\PSoC4\CAN_INT.c -o .\CortexM0\ARM_GCC_541\Debug\CAN_INT.o
arm-none-eabi-gcc.exe -mcpu=cortex-m0 -mthumb -I..\HindsightCAN-master -I. -IGenerated_Source\PSoC4 -Wa,-alh=.\CortexM0\ARM_GCC_541\Debug/CAN_PM.lst -g -D DEBUG -D CY_CORE_ID=0 -Wall -ffunction-sections -ffat-lto-objects -Og -DCHIP_TYPE=CHIP_TYPE_PSOC_CY8C4248AZI_L485 -c Generated_Source\PSoC4\CAN_PM.c -o .\CortexM0\ARM_GCC_541\Debug\CAN_PM.o
arm-none-eabi-gcc.exe -mcpu=cortex-m0 -mthumb -I..\HindsightCAN-master -I. -IGenerated_Source\PSoC4 -Wa,-alh=.\CortexM0\ARM_GCC_541\Debug/CAN_TX_RX_func.lst -g -D DEBUG -D CY_CORE_ID=0 -Wall -ffunction-sections -ffat-lto-objects -Og -DCHIP_TYPE=CHIP_TYPE_PSOC_CY8C4248AZI_L485 -c Generated_Source\PSoC4\CAN_TX_RX_func.c -o .\CortexM0\ARM_GCC_541\Debug\CAN_TX_RX_func.o
arm-none-eabi-gcc.exe -mcpu=cortex-m0 -mthumb -I..\HindsightCAN-master -I. -IGenerated_Source\PSoC4 -Wa,-alh=.\CortexM0\ARM_GCC_541\Debug/CAN_isr.lst -g -D DEBUG -D CY_CORE_ID=0 -Wall -ffunction-sections -ffat-lto-objects -Og -DCHIP_TYPE=CHIP_TYPE_PSOC_CY8C4248AZI_L485 -c Generated_Source\PSoC4\CAN_isr.c -o .\CortexM0\ARM_GCC_541\Debug\CAN_isr.o
arm-none-eabi-gcc.exe -mcpu=cortex-m0 -mthumb -I..\HindsightCAN-master -I. -IGenerated_Source\PSoC4 -Wa,-alh=.\CortexM0\ARM_GCC_541\Debug/CAN_HFCLK.lst -g -D DEBUG -D CY_CORE_ID=0 -Wall -ffunction-sections -ffat-lto-objects -Og -DCHIP_TYPE=CHIP_TYPE_PSOC_CY8C4248AZI_L485 -c Generated_Source\PSoC4\CAN_HFCLK.c -o .\CortexM0\ARM_GCC_541\Debug\CAN_HFCLK.o
arm-none-eabi-gcc.exe -mcpu=cortex-m0 -mthumb -I..\HindsightCAN-master -I. -IGenerated_Source\PSoC4 -Wa,-alh=.\CortexM0\ARM_GCC_541\Debug/Cm0Start.lst -g -D DEBUG -D CY_CORE_ID=0 -Wall -ffunction-sections -ffat-lto-objects -Og -DCHIP_TYPE=CHIP_TYPE_PSOC_CY8C4248AZI_L485 -c Generated_Source\PSoC4\Cm0Start.c -o .\CortexM0\ARM_GCC_541\Debug\Cm0Start.o
arm-none-eabi-gcc.exe -mcpu=cortex-m0 -mthumb -I..\HindsightCAN-master -I. -IGenerated_Source\PSoC4 -Wa,-alh=.\CortexM0\ARM_GCC_541\Debug/CyFlash.lst -g -D DEBUG -D CY_CORE_ID=0 -Wall -ffunction-sections -ffat-lto-objects -Og -DCHIP_TYPE=CHIP_TYPE_PSOC_CY8C4248AZI_L485 -c Generated_Source\PSoC4\CyFlash.c -o .\CortexM0\ARM_GCC_541\Debug\CyFlash.o
arm-none-eabi-gcc.exe -mcpu=cortex-m0 -mthumb -I..\HindsightCAN-master -I. -IGenerated_Source\PSoC4 -Wa,-alh=.\CortexM0\ARM_GCC_541\Debug/CyLib.lst -g -D DEBUG -D CY_CORE_ID=0 -Wall -ffunction-sections -ffat-lto-objects -Og -DCHIP_TYPE=CHIP_TYPE_PSOC_CY8C4248AZI_L485 -c Generated_Source\PSoC4\CyLib.c -o .\CortexM0\ARM_GCC_541\Debug\CyLib.o
arm-none-eabi-gcc.exe -mcpu=cortex-m0 -mthumb -I..\HindsightCAN-master -I. -IGenerated_Source\PSoC4 -Wa,-alh=.\CortexM0\ARM_GCC_541\Debug/cyPm.lst -g -D DEBUG -D CY_CORE_ID=0 -Wall -ffunction-sections -ffat-lto-objects -Og -DCHIP_TYPE=CHIP_TYPE_PSOC_CY8C4248AZI_L485 -c Generated_Source\PSoC4\cyPm.c -o .\CortexM0\ARM_GCC_541\Debug\cyPm.o
arm-none-eabi-gcc.exe -mcpu=cortex-m0 -mthumb -I..\HindsightCAN-master -I. -IGenerated_Source\PSoC4 -Wa,-alh=.\CortexM0\ARM_GCC_541\Debug/cyutils.lst -g -D DEBUG -D CY_CORE_ID=0 -Wall -ffunction-sections -ffat-lto-objects -Og -DCHIP_TYPE=CHIP_TYPE_PSOC_CY8C4248AZI_L485 -c Generated_Source\PSoC4\cyutils.c -o .\CortexM0\ARM_GCC_541\Debug\cyutils.o
arm-none-eabi-gcc.exe -mcpu=cortex-m0 -mthumb -I..\HindsightCAN-master -I. -IGenerated_Source\PSoC4 -Wa,-alh=.\CortexM0\ARM_GCC_541\Debug/CyDMA.lst -g -D DEBUG -D CY_CORE_ID=0 -Wall -ffunction-sections -ffat-lto-objects -Og -DCHIP_TYPE=CHIP_TYPE_PSOC_CY8C4248AZI_L485 -c Generated_Source\PSoC4\CyDMA.c -o .\CortexM0\ARM_GCC_541\Debug\CyDMA.o
arm-none-eabi-gcc.exe -mcpu=cortex-m0 -mthumb -I..\HindsightCAN-master -I. -IGenerated_Source\PSoC4 -Wa,-alh=.\CortexM0\ARM_GCC_541\Debug/CyLFClk.lst -g -D DEBUG -D CY_CORE_ID=0 -Wall -ffunction-sections -ffat-lto-objects -Og -DCHIP_TYPE=CHIP_TYPE_PSOC_CY8C4248AZI_L485 -c Generated_Source\PSoC4\CyLFClk.c -o .\CortexM0\ARM_GCC_541\Debug\CyLFClk.o
arm-none-eabi-gcc.exe -mcpu=cortex-m0 -mthumb -I..\HindsightCAN-master -I. -IGenerated_Source\PSoC4 -Wa,-alh=.\CortexM0\ARM_GCC_541\Debug/cy_em_eeprom.lst -g -D DEBUG -D CY_CORE_ID=0 -Wall -ffunction-sections -ffat-lto-objects -Og -DCHIP_TYPE=CHIP_TYPE_PSOC_CY8C4248AZI_L485 -c Generated_Source\PSoC4\cy_em_eeprom.c -o .\CortexM0\ARM_GCC_541\Debug\cy_em_eeprom.o
arm-none-eabi-gcc.exe -mcpu=cortex-m0 -mthumb -I..\HindsightCAN-master -I. -IGenerated_Source\PSoC4 -Wa,-alh=.\CortexM0\ARM_GCC_541\Debug/DBG_LED.lst -g -D DEBUG -D CY_CORE_ID=0 -Wall -ffunction-sections -ffat-lto-objects -Og -DCHIP_TYPE=CHIP_TYPE_PSOC_CY8C4248AZI_L485 -c Generated_Source\PSoC4\DBG_LED.c -o .\CortexM0\ARM_GCC_541\Debug\DBG_LED.o
arm-none-eabi-gcc.exe -mcpu=cortex-m0 -mthumb -I..\HindsightCAN-master -I. -IGenerated_Source\PSoC4 -Wa,-alh=.\CortexM0\ARM_GCC_541\Debug/DBG_LED_PM.lst -g -D DEBUG -D CY_CORE_ID=0 -Wall -ffunction-sections -ffat-lto-objects -Og -DCHIP_TYPE=CHIP_TYPE_PSOC_CY8C4248AZI_L485 -c Generated_Source\PSoC4\DBG_LED_PM.c -o .\CortexM0\ARM_GCC_541\Debug\DBG_LED_PM.o
arm-none-eabi-gcc.exe -mcpu=cortex-m0 -mthumb -I..\HindsightCAN-master -I. -IGenerated_Source\PSoC4 -Wa,-alh=.\CortexM0\ARM_GCC_541\Debug/ERR_LED.lst -g -D DEBUG -D CY_CORE_ID=0 -Wall -ffunction-sections -ffat-lto-objects -Og -DCHIP_TYPE=CHIP_TYPE_PSOC_CY8C4248AZI_L485 -c Generated_Source\PSoC4\ERR_LED.c -o .\CortexM0\ARM_GCC_541\Debug\ERR_LED.o
arm-none-eabi-gcc.exe -mcpu=cortex-m0 -mthumb -I..\HindsightCAN-master -I. -IGenerated_Source\PSoC4 -Wa,-alh=.\CortexM0\ARM_GCC_541\Debug/ERR_LED_PM.lst -g -D DEBUG -D CY_CORE_ID=0 -Wall -ffunction-sections -ffat-lto-objects -Og -DCHIP_TYPE=CHIP_TYPE_PSOC_CY8C4248AZI_L485 -c Generated_Source\PSoC4\ERR_LED_PM.c -o .\CortexM0\ARM_GCC_541\Debug\ERR_LED_PM.o
arm-none-eabi-gcc.exe -mcpu=cortex-m0 -mthumb -I..\HindsightCAN-master -I. -IGenerated_Source\PSoC4 -Wa,-alh=.\CortexM0\ARM_GCC_541\Debug/CAN_LED.lst -g -D DEBUG -D CY_CORE_ID=0 -Wall -ffunction-sections -ffat-lto-objects -Og -DCHIP_TYPE=CHIP_TYPE_PSOC_CY8C4248AZI_L485 -c Generated_Source\PSoC4\CAN_LED.c -o .\CortexM0\ARM_GCC_541\Debug\CAN_LED.o
arm-none-eabi-gcc.exe -mcpu=cortex-m0 -mthumb -I..\HindsightCAN-master -I. -IGenerated_Source\PSoC4 -Wa,-alh=.\CortexM0\ARM_GCC_541\Debug/CAN_LED_PM.lst -g -D DEBUG -D CY_CORE_ID=0 -Wall -ffunction-sections -ffat-lto-objects -Og -DCHIP_TYPE=CHIP_TYPE_PSOC_CY8C4248AZI_L485 -c Generated_Source\PSoC4\CAN_LED_PM.c -o .\CortexM0\ARM_GCC_541\Debug\CAN_LED_PM.o
arm-none-eabi-gcc.exe -mcpu=cortex-m0 -mthumb -I..\HindsightCAN-master -I. -IGenerated_Source\PSoC4 -Wa,-alh=.\CortexM0\ARM_GCC_541\Debug/LIM1.lst -g -D DEBUG -D CY_CORE_ID=0 -Wall -ffunction-sections -ffat-lto-objects -Og -DCHIP_TYPE=CHIP_TYPE_PSOC_CY8C4248AZI_L485 -c Generated_Source\PSoC4\LIM1.c -o .\CortexM0\ARM_GCC_541\Debug\LIM1.o
arm-none-eabi-gcc.exe -mcpu=cortex-m0 -mthumb -I..\HindsightCAN-master -I. -IGenerated_Source\PSoC4 -Wa,-alh=.\CortexM0\ARM_GCC_541\Debug/LIM1_PM.lst -g -D DEBUG -D CY_CORE_ID=0 -Wall -ffunction-sections -ffat-lto-objects -Og -DCHIP_TYPE=CHIP_TYPE_PSOC_CY8C4248AZI_L485 -c Generated_Source\PSoC4\LIM1_PM.c -o .\CortexM0\ARM_GCC_541\Debug\LIM1_PM.o
arm-none-eabi-gcc.exe -mcpu=cortex-m0 -mthumb -I..\HindsightCAN-master -I. -IGenerated_Source\PSoC4 -Wa,-alh=.\CortexM0\ARM_GCC_541\Debug/LIM2.lst -g -D DEBUG -D CY_CORE_ID=0 -Wall -ffunction-sections -ffat-lto-objects -Og -DCHIP_TYPE=CHIP_TYPE_PSOC_CY8C4248AZI_L485 -c Generated_Source\PSoC4\LIM2.c -o .\CortexM0\ARM_GCC_541\Debug\LIM2.o
arm-none-eabi-gcc.exe -mcpu=cortex-m0 -mthumb -I..\HindsightCAN-master -I. -IGenerated_Source\PSoC4 -Wa,-alh=.\CortexM0\ARM_GCC_541\Debug/LIM2_PM.lst -g -D DEBUG -D CY_CORE_ID=0 -Wall -ffunction-sections -ffat-lto-objects -Og -DCHIP_TYPE=CHIP_TYPE_PSOC_CY8C4248AZI_L485 -c Generated_Source\PSoC4\LIM2_PM.c -o .\CortexM0\ARM_GCC_541\Debug\LIM2_PM.o
arm-none-eabi-gcc.exe -mcpu=cortex-m0 -mthumb -I..\HindsightCAN-master -I. -IGenerated_Source\PSoC4 -Wa,-alh=.\CortexM0\ARM_GCC_541\Debug/ADC.lst -g -D DEBUG -D CY_CORE_ID=0 -Wall -ffunction-sections -ffat-lto-objects -Og -DCHIP_TYPE=CHIP_TYPE_PSOC_CY8C4248AZI_L485 -c Generated_Source\PSoC4\ADC.c -o .\CortexM0\ARM_GCC_541\Debug\ADC.o
arm-none-eabi-gcc.exe -mcpu=cortex-m0 -mthumb -I..\HindsightCAN-master -I. -IGenerated_Source\PSoC4 -Wa,-alh=.\CortexM0\ARM_GCC_541\Debug/ADC_PM.lst -g -D DEBUG -D CY_CORE_ID=0 -Wall -ffunction-sections -ffat-lto-objects -Og -DCHIP_TYPE=CHIP_TYPE_PSOC_CY8C4248AZI_L485 -c Generated_Source\PSoC4\ADC_PM.c -o .\CortexM0\ARM_GCC_541\Debug\ADC_PM.o
arm-none-eabi-gcc.exe -mcpu=cortex-m0 -mthumb -I..\HindsightCAN-master -I. -IGenerated_Source\PSoC4 -Wa,-alh=.\CortexM0\ARM_GCC_541\Debug/ADC_INT.lst -g -D DEBUG -D CY_CORE_ID=0 -Wall -ffunction-sections -ffat-lto-objects -Og -DCHIP_TYPE=CHIP_TYPE_PSOC_CY8C4248AZI_L485 -c Generated_Source\PSoC4\ADC_INT.c -o .\CortexM0\ARM_GCC_541\Debug\ADC_INT.o
arm-none-eabi-gcc.exe -mcpu=cortex-m0 -mthumb -I..\HindsightCAN-master -I. -IGenerated_Source\PSoC4 -Wa,-alh=.\CortexM0\ARM_GCC_541\Debug/Humidity.lst -g -D DEBUG -D CY_CORE_ID=0 -Wall -ffunction-sections -ffat-lto-objects -Og -DCHIP_TYPE=CHIP_TYPE_PSOC_CY8C4248AZI_L485 -c Generated_Source\PSoC4\Humidity.c -o .\CortexM0\ARM_GCC_541\Debug\Humidity.o
arm-none-eabi-gcc.exe -mcpu=cortex-m0 -mthumb -I..\HindsightCAN-master -I. -IGenerated_Source\PSoC4 -Wa,-alh=.\CortexM0\ARM_GCC_541\Debug/Humidity_PM.lst -g -D DEBUG -D CY_CORE_ID=0 -Wall -ffunction-sections -ffat-lto-objects -Og -DCHIP_TYPE=CHIP_TYPE_PSOC_CY8C4248AZI_L485 -c Generated_Source\PSoC4\Humidity_PM.c -o .\CortexM0\ARM_GCC_541\Debug\Humidity_PM.o
arm-none-eabi-gcc.exe -mcpu=cortex-m0 -mthumb -I..\HindsightCAN-master -I. -IGenerated_Source\PSoC4 -Wa,-alh=.\CortexM0\ARM_GCC_541\Debug/Temp.lst -g -D DEBUG -D CY_CORE_ID=0 -Wall -ffunction-sections -ffat-lto-objects -Og -DCHIP_TYPE=CHIP_TYPE_PSOC_CY8C4248AZI_L485 -c Generated_Source\PSoC4\Temp.c -o .\CortexM0\ARM_GCC_541\Debug\Temp.o
arm-none-eabi-gcc.exe -mcpu=cortex-m0 -mthumb -I..\HindsightCAN-master -I. -IGenerated_Source\PSoC4 -Wa,-alh=.\CortexM0\ARM_GCC_541\Debug/Temp_PM.lst -g -D DEBUG -D CY_CORE_ID=0 -Wall -ffunction-sections -ffat-lto-objects -Og -DCHIP_TYPE=CHIP_TYPE_PSOC_CY8C4248AZI_L485 -c Generated_Source\PSoC4\Temp_PM.c -o .\CortexM0\ARM_GCC_541\Debug\Temp_PM.o
arm-none-eabi-gcc.exe -mcpu=cortex-m0 -mthumb -I..\HindsightCAN-master -I. -IGenerated_Source\PSoC4 -Wa,-alh=.\CortexM0\ARM_GCC_541\Debug/ADC_IRQ.lst -g -D DEBUG -D CY_CORE_ID=0 -Wall -ffunction-sections -ffat-lto-objects -Og -DCHIP_TYPE=CHIP_TYPE_PSOC_CY8C4248AZI_L485 -c Generated_Source\PSoC4\ADC_IRQ.c -o .\CortexM0\ARM_GCC_541\Debug\ADC_IRQ.o
arm-none-eabi-gcc.exe -mcpu=cortex-m0 -mthumb -I..\HindsightCAN-master -I. -IGenerated_Source\PSoC4 -Wa,-alh=.\CortexM0\ARM_GCC_541\Debug/ADC_intClock.lst -g -D DEBUG -D CY_CORE_ID=0 -Wall -ffunction-sections -ffat-lto-objects -Og -DCHIP_TYPE=CHIP_TYPE_PSOC_CY8C4248AZI_L485 -c Generated_Source\PSoC4\ADC_intClock.c -o .\CortexM0\ARM_GCC_541\Debug\ADC_intClock.o
arm-none-eabi-gcc.exe -mcpu=cortex-m0 -mthumb -I..\HindsightCAN-master -I. -IGenerated_Source\PSoC4 -Wa,-alh=.\CortexM0\ARM_GCC_541\Debug/CAN_RX.lst -g -D DEBUG -D CY_CORE_ID=0 -Wall -ffunction-sections -ffat-lto-objects -Og -DCHIP_TYPE=CHIP_TYPE_PSOC_CY8C4248AZI_L485 -c Generated_Source\PSoC4\CAN_RX.c -o .\CortexM0\ARM_GCC_541\Debug\CAN_RX.o
arm-none-eabi-gcc.exe -mcpu=cortex-m0 -mthumb -I..\HindsightCAN-master -I. -IGenerated_Source\PSoC4 -Wa,-alh=.\CortexM0\ARM_GCC_541\Debug/CAN_RX_PM.lst -g -D DEBUG -D CY_CORE_ID=0 -Wall -ffunction-sections -ffat-lto-objects -Og -DCHIP_TYPE=CHIP_TYPE_PSOC_CY8C4248AZI_L485 -c Generated_Source\PSoC4\CAN_RX_PM.c -o .\CortexM0\ARM_GCC_541\Debug\CAN_RX_PM.o
arm-none-eabi-gcc.exe -mcpu=cortex-m0 -mthumb -I..\HindsightCAN-master -I. -IGenerated_Source\PSoC4 -Wa,-alh=.\CortexM0\ARM_GCC_541\Debug/CAN_TX.lst -g -D DEBUG -D CY_CORE_ID=0 -Wall -ffunction-sections -ffat-lto-objects -Og -DCHIP_TYPE=CHIP_TYPE_PSOC_CY8C4248AZI_L485 -c Generated_Source\PSoC4\CAN_TX.c -o .\CortexM0\ARM_GCC_541\Debug\CAN_TX.o
arm-none-eabi-gcc.exe -mcpu=cortex-m0 -mthumb -I..\HindsightCAN-master -I. -IGenerated_Source\PSoC4 -Wa,-alh=.\CortexM0\ARM_GCC_541\Debug/CAN_TX_PM.lst -g -D DEBUG -D CY_CORE_ID=0 -Wall -ffunction-sections -ffat-lto-objects -Og -DCHIP_TYPE=CHIP_TYPE_PSOC_CY8C4248AZI_L485 -c Generated_Source\PSoC4\CAN_TX_PM.c -o .\CortexM0\ARM_GCC_541\Debug\CAN_TX_PM.o
arm-none-eabi-gcc.exe -mcpu=cortex-m0 -mthumb -I..\HindsightCAN-master -I. -IGenerated_Source\PSoC4 -Wa,-alh=.\CortexM0\ARM_GCC_541\Debug/LIM3.lst -g -D DEBUG -D CY_CORE_ID=0 -Wall -ffunction-sections -ffat-lto-objects -Og -DCHIP_TYPE=CHIP_TYPE_PSOC_CY8C4248AZI_L485 -c Generated_Source\PSoC4\LIM3.c -o .\CortexM0\ARM_GCC_541\Debug\LIM3.o
arm-none-eabi-gcc.exe -mcpu=cortex-m0 -mthumb -I..\HindsightCAN-master -I. -IGenerated_Source\PSoC4 -Wa,-alh=.\CortexM0\ARM_GCC_541\Debug/LIM3_PM.lst -g -D DEBUG -D CY_CORE_ID=0 -Wall -ffunction-sections -ffat-lto-objects -Og -DCHIP_TYPE=CHIP_TYPE_PSOC_CY8C4248AZI_L485 -c Generated_Source\PSoC4\LIM3_PM.c -o .\CortexM0\ARM_GCC_541\Debug\LIM3_PM.o
arm-none-eabi-gcc.exe -mcpu=cortex-m0 -mthumb -I..\HindsightCAN-master -I. -IGenerated_Source\PSoC4 -Wa,-alh=.\CortexM0\ARM_GCC_541\Debug/LIM4.lst -g -D DEBUG -D CY_CORE_ID=0 -Wall -ffunction-sections -ffat-lto-objects -Og -DCHIP_TYPE=CHIP_TYPE_PSOC_CY8C4248AZI_L485 -c Generated_Source\PSoC4\LIM4.c -o .\CortexM0\ARM_GCC_541\Debug\LIM4.o
arm-none-eabi-gcc.exe -mcpu=cortex-m0 -mthumb -I..\HindsightCAN-master -I. -IGenerated_Source\PSoC4 -Wa,-alh=.\CortexM0\ARM_GCC_541\Debug/LIM4_PM.lst -g -D DEBUG -D CY_CORE_ID=0 -Wall -ffunction-sections -ffat-lto-objects -Og -DCHIP_TYPE=CHIP_TYPE_PSOC_CY8C4248AZI_L485 -c Generated_Source\PSoC4\LIM4_PM.c -o .\CortexM0\ARM_GCC_541\Debug\LIM4_PM.o
arm-none-eabi-gcc.exe -mcpu=cortex-m0 -mthumb -I..\HindsightCAN-master -I. -IGenerated_Source\PSoC4 -Wa,-alh=.\CortexM0\ARM_GCC_541\Debug/LIM5.lst -g -D DEBUG -D CY_CORE_ID=0 -Wall -ffunction-sections -ffat-lto-objects -Og -DCHIP_TYPE=CHIP_TYPE_PSOC_CY8C4248AZI_L485 -c Generated_Source\PSoC4\LIM5.c -o .\CortexM0\ARM_GCC_541\Debug\LIM5.o
arm-none-eabi-gcc.exe -mcpu=cortex-m0 -mthumb -I..\HindsightCAN-master -I. -IGenerated_Source\PSoC4 -Wa,-alh=.\CortexM0\ARM_GCC_541\Debug/LIM5_PM.lst -g -D DEBUG -D CY_CORE_ID=0 -Wall -ffunction-sections -ffat-lto-objects -Og -DCHIP_TYPE=CHIP_TYPE_PSOC_CY8C4248AZI_L485 -c Generated_Source\PSoC4\LIM5_PM.c -o .\CortexM0\ARM_GCC_541\Debug\LIM5_PM.o
arm-none-eabi-gcc.exe -mcpu=cortex-m0 -mthumb -I..\HindsightCAN-master -I. -IGenerated_Source\PSoC4 -Wa,-alh=.\CortexM0\ARM_GCC_541\Debug/I2C.lst -g -D DEBUG -D CY_CORE_ID=0 -Wall -ffunction-sections -ffat-lto-objects -Og -DCHIP_TYPE=CHIP_TYPE_PSOC_CY8C4248AZI_L485 -c Generated_Source\PSoC4\I2C.c -o .\CortexM0\ARM_GCC_541\Debug\I2C.o
arm-none-eabi-gcc.exe -mcpu=cortex-m0 -mthumb -I..\HindsightCAN-master -I. -IGenerated_Source\PSoC4 -Wa,-alh=.\CortexM0\ARM_GCC_541\Debug/I2C_I2C_INT.lst -g -D DEBUG -D CY_CORE_ID=0 -Wall -ffunction-sections -ffat-lto-objects -Og -DCHIP_TYPE=CHIP_TYPE_PSOC_CY8C4248AZI_L485 -c Generated_Source\PSoC4\I2C_I2C_INT.c -o .\CortexM0\ARM_GCC_541\Debug\I2C_I2C_INT.o
arm-none-eabi-gcc.exe -mcpu=cortex-m0 -mthumb -I..\HindsightCAN-master -I. -IGenerated_Source\PSoC4 -Wa,-alh=.\CortexM0\ARM_GCC_541\Debug/I2C_I2C.lst -g -D DEBUG -D CY_CORE_ID=0 -Wall -ffunction-sections -ffat-lto-objects -Og -DCHIP_TYPE=CHIP_TYPE_PSOC_CY8C4248AZI_L485 -c Generated_Source\PSoC4\I2C_I2C.c -o .\CortexM0\ARM_GCC_541\Debug\I2C_I2C.o
arm-none-eabi-gcc.exe -mcpu=cortex-m0 -mthumb -I..\HindsightCAN-master -I. -IGenerated_Source\PSoC4 -Wa,-alh=.\CortexM0\ARM_GCC_541\Debug/I2C_I2C_BOOT.lst -g -D DEBUG -D CY_CORE_ID=0 -Wall -ffunction-sections -ffat-lto-objects -Og -DCHIP_TYPE=CHIP_TYPE_PSOC_CY8C4248AZI_L485 -c Generated_Source\PSoC4\I2C_I2C_BOOT.c -o .\CortexM0\ARM_GCC_541\Debug\I2C_I2C_BOOT.o
arm-none-eabi-gcc.exe -mcpu=cortex-m0 -mthumb -I..\HindsightCAN-master -I. -IGenerated_Source\PSoC4 -Wa,-alh=.\CortexM0\ARM_GCC_541\Debug/I2C_I2C_MASTER.lst -g -D DEBUG -D CY_CORE_ID=0 -Wall -ffunction-sections -ffat-lto-objects -Og -DCHIP_TYPE=CHIP_TYPE_PSOC_CY8C4248AZI_L485 -c Generated_Source\PSoC4\I2C_I2C_MASTER.c -o .\CortexM0\ARM_GCC_541\Debug\I2C_I2C_MASTER.o
arm-none-eabi-gcc.exe -mcpu=cortex-m0 -mthumb -I..\HindsightCAN-master -I. -IGenerated_Source\PSoC4 -Wa,-alh=.\CortexM0\ARM_GCC_541\Debug/I2C_PM.lst -g -D DEBUG -D CY_CORE_ID=0 -Wall -ffunction-sections -ffat-lto-objects -Og -DCHIP_TYPE=CHIP_TYPE_PSOC_CY8C4248AZI_L485 -c Generated_Source\PSoC4\I2C_PM.c -o .\CortexM0\ARM_GCC_541\Debug\I2C_PM.o
arm-none-eabi-gcc.exe -mcpu=cortex-m0 -mthumb -I..\HindsightCAN-master -I. -IGenerated_Source\PSoC4 -Wa,-alh=.\CortexM0\ARM_GCC_541\Debug/I2C_BOOT.lst -g -D DEBUG -D CY_CORE_ID=0 -Wall -ffunction-sections -ffat-lto-objects -Og -DCHIP_TYPE=CHIP_TYPE_PSOC_CY8C4248AZI_L485 -c Generated_Source\PSoC4\I2C_BOOT.c -o .\CortexM0\ARM_GCC_541\Debug\I2C_BOOT.o
arm-none-eabi-gcc.exe -mcpu=cortex-m0 -mthumb -I..\HindsightCAN-master -I. -IGenerated_Source\PSoC4 -Wa,-alh=.\CortexM0\ARM_GCC_541\Debug/I2C_SCBCLK.lst -g -D DEBUG -D CY_CORE_ID=0 -Wall -ffunction-sections -ffat-lto-objects -Og -DCHIP_TYPE=CHIP_TYPE_PSOC_CY8C4248AZI_L485 -c Generated_Source\PSoC4\I2C_SCBCLK.c -o .\CortexM0\ARM_GCC_541\Debug\I2C_SCBCLK.o
arm-none-eabi-gcc.exe -mcpu=cortex-m0 -mthumb -I..\HindsightCAN-master -I. -IGenerated_Source\PSoC4 -Wa,-alh=.\CortexM0\ARM_GCC_541\Debug/I2C_sda.lst -g -D DEBUG -D CY_CORE_ID=0 -Wall -ffunction-sections -ffat-lto-objects -Og -DCHIP_TYPE=CHIP_TYPE_PSOC_CY8C4248AZI_L485 -c Generated_Source\PSoC4\I2C_sda.c -o .\CortexM0\ARM_GCC_541\Debug\I2C_sda.o
arm-none-eabi-gcc.exe -mcpu=cortex-m0 -mthumb -I..\HindsightCAN-master -I. -IGenerated_Source\PSoC4 -Wa,-alh=.\CortexM0\ARM_GCC_541\Debug/I2C_sda_PM.lst -g -D DEBUG -D CY_CORE_ID=0 -Wall -ffunction-sections -ffat-lto-objects -Og -DCHIP_TYPE=CHIP_TYPE_PSOC_CY8C4248AZI_L485 -c Generated_Source\PSoC4\I2C_sda_PM.c -o .\CortexM0\ARM_GCC_541\Debug\I2C_sda_PM.o
arm-none-eabi-gcc.exe -mcpu=cortex-m0 -mthumb -I..\HindsightCAN-master -I. -IGenerated_Source\PSoC4 -Wa,-alh=.\CortexM0\ARM_GCC_541\Debug/I2C_scl.lst -g -D DEBUG -D CY_CORE_ID=0 -Wall -ffunction-sections -ffat-lto-objects -Og -DCHIP_TYPE=CHIP_TYPE_PSOC_CY8C4248AZI_L485 -c Generated_Source\PSoC4\I2C_scl.c -o .\CortexM0\ARM_GCC_541\Debug\I2C_scl.o
arm-none-eabi-gcc.exe -mcpu=cortex-m0 -mthumb -I..\HindsightCAN-master -I. -IGenerated_Source\PSoC4 -Wa,-alh=.\CortexM0\ARM_GCC_541\Debug/I2C_scl_PM.lst -g -D DEBUG -D CY_CORE_ID=0 -Wall -ffunction-sections -ffat-lto-objects -Og -DCHIP_TYPE=CHIP_TYPE_PSOC_CY8C4248AZI_L485 -c Generated_Source\PSoC4\I2C_scl_PM.c -o .\CortexM0\ARM_GCC_541\Debug\I2C_scl_PM.o
arm-none-eabi-gcc.exe -mcpu=cortex-m0 -mthumb -I..\HindsightCAN-master -I. -IGenerated_Source\PSoC4 -Wa,-alh=.\CortexM0\ARM_GCC_541\Debug/I2C_SCB_IRQ.lst -g -D DEBUG -D CY_CORE_ID=0 -Wall -ffunction-sections -ffat-lto-objects -Og -DCHIP_TYPE=CHIP_TYPE_PSOC_CY8C4248AZI_L485 -c Generated_Source\PSoC4\I2C_SCB_IRQ.c -o .\CortexM0\ARM_GCC_541\Debug\I2C_SCB_IRQ.o
arm-none-eabi-gcc.exe -mcpu=cortex-m0 -mthumb -I..\HindsightCAN-master -I. -IGenerated_Source\PSoC4 -Wa,-alh=.\CortexM0\ARM_GCC_541\Debug/Clock_1.lst -g -D DEBUG -D CY_CORE_ID=0 -Wall -ffunction-sections -ffat-lto-objects -Og -DCHIP_TYPE=CHIP_TYPE_PSOC_CY8C4248AZI_L485 -c Generated_Source\PSoC4\Clock_1.c -o .\CortexM0\ARM_GCC_541\Debug\Clock_1.o
arm-none-eabi-gcc.exe -mcpu=cortex-m0 -mthumb -I..\HindsightCAN-master -I. -IGenerated_Source\PSoC4 -Wa,-alh=.\CortexM0\ARM_GCC_541\Debug/Status_Reg_LIM.lst -g -D DEBUG -D CY_CORE_ID=0 -Wall -ffunction-sections -ffat-lto-objects -Og -DCHIP_TYPE=CHIP_TYPE_PSOC_CY8C4248AZI_L485 -c Generated_Source\PSoC4\Status_Reg_LIM.c -o .\CortexM0\ARM_GCC_541\Debug\Status_Reg_LIM.o
arm-none-eabi-gcc.exe -mcpu=cortex-m0 -mthumb -I..\HindsightCAN-master -I. -IGenerated_Source\PSoC4 -Wa,-alh=.\CortexM0\ARM_GCC_541\Debug/isr_LIM.lst -g -D DEBUG -D CY_CORE_ID=0 -Wall -ffunction-sections -ffat-lto-objects -Og -DCHIP_TYPE=CHIP_TYPE_PSOC_CY8C4248AZI_L485 -c Generated_Source\PSoC4\isr_LIM.c -o .\CortexM0\ARM_GCC_541\Debug\isr_LIM.o
arm-none-eabi-gcc.exe -mcpu=cortex-m0 -mthumb -I..\HindsightCAN-master -I. -IGenerated_Source\PSoC4 -Wa,-alh=.\CortexM0\ARM_GCC_541\Debug/QuadDec_1.lst -g -D DEBUG -D CY_CORE_ID=0 -Wall -ffunction-sections -ffat-lto-objects -Og -DCHIP_TYPE=CHIP_TYPE_PSOC_CY8C4248AZI_L485 -c Generated_Source\PSoC4\QuadDec_1.c -o .\CortexM0\ARM_GCC_541\Debug\QuadDec_1.o
arm-none-eabi-gcc.exe -mcpu=cortex-m0 -mthumb -I..\HindsightCAN-master -I. -IGenerated_Source\PSoC4 -Wa,-alh=.\CortexM0\ARM_GCC_541\Debug/QuadDec_1_PM.lst -g -D DEBUG -D CY_CORE_ID=0 -Wall -ffunction-sections -ffat-lto-objects -Og -DCHIP_TYPE=CHIP_TYPE_PSOC_CY8C4248AZI_L485 -c Generated_Source\PSoC4\QuadDec_1_PM.c -o .\CortexM0\ARM_GCC_541\Debug\QuadDec_1_PM.o
arm-none-eabi-gcc.exe -mcpu=cortex-m0 -mthumb -I..\HindsightCAN-master -I. -IGenerated_Source\PSoC4 -Wa,-alh=.\CortexM0\ARM_GCC_541\Debug/ENC_1_B.lst -g -D DEBUG -D CY_CORE_ID=0 -Wall -ffunction-sections -ffat-lto-objects -Og -DCHIP_TYPE=CHIP_TYPE_PSOC_CY8C4248AZI_L485 -c Generated_Source\PSoC4\ENC_1_B.c -o .\CortexM0\ARM_GCC_541\Debug\ENC_1_B.o
arm-none-eabi-gcc.exe -mcpu=cortex-m0 -mthumb -I..\HindsightCAN-master -I. -IGenerated_Source\PSoC4 -Wa,-alh=.\CortexM0\ARM_GCC_541\Debug/ENC_1_B_PM.lst -g -D DEBUG -D CY_CORE_ID=0 -Wall -ffunction-sections -ffat-lto-objects -Og -DCHIP_TYPE=CHIP_TYPE_PSOC_CY8C4248AZI_L485 -c Generated_Source\PSoC4\ENC_1_B_PM.c -o .\CortexM0\ARM_GCC_541\Debug\ENC_1_B_PM.o
arm-none-eabi-gcc.exe -mcpu=cortex-m0 -mthumb -I..\HindsightCAN-master -I. -IGenerated_Source\PSoC4 -Wa,-alh=.\CortexM0\ARM_GCC_541\Debug/ENC_1_A.lst -g -D DEBUG -D CY_CORE_ID=0 -Wall -ffunction-sections -ffat-lto-objects -Og -DCHIP_TYPE=CHIP_TYPE_PSOC_CY8C4248AZI_L485 -c Generated_Source\PSoC4\ENC_1_A.c -o .\CortexM0\ARM_GCC_541\Debug\ENC_1_A.o
arm-none-eabi-gcc.exe -mcpu=cortex-m0 -mthumb -I..\HindsightCAN-master -I. -IGenerated_Source\PSoC4 -Wa,-alh=.\CortexM0\ARM_GCC_541\Debug/ENC_1_A_PM.lst -g -D DEBUG -D CY_CORE_ID=0 -Wall -ffunction-sections -ffat-lto-objects -Og -DCHIP_TYPE=CHIP_TYPE_PSOC_CY8C4248AZI_L485 -c Generated_Source\PSoC4\ENC_1_A_PM.c -o .\CortexM0\ARM_GCC_541\Debug\ENC_1_A_PM.o
arm-none-eabi-gcc.exe -mcpu=cortex-m0 -mthumb -I..\HindsightCAN-master -I. -IGenerated_Source\PSoC4 -Wa,-alh=.\CortexM0\ARM_GCC_541\Debug/ENC_2_A.lst -g -D DEBUG -D CY_CORE_ID=0 -Wall -ffunction-sections -ffat-lto-objects -Og -DCHIP_TYPE=CHIP_TYPE_PSOC_CY8C4248AZI_L485 -c Generated_Source\PSoC4\ENC_2_A.c -o .\CortexM0\ARM_GCC_541\Debug\ENC_2_A.o
arm-none-eabi-gcc.exe -mcpu=cortex-m0 -mthumb -I..\HindsightCAN-master -I. -IGenerated_Source\PSoC4 -Wa,-alh=.\CortexM0\ARM_GCC_541\Debug/ENC_2_A_PM.lst -g -D DEBUG -D CY_CORE_ID=0 -Wall -ffunction-sections -ffat-lto-objects -Og -DCHIP_TYPE=CHIP_TYPE_PSOC_CY8C4248AZI_L485 -c Generated_Source\PSoC4\ENC_2_A_PM.c -o .\CortexM0\ARM_GCC_541\Debug\ENC_2_A_PM.o
arm-none-eabi-gcc.exe -mcpu=cortex-m0 -mthumb -I..\HindsightCAN-master -I. -IGenerated_Source\PSoC4 -Wa,-alh=.\CortexM0\ARM_GCC_541\Debug/ENC_2_B.lst -g -D DEBUG -D CY_CORE_ID=0 -Wall -ffunction-sections -ffat-lto-objects -Og -DCHIP_TYPE=CHIP_TYPE_PSOC_CY8C4248AZI_L485 -c Generated_Source\PSoC4\ENC_2_B.c -o .\CortexM0\ARM_GCC_541\Debug\ENC_2_B.o
arm-none-eabi-gcc.exe -mcpu=cortex-m0 -mthumb -I..\HindsightCAN-master -I. -IGenerated_Source\PSoC4 -Wa,-alh=.\CortexM0\ARM_GCC_541\Debug/ENC_2_B_PM.lst -g -D DEBUG -D CY_CORE_ID=0 -Wall -ffunction-sections -ffat-lto-objects -Og -DCHIP_TYPE=CHIP_TYPE_PSOC_CY8C4248AZI_L485 -c Generated_Source\PSoC4\ENC_2_B_PM.c -o .\CortexM0\ARM_GCC_541\Debug\ENC_2_B_PM.o
arm-none-eabi-gcc.exe -mcpu=cortex-m0 -mthumb -I..\HindsightCAN-master -I. -IGenerated_Source\PSoC4 -Wa,-alh=.\CortexM0\ARM_GCC_541\Debug/QuadDec_2.lst -g -D DEBUG -D CY_CORE_ID=0 -Wall -ffunction-sections -ffat-lto-objects -Og -DCHIP_TYPE=CHIP_TYPE_PSOC_CY8C4248AZI_L485 -c Generated_Source\PSoC4\QuadDec_2.c -o .\CortexM0\ARM_GCC_541\Debug\QuadDec_2.o
arm-none-eabi-gcc.exe -mcpu=cortex-m0 -mthumb -I..\HindsightCAN-master -I. -IGenerated_Source\PSoC4 -Wa,-alh=.\CortexM0\ARM_GCC_541\Debug/QuadDec_2_PM.lst -g -D DEBUG -D CY_CORE_ID=0 -Wall -ffunction-sections -ffat-lto-objects -Og -DCHIP_TYPE=CHIP_TYPE_PSOC_CY8C4248AZI_L485 -c Generated_Source\PSoC4\QuadDec_2_PM.c -o .\CortexM0\ARM_GCC_541\Debug\QuadDec_2_PM.o
arm-none-eabi-gcc.exe -mcpu=cortex-m0 -mthumb -I..\HindsightCAN-master -I. -IGenerated_Source\PSoC4 -Wa,-alh=.\CortexM0\ARM_GCC_541\Debug/UART.lst -g -D DEBUG -D CY_CORE_ID=0 -Wall -ffunction-sections -ffat-lto-objects -Og -DCHIP_TYPE=CHIP_TYPE_PSOC_CY8C4248AZI_L485 -c Generated_Source\PSoC4\UART.c -o .\CortexM0\ARM_GCC_541\Debug\UART.o
arm-none-eabi-gcc.exe -mcpu=cortex-m0 -mthumb -I..\HindsightCAN-master -I. -IGenerated_Source\PSoC4 -Wa,-alh=.\CortexM0\ARM_GCC_541\Debug/UART_SPI_UART.lst -g -D DEBUG -D CY_CORE_ID=0 -Wall -ffunction-sections -ffat-lto-objects -Og -DCHIP_TYPE=CHIP_TYPE_PSOC_CY8C4248AZI_L485 -c Generated_Source\PSoC4\UART_SPI_UART.c -o .\CortexM0\ARM_GCC_541\Debug\UART_SPI_UART.o
arm-none-eabi-gcc.exe -mcpu=cortex-m0 -mthumb -I..\HindsightCAN-master -I. -IGenerated_Source\PSoC4 -Wa,-alh=.\CortexM0\ARM_GCC_541\Debug/UART_SPI_UART_INT.lst -g -D DEBUG -D CY_CORE_ID=0 -Wall -ffunction-sections -ffat-lto-objects -Og -DCHIP_TYPE=CHIP_TYPE_PSOC_CY8C4248AZI_L485 -c Generated_Source\PSoC4\UART_SPI_UART_INT.c -o .\CortexM0\ARM_GCC_541\Debug\UART_SPI_UART_INT.o
arm-none-eabi-gcc.exe -mcpu=cortex-m0 -mthumb -I..\HindsightCAN-master -I. -IGenerated_Source\PSoC4 -Wa,-alh=.\CortexM0\ARM_GCC_541\Debug/UART_PM.lst -g -D DEBUG -D CY_CORE_ID=0 -Wall -ffunction-sections -ffat-lto-objects -Og -DCHIP_TYPE=CHIP_TYPE_PSOC_CY8C4248AZI_L485 -c Generated_Source\PSoC4\UART_PM.c -o .\CortexM0\ARM_GCC_541\Debug\UART_PM.o
arm-none-eabi-gcc.exe -mcpu=cortex-m0 -mthumb -I..\HindsightCAN-master -I. -IGenerated_Source\PSoC4 -Wa,-alh=.\CortexM0\ARM_GCC_541\Debug/UART_UART.lst -g -D DEBUG -D CY_CORE_ID=0 -Wall -ffunction-sections -ffat-lto-objects -Og -DCHIP_TYPE=CHIP_TYPE_PSOC_CY8C4248AZI_L485 -c Generated_Source\PSoC4\UART_UART.c -o .\CortexM0\ARM_GCC_541\Debug\UART_UART.o
arm-none-eabi-gcc.exe -mcpu=cortex-m0 -mthumb -I..\HindsightCAN-master -I. -IGenerated_Source\PSoC4 -Wa,-alh=.\CortexM0\ARM_GCC_541\Debug/UART_BOOT.lst -g -D DEBUG -D CY_CORE_ID=0 -Wall -ffunction-sections -ffat-lto-objects -Og -DCHIP_TYPE=CHIP_TYPE_PSOC_CY8C4248AZI_L485 -c Generated_Source\PSoC4\UART_BOOT.c -o .\CortexM0\ARM_GCC_541\Debug\UART_BOOT.o
arm-none-eabi-gcc.exe -mcpu=cortex-m0 -mthumb -I..\HindsightCAN-master -I. -IGenerated_Source\PSoC4 -Wa,-alh=.\CortexM0\ARM_GCC_541\Debug/UART_UART_BOOT.lst -g -D DEBUG -D CY_CORE_ID=0 -Wall -ffunction-sections -ffat-lto-objects -Og -DCHIP_TYPE=CHIP_TYPE_PSOC_CY8C4248AZI_L485 -c Generated_Source\PSoC4\UART_UART_BOOT.c -o .\CortexM0\ARM_GCC_541\Debug\UART_UART_BOOT.o
arm-none-eabi-gcc.exe -mcpu=cortex-m0 -mthumb -I..\HindsightCAN-master -I. -IGenerated_Source\PSoC4 -Wa,-alh=.\CortexM0\ARM_GCC_541\Debug/UART_SCBCLK.lst -g -D DEBUG -D CY_CORE_ID=0 -Wall -ffunction-sections -ffat-lto-objects -Og -DCHIP_TYPE=CHIP_TYPE_PSOC_CY8C4248AZI_L485 -c Generated_Source\PSoC4\UART_SCBCLK.c -o .\CortexM0\ARM_GCC_541\Debug\UART_SCBCLK.o
arm-none-eabi-gcc.exe -mcpu=cortex-m0 -mthumb -I..\HindsightCAN-master -I. -IGenerated_Source\PSoC4 -Wa,-alh=.\CortexM0\ARM_GCC_541\Debug/UART_tx.lst -g -D DEBUG -D CY_CORE_ID=0 -Wall -ffunction-sections -ffat-lto-objects -Og -DCHIP_TYPE=CHIP_TYPE_PSOC_CY8C4248AZI_L485 -c Generated_Source\PSoC4\UART_tx.c -o .\CortexM0\ARM_GCC_541\Debug\UART_tx.o
arm-none-eabi-gcc.exe -mcpu=cortex-m0 -mthumb -I..\HindsightCAN-master -I. -IGenerated_Source\PSoC4 -Wa,-alh=.\CortexM0\ARM_GCC_541\Debug/UART_tx_PM.lst -g -D DEBUG -D CY_CORE_ID=0 -Wall -ffunction-sections -ffat-lto-objects -Og -DCHIP_TYPE=CHIP_TYPE_PSOC_CY8C4248AZI_L485 -c Generated_Source\PSoC4\UART_tx_PM.c -o .\CortexM0\ARM_GCC_541\Debug\UART_tx_PM.o
arm-none-eabi-gcc.exe -mcpu=cortex-m0 -mthumb -I..\HindsightCAN-master -I. -IGenerated_Source\PSoC4 -Wa,-alh=.\CortexM0\ARM_GCC_541\Debug/UART_rx.lst -g -D DEBUG -D CY_CORE_ID=0 -Wall -ffunction-sections -ffat-lto-objects -Og -DCHIP_TYPE=CHIP_TYPE_PSOC_CY8C4248AZI_L485 -c Generated_Source\PSoC4\UART_rx.c -o .\CortexM0\ARM_GCC_541\Debug\UART_rx.o
arm-none-eabi-gcc.exe -mcpu=cortex-m0 -mthumb -I..\HindsightCAN-master -I. -IGenerated_Source\PSoC4 -Wa,-alh=.\CortexM0\ARM_GCC_541\Debug/UART_rx_PM.lst -g -D DEBUG -D CY_CORE_ID=0 -Wall -ffunction-sections -ffat-lto-objects -Og -DCHIP_TYPE=CHIP_TYPE_PSOC_CY8C4248AZI_L485 -c Generated_Source\PSoC4\UART_rx_PM.c -o .\CortexM0\ARM_GCC_541\Debug\UART_rx_PM.o
arm-none-eabi-gcc.exe -mcpu=cortex-m0 -mthumb -I..\HindsightCAN-master -I. -IGenerated_Source\PSoC4 -Wa,-alh=.\CortexM0\ARM_GCC_541\Debug/Timer_1ms.lst -g -D DEBUG -D CY_CORE_ID=0 -Wall -ffunction-sections -ffat-lto-objects -Og -DCHIP_TYPE=CHIP_TYPE_PSOC_CY8C4248AZI_L485 -c Generated_Source\PSoC4\Timer_1ms.c -o .\CortexM0\ARM_GCC_541\Debug\Timer_1ms.o
arm-none-eabi-gcc.exe -mcpu=cortex-m0 -mthumb -I..\HindsightCAN-master -I. -IGenerated_Source\PSoC4 -Wa,-alh=.\CortexM0\ARM_GCC_541\Debug/Timer_1ms_PM.lst -g -D DEBUG -D CY_CORE_ID=0 -Wall -ffunction-sections -ffat-lto-objects -Og -DCHIP_TYPE=CHIP_TYPE_PSOC_CY8C4248AZI_L485 -c Generated_Source\PSoC4\Timer_1ms_PM.c -o .\CortexM0\ARM_GCC_541\Debug\Timer_1ms_PM.o
arm-none-eabi-gcc.exe -mcpu=cortex-m0 -mthumb -I..\HindsightCAN-master -I. -IGenerated_Source\PSoC4 -Wa,-alh=.\CortexM0\ARM_GCC_541\Debug/isr_1ms.lst -g -D DEBUG -D CY_CORE_ID=0 -Wall -ffunction-sections -ffat-lto-objects -Og -DCHIP_TYPE=CHIP_TYPE_PSOC_CY8C4248AZI_L485 -c Generated_Source\PSoC4\isr_1ms.c -o .\CortexM0\ARM_GCC_541\Debug\isr_1ms.o
arm-none-eabi-gcc.exe -mcpu=cortex-m0 -mthumb -I..\HindsightCAN-master -I. -IGenerated_Source\PSoC4 -Wa,-alh=.\CortexM0\ARM_GCC_541\Debug/CC1_isr.lst -g -D DEBUG -D CY_CORE_ID=0 -Wall -ffunction-sections -ffat-lto-objects -Og -DCHIP_TYPE=CHIP_TYPE_PSOC_CY8C4248AZI_L485 -c Generated_Source\PSoC4\CC1_isr.c -o .\CortexM0\ARM_GCC_541\Debug\CC1_isr.o
arm-none-eabi-gcc.exe -mcpu=cortex-m0 -mthumb -I..\HindsightCAN-master -I. -IGenerated_Source\PSoC4 -Wa,-alh=.\CortexM0\ARM_GCC_541\Debug/CC2_isr.lst -g -D DEBUG -D CY_CORE_ID=0 -Wall -ffunction-sections -ffat-lto-objects -Og -DCHIP_TYPE=CHIP_TYPE_PSOC_CY8C4248AZI_L485 -c Generated_Source\PSoC4\CC2_isr.c -o .\CortexM0\ARM_GCC_541\Debug\CC2_isr.o
arm-none-eabi-gcc.exe -mcpu=cortex-m0 -mthumb -I..\HindsightCAN-master -I. -IGenerated_Source\PSoC4 -Wa,-alh=.\CortexM0\ARM_GCC_541\Debug/Can_addr.lst -g -D DEBUG -D CY_CORE_ID=0 -Wall -ffunction-sections -ffat-lto-objects -Og -DCHIP_TYPE=CHIP_TYPE_PSOC_CY8C4248AZI_L485 -c Generated_Source\PSoC4\Can_addr.c -o .\CortexM0\ARM_GCC_541\Debug\Can_addr.o
arm-none-eabi-gcc.exe -mcpu=cortex-m0 -mthumb -I..\HindsightCAN-master -I. -IGenerated_Source\PSoC4 -Wa,-alh=.\CortexM0\ARM_GCC_541\Debug/Dip_1.lst -g -D DEBUG -D CY_CORE_ID=0 -Wall -ffunction-sections -ffat-lto-objects -Og -DCHIP_TYPE=CHIP_TYPE_PSOC_CY8C4248AZI_L485 -c Generated_Source\PSoC4\Dip_1.c -o .\CortexM0\ARM_GCC_541\Debug\Dip_1.o
arm-none-eabi-gcc.exe -mcpu=cortex-m0 -mthumb -I..\HindsightCAN-master -I. -IGenerated_Source\PSoC4 -Wa,-alh=.\CortexM0\ARM_GCC_541\Debug/Dip_1_PM.lst -g -D DEBUG -D CY_CORE_ID=0 -Wall -ffunction-sections -ffat-lto-objects -Og -DCHIP_TYPE=CHIP_TYPE_PSOC_CY8C4248AZI_L485 -c Generated_Source\PSoC4\Dip_1_PM.c -o .\CortexM0\ARM_GCC_541\Debug\Dip_1_PM.o
arm-none-eabi-gcc.exe -mcpu=cortex-m0 -mthumb -I..\HindsightCAN-master -I. -IGenerated_Source\PSoC4 -Wa,-alh=.\CortexM0\ARM_GCC_541\Debug/Dip_2.lst -g -D DEBUG -D CY_CORE_ID=0 -Wall -ffunction-sections -ffat-lto-objects -Og -DCHIP_TYPE=CHIP_TYPE_PSOC_CY8C4248AZI_L485 -c Generated_Source\PSoC4\Dip_2.c -o .\CortexM0\ARM_GCC_541\Debug\Dip_2.o
arm-none-eabi-gcc.exe -mcpu=cortex-m0 -mthumb -I..\HindsightCAN-master -I. -IGenerated_Source\PSoC4 -Wa,-alh=.\CortexM0\ARM_GCC_541\Debug/Dip_2_PM.lst -g -D DEBUG -D CY_CORE_ID=0 -Wall -ffunction-sections -ffat-lto-objects -Og -DCHIP_TYPE=CHIP_TYPE_PSOC_CY8C4248AZI_L485 -c Generated_Source\PSoC4\Dip_2_PM.c -o .\CortexM0\ARM_GCC_541\Debug\Dip_2_PM.o
arm-none-eabi-gcc.exe -mcpu=cortex-m0 -mthumb -I..\HindsightCAN-master -I. -IGenerated_Source\PSoC4 -Wa,-alh=.\CortexM0\ARM_GCC_541\Debug/Dip_3.lst -g -D DEBUG -D CY_CORE_ID=0 -Wall -ffunction-sections -ffat-lto-objects -Og -DCHIP_TYPE=CHIP_TYPE_PSOC_CY8C4248AZI_L485 -c Generated_Source\PSoC4\Dip_3.c -o .\CortexM0\ARM_GCC_541\Debug\Dip_3.o
arm-none-eabi-gcc.exe -mcpu=cortex-m0 -mthumb -I..\HindsightCAN-master -I. -IGenerated_Source\PSoC4 -Wa,-alh=.\CortexM0\ARM_GCC_541\Debug/Dip_3_PM.lst -g -D DEBUG -D CY_CORE_ID=0 -Wall -ffunction-sections -ffat-lto-objects -Og -DCHIP_TYPE=CHIP_TYPE_PSOC_CY8C4248AZI_L485 -c Generated_Source\PSoC4\Dip_3_PM.c -o .\CortexM0\ARM_GCC_541\Debug\Dip_3_PM.o
arm-none-eabi-gcc.exe -mcpu=cortex-m0 -mthumb -I..\HindsightCAN-master -I. -IGenerated_Source\PSoC4 -Wa,-alh=.\CortexM0\ARM_GCC_541\Debug/Dip_4.lst -g -D DEBUG -D CY_CORE_ID=0 -Wall -ffunction-sections -ffat-lto-objects -Og -DCHIP_TYPE=CHIP_TYPE_PSOC_CY8C4248AZI_L485 -c Generated_Source\PSoC4\Dip_4.c -o .\CortexM0\ARM_GCC_541\Debug\Dip_4.o
arm-none-eabi-gcc.exe -mcpu=cortex-m0 -mthumb -I..\HindsightCAN-master -I. -IGenerated_Source\PSoC4 -Wa,-alh=.\CortexM0\ARM_GCC_541\Debug/Dip_4_PM.lst -g -D DEBUG -D CY_CORE_ID=0 -Wall -ffunction-sections -ffat-lto-objects -Og -DCHIP_TYPE=CHIP_TYPE_PSOC_CY8C4248AZI_L485 -c Generated_Source\PSoC4\Dip_4_PM.c -o .\CortexM0\ARM_GCC_541\Debug\Dip_4_PM.o
arm-none-eabi-gcc.exe -mcpu=cortex-m0 -mthumb -I..\HindsightCAN-master -I. -IGenerated_Source\PSoC4 -Wa,-alh=.\CortexM0\ARM_GCC_541\Debug/Timer_LEDs.lst -g -D DEBUG -D CY_CORE_ID=0 -Wall -ffunction-sections -ffat-lto-objects -Og -DCHIP_TYPE=CHIP_TYPE_PSOC_CY8C4248AZI_L485 -c Generated_Source\PSoC4\Timer_LEDs.c -o .\CortexM0\ARM_GCC_541\Debug\Timer_LEDs.o
arm-none-eabi-gcc.exe -mcpu=cortex-m0 -mthumb -I..\HindsightCAN-master -I. -IGenerated_Source\PSoC4 -Wa,-alh=.\CortexM0\ARM_GCC_541\Debug/Timer_LEDs_PM.lst -g -D DEBUG -D CY_CORE_ID=0 -Wall -ffunction-sections -ffat-lto-objects -Og -DCHIP_TYPE=CHIP_TYPE_PSOC_CY8C4248AZI_L485 -c Generated_Source\PSoC4\Timer_LEDs_PM.c -o .\CortexM0\ARM_GCC_541\Debug\Timer_LEDs_PM.o
arm-none-eabi-gcc.exe -mcpu=cortex-m0 -mthumb -I..\HindsightCAN-master -I. -IGenerated_Source\PSoC4 -Wa,-alh=.\CortexM0\ARM_GCC_541\Debug/isr_LEDs.lst -g -D DEBUG -D CY_CORE_ID=0 -Wall -ffunction-sections -ffat-lto-objects -Og -DCHIP_TYPE=CHIP_TYPE_PSOC_CY8C4248AZI_L485 -c Generated_Source\PSoC4\isr_LEDs.c -o .\CortexM0\ARM_GCC_541\Debug\isr_LEDs.o
arm-none-eabi-gcc.exe -mcpu=cortex-m0 -mthumb -I..\HindsightCAN-master -I. -IGenerated_Source\PSoC4 -Wa,-alh=.\CortexM0\ARM_GCC_541\Debug/timer_clock.lst -g -D DEBUG -D CY_CORE_ID=0 -Wall -ffunction-sections -ffat-lto-objects -Og -DCHIP_TYPE=CHIP_TYPE_PSOC_CY8C4248AZI_L485 -c Generated_Source\PSoC4\timer_clock.c -o .\CortexM0\ARM_GCC_541\Debug\timer_clock.o
arm-none-eabi-as.exe -mcpu=cortex-m0 -mthumb -I. -IGenerated_Source\PSoC4 -alh=.\CortexM0\ARM_GCC_541\Debug/CyBootAsmGnu.lst -g -W -o .\CortexM0\ARM_GCC_541\Debug\CyBootAsmGnu.o Generated_Source\PSoC4\CyBootAsmGnu.s
arm-none-eabi-ar.exe -rs ".\CortexM0\ARM_GCC_541\Debug\science wow.a" .\CortexM0\ARM_GCC_541\Debug\CAN.o .\CortexM0\ARM_GCC_541\Debug\CAN_INT.o .\CortexM0\ARM_GCC_541\Debug\CAN_PM.o .\CortexM0\ARM_GCC_541\Debug\CAN_TX_RX_func.o .\CortexM0\ARM_GCC_541\Debug\CAN_isr.o .\CortexM0\ARM_GCC_541\Debug\CAN_HFCLK.o .\CortexM0\ARM_GCC_541\Debug\CyFlash.o .\CortexM0\ARM_GCC_541\Debug\CyLib.o .\CortexM0\ARM_GCC_541\Debug\cyPm.o .\CortexM0\ARM_GCC_541\Debug\cyutils.o .\CortexM0\ARM_GCC_541\Debug\CyDMA.o .\CortexM0\ARM_GCC_541\Debug\CyLFClk.o .\CortexM0\ARM_GCC_541\Debug\cy_em_eeprom.o .\CortexM0\ARM_GCC_541\Debug\DBG_LED.o .\CortexM0\ARM_GCC_541\Debug\DBG_LED_PM.o .\CortexM0\ARM_GCC_541\Debug\ERR_LED.o .\CortexM0\ARM_GCC_541\Debug\ERR_LED_PM.o .\CortexM0\ARM_GCC_541\Debug\CAN_LED.o .\CortexM0\ARM_GCC_541\Debug\CAN_LED_PM.o .\CortexM0\ARM_GCC_541\Debug\LIM1.o .\CortexM0\ARM_GCC_541\Debug\LIM1_PM.o .\CortexM0\ARM_GCC_541\Debug\LIM2.o .\CortexM0\ARM_GCC_541\Debug\LIM2_PM.o .\CortexM0\ARM_GCC_541\Debug\ADC.o .\CortexM0\ARM_GCC_541\Debug\ADC_PM.o .\CortexM0\ARM_GCC_541\Debug\ADC_INT.o .\CortexM0\ARM_GCC_541\Debug\Humidity.o .\CortexM0\ARM_GCC_541\Debug\Humidity_PM.o .\CortexM0\ARM_GCC_541\Debug\Temp.o .\CortexM0\ARM_GCC_541\Debug\Temp_PM.o .\CortexM0\ARM_GCC_541\Debug\ADC_IRQ.o .\CortexM0\ARM_GCC_541\Debug\ADC_intClock.o .\CortexM0\ARM_GCC_541\Debug\CAN_RX.o .\CortexM0\ARM_GCC_541\Debug\CAN_RX_PM.o .\CortexM0\ARM_GCC_541\Debug\CAN_TX.o .\CortexM0\ARM_GCC_541\Debug\CAN_TX_PM.o .\CortexM0\ARM_GCC_541\Debug\LIM3.o .\CortexM0\ARM_GCC_541\Debug\LIM3_PM.o .\CortexM0\ARM_GCC_541\Debug\LIM4.o .\CortexM0\ARM_GCC_541\Debug\LIM4_PM.o .\CortexM0\ARM_GCC_541\Debug\LIM5.o .\CortexM0\ARM_GCC_541\Debug\LIM5_PM.o .\CortexM0\ARM_GCC_541\Debug\I2C.o .\CortexM0\ARM_GCC_541\Debug\I2C_I2C_INT.o .\CortexM0\ARM_GCC_541\Debug\I2C_I2C.o .\CortexM0\ARM_GCC_541\Debug\I2C_I2C_BOOT.o .\CortexM0\ARM_GCC_541\Debug\I2C_I2C_MASTER.o .\CortexM0\ARM_GCC_541\Debug\I2C_PM.o .\CortexM0\ARM_GCC_541\Debug\I2C_BOOT.o .\CortexM0\ARM_GCC_541\Debug\I2C_SCBCLK.o .\CortexM0\ARM_GCC_541\Debug\I2C_sda.o .\CortexM0\ARM_GCC_541\Debug\I2C_sda_PM.o .\CortexM0\ARM_GCC_541\Debug\I2C_scl.o .\CortexM0\ARM_GCC_541\Debug\I2C_scl_PM.o .\CortexM0\ARM_GCC_541\Debug\I2C_SCB_IRQ.o .\CortexM0\ARM_GCC_541\Debug\Clock_1.o .\CortexM0\ARM_GCC_541\Debug\Status_Reg_LIM.o .\CortexM0\ARM_GCC_541\Debug\isr_LIM.o .\CortexM0\ARM_GCC_541\Debug\QuadDec_1.o .\CortexM0\ARM_GCC_541\Debug\QuadDec_1_PM.o .\CortexM0\ARM_GCC_541\Debug\ENC_1_B.o .\CortexM0\ARM_GCC_541\Debug\ENC_1_B_PM.o .\CortexM0\ARM_GCC_541\Debug\ENC_1_A.o .\CortexM0\ARM_GCC_541\Debug\ENC_1_A_PM.o .\CortexM0\ARM_GCC_541\Debug\ENC_2_A.o .\CortexM0\ARM_GCC_541\Debug\ENC_2_A_PM.o .\CortexM0\ARM_GCC_541\Debug\ENC_2_B.o .\CortexM0\ARM_GCC_541\Debug\ENC_2_B_PM.o .\CortexM0\ARM_GCC_541\Debug\QuadDec_2.o .\CortexM0\ARM_GCC_541\Debug\QuadDec_2_PM.o .\CortexM0\ARM_GCC_541\Debug\UART.o .\CortexM0\ARM_GCC_541\Debug\UART_SPI_UART.o .\CortexM0\ARM_GCC_541\Debug\UART_SPI_UART_INT.o .\CortexM0\ARM_GCC_541\Debug\UART_PM.o .\CortexM0\ARM_GCC_541\Debug\UART_UART.o .\CortexM0\ARM_GCC_541\Debug\UART_BOOT.o .\CortexM0\ARM_GCC_541\Debug\UART_UART_BOOT.o .\CortexM0\ARM_GCC_541\Debug\UART_SCBCLK.o .\CortexM0\ARM_GCC_541\Debug\UART_tx.o .\CortexM0\ARM_GCC_541\Debug\UART_tx_PM.o .\CortexM0\ARM_GCC_541\Debug\UART_rx.o .\CortexM0\ARM_GCC_541\Debug\UART_rx_PM.o .\CortexM0\ARM_GCC_541\Debug\Timer_1ms.o .\CortexM0\ARM_GCC_541\Debug\Timer_1ms_PM.o .\CortexM0\ARM_GCC_541\Debug\isr_1ms.o .\CortexM0\ARM_GCC_541\Debug\CC1_isr.o .\CortexM0\ARM_GCC_541\Debug\CC2_isr.o .\CortexM0\ARM_GCC_541\Debug\Can_addr.o .\CortexM0\ARM_GCC_541\Debug\Dip_1.o .\CortexM0\ARM_GCC_541\Debug\Dip_1_PM.o .\CortexM0\ARM_GCC_541\Debug\Dip_2.o .\CortexM0\ARM_GCC_541\Debug\Dip_2_PM.o .\CortexM0\ARM_GCC_541\Debug\Dip_3.o .\CortexM0\ARM_GCC_541\Debug\Dip_3_PM.o .\CortexM0\ARM_GCC_541\Debug\Dip_4.o .\CortexM0\ARM_GCC_541\Debug\Dip_4_PM.o .\CortexM0\ARM_GCC_541\Debug\Timer_LEDs.o .\CortexM0\ARM_GCC_541\Debug\Timer_LEDs_PM.o .\CortexM0\ARM_GCC_541\Debug\isr_LEDs.o .\CortexM0\ARM_GCC_541\Debug\timer_clock.o .\CortexM0\ARM_GCC_541\Debug\CyBootAsmGnu.o
arm-none-eabi-ar.exe: creating .\CortexM0\ARM_GCC_541\Debug\science wow.a
arm-none-eabi-gcc.exe -Wl,--start-group -o "C:\Users\mewin\Documents\PSoC Creator\Science_Board_2021-2022\science wow.cydsn\CortexM0\ARM_GCC_541\Debug\science wow.elf" .\CortexM0\ARM_GCC_541\Debug\CANCommon.o .\CortexM0\ARM_GCC_541\Debug\CANGPIO.o .\CortexM0\ARM_GCC_541\Debug\CANLocalization.o .\CortexM0\ARM_GCC_541\Debug\CANMotorUnit.o .\CortexM0\ARM_GCC_541\Debug\CANPacket.o .\CortexM0\ARM_GCC_541\Debug\CANPower.o .\CortexM0\ARM_GCC_541\Debug\CANScience.o .\CortexM0\ARM_GCC_541\Debug\PortPSOC_CY8C4248AZI_L485.o .\CortexM0\ARM_GCC_541\Debug\PCA9685.o .\CortexM0\ARM_GCC_541\Debug\main.o .\CortexM0\ARM_GCC_541\Debug\sensor.o .\CortexM0\ARM_GCC_541\Debug\servo.o .\CortexM0\ARM_GCC_541\Debug\Milliseconds.o .\CortexM0\ARM_GCC_541\Debug\cyfitter_cfg.o .\CortexM0\ARM_GCC_541\Debug\cymetadata.o .\CortexM0\ARM_GCC_541\Debug\Cm0Start.o ".\CortexM0\ARM_GCC_541\Debug\science wow.a" -mcpu=cortex-m0 -mthumb -l m -L Generated_Source\PSoC4 "-Wl,-Map,.\CortexM0\ARM_GCC_541\Debug/science wow.map" -T Generated_Source\PSoC4\cm0gcc.ld -specs=nano.specs -Wl,--gc-sections -g -ffunction-sections -Og -ffat-lto-objects -Wl,--end-group
cyelftool.exe -C "C:\Users\mewin\Documents\PSoC Creator\Science_Board_2021-2022\science wow.cydsn\CortexM0\ARM_GCC_541\Debug\science wow.elf" --flash_row_size 256 --flash_size 262144 --flash_offset 0x00000000
No ELF section .cychecksum found, creating one
Application checksum calculated and stored in ELF section .cychecksum
Checksum calculated and stored in ELF section .cymeta
cyelftool.exe -S "C:\Users\mewin\Documents\PSoC Creator\Science_Board_2021-2022\science wow.cydsn\CortexM0\ARM_GCC_541\Debug\science wow.elf"
Flash used: 22942 of 262144 bytes (8.8%).
SRAM used: 2928 of 32768 bytes (8.9%). Stack: 2048 bytes. Heap: 128 bytes.
--------------- Rebuild Succeeded: 07/22/2023 17:43:17 ---------------
