Loading plugins phase: Elapsed time ==> 0s.203ms
<CYPRESSTAG name="CyDsfit arguments...">
cydsfit arguments: -.fdsnotice -.fdswarpdepfile=warp_dependencies.txt -.fdselabdepfile=elab_dependencies.txt -.fdsbldfile=generated_files.txt -.fdsreffile=referenced_files.txt -p C:\Users\mewin\OneDrive\Documents\PSoC Creator\Science_Board_2021-2022\science wow.cydsn\science wow.cyprj -d CY8C4247AZI-L485 -s C:\Users\mewin\OneDrive\Documents\PSoC Creator\Science_Board_2021-2022\science wow.cydsn\Generated_Source\PSoC4 -- -yv2 -q10 -ygs -o2 -v3 -.fftcfgtype=LE
</CYPRESSTAG>
<CYPRESSTAG name="Design elaboration results...">
ADD: sdb.M0025: error: No input on Instance "DBG_LED", terminal "y_0".
 * C:\Users\mewin\OneDrive\Documents\PSoC Creator\Science_Board_2021-2022\science wow.cydsn\TopDesign\TopDesign.cysch (Signal: Net_92)
 * C:\Users\mewin\OneDrive\Documents\PSoC Creator\Science_Board_2021-2022\science wow.cydsn\TopDesign\TopDesign.cysch (Shape_13.2)

ADD: sdb.M0050: error: Terminal "y_0" requires connection when it is visible.
 * C:\Users\mewin\OneDrive\Documents\PSoC Creator\Science_Board_2021-2022\science wow.cydsn\TopDesign\TopDesign.cysch (Signal: Net_92)
 * C:\Users\mewin\OneDrive\Documents\PSoC Creator\Science_Board_2021-2022\science wow.cydsn\TopDesign\TopDesign.cysch (Shape_13.2)

ADD: sdb.M0025: error: No input on Instance "CAN_LED", terminal "y_0".
 * C:\Users\mewin\OneDrive\Documents\PSoC Creator\Science_Board_2021-2022\science wow.cydsn\TopDesign\TopDesign.cysch (Signal: Net_93)
 * C:\Users\mewin\OneDrive\Documents\PSoC Creator\Science_Board_2021-2022\science wow.cydsn\TopDesign\TopDesign.cysch (Shape_14.2)

ADD: sdb.M0050: error: Terminal "y_0" requires connection when it is visible.
 * C:\Users\mewin\OneDrive\Documents\PSoC Creator\Science_Board_2021-2022\science wow.cydsn\TopDesign\TopDesign.cysch (Signal: Net_93)
 * C:\Users\mewin\OneDrive\Documents\PSoC Creator\Science_Board_2021-2022\science wow.cydsn\TopDesign\TopDesign.cysch (Shape_14.2)

ADD: sdb.M0025: error: No input on Instance "ERR_LED", terminal "y_0".
 * C:\Users\mewin\OneDrive\Documents\PSoC Creator\Science_Board_2021-2022\science wow.cydsn\TopDesign\TopDesign.cysch (Signal: Net_91)
 * C:\Users\mewin\OneDrive\Documents\PSoC Creator\Science_Board_2021-2022\science wow.cydsn\TopDesign\TopDesign.cysch (Shape_12.2)

ADD: sdb.M0050: error: Terminal "y_0" requires connection when it is visible.
 * C:\Users\mewin\OneDrive\Documents\PSoC Creator\Science_Board_2021-2022\science wow.cydsn\TopDesign\TopDesign.cysch (Signal: Net_91)
 * C:\Users\mewin\OneDrive\Documents\PSoC Creator\Science_Board_2021-2022\science wow.cydsn\TopDesign\TopDesign.cysch (Shape_12.2)

ADD: sdb.M0060: warning: Warning in component: CAN. The SYSCLK clock accuracy should be 0.5% or better. Please, enable WCO PLL in the Design-Wide Resource (*.cydwr) editor or use an external clock to meet the CAN accurate clocking requirements.
 * C:\Users\mewin\OneDrive\Documents\PSoC Creator\Science_Board_2021-2022\science wow.cydsn\TopDesign\TopDesign.cysch (Instance:CAN)

</CYPRESSTAG>
Elaboration phase: Elapsed time ==> 1s.906ms
