ARM GAS  C:\Users\mewin\AppData\Local\Temp\ccLpMFNk.s 			page 1


   1              		.syntax unified
   2              		.cpu cortex-m0
   3              		.fpu softvfp
   4              		.eabi_attribute 20, 1
   5              		.eabi_attribute 21, 1
   6              		.eabi_attribute 23, 3
   7              		.eabi_attribute 24, 1
   8              		.eabi_attribute 25, 1
   9              		.eabi_attribute 26, 1
  10              		.eabi_attribute 30, 1
  11              		.eabi_attribute 34, 0
  12              		.eabi_attribute 18, 4
  13              		.thumb
  14              		.syntax unified
  15              		.file	"cyfitter_cfg.c"
  16              		.text
  17              	.Ltext0:
  18              		.cfi_sections	.debug_frame
  19              		.section	.text.AnalogSetDefault,"ax",%progbits
  20              		.align	2
  21              		.code	16
  22              		.thumb_func
  23              		.type	AnalogSetDefault, %function
  24              	AnalogSetDefault:
  25              	.LFB5:
  26              		.file 1 "Generated_Source\\PSoC4\\cyfitter_cfg.c"
   1:Generated_Source\PSoC4/cyfitter_cfg.c **** 
   2:Generated_Source\PSoC4/cyfitter_cfg.c **** /*******************************************************************************
   3:Generated_Source\PSoC4/cyfitter_cfg.c **** * File Name: cyfitter_cfg.c
   4:Generated_Source\PSoC4/cyfitter_cfg.c **** * 
   5:Generated_Source\PSoC4/cyfitter_cfg.c **** * PSoC Creator  4.4
   6:Generated_Source\PSoC4/cyfitter_cfg.c **** *
   7:Generated_Source\PSoC4/cyfitter_cfg.c **** * Description:
   8:Generated_Source\PSoC4/cyfitter_cfg.c **** * This file contains device initialization code.
   9:Generated_Source\PSoC4/cyfitter_cfg.c **** * Except for the user defined sections in CyClockStartupError(), this file should not be modified.
  10:Generated_Source\PSoC4/cyfitter_cfg.c **** * This file is automatically generated by PSoC Creator.
  11:Generated_Source\PSoC4/cyfitter_cfg.c **** *
  12:Generated_Source\PSoC4/cyfitter_cfg.c **** ********************************************************************************
  13:Generated_Source\PSoC4/cyfitter_cfg.c **** * Copyright (c) 2007-2020 Cypress Semiconductor.  All rights reserved.
  14:Generated_Source\PSoC4/cyfitter_cfg.c **** * You may use this file only in accordance with the license, terms, conditions, 
  15:Generated_Source\PSoC4/cyfitter_cfg.c **** * disclaimers, and limitations in the end user license agreement accompanying 
  16:Generated_Source\PSoC4/cyfitter_cfg.c **** * the software package with which this file was provided.
  17:Generated_Source\PSoC4/cyfitter_cfg.c **** ********************************************************************************/
  18:Generated_Source\PSoC4/cyfitter_cfg.c **** 
  19:Generated_Source\PSoC4/cyfitter_cfg.c **** #include <string.h>
  20:Generated_Source\PSoC4/cyfitter_cfg.c **** #include "cytypes.h"
  21:Generated_Source\PSoC4/cyfitter_cfg.c **** #include "cydevice_trm.h"
  22:Generated_Source\PSoC4/cyfitter_cfg.c **** #include "cyfitter.h"
  23:Generated_Source\PSoC4/cyfitter_cfg.c **** #include "CyLib.h"
  24:Generated_Source\PSoC4/cyfitter_cfg.c **** #include "CyLFClk.h"
  25:Generated_Source\PSoC4/cyfitter_cfg.c **** #include "cyfitter_cfg.h"
  26:Generated_Source\PSoC4/cyfitter_cfg.c **** #include "cyapicallbacks.h"
  27:Generated_Source\PSoC4/cyfitter_cfg.c **** 
  28:Generated_Source\PSoC4/cyfitter_cfg.c **** 
  29:Generated_Source\PSoC4/cyfitter_cfg.c **** #if defined(__GNUC__) || defined(__ARMCC_VERSION)
  30:Generated_Source\PSoC4/cyfitter_cfg.c ****     #define CYPACKED 
  31:Generated_Source\PSoC4/cyfitter_cfg.c ****     #define CYPACKED_ATTR __attribute__ ((packed))
ARM GAS  C:\Users\mewin\AppData\Local\Temp\ccLpMFNk.s 			page 2


  32:Generated_Source\PSoC4/cyfitter_cfg.c ****     #define CYALIGNED __attribute__ ((aligned))
  33:Generated_Source\PSoC4/cyfitter_cfg.c ****     #define CY_CFG_UNUSED __attribute__ ((unused))
  34:Generated_Source\PSoC4/cyfitter_cfg.c ****     #ifndef CY_CFG_SECTION
  35:Generated_Source\PSoC4/cyfitter_cfg.c ****         #define CY_CFG_SECTION __attribute__ ((section(".psocinit")))
  36:Generated_Source\PSoC4/cyfitter_cfg.c ****     #endif
  37:Generated_Source\PSoC4/cyfitter_cfg.c ****     
  38:Generated_Source\PSoC4/cyfitter_cfg.c ****     #if defined(__ARMCC_VERSION)
  39:Generated_Source\PSoC4/cyfitter_cfg.c ****         #define CY_CFG_MEMORY_BARRIER() __memory_changed()
  40:Generated_Source\PSoC4/cyfitter_cfg.c ****     #else
  41:Generated_Source\PSoC4/cyfitter_cfg.c ****         #define CY_CFG_MEMORY_BARRIER() __sync_synchronize()
  42:Generated_Source\PSoC4/cyfitter_cfg.c ****     #endif
  43:Generated_Source\PSoC4/cyfitter_cfg.c ****     
  44:Generated_Source\PSoC4/cyfitter_cfg.c **** #elif defined(__ICCARM__)
  45:Generated_Source\PSoC4/cyfitter_cfg.c ****     #include <intrinsics.h>
  46:Generated_Source\PSoC4/cyfitter_cfg.c **** 
  47:Generated_Source\PSoC4/cyfitter_cfg.c ****     #define CYPACKED __packed
  48:Generated_Source\PSoC4/cyfitter_cfg.c ****     #define CYPACKED_ATTR 
  49:Generated_Source\PSoC4/cyfitter_cfg.c ****     #define CYALIGNED _Pragma("data_alignment=4")
  50:Generated_Source\PSoC4/cyfitter_cfg.c ****     #define CY_CFG_UNUSED _Pragma("diag_suppress=Pe177")
  51:Generated_Source\PSoC4/cyfitter_cfg.c ****     #define CY_CFG_SECTION _Pragma("location=\".psocinit\"")
  52:Generated_Source\PSoC4/cyfitter_cfg.c ****     
  53:Generated_Source\PSoC4/cyfitter_cfg.c ****     #define CY_CFG_MEMORY_BARRIER() __DMB()
  54:Generated_Source\PSoC4/cyfitter_cfg.c ****     
  55:Generated_Source\PSoC4/cyfitter_cfg.c **** #else
  56:Generated_Source\PSoC4/cyfitter_cfg.c ****     #error Unsupported toolchain
  57:Generated_Source\PSoC4/cyfitter_cfg.c **** #endif
  58:Generated_Source\PSoC4/cyfitter_cfg.c **** 
  59:Generated_Source\PSoC4/cyfitter_cfg.c **** #ifndef CYCODE
  60:Generated_Source\PSoC4/cyfitter_cfg.c ****     #define CYCODE
  61:Generated_Source\PSoC4/cyfitter_cfg.c **** #endif
  62:Generated_Source\PSoC4/cyfitter_cfg.c **** #ifndef CYDATA
  63:Generated_Source\PSoC4/cyfitter_cfg.c ****     #define CYDATA
  64:Generated_Source\PSoC4/cyfitter_cfg.c **** #endif
  65:Generated_Source\PSoC4/cyfitter_cfg.c **** #ifndef CYFAR
  66:Generated_Source\PSoC4/cyfitter_cfg.c ****     #define CYFAR
  67:Generated_Source\PSoC4/cyfitter_cfg.c **** #endif
  68:Generated_Source\PSoC4/cyfitter_cfg.c **** #ifndef CYXDATA
  69:Generated_Source\PSoC4/cyfitter_cfg.c ****     #define CYXDATA
  70:Generated_Source\PSoC4/cyfitter_cfg.c **** #endif
  71:Generated_Source\PSoC4/cyfitter_cfg.c **** 
  72:Generated_Source\PSoC4/cyfitter_cfg.c **** 
  73:Generated_Source\PSoC4/cyfitter_cfg.c **** CY_CFG_UNUSED
  74:Generated_Source\PSoC4/cyfitter_cfg.c **** static void CYMEMZERO(void *s, size_t n);
  75:Generated_Source\PSoC4/cyfitter_cfg.c **** CY_CFG_UNUSED
  76:Generated_Source\PSoC4/cyfitter_cfg.c **** static void CYMEMZERO(void *s, size_t n)
  77:Generated_Source\PSoC4/cyfitter_cfg.c **** {
  78:Generated_Source\PSoC4/cyfitter_cfg.c **** 	(void)memset(s, 0, n);
  79:Generated_Source\PSoC4/cyfitter_cfg.c **** }
  80:Generated_Source\PSoC4/cyfitter_cfg.c **** CY_CFG_UNUSED
  81:Generated_Source\PSoC4/cyfitter_cfg.c **** static void CYCONFIGCPY(void *dest, const void *src, size_t n);
  82:Generated_Source\PSoC4/cyfitter_cfg.c **** CY_CFG_UNUSED
  83:Generated_Source\PSoC4/cyfitter_cfg.c **** static void CYCONFIGCPY(void *dest, const void *src, size_t n)
  84:Generated_Source\PSoC4/cyfitter_cfg.c **** {
  85:Generated_Source\PSoC4/cyfitter_cfg.c **** 	(void)memcpy(dest, src, n);
  86:Generated_Source\PSoC4/cyfitter_cfg.c **** }
  87:Generated_Source\PSoC4/cyfitter_cfg.c **** CY_CFG_UNUSED
  88:Generated_Source\PSoC4/cyfitter_cfg.c **** static void CYCONFIGCPYCODE(void *dest, const void *src, size_t n);
ARM GAS  C:\Users\mewin\AppData\Local\Temp\ccLpMFNk.s 			page 3


  89:Generated_Source\PSoC4/cyfitter_cfg.c **** CY_CFG_UNUSED
  90:Generated_Source\PSoC4/cyfitter_cfg.c **** static void CYCONFIGCPYCODE(void *dest, const void *src, size_t n)
  91:Generated_Source\PSoC4/cyfitter_cfg.c **** {
  92:Generated_Source\PSoC4/cyfitter_cfg.c **** 	(void)memcpy(dest, src, n);
  93:Generated_Source\PSoC4/cyfitter_cfg.c **** }
  94:Generated_Source\PSoC4/cyfitter_cfg.c **** 
  95:Generated_Source\PSoC4/cyfitter_cfg.c **** 
  96:Generated_Source\PSoC4/cyfitter_cfg.c **** 
  97:Generated_Source\PSoC4/cyfitter_cfg.c **** 
  98:Generated_Source\PSoC4/cyfitter_cfg.c **** /* Clock startup error codes                                                   */
  99:Generated_Source\PSoC4/cyfitter_cfg.c **** #define CYCLOCKSTART_NO_ERROR    0u
 100:Generated_Source\PSoC4/cyfitter_cfg.c **** #define CYCLOCKSTART_XTAL_ERROR  1u
 101:Generated_Source\PSoC4/cyfitter_cfg.c **** #define CYCLOCKSTART_32KHZ_ERROR 2u
 102:Generated_Source\PSoC4/cyfitter_cfg.c **** #define CYCLOCKSTART_PLL_ERROR   3u
 103:Generated_Source\PSoC4/cyfitter_cfg.c **** #define CYCLOCKSTART_FLL_ERROR   4u
 104:Generated_Source\PSoC4/cyfitter_cfg.c **** #define CYCLOCKSTART_WCO_ERROR   5u
 105:Generated_Source\PSoC4/cyfitter_cfg.c **** 
 106:Generated_Source\PSoC4/cyfitter_cfg.c **** 
 107:Generated_Source\PSoC4/cyfitter_cfg.c **** #ifdef CY_NEED_CYCLOCKSTARTUPERROR
 108:Generated_Source\PSoC4/cyfitter_cfg.c **** /*******************************************************************************
 109:Generated_Source\PSoC4/cyfitter_cfg.c **** * Function Name: CyClockStartupError
 110:Generated_Source\PSoC4/cyfitter_cfg.c **** ********************************************************************************
 111:Generated_Source\PSoC4/cyfitter_cfg.c **** * Summary:
 112:Generated_Source\PSoC4/cyfitter_cfg.c **** *  If an error is encountered during clock configuration (crystal startup error,
 113:Generated_Source\PSoC4/cyfitter_cfg.c **** *  PLL lock error, etc.), the system will end up here.  Unless reimplemented by
 114:Generated_Source\PSoC4/cyfitter_cfg.c **** *  the customer, this function will stop in an infinite loop.
 115:Generated_Source\PSoC4/cyfitter_cfg.c **** *
 116:Generated_Source\PSoC4/cyfitter_cfg.c **** * Parameters:
 117:Generated_Source\PSoC4/cyfitter_cfg.c **** *   void
 118:Generated_Source\PSoC4/cyfitter_cfg.c **** *
 119:Generated_Source\PSoC4/cyfitter_cfg.c **** * Return:
 120:Generated_Source\PSoC4/cyfitter_cfg.c **** *   void
 121:Generated_Source\PSoC4/cyfitter_cfg.c **** *
 122:Generated_Source\PSoC4/cyfitter_cfg.c **** *******************************************************************************/
 123:Generated_Source\PSoC4/cyfitter_cfg.c **** CY_CFG_UNUSED
 124:Generated_Source\PSoC4/cyfitter_cfg.c **** static void CyClockStartupError(uint8 errorCode);
 125:Generated_Source\PSoC4/cyfitter_cfg.c **** CY_CFG_UNUSED
 126:Generated_Source\PSoC4/cyfitter_cfg.c **** static void CyClockStartupError(uint8 errorCode)
 127:Generated_Source\PSoC4/cyfitter_cfg.c **** {
 128:Generated_Source\PSoC4/cyfitter_cfg.c ****     /* To remove the compiler warning if errorCode not used.                */
 129:Generated_Source\PSoC4/cyfitter_cfg.c ****     errorCode = errorCode;
 130:Generated_Source\PSoC4/cyfitter_cfg.c **** 
 131:Generated_Source\PSoC4/cyfitter_cfg.c ****     /* If we have a clock startup error (bad MHz crystal, PLL lock, etc.),  */
 132:Generated_Source\PSoC4/cyfitter_cfg.c ****     /* we will end up here to allow the customer to implement something to  */
 133:Generated_Source\PSoC4/cyfitter_cfg.c ****     /* deal with the clock condition.                                       */
 134:Generated_Source\PSoC4/cyfitter_cfg.c **** 
 135:Generated_Source\PSoC4/cyfitter_cfg.c **** #ifdef CY_CFG_CLOCK_STARTUP_ERROR_CALLBACK
 136:Generated_Source\PSoC4/cyfitter_cfg.c ****     CY_CFG_Clock_Startup_ErrorCallback();
 137:Generated_Source\PSoC4/cyfitter_cfg.c **** #else
 138:Generated_Source\PSoC4/cyfitter_cfg.c ****     /*  If not using CY_CFG_CLOCK_STARTUP_ERROR_CALLBACK, place your clock startup code here. */
 139:Generated_Source\PSoC4/cyfitter_cfg.c ****     /* `#START CyClockStartupError` */
 140:Generated_Source\PSoC4/cyfitter_cfg.c **** 
 141:Generated_Source\PSoC4/cyfitter_cfg.c **** 
 142:Generated_Source\PSoC4/cyfitter_cfg.c **** 
 143:Generated_Source\PSoC4/cyfitter_cfg.c ****     /* `#END` */
 144:Generated_Source\PSoC4/cyfitter_cfg.c **** 
 145:Generated_Source\PSoC4/cyfitter_cfg.c ****     while(1) {}
ARM GAS  C:\Users\mewin\AppData\Local\Temp\ccLpMFNk.s 			page 4


 146:Generated_Source\PSoC4/cyfitter_cfg.c **** #endif /* CY_CFG_CLOCK_STARTUP_ERROR_CALLBACK */
 147:Generated_Source\PSoC4/cyfitter_cfg.c **** }
 148:Generated_Source\PSoC4/cyfitter_cfg.c **** #endif
 149:Generated_Source\PSoC4/cyfitter_cfg.c **** 
 150:Generated_Source\PSoC4/cyfitter_cfg.c **** 
 151:Generated_Source\PSoC4/cyfitter_cfg.c **** 
 152:Generated_Source\PSoC4/cyfitter_cfg.c **** /*******************************************************************************
 153:Generated_Source\PSoC4/cyfitter_cfg.c **** * Function Name: ClockSetup
 154:Generated_Source\PSoC4/cyfitter_cfg.c **** ********************************************************************************
 155:Generated_Source\PSoC4/cyfitter_cfg.c **** *
 156:Generated_Source\PSoC4/cyfitter_cfg.c **** * Summary:
 157:Generated_Source\PSoC4/cyfitter_cfg.c **** *   Performs the initialization of all of the clocks in the device based on the
 158:Generated_Source\PSoC4/cyfitter_cfg.c **** *   settings in the Clock tab of the DWR.  This includes enabling the requested
 159:Generated_Source\PSoC4/cyfitter_cfg.c **** *   clocks and setting the necessary dividers to produce the desired frequency. 
 160:Generated_Source\PSoC4/cyfitter_cfg.c **** *
 161:Generated_Source\PSoC4/cyfitter_cfg.c **** * Parameters:
 162:Generated_Source\PSoC4/cyfitter_cfg.c **** *   void
 163:Generated_Source\PSoC4/cyfitter_cfg.c **** *
 164:Generated_Source\PSoC4/cyfitter_cfg.c **** * Return:
 165:Generated_Source\PSoC4/cyfitter_cfg.c **** *   void
 166:Generated_Source\PSoC4/cyfitter_cfg.c **** *
 167:Generated_Source\PSoC4/cyfitter_cfg.c **** *******************************************************************************/
 168:Generated_Source\PSoC4/cyfitter_cfg.c **** static void ClockSetup(void);
 169:Generated_Source\PSoC4/cyfitter_cfg.c **** CY_CFG_SECTION
 170:Generated_Source\PSoC4/cyfitter_cfg.c **** static void ClockSetup(void)
 171:Generated_Source\PSoC4/cyfitter_cfg.c **** {
 172:Generated_Source\PSoC4/cyfitter_cfg.c **** 
 173:Generated_Source\PSoC4/cyfitter_cfg.c **** 	/* Set Flash Cycles based on max possible frequency in case a glitch occurs during ClockSetup(). *
 174:Generated_Source\PSoC4/cyfitter_cfg.c **** 	CY_SET_REG32((void CYXDATA *)(CYREG_CPUSS_FLASH_CTL), (0x0012u));
 175:Generated_Source\PSoC4/cyfitter_cfg.c **** 	/* Setup and trim IMO based on desired frequency. */
 176:Generated_Source\PSoC4/cyfitter_cfg.c **** 	CySysClkWriteImoFreq(48u);
 177:Generated_Source\PSoC4/cyfitter_cfg.c **** 	/* CYDEV_CLK_ILO_CONFIG Starting address: CYDEV_CLK_ILO_CONFIG */
 178:Generated_Source\PSoC4/cyfitter_cfg.c **** 	CY_SET_REG32((void *)(CYREG_CLK_ILO_CONFIG), 0x80000006u);
 179:Generated_Source\PSoC4/cyfitter_cfg.c **** 
 180:Generated_Source\PSoC4/cyfitter_cfg.c **** 
 181:Generated_Source\PSoC4/cyfitter_cfg.c **** 	/* Setup phase aligned clocks */
 182:Generated_Source\PSoC4/cyfitter_cfg.c **** 	CY_SET_REG32((void *)CYREG_PERI_DIV_16_CTL0, 0x00000000u);
 183:Generated_Source\PSoC4/cyfitter_cfg.c **** 	CY_SET_REG32((void *)CYREG_PERI_DIV_CMD, 0x8000FF40u);
 184:Generated_Source\PSoC4/cyfitter_cfg.c **** 	CY_SET_REG32((void *)CYREG_PERI_DIV_16_CTL1, 0x00001D00u);
 185:Generated_Source\PSoC4/cyfitter_cfg.c **** 	CY_SET_REG32((void *)CYREG_PERI_DIV_CMD, 0x8000FF41u);
 186:Generated_Source\PSoC4/cyfitter_cfg.c **** 
 187:Generated_Source\PSoC4/cyfitter_cfg.c **** 	/* CYDEV_CLK_IMO_CONFIG Starting address: CYDEV_CLK_IMO_CONFIG */
 188:Generated_Source\PSoC4/cyfitter_cfg.c **** 	CY_SET_REG32((void *)(CYREG_CLK_IMO_CONFIG), 0x80000000u);
 189:Generated_Source\PSoC4/cyfitter_cfg.c **** 
 190:Generated_Source\PSoC4/cyfitter_cfg.c **** 	/* CYDEV_CLK_SELECT Starting address: CYDEV_CLK_SELECT */
 191:Generated_Source\PSoC4/cyfitter_cfg.c **** 	CY_SET_REG32((void *)(CYREG_CLK_SELECT), 0x00040000u);
 192:Generated_Source\PSoC4/cyfitter_cfg.c **** 
 193:Generated_Source\PSoC4/cyfitter_cfg.c **** 	/* CYDEV_PERI_PCLK_CTL2 Starting address: CYDEV_PERI_PCLK_CTL2 */
 194:Generated_Source\PSoC4/cyfitter_cfg.c **** 	CY_SET_REG32((void *)(CYREG_PERI_PCLK_CTL2), 0x00000041u);
 195:Generated_Source\PSoC4/cyfitter_cfg.c **** 
 196:Generated_Source\PSoC4/cyfitter_cfg.c **** 	(void)CyIntSetVector(8u, &CySysWdtIsr);
 197:Generated_Source\PSoC4/cyfitter_cfg.c **** 	CyIntEnable(8u);
 198:Generated_Source\PSoC4/cyfitter_cfg.c **** 	CY_SET_REG32((void *)(CYREG_WDT_CONFIG), 0x00000000u);
 199:Generated_Source\PSoC4/cyfitter_cfg.c **** }
 200:Generated_Source\PSoC4/cyfitter_cfg.c **** 
 201:Generated_Source\PSoC4/cyfitter_cfg.c **** 
 202:Generated_Source\PSoC4/cyfitter_cfg.c **** /* Analog API Functions */
ARM GAS  C:\Users\mewin\AppData\Local\Temp\ccLpMFNk.s 			page 5


 203:Generated_Source\PSoC4/cyfitter_cfg.c **** 
 204:Generated_Source\PSoC4/cyfitter_cfg.c **** 
 205:Generated_Source\PSoC4/cyfitter_cfg.c **** /*******************************************************************************
 206:Generated_Source\PSoC4/cyfitter_cfg.c **** * Function Name: AnalogSetDefault
 207:Generated_Source\PSoC4/cyfitter_cfg.c **** ********************************************************************************
 208:Generated_Source\PSoC4/cyfitter_cfg.c **** *
 209:Generated_Source\PSoC4/cyfitter_cfg.c **** * Summary:
 210:Generated_Source\PSoC4/cyfitter_cfg.c **** *  Sets up the analog portions of the chip to default values based on chip
 211:Generated_Source\PSoC4/cyfitter_cfg.c **** *  configuration options from the project.
 212:Generated_Source\PSoC4/cyfitter_cfg.c **** *
 213:Generated_Source\PSoC4/cyfitter_cfg.c **** * Parameters:
 214:Generated_Source\PSoC4/cyfitter_cfg.c **** *  void
 215:Generated_Source\PSoC4/cyfitter_cfg.c **** *
 216:Generated_Source\PSoC4/cyfitter_cfg.c **** * Return:
 217:Generated_Source\PSoC4/cyfitter_cfg.c **** *  void
 218:Generated_Source\PSoC4/cyfitter_cfg.c **** *
 219:Generated_Source\PSoC4/cyfitter_cfg.c **** *******************************************************************************/
 220:Generated_Source\PSoC4/cyfitter_cfg.c **** static void AnalogSetDefault(void);
 221:Generated_Source\PSoC4/cyfitter_cfg.c **** static void AnalogSetDefault(void)
 222:Generated_Source\PSoC4/cyfitter_cfg.c **** {
  27              		.loc 1 222 0
  28              		.cfi_startproc
  29              		@ args = 0, pretend = 0, frame = 0
  30              		@ frame_needed = 0, uses_anonymous_args = 0
  31              		@ link register save eliminated.
 223:Generated_Source\PSoC4/cyfitter_cfg.c **** 	CY_SET_XTND_REG32((void CYFAR *)CYREG_CTBM0_DFT_CTRL, 0x00000003u);
  32              		.loc 1 223 0
  33 0000 0323     		movs	r3, #3
  34 0002 044A     		ldr	r2, .L2
  35 0004 1360     		str	r3, [r2]
 224:Generated_Source\PSoC4/cyfitter_cfg.c **** 	CY_SET_XTND_REG32((void CYFAR *)CYREG_CTBM1_DFT_CTRL, 0x00000003u);
  36              		.loc 1 224 0
  37 0006 044A     		ldr	r2, .L2+4
  38 0008 1360     		str	r3, [r2]
 225:Generated_Source\PSoC4/cyfitter_cfg.c **** 	CY_SET_XTND_REG32((void CYFAR *)CYREG_PASS_DSAB_DSAB_CTRL, 0x00000000u);
  39              		.loc 1 225 0
  40 000a 0022     		movs	r2, #0
  41 000c 034B     		ldr	r3, .L2+8
  42 000e 1A60     		str	r2, [r3]
 226:Generated_Source\PSoC4/cyfitter_cfg.c **** }
  43              		.loc 1 226 0
  44              		@ sp needed
  45 0010 7047     		bx	lr
  46              	.L3:
  47 0012 C046     		.align	2
  48              	.L2:
  49 0014 30003040 		.word	1076887600
  50 0018 30003140 		.word	1076953136
  51 001c 000E3F40 		.word	1077874176
  52              		.cfi_endproc
  53              	.LFE5:
  54              		.size	AnalogSetDefault, .-AnalogSetDefault
  55              		.section	.text.CYMEMZERO,"ax",%progbits
  56              		.align	2
  57              		.code	16
  58              		.thumb_func
  59              		.type	CYMEMZERO, %function
ARM GAS  C:\Users\mewin\AppData\Local\Temp\ccLpMFNk.s 			page 6


  60              	CYMEMZERO:
  61              	.LFB1:
  77:Generated_Source\PSoC4/cyfitter_cfg.c **** 	(void)memset(s, 0, n);
  62              		.loc 1 77 0
  63              		.cfi_startproc
  64              		@ args = 0, pretend = 0, frame = 0
  65              		@ frame_needed = 0, uses_anonymous_args = 0
  66              	.LVL0:
  67 0000 10B5     		push	{r4, lr}
  68              		.cfi_def_cfa_offset 8
  69              		.cfi_offset 4, -8
  70              		.cfi_offset 14, -4
  71 0002 0A00     		movs	r2, r1
  78:Generated_Source\PSoC4/cyfitter_cfg.c **** }
  72              		.loc 1 78 0
  73 0004 0021     		movs	r1, #0
  74              	.LVL1:
  75 0006 FFF7FEFF 		bl	memset
  76              	.LVL2:
  79:Generated_Source\PSoC4/cyfitter_cfg.c **** CY_CFG_UNUSED
  77              		.loc 1 79 0
  78              		@ sp needed
  79 000a 10BD     		pop	{r4, pc}
  80              		.cfi_endproc
  81              	.LFE1:
  82              		.size	CYMEMZERO, .-CYMEMZERO
  83              		.section	.psocinit,"ax",%progbits
  84              		.align	2
  85              		.code	16
  86              		.thumb_func
  87              		.type	ClockSetup, %function
  88              	ClockSetup:
  89              	.LFB4:
 171:Generated_Source\PSoC4/cyfitter_cfg.c **** 
  90              		.loc 1 171 0
  91              		.cfi_startproc
  92              		@ args = 0, pretend = 0, frame = 0
  93              		@ frame_needed = 0, uses_anonymous_args = 0
  94 0000 10B5     		push	{r4, lr}
  95              		.cfi_def_cfa_offset 8
  96              		.cfi_offset 4, -8
  97              		.cfi_offset 14, -4
 174:Generated_Source\PSoC4/cyfitter_cfg.c **** 	/* Setup and trim IMO based on desired frequency. */
  98              		.loc 1 174 0
  99 0002 1222     		movs	r2, #18
 100 0004 144B     		ldr	r3, .L6
 101 0006 1A60     		str	r2, [r3]
 176:Generated_Source\PSoC4/cyfitter_cfg.c **** 	/* CYDEV_CLK_ILO_CONFIG Starting address: CYDEV_CLK_ILO_CONFIG */
 102              		.loc 1 176 0
 103 0008 3020     		movs	r0, #48
 104 000a FFF7FEFF 		bl	CySysClkWriteImoFreq
 105              	.LVL3:
 178:Generated_Source\PSoC4/cyfitter_cfg.c **** 
 106              		.loc 1 178 0
 107 000e 134A     		ldr	r2, .L6+4
 108 0010 134B     		ldr	r3, .L6+8
 109 0012 1A60     		str	r2, [r3]
ARM GAS  C:\Users\mewin\AppData\Local\Temp\ccLpMFNk.s 			page 7


 182:Generated_Source\PSoC4/cyfitter_cfg.c **** 	CY_SET_REG32((void *)CYREG_PERI_DIV_CMD, 0x8000FF40u);
 110              		.loc 1 182 0
 111 0014 0024     		movs	r4, #0
 112 0016 134B     		ldr	r3, .L6+12
 113 0018 1C60     		str	r4, [r3]
 183:Generated_Source\PSoC4/cyfitter_cfg.c **** 	CY_SET_REG32((void *)CYREG_PERI_DIV_16_CTL1, 0x00001D00u);
 114              		.loc 1 183 0
 115 001a 134B     		ldr	r3, .L6+16
 116 001c 134A     		ldr	r2, .L6+20
 117 001e 1A60     		str	r2, [r3]
 184:Generated_Source\PSoC4/cyfitter_cfg.c **** 	CY_SET_REG32((void *)CYREG_PERI_DIV_CMD, 0x8000FF41u);
 118              		.loc 1 184 0
 119 0020 E821     		movs	r1, #232
 120 0022 4901     		lsls	r1, r1, #5
 121 0024 124A     		ldr	r2, .L6+24
 122 0026 1160     		str	r1, [r2]
 185:Generated_Source\PSoC4/cyfitter_cfg.c **** 
 123              		.loc 1 185 0
 124 0028 124A     		ldr	r2, .L6+28
 125 002a 1A60     		str	r2, [r3]
 188:Generated_Source\PSoC4/cyfitter_cfg.c **** 
 126              		.loc 1 188 0
 127 002c 8022     		movs	r2, #128
 128 002e 1206     		lsls	r2, r2, #24
 129 0030 114B     		ldr	r3, .L6+32
 130 0032 1A60     		str	r2, [r3]
 191:Generated_Source\PSoC4/cyfitter_cfg.c **** 
 131              		.loc 1 191 0
 132 0034 8022     		movs	r2, #128
 133 0036 D202     		lsls	r2, r2, #11
 134 0038 104B     		ldr	r3, .L6+36
 135 003a 1A60     		str	r2, [r3]
 194:Generated_Source\PSoC4/cyfitter_cfg.c **** 
 136              		.loc 1 194 0
 137 003c 4122     		movs	r2, #65
 138 003e 104B     		ldr	r3, .L6+40
 139 0040 1A60     		str	r2, [r3]
 196:Generated_Source\PSoC4/cyfitter_cfg.c **** 	CyIntEnable(8u);
 140              		.loc 1 196 0
 141 0042 1049     		ldr	r1, .L6+44
 142 0044 0820     		movs	r0, #8
 143 0046 FFF7FEFF 		bl	CyIntSetVector
 144              	.LVL4:
 197:Generated_Source\PSoC4/cyfitter_cfg.c **** 	CY_SET_REG32((void *)(CYREG_WDT_CONFIG), 0x00000000u);
 145              		.loc 1 197 0
 146 004a 0820     		movs	r0, #8
 147 004c FFF7FEFF 		bl	CyIntEnable
 148              	.LVL5:
 198:Generated_Source\PSoC4/cyfitter_cfg.c **** }
 149              		.loc 1 198 0
 150 0050 0D4B     		ldr	r3, .L6+48
 151 0052 1C60     		str	r4, [r3]
 199:Generated_Source\PSoC4/cyfitter_cfg.c **** 
 152              		.loc 1 199 0
 153              		@ sp needed
 154 0054 10BD     		pop	{r4, pc}
 155              	.L7:
ARM GAS  C:\Users\mewin\AppData\Local\Temp\ccLpMFNk.s 			page 8


 156 0056 C046     		.align	2
 157              	.L6:
 158 0058 30001040 		.word	1074790448
 159 005c 06000080 		.word	-2147483642
 160 0060 04010B40 		.word	1074462980
 161 0064 00030140 		.word	1073808128
 162 0068 00000140 		.word	1073807360
 163 006c 40FF0080 		.word	-2147418304
 164 0070 04030140 		.word	1073808132
 165 0074 41FF0080 		.word	-2147418303
 166 0078 08010B40 		.word	1074462984
 167 007c 00010B40 		.word	1074462976
 168 0080 08010140 		.word	1073807624
 169 0084 00000000 		.word	CySysWdtIsr
 170 0088 0C020B40 		.word	1074463244
 171              		.cfi_endproc
 172              	.LFE4:
 173              		.size	ClockSetup, .-ClockSetup
 174              		.align	2
 175              		.global	cyfitter_cfg
 176              		.code	16
 177              		.thumb_func
 178              		.type	cyfitter_cfg, %function
 179              	cyfitter_cfg:
 180              	.LFB6:
 227:Generated_Source\PSoC4/cyfitter_cfg.c **** 
 228:Generated_Source\PSoC4/cyfitter_cfg.c **** 
 229:Generated_Source\PSoC4/cyfitter_cfg.c **** 
 230:Generated_Source\PSoC4/cyfitter_cfg.c **** 
 231:Generated_Source\PSoC4/cyfitter_cfg.c **** /*******************************************************************************
 232:Generated_Source\PSoC4/cyfitter_cfg.c **** * Function Name: cyfitter_cfg
 233:Generated_Source\PSoC4/cyfitter_cfg.c **** ********************************************************************************
 234:Generated_Source\PSoC4/cyfitter_cfg.c **** * Summary:
 235:Generated_Source\PSoC4/cyfitter_cfg.c **** *  This function is called by the start-up code for the selected device. It
 236:Generated_Source\PSoC4/cyfitter_cfg.c **** *  performs all of the necessary device configuration based on the design
 237:Generated_Source\PSoC4/cyfitter_cfg.c **** *  settings.  This includes settings from the Design Wide Resources (DWR) such
 238:Generated_Source\PSoC4/cyfitter_cfg.c **** *  as Clocks and Pins as well as any component configuration that is necessary.
 239:Generated_Source\PSoC4/cyfitter_cfg.c **** *
 240:Generated_Source\PSoC4/cyfitter_cfg.c **** * Parameters:
 241:Generated_Source\PSoC4/cyfitter_cfg.c **** *   void
 242:Generated_Source\PSoC4/cyfitter_cfg.c **** *
 243:Generated_Source\PSoC4/cyfitter_cfg.c **** * Return:
 244:Generated_Source\PSoC4/cyfitter_cfg.c **** *   void
 245:Generated_Source\PSoC4/cyfitter_cfg.c **** *
 246:Generated_Source\PSoC4/cyfitter_cfg.c **** *******************************************************************************/
 247:Generated_Source\PSoC4/cyfitter_cfg.c **** CY_CFG_SECTION
 248:Generated_Source\PSoC4/cyfitter_cfg.c **** void cyfitter_cfg(void)
 249:Generated_Source\PSoC4/cyfitter_cfg.c **** {
 181              		.loc 1 249 0
 182              		.cfi_startproc
 183              		@ args = 0, pretend = 0, frame = 0
 184              		@ frame_needed = 0, uses_anonymous_args = 0
 185 008c 10B5     		push	{r4, lr}
 186              		.cfi_def_cfa_offset 8
 187              		.cfi_offset 4, -8
 188              		.cfi_offset 14, -4
 250:Generated_Source\PSoC4/cyfitter_cfg.c **** 	/* Disable interrupts by default. Let user enable if/when they want. */
ARM GAS  C:\Users\mewin\AppData\Local\Temp\ccLpMFNk.s 			page 9


 251:Generated_Source\PSoC4/cyfitter_cfg.c **** 	CyGlobalIntDisable;
 189              		.loc 1 251 0
 190              		.syntax divided
 191              	@ 251 "Generated_Source\PSoC4\cyfitter_cfg.c" 1
 192 008e 72B6     		CPSID   i
 193              	@ 0 "" 2
 194              	.LVL6:
 195              		.thumb
 196              		.syntax unified
 197              	.LBB2:
 252:Generated_Source\PSoC4/cyfitter_cfg.c **** 
 253:Generated_Source\PSoC4/cyfitter_cfg.c **** 	{
 254:Generated_Source\PSoC4/cyfitter_cfg.c **** 
 255:Generated_Source\PSoC4/cyfitter_cfg.c **** 		CYPACKED typedef struct {
 256:Generated_Source\PSoC4/cyfitter_cfg.c **** 			void CYFAR *address;
 257:Generated_Source\PSoC4/cyfitter_cfg.c **** 			uint16 size;
 258:Generated_Source\PSoC4/cyfitter_cfg.c **** 		} CYPACKED_ATTR cfg_memset_t;
 259:Generated_Source\PSoC4/cyfitter_cfg.c **** 
 260:Generated_Source\PSoC4/cyfitter_cfg.c **** 		static const cfg_memset_t CYCODE cfg_memset_list[] = {
 261:Generated_Source\PSoC4/cyfitter_cfg.c **** 			/* address, size */
 262:Generated_Source\PSoC4/cyfitter_cfg.c **** 			{(void CYFAR *)(CYDEV_UDB_P0_U0_BASE), 2048u},
 263:Generated_Source\PSoC4/cyfitter_cfg.c **** 			{(void CYFAR *)(CYDEV_UDB_DSI0_BASE), 2048u},
 264:Generated_Source\PSoC4/cyfitter_cfg.c **** 		};
 265:Generated_Source\PSoC4/cyfitter_cfg.c **** 
 266:Generated_Source\PSoC4/cyfitter_cfg.c **** 		uint8 CYDATA i;
 267:Generated_Source\PSoC4/cyfitter_cfg.c **** 
 268:Generated_Source\PSoC4/cyfitter_cfg.c **** 		/* Zero out critical memory blocks before beginning configuration */
 269:Generated_Source\PSoC4/cyfitter_cfg.c **** 		for (i = 0u; i < (sizeof(cfg_memset_list)/sizeof(cfg_memset_list[0])); i++)
 198              		.loc 1 269 0
 199 0090 0024     		movs	r4, #0
 200 0092 0FE0     		b	.L9
 201              	.LVL7:
 202              	.L10:
 203              	.LBB3:
 270:Generated_Source\PSoC4/cyfitter_cfg.c **** 		{
 271:Generated_Source\PSoC4/cyfitter_cfg.c **** 			const cfg_memset_t CYCODE * CYDATA ms = &cfg_memset_list[i];
 272:Generated_Source\PSoC4/cyfitter_cfg.c **** 			CYMEMZERO(ms->address, (size_t)(uint32)(ms->size));
 204              		.loc 1 272 0 discriminator 3
 205 0094 1F48     		ldr	r0, .L11
 206 0096 6200     		lsls	r2, r4, #1
 207 0098 1319     		adds	r3, r2, r4
 208 009a 5900     		lsls	r1, r3, #1
 209 009c 0B00     		movs	r3, r1
 210 009e 4118     		adds	r1, r0, r1
 211 00a0 8988     		ldrh	r1, [r1, #4]
 212 00a2 1A5A     		ldrh	r2, [r3, r0]
 213 00a4 C318     		adds	r3, r0, r3
 214 00a6 5888     		ldrh	r0, [r3, #2]
 215 00a8 0004     		lsls	r0, r0, #16
 216 00aa 1043     		orrs	r0, r2
 217 00ac FFF7FEFF 		bl	CYMEMZERO
 218              	.LVL8:
 219              	.LBE3:
 269:Generated_Source\PSoC4/cyfitter_cfg.c **** 		{
 220              		.loc 1 269 0 discriminator 3
 221 00b0 0134     		adds	r4, r4, #1
 222              	.LVL9:
ARM GAS  C:\Users\mewin\AppData\Local\Temp\ccLpMFNk.s 			page 10


 223 00b2 E4B2     		uxtb	r4, r4
 224              	.LVL10:
 225              	.L9:
 269:Generated_Source\PSoC4/cyfitter_cfg.c **** 		{
 226              		.loc 1 269 0 is_stmt 0 discriminator 1
 227 00b4 012C     		cmp	r4, #1
 228 00b6 EDD9     		bls	.L10
 273:Generated_Source\PSoC4/cyfitter_cfg.c **** 		}
 274:Generated_Source\PSoC4/cyfitter_cfg.c **** 
 275:Generated_Source\PSoC4/cyfitter_cfg.c **** 		/* HSIOM Starting address: CYDEV_HSIOM_BASE */
 276:Generated_Source\PSoC4/cyfitter_cfg.c **** 		CY_SET_REG32((void *)(CYREG_HSIOM_PORT_SEL1), 0x000000EEu);
 229              		.loc 1 276 0 is_stmt 1
 230 00b8 EE22     		movs	r2, #238
 231 00ba 174B     		ldr	r3, .L11+4
 232 00bc 1A60     		str	r2, [r3]
 277:Generated_Source\PSoC4/cyfitter_cfg.c **** 		CY_SET_REG32((void *)(CYREG_HSIOM_PORT_SEL3), 0x0000EE00u);
 233              		.loc 1 277 0
 234 00be EE22     		movs	r2, #238
 235 00c0 1202     		lsls	r2, r2, #8
 236 00c2 164B     		ldr	r3, .L11+8
 237 00c4 1A60     		str	r2, [r3]
 278:Generated_Source\PSoC4/cyfitter_cfg.c **** 		CY_SET_REG32((void *)(CYREG_HSIOM_PORT_SEL4), 0x000000AAu);
 238              		.loc 1 278 0
 239 00c6 AA22     		movs	r2, #170
 240 00c8 154B     		ldr	r3, .L11+12
 241 00ca 1A60     		str	r2, [r3]
 279:Generated_Source\PSoC4/cyfitter_cfg.c **** 
 280:Generated_Source\PSoC4/cyfitter_cfg.c **** 		/* UDB_PA_1 Starting address: CYDEV_UDB_PA1_BASE */
 281:Generated_Source\PSoC4/cyfitter_cfg.c **** 		CY_SET_REG32((void *)(CYDEV_UDB_PA1_BASE), 0x00990000u);
 242              		.loc 1 281 0
 243 00cc 9923     		movs	r3, #153
 244 00ce 1B04     		lsls	r3, r3, #16
 245 00d0 144A     		ldr	r2, .L11+16
 246 00d2 1360     		str	r3, [r2]
 282:Generated_Source\PSoC4/cyfitter_cfg.c **** 
 283:Generated_Source\PSoC4/cyfitter_cfg.c **** 		/* UDB_PA_5 Starting address: CYDEV_UDB_PA5_BASE */
 284:Generated_Source\PSoC4/cyfitter_cfg.c **** 		CY_SET_REG32((void *)(CYDEV_UDB_PA5_BASE), 0x00990000u);
 247              		.loc 1 284 0
 248 00d4 144A     		ldr	r2, .L11+20
 249 00d6 1360     		str	r3, [r2]
 285:Generated_Source\PSoC4/cyfitter_cfg.c **** 
 286:Generated_Source\PSoC4/cyfitter_cfg.c **** 		/* UDB_PA_7 Starting address: CYDEV_UDB_PA7_BASE */
 287:Generated_Source\PSoC4/cyfitter_cfg.c **** 		CY_SET_REG32((void *)(CYDEV_UDB_PA7_BASE), 0x00990000u);
 250              		.loc 1 287 0
 251 00d8 144A     		ldr	r2, .L11+24
 252 00da 1360     		str	r3, [r2]
 288:Generated_Source\PSoC4/cyfitter_cfg.c **** 
 289:Generated_Source\PSoC4/cyfitter_cfg.c **** 		/* Enable digital routing */
 290:Generated_Source\PSoC4/cyfitter_cfg.c **** 		CY_SET_XTND_REG8((void *)CYREG_UDB_UDB_BANK_CTL, (uint8)(CY_GET_XTND_REG8((void *)CYREG_UDB_UDB_B
 253              		.loc 1 290 0
 254 00dc 144A     		ldr	r2, .L11+28
 255 00de 1178     		ldrb	r1, [r2]
 256 00e0 0623     		movs	r3, #6
 257 00e2 0B43     		orrs	r3, r1
 258 00e4 DBB2     		uxtb	r3, r3
 259 00e6 1370     		strb	r3, [r2]
 260              	.LBE2:
ARM GAS  C:\Users\mewin\AppData\Local\Temp\ccLpMFNk.s 			page 11


 291:Generated_Source\PSoC4/cyfitter_cfg.c **** 	}
 292:Generated_Source\PSoC4/cyfitter_cfg.c **** 
 293:Generated_Source\PSoC4/cyfitter_cfg.c **** 	/* Perform second pass device configuration. These items must be configured in specific order afte
 294:Generated_Source\PSoC4/cyfitter_cfg.c **** 	/* IOPINS0_1 Starting address: CYDEV_GPIO_PRT1_BASE */
 295:Generated_Source\PSoC4/cyfitter_cfg.c **** 	CY_SET_REG32((void *)(CYDEV_GPIO_PRT1_BASE), 0x00000003u);
 261              		.loc 1 295 0
 262 00e8 0322     		movs	r2, #3
 263 00ea 124B     		ldr	r3, .L11+32
 264 00ec 1A60     		str	r2, [r3]
 296:Generated_Source\PSoC4/cyfitter_cfg.c **** 	CY_SET_REG32((void *)(CYREG_GPIO_PRT1_PC), 0x00000024u);
 265              		.loc 1 296 0
 266 00ee 2132     		adds	r2, r2, #33
 267 00f0 114B     		ldr	r3, .L11+36
 268 00f2 1A60     		str	r2, [r3]
 297:Generated_Source\PSoC4/cyfitter_cfg.c **** 
 298:Generated_Source\PSoC4/cyfitter_cfg.c **** 	/* IOPINS0_3 Starting address: CYDEV_GPIO_PRT3_BASE */
 299:Generated_Source\PSoC4/cyfitter_cfg.c **** 	CY_SET_REG32((void *)(CYREG_GPIO_PRT3_PC), 0x00000D80u);
 269              		.loc 1 299 0
 270 00f4 D822     		movs	r2, #216
 271 00f6 1201     		lsls	r2, r2, #4
 272 00f8 104B     		ldr	r3, .L11+40
 273 00fa 1A60     		str	r2, [r3]
 300:Generated_Source\PSoC4/cyfitter_cfg.c **** 
 301:Generated_Source\PSoC4/cyfitter_cfg.c **** 	/* IOPINS0_4 Starting address: CYDEV_GPIO_PRT4_BASE */
 302:Generated_Source\PSoC4/cyfitter_cfg.c **** 	CY_SET_REG32((void *)(CYDEV_GPIO_PRT4_BASE), 0x00000002u);
 274              		.loc 1 302 0
 275 00fc 0222     		movs	r2, #2
 276 00fe 104B     		ldr	r3, .L11+44
 277 0100 1A60     		str	r2, [r3]
 303:Generated_Source\PSoC4/cyfitter_cfg.c **** 	CY_SET_REG32((void *)(CYREG_GPIO_PRT4_PC), 0x00000031u);
 278              		.loc 1 303 0
 279 0102 2F32     		adds	r2, r2, #47
 280 0104 0F4B     		ldr	r3, .L11+48
 281 0106 1A60     		str	r2, [r3]
 304:Generated_Source\PSoC4/cyfitter_cfg.c **** 
 305:Generated_Source\PSoC4/cyfitter_cfg.c **** 
 306:Generated_Source\PSoC4/cyfitter_cfg.c **** 	/* Setup clocks based on selections from Clock DWR */
 307:Generated_Source\PSoC4/cyfitter_cfg.c **** 	ClockSetup();
 282              		.loc 1 307 0
 283 0108 FFF77AFF 		bl	ClockSetup
 284              	.LVL11:
 308:Generated_Source\PSoC4/cyfitter_cfg.c **** 
 309:Generated_Source\PSoC4/cyfitter_cfg.c **** 	/* Perform basic analog initialization to defaults */
 310:Generated_Source\PSoC4/cyfitter_cfg.c **** 	AnalogSetDefault();
 285              		.loc 1 310 0
 286 010c FFF7FEFF 		bl	AnalogSetDefault
 287              	.LVL12:
 311:Generated_Source\PSoC4/cyfitter_cfg.c **** 
 312:Generated_Source\PSoC4/cyfitter_cfg.c **** }
 288              		.loc 1 312 0
 289              		@ sp needed
 290              	.LVL13:
 291 0110 10BD     		pop	{r4, pc}
 292              	.L12:
 293 0112 C046     		.align	2
 294              	.L11:
 295 0114 00000000 		.word	.LANCHOR0
ARM GAS  C:\Users\mewin\AppData\Local\Temp\ccLpMFNk.s 			page 12


 296 0118 00010240 		.word	1073873152
 297 011c 00030240 		.word	1073873664
 298 0120 00040240 		.word	1073873920
 299 0124 10500F40 		.word	1074745360
 300 0128 50500F40 		.word	1074745424
 301 012c 70500F40 		.word	1074745456
 302 0130 00700F40 		.word	1074753536
 303 0134 00010440 		.word	1074004224
 304 0138 08010440 		.word	1074004232
 305 013c 08030440 		.word	1074004744
 306 0140 00040440 		.word	1074004992
 307 0144 08040440 		.word	1074005000
 308              		.cfi_endproc
 309              	.LFE6:
 310              		.size	cyfitter_cfg, .-cyfitter_cfg
 311              		.section	.rodata
 312              		.align	2
 313              		.set	.LANCHOR0,. + 0
 314              		.type	cfg_memset_list.4948, %object
 315              		.size	cfg_memset_list.4948, 12
 316              	cfg_memset_list.4948:
 317 0000 00300F40 		.word	1074737152
 318 0004 0008     		.short	2048
 319 0006 00400F40 		.4byte	1074741248
 320 000a 0008     		.short	2048
 321              		.text
 322              	.Letext0:
 323              		.file 2 "c:\\program files (x86)\\cypress\\psoc creator\\4.4\\psoc creator\\import\\gnu\\arm\\5.4.
 324              		.file 3 "Generated_Source\\PSoC4\\cytypes.h"
 325              		.file 4 "Generated_Source\\PSoC4\\CyLib.h"
 326              		.section	.debug_info,"",%progbits
 327              	.Ldebug_info0:
 328 0000 93020000 		.4byte	0x293
 329 0004 0400     		.2byte	0x4
 330 0006 00000000 		.4byte	.Ldebug_abbrev0
 331 000a 04       		.byte	0x4
 332 000b 01       		.uleb128 0x1
 333 000c 45010000 		.4byte	.LASF29
 334 0010 0C       		.byte	0xc
 335 0011 42020000 		.4byte	.LASF30
 336 0015 00000000 		.4byte	.LASF31
 337 0019 00000000 		.4byte	.Ldebug_ranges0+0
 338 001d 00000000 		.4byte	0
 339 0021 00000000 		.4byte	.Ldebug_line0
 340 0025 02       		.uleb128 0x2
 341 0026 04       		.byte	0x4
 342 0027 05       		.byte	0x5
 343 0028 696E7400 		.ascii	"int\000"
 344 002c 03       		.uleb128 0x3
 345 002d 4F000000 		.4byte	.LASF12
 346 0031 02       		.byte	0x2
 347 0032 D8       		.byte	0xd8
 348 0033 37000000 		.4byte	0x37
 349 0037 04       		.uleb128 0x4
 350 0038 04       		.byte	0x4
 351 0039 07       		.byte	0x7
 352 003a 0C010000 		.4byte	.LASF0
ARM GAS  C:\Users\mewin\AppData\Local\Temp\ccLpMFNk.s 			page 13


 353 003e 04       		.uleb128 0x4
 354 003f 08       		.byte	0x8
 355 0040 05       		.byte	0x5
 356 0041 E9010000 		.4byte	.LASF1
 357 0045 04       		.uleb128 0x4
 358 0046 08       		.byte	0x8
 359 0047 04       		.byte	0x4
 360 0048 2A020000 		.4byte	.LASF2
 361 004c 04       		.uleb128 0x4
 362 004d 01       		.byte	0x1
 363 004e 06       		.byte	0x6
 364 004f 36020000 		.4byte	.LASF3
 365 0053 04       		.uleb128 0x4
 366 0054 01       		.byte	0x1
 367 0055 08       		.byte	0x8
 368 0056 D6000000 		.4byte	.LASF4
 369 005a 04       		.uleb128 0x4
 370 005b 02       		.byte	0x2
 371 005c 05       		.byte	0x5
 372 005d FC010000 		.4byte	.LASF5
 373 0061 04       		.uleb128 0x4
 374 0062 02       		.byte	0x2
 375 0063 07       		.byte	0x7
 376 0064 91000000 		.4byte	.LASF6
 377 0068 04       		.uleb128 0x4
 378 0069 04       		.byte	0x4
 379 006a 05       		.byte	0x5
 380 006b 1B020000 		.4byte	.LASF7
 381 006f 04       		.uleb128 0x4
 382 0070 04       		.byte	0x4
 383 0071 07       		.byte	0x7
 384 0072 B4000000 		.4byte	.LASF8
 385 0076 04       		.uleb128 0x4
 386 0077 08       		.byte	0x8
 387 0078 07       		.byte	0x7
 388 0079 2E010000 		.4byte	.LASF9
 389 007d 04       		.uleb128 0x4
 390 007e 04       		.byte	0x4
 391 007f 07       		.byte	0x7
 392 0080 E0010000 		.4byte	.LASF10
 393 0084 05       		.uleb128 0x5
 394 0085 04       		.byte	0x4
 395 0086 04       		.uleb128 0x4
 396 0087 01       		.byte	0x1
 397 0088 08       		.byte	0x8
 398 0089 F7010000 		.4byte	.LASF11
 399 008d 06       		.uleb128 0x6
 400 008e C6000000 		.4byte	.LASF13
 401 0092 03       		.byte	0x3
 402 0093 FB01     		.2byte	0x1fb
 403 0095 53000000 		.4byte	0x53
 404 0099 06       		.uleb128 0x6
 405 009a FE000000 		.4byte	.LASF14
 406 009e 03       		.byte	0x3
 407 009f FC01     		.2byte	0x1fc
 408 00a1 61000000 		.4byte	0x61
 409 00a5 06       		.uleb128 0x6
ARM GAS  C:\Users\mewin\AppData\Local\Temp\ccLpMFNk.s 			page 14


 410 00a6 05010000 		.4byte	.LASF15
 411 00aa 03       		.byte	0x3
 412 00ab FD01     		.2byte	0x1fd
 413 00ad 6F000000 		.4byte	0x6f
 414 00b1 04       		.uleb128 0x4
 415 00b2 04       		.byte	0x4
 416 00b3 04       		.byte	0x4
 417 00b4 A4000000 		.4byte	.LASF16
 418 00b8 04       		.uleb128 0x4
 419 00b9 08       		.byte	0x8
 420 00ba 04       		.byte	0x4
 421 00bb EB000000 		.4byte	.LASF17
 422 00bf 06       		.uleb128 0x6
 423 00c0 AF000000 		.4byte	.LASF18
 424 00c4 03       		.byte	0x3
 425 00c5 A502     		.2byte	0x2a5
 426 00c7 CB000000 		.4byte	0xcb
 427 00cb 07       		.uleb128 0x7
 428 00cc 8D000000 		.4byte	0x8d
 429 00d0 06       		.uleb128 0x6
 430 00d1 24020000 		.4byte	.LASF19
 431 00d5 03       		.byte	0x3
 432 00d6 A702     		.2byte	0x2a7
 433 00d8 DC000000 		.4byte	0xdc
 434 00dc 07       		.uleb128 0x7
 435 00dd A5000000 		.4byte	0xa5
 436 00e1 08       		.uleb128 0x8
 437 00e2 56000000 		.4byte	.LASF32
 438 00e6 01       		.byte	0x1
 439 00e7 DD       		.byte	0xdd
 440 00e8 00000000 		.4byte	.LFB5
 441 00ec 20000000 		.4byte	.LFE5-.LFB5
 442 00f0 01       		.uleb128 0x1
 443 00f1 9C       		.byte	0x9c
 444 00f2 09       		.uleb128 0x9
 445 00f3 CC000000 		.4byte	.LASF20
 446 00f7 01       		.byte	0x1
 447 00f8 4C       		.byte	0x4c
 448 00f9 00000000 		.4byte	.LFB1
 449 00fd 0C000000 		.4byte	.LFE1-.LFB1
 450 0101 01       		.uleb128 0x1
 451 0102 9C       		.byte	0x9c
 452 0103 3F010000 		.4byte	0x13f
 453 0107 0A       		.uleb128 0xa
 454 0108 7300     		.ascii	"s\000"
 455 010a 01       		.byte	0x1
 456 010b 4C       		.byte	0x4c
 457 010c 84000000 		.4byte	0x84
 458 0110 00000000 		.4byte	.LLST0
 459 0114 0A       		.uleb128 0xa
 460 0115 6E00     		.ascii	"n\000"
 461 0117 01       		.byte	0x1
 462 0118 4C       		.byte	0x4c
 463 0119 2C000000 		.4byte	0x2c
 464 011d 21000000 		.4byte	.LLST1
 465 0121 0B       		.uleb128 0xb
 466 0122 0A000000 		.4byte	.LVL2
ARM GAS  C:\Users\mewin\AppData\Local\Temp\ccLpMFNk.s 			page 15


 467 0126 6C020000 		.4byte	0x26c
 468 012a 0C       		.uleb128 0xc
 469 012b 01       		.uleb128 0x1
 470 012c 50       		.byte	0x50
 471 012d 03       		.uleb128 0x3
 472 012e F3       		.byte	0xf3
 473 012f 01       		.uleb128 0x1
 474 0130 50       		.byte	0x50
 475 0131 0C       		.uleb128 0xc
 476 0132 01       		.uleb128 0x1
 477 0133 51       		.byte	0x51
 478 0134 01       		.uleb128 0x1
 479 0135 30       		.byte	0x30
 480 0136 0C       		.uleb128 0xc
 481 0137 01       		.uleb128 0x1
 482 0138 52       		.byte	0x52
 483 0139 03       		.uleb128 0x3
 484 013a F3       		.byte	0xf3
 485 013b 01       		.uleb128 0x1
 486 013c 51       		.byte	0x51
 487 013d 00       		.byte	0
 488 013e 00       		.byte	0
 489 013f 09       		.uleb128 0x9
 490 0140 86000000 		.4byte	.LASF21
 491 0144 01       		.byte	0x1
 492 0145 AA       		.byte	0xaa
 493 0146 00000000 		.4byte	.LFB4
 494 014a 8C000000 		.4byte	.LFE4-.LFB4
 495 014e 01       		.uleb128 0x1
 496 014f 9C       		.byte	0x9c
 497 0150 8B010000 		.4byte	0x18b
 498 0154 0D       		.uleb128 0xd
 499 0155 0E000000 		.4byte	.LVL3
 500 0159 75020000 		.4byte	0x275
 501 015d 68010000 		.4byte	0x168
 502 0161 0C       		.uleb128 0xc
 503 0162 01       		.uleb128 0x1
 504 0163 50       		.byte	0x50
 505 0164 02       		.uleb128 0x2
 506 0165 08       		.byte	0x8
 507 0166 30       		.byte	0x30
 508 0167 00       		.byte	0
 509 0168 0D       		.uleb128 0xd
 510 0169 4A000000 		.4byte	.LVL4
 511 016d 80020000 		.4byte	0x280
 512 0171 7B010000 		.4byte	0x17b
 513 0175 0C       		.uleb128 0xc
 514 0176 01       		.uleb128 0x1
 515 0177 50       		.byte	0x50
 516 0178 01       		.uleb128 0x1
 517 0179 38       		.byte	0x38
 518 017a 00       		.byte	0
 519 017b 0B       		.uleb128 0xb
 520 017c 50000000 		.4byte	.LVL5
 521 0180 8B020000 		.4byte	0x28b
 522 0184 0C       		.uleb128 0xc
 523 0185 01       		.uleb128 0x1
ARM GAS  C:\Users\mewin\AppData\Local\Temp\ccLpMFNk.s 			page 16


 524 0186 50       		.byte	0x50
 525 0187 01       		.uleb128 0x1
 526 0188 38       		.byte	0x38
 527 0189 00       		.byte	0
 528 018a 00       		.byte	0
 529 018b 0E       		.uleb128 0xe
 530 018c 19010000 		.4byte	.LASF33
 531 0190 01       		.byte	0x1
 532 0191 F8       		.byte	0xf8
 533 0192 8C000000 		.4byte	.LFB6
 534 0196 BC000000 		.4byte	.LFE6-.LFB6
 535 019a 01       		.uleb128 0x1
 536 019b 9C       		.byte	0x9c
 537 019c 6C020000 		.4byte	0x26c
 538 01a0 0F       		.uleb128 0xf
 539 01a1 90000000 		.4byte	.LBB2
 540 01a5 58000000 		.4byte	.LBE2-.LBB2
 541 01a9 59020000 		.4byte	0x259
 542 01ad 10       		.uleb128 0x10
 543 01ae 06       		.byte	0x6
 544 01af 01       		.byte	0x1
 545 01b0 FF       		.byte	0xff
 546 01b1 D0010000 		.4byte	0x1d0
 547 01b5 11       		.uleb128 0x11
 548 01b6 26010000 		.4byte	.LASF22
 549 01ba 01       		.byte	0x1
 550 01bb 0001     		.2byte	0x100
 551 01bd 84000000 		.4byte	0x84
 552 01c1 00       		.byte	0
 553 01c2 11       		.uleb128 0x11
 554 01c3 AA000000 		.4byte	.LASF23
 555 01c7 01       		.byte	0x1
 556 01c8 0101     		.2byte	0x101
 557 01ca 99000000 		.4byte	0x99
 558 01ce 04       		.byte	0x4
 559 01cf 00       		.byte	0
 560 01d0 06       		.uleb128 0x6
 561 01d1 D3010000 		.4byte	.LASF24
 562 01d5 01       		.byte	0x1
 563 01d6 0201     		.2byte	0x102
 564 01d8 AD010000 		.4byte	0x1ad
 565 01dc 12       		.uleb128 0x12
 566 01dd EC010000 		.4byte	0x1ec
 567 01e1 EC010000 		.4byte	0x1ec
 568 01e5 13       		.uleb128 0x13
 569 01e6 7D000000 		.4byte	0x7d
 570 01ea 01       		.byte	0x1
 571 01eb 00       		.byte	0
 572 01ec 14       		.uleb128 0x14
 573 01ed D0010000 		.4byte	0x1d0
 574 01f1 15       		.uleb128 0x15
 575 01f2 76000000 		.4byte	.LASF25
 576 01f6 01       		.byte	0x1
 577 01f7 0401     		.2byte	0x104
 578 01f9 03020000 		.4byte	0x203
 579 01fd 05       		.uleb128 0x5
 580 01fe 03       		.byte	0x3
ARM GAS  C:\Users\mewin\AppData\Local\Temp\ccLpMFNk.s 			page 17


 581 01ff 00000000 		.4byte	cfg_memset_list.4948
 582 0203 14       		.uleb128 0x14
 583 0204 DC010000 		.4byte	0x1dc
 584 0208 16       		.uleb128 0x16
 585 0209 6900     		.ascii	"i\000"
 586 020b 01       		.byte	0x1
 587 020c 0A01     		.2byte	0x10a
 588 020e 8D000000 		.4byte	0x8d
 589 0212 4D000000 		.4byte	.LLST2
 590 0216 17       		.uleb128 0x17
 591 0217 94000000 		.4byte	.LBB3
 592 021b 1C000000 		.4byte	.LBE3-.LBB3
 593 021f 16       		.uleb128 0x16
 594 0220 6D7300   		.ascii	"ms\000"
 595 0223 01       		.byte	0x1
 596 0224 0F01     		.2byte	0x10f
 597 0226 2E020000 		.4byte	0x22e
 598 022a 77000000 		.4byte	.LLST3
 599 022e 18       		.uleb128 0x18
 600 022f 04       		.byte	0x4
 601 0230 EC010000 		.4byte	0x1ec
 602 0234 0B       		.uleb128 0xb
 603 0235 B0000000 		.4byte	.LVL8
 604 0239 F2000000 		.4byte	0xf2
 605 023d 0C       		.uleb128 0xc
 606 023e 01       		.uleb128 0x1
 607 023f 51       		.byte	0x51
 608 0240 15       		.uleb128 0x15
 609 0241 74       		.byte	0x74
 610 0242 00       		.sleb128 0
 611 0243 31       		.byte	0x31
 612 0244 24       		.byte	0x24
 613 0245 74       		.byte	0x74
 614 0246 00       		.sleb128 0
 615 0247 22       		.byte	0x22
 616 0248 31       		.byte	0x31
 617 0249 24       		.byte	0x24
 618 024a 03       		.byte	0x3
 619 024b 04000000 		.4byte	.LANCHOR0+4
 620 024f 22       		.byte	0x22
 621 0250 94       		.byte	0x94
 622 0251 02       		.byte	0x2
 623 0252 0A       		.byte	0xa
 624 0253 FFFF     		.2byte	0xffff
 625 0255 1A       		.byte	0x1a
 626 0256 00       		.byte	0
 627 0257 00       		.byte	0
 628 0258 00       		.byte	0
 629 0259 19       		.uleb128 0x19
 630 025a 0C010000 		.4byte	.LVL11
 631 025e 3F010000 		.4byte	0x13f
 632 0262 19       		.uleb128 0x19
 633 0263 10010000 		.4byte	.LVL12
 634 0267 E1000000 		.4byte	0xe1
 635 026b 00       		.byte	0
 636 026c 1A       		.uleb128 0x1a
 637 026d E4000000 		.4byte	.LASF34
ARM GAS  C:\Users\mewin\AppData\Local\Temp\ccLpMFNk.s 			page 18


 638 0271 E4000000 		.4byte	.LASF34
 639 0275 1B       		.uleb128 0x1b
 640 0276 06020000 		.4byte	.LASF26
 641 027a 06020000 		.4byte	.LASF26
 642 027e 04       		.byte	0x4
 643 027f 6C       		.byte	0x6c
 644 0280 1B       		.uleb128 0x1b
 645 0281 67000000 		.4byte	.LASF27
 646 0285 67000000 		.4byte	.LASF27
 647 0289 04       		.byte	0x4
 648 028a D0       		.byte	0xd0
 649 028b 1B       		.uleb128 0x1b
 650 028c F2000000 		.4byte	.LASF28
 651 0290 F2000000 		.4byte	.LASF28
 652 0294 04       		.byte	0x4
 653 0295 D6       		.byte	0xd6
 654 0296 00       		.byte	0
 655              		.section	.debug_abbrev,"",%progbits
 656              	.Ldebug_abbrev0:
 657 0000 01       		.uleb128 0x1
 658 0001 11       		.uleb128 0x11
 659 0002 01       		.byte	0x1
 660 0003 25       		.uleb128 0x25
 661 0004 0E       		.uleb128 0xe
 662 0005 13       		.uleb128 0x13
 663 0006 0B       		.uleb128 0xb
 664 0007 03       		.uleb128 0x3
 665 0008 0E       		.uleb128 0xe
 666 0009 1B       		.uleb128 0x1b
 667 000a 0E       		.uleb128 0xe
 668 000b 55       		.uleb128 0x55
 669 000c 17       		.uleb128 0x17
 670 000d 11       		.uleb128 0x11
 671 000e 01       		.uleb128 0x1
 672 000f 10       		.uleb128 0x10
 673 0010 17       		.uleb128 0x17
 674 0011 00       		.byte	0
 675 0012 00       		.byte	0
 676 0013 02       		.uleb128 0x2
 677 0014 24       		.uleb128 0x24
 678 0015 00       		.byte	0
 679 0016 0B       		.uleb128 0xb
 680 0017 0B       		.uleb128 0xb
 681 0018 3E       		.uleb128 0x3e
 682 0019 0B       		.uleb128 0xb
 683 001a 03       		.uleb128 0x3
 684 001b 08       		.uleb128 0x8
 685 001c 00       		.byte	0
 686 001d 00       		.byte	0
 687 001e 03       		.uleb128 0x3
 688 001f 16       		.uleb128 0x16
 689 0020 00       		.byte	0
 690 0021 03       		.uleb128 0x3
 691 0022 0E       		.uleb128 0xe
 692 0023 3A       		.uleb128 0x3a
 693 0024 0B       		.uleb128 0xb
 694 0025 3B       		.uleb128 0x3b
ARM GAS  C:\Users\mewin\AppData\Local\Temp\ccLpMFNk.s 			page 19


 695 0026 0B       		.uleb128 0xb
 696 0027 49       		.uleb128 0x49
 697 0028 13       		.uleb128 0x13
 698 0029 00       		.byte	0
 699 002a 00       		.byte	0
 700 002b 04       		.uleb128 0x4
 701 002c 24       		.uleb128 0x24
 702 002d 00       		.byte	0
 703 002e 0B       		.uleb128 0xb
 704 002f 0B       		.uleb128 0xb
 705 0030 3E       		.uleb128 0x3e
 706 0031 0B       		.uleb128 0xb
 707 0032 03       		.uleb128 0x3
 708 0033 0E       		.uleb128 0xe
 709 0034 00       		.byte	0
 710 0035 00       		.byte	0
 711 0036 05       		.uleb128 0x5
 712 0037 0F       		.uleb128 0xf
 713 0038 00       		.byte	0
 714 0039 0B       		.uleb128 0xb
 715 003a 0B       		.uleb128 0xb
 716 003b 00       		.byte	0
 717 003c 00       		.byte	0
 718 003d 06       		.uleb128 0x6
 719 003e 16       		.uleb128 0x16
 720 003f 00       		.byte	0
 721 0040 03       		.uleb128 0x3
 722 0041 0E       		.uleb128 0xe
 723 0042 3A       		.uleb128 0x3a
 724 0043 0B       		.uleb128 0xb
 725 0044 3B       		.uleb128 0x3b
 726 0045 05       		.uleb128 0x5
 727 0046 49       		.uleb128 0x49
 728 0047 13       		.uleb128 0x13
 729 0048 00       		.byte	0
 730 0049 00       		.byte	0
 731 004a 07       		.uleb128 0x7
 732 004b 35       		.uleb128 0x35
 733 004c 00       		.byte	0
 734 004d 49       		.uleb128 0x49
 735 004e 13       		.uleb128 0x13
 736 004f 00       		.byte	0
 737 0050 00       		.byte	0
 738 0051 08       		.uleb128 0x8
 739 0052 2E       		.uleb128 0x2e
 740 0053 00       		.byte	0
 741 0054 03       		.uleb128 0x3
 742 0055 0E       		.uleb128 0xe
 743 0056 3A       		.uleb128 0x3a
 744 0057 0B       		.uleb128 0xb
 745 0058 3B       		.uleb128 0x3b
 746 0059 0B       		.uleb128 0xb
 747 005a 27       		.uleb128 0x27
 748 005b 19       		.uleb128 0x19
 749 005c 11       		.uleb128 0x11
 750 005d 01       		.uleb128 0x1
 751 005e 12       		.uleb128 0x12
ARM GAS  C:\Users\mewin\AppData\Local\Temp\ccLpMFNk.s 			page 20


 752 005f 06       		.uleb128 0x6
 753 0060 40       		.uleb128 0x40
 754 0061 18       		.uleb128 0x18
 755 0062 9742     		.uleb128 0x2117
 756 0064 19       		.uleb128 0x19
 757 0065 00       		.byte	0
 758 0066 00       		.byte	0
 759 0067 09       		.uleb128 0x9
 760 0068 2E       		.uleb128 0x2e
 761 0069 01       		.byte	0x1
 762 006a 03       		.uleb128 0x3
 763 006b 0E       		.uleb128 0xe
 764 006c 3A       		.uleb128 0x3a
 765 006d 0B       		.uleb128 0xb
 766 006e 3B       		.uleb128 0x3b
 767 006f 0B       		.uleb128 0xb
 768 0070 27       		.uleb128 0x27
 769 0071 19       		.uleb128 0x19
 770 0072 11       		.uleb128 0x11
 771 0073 01       		.uleb128 0x1
 772 0074 12       		.uleb128 0x12
 773 0075 06       		.uleb128 0x6
 774 0076 40       		.uleb128 0x40
 775 0077 18       		.uleb128 0x18
 776 0078 9742     		.uleb128 0x2117
 777 007a 19       		.uleb128 0x19
 778 007b 01       		.uleb128 0x1
 779 007c 13       		.uleb128 0x13
 780 007d 00       		.byte	0
 781 007e 00       		.byte	0
 782 007f 0A       		.uleb128 0xa
 783 0080 05       		.uleb128 0x5
 784 0081 00       		.byte	0
 785 0082 03       		.uleb128 0x3
 786 0083 08       		.uleb128 0x8
 787 0084 3A       		.uleb128 0x3a
 788 0085 0B       		.uleb128 0xb
 789 0086 3B       		.uleb128 0x3b
 790 0087 0B       		.uleb128 0xb
 791 0088 49       		.uleb128 0x49
 792 0089 13       		.uleb128 0x13
 793 008a 02       		.uleb128 0x2
 794 008b 17       		.uleb128 0x17
 795 008c 00       		.byte	0
 796 008d 00       		.byte	0
 797 008e 0B       		.uleb128 0xb
 798 008f 898201   		.uleb128 0x4109
 799 0092 01       		.byte	0x1
 800 0093 11       		.uleb128 0x11
 801 0094 01       		.uleb128 0x1
 802 0095 31       		.uleb128 0x31
 803 0096 13       		.uleb128 0x13
 804 0097 00       		.byte	0
 805 0098 00       		.byte	0
 806 0099 0C       		.uleb128 0xc
 807 009a 8A8201   		.uleb128 0x410a
 808 009d 00       		.byte	0
ARM GAS  C:\Users\mewin\AppData\Local\Temp\ccLpMFNk.s 			page 21


 809 009e 02       		.uleb128 0x2
 810 009f 18       		.uleb128 0x18
 811 00a0 9142     		.uleb128 0x2111
 812 00a2 18       		.uleb128 0x18
 813 00a3 00       		.byte	0
 814 00a4 00       		.byte	0
 815 00a5 0D       		.uleb128 0xd
 816 00a6 898201   		.uleb128 0x4109
 817 00a9 01       		.byte	0x1
 818 00aa 11       		.uleb128 0x11
 819 00ab 01       		.uleb128 0x1
 820 00ac 31       		.uleb128 0x31
 821 00ad 13       		.uleb128 0x13
 822 00ae 01       		.uleb128 0x1
 823 00af 13       		.uleb128 0x13
 824 00b0 00       		.byte	0
 825 00b1 00       		.byte	0
 826 00b2 0E       		.uleb128 0xe
 827 00b3 2E       		.uleb128 0x2e
 828 00b4 01       		.byte	0x1
 829 00b5 3F       		.uleb128 0x3f
 830 00b6 19       		.uleb128 0x19
 831 00b7 03       		.uleb128 0x3
 832 00b8 0E       		.uleb128 0xe
 833 00b9 3A       		.uleb128 0x3a
 834 00ba 0B       		.uleb128 0xb
 835 00bb 3B       		.uleb128 0x3b
 836 00bc 0B       		.uleb128 0xb
 837 00bd 27       		.uleb128 0x27
 838 00be 19       		.uleb128 0x19
 839 00bf 11       		.uleb128 0x11
 840 00c0 01       		.uleb128 0x1
 841 00c1 12       		.uleb128 0x12
 842 00c2 06       		.uleb128 0x6
 843 00c3 40       		.uleb128 0x40
 844 00c4 18       		.uleb128 0x18
 845 00c5 9742     		.uleb128 0x2117
 846 00c7 19       		.uleb128 0x19
 847 00c8 01       		.uleb128 0x1
 848 00c9 13       		.uleb128 0x13
 849 00ca 00       		.byte	0
 850 00cb 00       		.byte	0
 851 00cc 0F       		.uleb128 0xf
 852 00cd 0B       		.uleb128 0xb
 853 00ce 01       		.byte	0x1
 854 00cf 11       		.uleb128 0x11
 855 00d0 01       		.uleb128 0x1
 856 00d1 12       		.uleb128 0x12
 857 00d2 06       		.uleb128 0x6
 858 00d3 01       		.uleb128 0x1
 859 00d4 13       		.uleb128 0x13
 860 00d5 00       		.byte	0
 861 00d6 00       		.byte	0
 862 00d7 10       		.uleb128 0x10
 863 00d8 13       		.uleb128 0x13
 864 00d9 01       		.byte	0x1
 865 00da 0B       		.uleb128 0xb
ARM GAS  C:\Users\mewin\AppData\Local\Temp\ccLpMFNk.s 			page 22


 866 00db 0B       		.uleb128 0xb
 867 00dc 3A       		.uleb128 0x3a
 868 00dd 0B       		.uleb128 0xb
 869 00de 3B       		.uleb128 0x3b
 870 00df 0B       		.uleb128 0xb
 871 00e0 01       		.uleb128 0x1
 872 00e1 13       		.uleb128 0x13
 873 00e2 00       		.byte	0
 874 00e3 00       		.byte	0
 875 00e4 11       		.uleb128 0x11
 876 00e5 0D       		.uleb128 0xd
 877 00e6 00       		.byte	0
 878 00e7 03       		.uleb128 0x3
 879 00e8 0E       		.uleb128 0xe
 880 00e9 3A       		.uleb128 0x3a
 881 00ea 0B       		.uleb128 0xb
 882 00eb 3B       		.uleb128 0x3b
 883 00ec 05       		.uleb128 0x5
 884 00ed 49       		.uleb128 0x49
 885 00ee 13       		.uleb128 0x13
 886 00ef 38       		.uleb128 0x38
 887 00f0 0B       		.uleb128 0xb
 888 00f1 00       		.byte	0
 889 00f2 00       		.byte	0
 890 00f3 12       		.uleb128 0x12
 891 00f4 01       		.uleb128 0x1
 892 00f5 01       		.byte	0x1
 893 00f6 49       		.uleb128 0x49
 894 00f7 13       		.uleb128 0x13
 895 00f8 01       		.uleb128 0x1
 896 00f9 13       		.uleb128 0x13
 897 00fa 00       		.byte	0
 898 00fb 00       		.byte	0
 899 00fc 13       		.uleb128 0x13
 900 00fd 21       		.uleb128 0x21
 901 00fe 00       		.byte	0
 902 00ff 49       		.uleb128 0x49
 903 0100 13       		.uleb128 0x13
 904 0101 2F       		.uleb128 0x2f
 905 0102 0B       		.uleb128 0xb
 906 0103 00       		.byte	0
 907 0104 00       		.byte	0
 908 0105 14       		.uleb128 0x14
 909 0106 26       		.uleb128 0x26
 910 0107 00       		.byte	0
 911 0108 49       		.uleb128 0x49
 912 0109 13       		.uleb128 0x13
 913 010a 00       		.byte	0
 914 010b 00       		.byte	0
 915 010c 15       		.uleb128 0x15
 916 010d 34       		.uleb128 0x34
 917 010e 00       		.byte	0
 918 010f 03       		.uleb128 0x3
 919 0110 0E       		.uleb128 0xe
 920 0111 3A       		.uleb128 0x3a
 921 0112 0B       		.uleb128 0xb
 922 0113 3B       		.uleb128 0x3b
ARM GAS  C:\Users\mewin\AppData\Local\Temp\ccLpMFNk.s 			page 23


 923 0114 05       		.uleb128 0x5
 924 0115 49       		.uleb128 0x49
 925 0116 13       		.uleb128 0x13
 926 0117 02       		.uleb128 0x2
 927 0118 18       		.uleb128 0x18
 928 0119 00       		.byte	0
 929 011a 00       		.byte	0
 930 011b 16       		.uleb128 0x16
 931 011c 34       		.uleb128 0x34
 932 011d 00       		.byte	0
 933 011e 03       		.uleb128 0x3
 934 011f 08       		.uleb128 0x8
 935 0120 3A       		.uleb128 0x3a
 936 0121 0B       		.uleb128 0xb
 937 0122 3B       		.uleb128 0x3b
 938 0123 05       		.uleb128 0x5
 939 0124 49       		.uleb128 0x49
 940 0125 13       		.uleb128 0x13
 941 0126 02       		.uleb128 0x2
 942 0127 17       		.uleb128 0x17
 943 0128 00       		.byte	0
 944 0129 00       		.byte	0
 945 012a 17       		.uleb128 0x17
 946 012b 0B       		.uleb128 0xb
 947 012c 01       		.byte	0x1
 948 012d 11       		.uleb128 0x11
 949 012e 01       		.uleb128 0x1
 950 012f 12       		.uleb128 0x12
 951 0130 06       		.uleb128 0x6
 952 0131 00       		.byte	0
 953 0132 00       		.byte	0
 954 0133 18       		.uleb128 0x18
 955 0134 0F       		.uleb128 0xf
 956 0135 00       		.byte	0
 957 0136 0B       		.uleb128 0xb
 958 0137 0B       		.uleb128 0xb
 959 0138 49       		.uleb128 0x49
 960 0139 13       		.uleb128 0x13
 961 013a 00       		.byte	0
 962 013b 00       		.byte	0
 963 013c 19       		.uleb128 0x19
 964 013d 898201   		.uleb128 0x4109
 965 0140 00       		.byte	0
 966 0141 11       		.uleb128 0x11
 967 0142 01       		.uleb128 0x1
 968 0143 31       		.uleb128 0x31
 969 0144 13       		.uleb128 0x13
 970 0145 00       		.byte	0
 971 0146 00       		.byte	0
 972 0147 1A       		.uleb128 0x1a
 973 0148 2E       		.uleb128 0x2e
 974 0149 00       		.byte	0
 975 014a 3F       		.uleb128 0x3f
 976 014b 19       		.uleb128 0x19
 977 014c 3C       		.uleb128 0x3c
 978 014d 19       		.uleb128 0x19
 979 014e 6E       		.uleb128 0x6e
ARM GAS  C:\Users\mewin\AppData\Local\Temp\ccLpMFNk.s 			page 24


 980 014f 0E       		.uleb128 0xe
 981 0150 03       		.uleb128 0x3
 982 0151 0E       		.uleb128 0xe
 983 0152 00       		.byte	0
 984 0153 00       		.byte	0
 985 0154 1B       		.uleb128 0x1b
 986 0155 2E       		.uleb128 0x2e
 987 0156 00       		.byte	0
 988 0157 3F       		.uleb128 0x3f
 989 0158 19       		.uleb128 0x19
 990 0159 3C       		.uleb128 0x3c
 991 015a 19       		.uleb128 0x19
 992 015b 6E       		.uleb128 0x6e
 993 015c 0E       		.uleb128 0xe
 994 015d 03       		.uleb128 0x3
 995 015e 0E       		.uleb128 0xe
 996 015f 3A       		.uleb128 0x3a
 997 0160 0B       		.uleb128 0xb
 998 0161 3B       		.uleb128 0x3b
 999 0162 0B       		.uleb128 0xb
 1000 0163 00       		.byte	0
 1001 0164 00       		.byte	0
 1002 0165 00       		.byte	0
 1003              		.section	.debug_loc,"",%progbits
 1004              	.Ldebug_loc0:
 1005              	.LLST0:
 1006 0000 00000000 		.4byte	.LVL0
 1007 0004 09000000 		.4byte	.LVL2-1
 1008 0008 0100     		.2byte	0x1
 1009 000a 50       		.byte	0x50
 1010 000b 09000000 		.4byte	.LVL2-1
 1011 000f 0C000000 		.4byte	.LFE1
 1012 0013 0400     		.2byte	0x4
 1013 0015 F3       		.byte	0xf3
 1014 0016 01       		.uleb128 0x1
 1015 0017 50       		.byte	0x50
 1016 0018 9F       		.byte	0x9f
 1017 0019 00000000 		.4byte	0
 1018 001d 00000000 		.4byte	0
 1019              	.LLST1:
 1020 0021 00000000 		.4byte	.LVL0
 1021 0025 06000000 		.4byte	.LVL1
 1022 0029 0100     		.2byte	0x1
 1023 002b 51       		.byte	0x51
 1024 002c 06000000 		.4byte	.LVL1
 1025 0030 09000000 		.4byte	.LVL2-1
 1026 0034 0100     		.2byte	0x1
 1027 0036 52       		.byte	0x52
 1028 0037 09000000 		.4byte	.LVL2-1
 1029 003b 0C000000 		.4byte	.LFE1
 1030 003f 0400     		.2byte	0x4
 1031 0041 F3       		.byte	0xf3
 1032 0042 01       		.uleb128 0x1
 1033 0043 51       		.byte	0x51
 1034 0044 9F       		.byte	0x9f
 1035 0045 00000000 		.4byte	0
 1036 0049 00000000 		.4byte	0
ARM GAS  C:\Users\mewin\AppData\Local\Temp\ccLpMFNk.s 			page 25


 1037              	.LLST2:
 1038 004d 90000000 		.4byte	.LVL6
 1039 0051 94000000 		.4byte	.LVL7
 1040 0055 0200     		.2byte	0x2
 1041 0057 30       		.byte	0x30
 1042 0058 9F       		.byte	0x9f
 1043 0059 94000000 		.4byte	.LVL7
 1044 005d B2000000 		.4byte	.LVL9
 1045 0061 0100     		.2byte	0x1
 1046 0063 54       		.byte	0x54
 1047 0064 B4000000 		.4byte	.LVL10
 1048 0068 10010000 		.4byte	.LVL13
 1049 006c 0100     		.2byte	0x1
 1050 006e 54       		.byte	0x54
 1051 006f 00000000 		.4byte	0
 1052 0073 00000000 		.4byte	0
 1053              	.LLST3:
 1054 0077 94000000 		.4byte	.LVL7
 1055 007b B2000000 		.4byte	.LVL9
 1056 007f 0B00     		.2byte	0xb
 1057 0081 74       		.byte	0x74
 1058 0082 00       		.sleb128 0
 1059 0083 36       		.byte	0x36
 1060 0084 1E       		.byte	0x1e
 1061 0085 03       		.byte	0x3
 1062 0086 00000000 		.4byte	cfg_memset_list.4948
 1063 008a 22       		.byte	0x22
 1064 008b 9F       		.byte	0x9f
 1065 008c B2000000 		.4byte	.LVL9
 1066 0090 B4000000 		.4byte	.LVL10
 1067 0094 0B00     		.2byte	0xb
 1068 0096 74       		.byte	0x74
 1069 0097 7F       		.sleb128 -1
 1070 0098 36       		.byte	0x36
 1071 0099 1E       		.byte	0x1e
 1072 009a 03       		.byte	0x3
 1073 009b 00000000 		.4byte	cfg_memset_list.4948
 1074 009f 22       		.byte	0x22
 1075 00a0 9F       		.byte	0x9f
 1076 00a1 00000000 		.4byte	0
 1077 00a5 00000000 		.4byte	0
 1078              		.section	.debug_aranges,"",%progbits
 1079 0000 34000000 		.4byte	0x34
 1080 0004 0200     		.2byte	0x2
 1081 0006 00000000 		.4byte	.Ldebug_info0
 1082 000a 04       		.byte	0x4
 1083 000b 00       		.byte	0
 1084 000c 0000     		.2byte	0
 1085 000e 0000     		.2byte	0
 1086 0010 00000000 		.4byte	.LFB5
 1087 0014 20000000 		.4byte	.LFE5-.LFB5
 1088 0018 00000000 		.4byte	.LFB1
 1089 001c 0C000000 		.4byte	.LFE1-.LFB1
 1090 0020 00000000 		.4byte	.LFB4
 1091 0024 8C000000 		.4byte	.LFE4-.LFB4
 1092 0028 8C000000 		.4byte	.LFB6
 1093 002c BC000000 		.4byte	.LFE6-.LFB6
ARM GAS  C:\Users\mewin\AppData\Local\Temp\ccLpMFNk.s 			page 26


 1094 0030 00000000 		.4byte	0
 1095 0034 00000000 		.4byte	0
 1096              		.section	.debug_ranges,"",%progbits
 1097              	.Ldebug_ranges0:
 1098 0000 00000000 		.4byte	.LFB5
 1099 0004 20000000 		.4byte	.LFE5
 1100 0008 00000000 		.4byte	.LFB1
 1101 000c 0C000000 		.4byte	.LFE1
 1102 0010 00000000 		.4byte	.LFB4
 1103 0014 8C000000 		.4byte	.LFE4
 1104 0018 8C000000 		.4byte	.LFB6
 1105 001c 48010000 		.4byte	.LFE6
 1106 0020 00000000 		.4byte	0
 1107 0024 00000000 		.4byte	0
 1108              		.section	.debug_line,"",%progbits
 1109              	.Ldebug_line0:
 1110 0000 48010000 		.section	.debug_str,"MS",%progbits,1
 1110      0200D600 
 1110      00000201 
 1110      FB0E0D00 
 1110      01010101 
 1111              	.LASF31:
 1112 0000 433A5C55 		.ascii	"C:\\Users\\mewin\\OneDrive\\Documents\\PSoC Creator"
 1112      73657273 
 1112      5C6D6577 
 1112      696E5C4F 
 1112      6E654472 
 1113 002e 5C536369 		.ascii	"\\Science Board\\science wow.cydsn\000"
 1113      656E6365 
 1113      20426F61 
 1113      72645C73 
 1113      6369656E 
 1114              	.LASF12:
 1115 004f 73697A65 		.ascii	"size_t\000"
 1115      5F7400
 1116              	.LASF32:
 1117 0056 416E616C 		.ascii	"AnalogSetDefault\000"
 1117      6F675365 
 1117      74446566 
 1117      61756C74 
 1117      00
 1118              	.LASF27:
 1119 0067 4379496E 		.ascii	"CyIntSetVector\000"
 1119      74536574 
 1119      56656374 
 1119      6F7200
 1120              	.LASF25:
 1121 0076 6366675F 		.ascii	"cfg_memset_list\000"
 1121      6D656D73 
 1121      65745F6C 
 1121      69737400 
 1122              	.LASF21:
 1123 0086 436C6F63 		.ascii	"ClockSetup\000"
 1123      6B536574 
 1123      757000
 1124              	.LASF6:
 1125 0091 73686F72 		.ascii	"short unsigned int\000"
ARM GAS  C:\Users\mewin\AppData\Local\Temp\ccLpMFNk.s 			page 27


 1125      7420756E 
 1125      7369676E 
 1125      65642069 
 1125      6E7400
 1126              	.LASF16:
 1127 00a4 666C6F61 		.ascii	"float\000"
 1127      7400
 1128              	.LASF23:
 1129 00aa 73697A65 		.ascii	"size\000"
 1129      00
 1130              	.LASF18:
 1131 00af 72656738 		.ascii	"reg8\000"
 1131      00
 1132              	.LASF8:
 1133 00b4 6C6F6E67 		.ascii	"long unsigned int\000"
 1133      20756E73 
 1133      69676E65 
 1133      6420696E 
 1133      7400
 1134              	.LASF13:
 1135 00c6 75696E74 		.ascii	"uint8\000"
 1135      3800
 1136              	.LASF20:
 1137 00cc 43594D45 		.ascii	"CYMEMZERO\000"
 1137      4D5A4552 
 1137      4F00
 1138              	.LASF4:
 1139 00d6 756E7369 		.ascii	"unsigned char\000"
 1139      676E6564 
 1139      20636861 
 1139      7200
 1140              	.LASF34:
 1141 00e4 6D656D73 		.ascii	"memset\000"
 1141      657400
 1142              	.LASF17:
 1143 00eb 646F7562 		.ascii	"double\000"
 1143      6C6500
 1144              	.LASF28:
 1145 00f2 4379496E 		.ascii	"CyIntEnable\000"
 1145      74456E61 
 1145      626C6500 
 1146              	.LASF14:
 1147 00fe 75696E74 		.ascii	"uint16\000"
 1147      313600
 1148              	.LASF15:
 1149 0105 75696E74 		.ascii	"uint32\000"
 1149      333200
 1150              	.LASF0:
 1151 010c 756E7369 		.ascii	"unsigned int\000"
 1151      676E6564 
 1151      20696E74 
 1151      00
 1152              	.LASF33:
 1153 0119 63796669 		.ascii	"cyfitter_cfg\000"
 1153      74746572 
 1153      5F636667 
 1153      00
ARM GAS  C:\Users\mewin\AppData\Local\Temp\ccLpMFNk.s 			page 28


 1154              	.LASF22:
 1155 0126 61646472 		.ascii	"address\000"
 1155      65737300 
 1156              	.LASF9:
 1157 012e 6C6F6E67 		.ascii	"long long unsigned int\000"
 1157      206C6F6E 
 1157      6720756E 
 1157      7369676E 
 1157      65642069 
 1158              	.LASF29:
 1159 0145 474E5520 		.ascii	"GNU C11 5.4.1 20160609 (release) [ARM/embedded-5-br"
 1159      43313120 
 1159      352E342E 
 1159      31203230 
 1159      31363036 
 1160 0178 616E6368 		.ascii	"anch revision 237715] -mcpu=cortex-m0 -mthumb -g -O"
 1160      20726576 
 1160      6973696F 
 1160      6E203233 
 1160      37373135 
 1161 01ab 67202D66 		.ascii	"g -ffunction-sections -ffat-lto-objects\000"
 1161      66756E63 
 1161      74696F6E 
 1161      2D736563 
 1161      74696F6E 
 1162              	.LASF24:
 1163 01d3 6366675F 		.ascii	"cfg_memset_t\000"
 1163      6D656D73 
 1163      65745F74 
 1163      00
 1164              	.LASF10:
 1165 01e0 73697A65 		.ascii	"sizetype\000"
 1165      74797065 
 1165      00
 1166              	.LASF1:
 1167 01e9 6C6F6E67 		.ascii	"long long int\000"
 1167      206C6F6E 
 1167      6720696E 
 1167      7400
 1168              	.LASF11:
 1169 01f7 63686172 		.ascii	"char\000"
 1169      00
 1170              	.LASF5:
 1171 01fc 73686F72 		.ascii	"short int\000"
 1171      7420696E 
 1171      7400
 1172              	.LASF26:
 1173 0206 43795379 		.ascii	"CySysClkWriteImoFreq\000"
 1173      73436C6B 
 1173      57726974 
 1173      65496D6F 
 1173      46726571 
 1174              	.LASF7:
 1175 021b 6C6F6E67 		.ascii	"long int\000"
 1175      20696E74 
 1175      00
 1176              	.LASF19:
ARM GAS  C:\Users\mewin\AppData\Local\Temp\ccLpMFNk.s 			page 29


 1177 0224 72656733 		.ascii	"reg32\000"
 1177      3200
 1178              	.LASF2:
 1179 022a 6C6F6E67 		.ascii	"long double\000"
 1179      20646F75 
 1179      626C6500 
 1180              	.LASF3:
 1181 0236 7369676E 		.ascii	"signed char\000"
 1181      65642063 
 1181      68617200 
 1182              	.LASF30:
 1183 0242 47656E65 		.ascii	"Generated_Source\\PSoC4\\cyfitter_cfg.c\000"
 1183      72617465 
 1183      645F536F 
 1183      75726365 
 1183      5C50536F 
 1184              		.ident	"GCC: (GNU Tools for ARM Embedded Processors) 5.4.1 20160609 (release) [ARM/embedded-5-bran
