ARM GAS  C:\Users\write\AppData\Local\Temp\cc6cpJ6h.s 			page 1


   1              		.syntax unified
   2              		.cpu cortex-m0
   3              		.fpu softvfp
   4              		.eabi_attribute 20, 1
   5              		.eabi_attribute 21, 1
   6              		.eabi_attribute 23, 3
   7              		.eabi_attribute 24, 1
   8              		.eabi_attribute 25, 1
   9              		.eabi_attribute 26, 1
  10              		.eabi_attribute 30, 1
  11              		.eabi_attribute 34, 0
  12              		.eabi_attribute 18, 4
  13              		.thumb
  14              		.syntax unified
  15              		.file	"main.c"
  16              		.text
  17              	.Ltext0:
  18              		.cfi_sections	.debug_frame
  19              		.section	.text.Limit_Handler,"ax",%progbits
  20              		.align	2
  21              		.global	Limit_Handler
  22              		.code	16
  23              		.thumb_func
  24              		.type	Limit_Handler, %function
  25              	Limit_Handler:
  26              	.LFB34:
  27              		.file 1 "main.c"
   1:main.c        **** /* File:         main.c
   2:main.c        ****  * Authors:      Oliver Huang, Jordan Smith.
   3:main.c        ****  * Organization: Husky Robotics Team
   4:main.c        ****  * Firmware for Science Sensors Board (2022)
   5:main.c        ****  */
   6:main.c        **** #include "project.h"
   7:main.c        **** #include "CANLibrary.h"
   8:main.c        **** #include "CANScience.h"
   9:main.c        **** #include "sensor.h"
  10:main.c        **** #include <stdint.h>
  11:main.c        **** #include "PCA9685.h"
  12:main.c        **** #include "servo.h"
  13:main.c        **** 
  14:main.c        **** #define SERVO_SET_ID 0x0D
  15:main.c        **** #define SENSOR_PULL_ID 0xF5
  16:main.c        **** #define LED_COLOR_ID 0xF7
  17:main.c        **** #define SERVO_CONTINOUS_ID 0x0E
  18:main.c        **** 
  19:main.c        **** CANPacket can_send;
  20:main.c        **** 
  21:main.c        **** CY_ISR(Limit_Handler){
  28              		.loc 1 21 0
  29              		.cfi_startproc
  30              		@ args = 0, pretend = 0, frame = 0
  31              		@ frame_needed = 0, uses_anonymous_args = 0
  32 0000 10B5     		push	{r4, lr}
  33              		.cfi_def_cfa_offset 8
  34              		.cfi_offset 4, -8
  35              		.cfi_offset 14, -4
  22:main.c        ****     //Stuff to do during interupt
ARM GAS  C:\Users\write\AppData\Local\Temp\cc6cpJ6h.s 			page 2


  23:main.c        ****     AssembleLimitSwitchAlertPacket(&can_send, DEVICE_GROUP_JETSON, 
  24:main.c        ****         DEVICE_SERIAL_JETSON, Status_Reg_LIM_Read() & 0b11);
  36              		.loc 1 24 0
  37 0002 FFF7FEFF 		bl	Status_Reg_LIM_Read
  38              	.LVL0:
  23:main.c        ****         DEVICE_SERIAL_JETSON, Status_Reg_LIM_Read() & 0b11);
  39              		.loc 1 23 0
  40 0006 0323     		movs	r3, #3
  41 0008 0340     		ands	r3, r0
  42 000a 054C     		ldr	r4, .L2
  43 000c 0122     		movs	r2, #1
  44 000e 0221     		movs	r1, #2
  45 0010 2000     		movs	r0, r4
  46 0012 FFF7FEFF 		bl	AssembleLimitSwitchAlertPacket
  47              	.LVL1:
  25:main.c        ****     SendCANPacket(&can_send);
  48              		.loc 1 25 0
  49 0016 2000     		movs	r0, r4
  50 0018 FFF7FEFF 		bl	SendCANPacket
  51              	.LVL2:
  26:main.c        **** }
  52              		.loc 1 26 0
  53              		@ sp needed
  54 001c 10BD     		pop	{r4, pc}
  55              	.L3:
  56 001e C046     		.align	2
  57              	.L2:
  58 0020 00000000 		.word	can_send
  59              		.cfi_endproc
  60              	.LFE34:
  61              		.size	Limit_Handler, .-Limit_Handler
  62              		.section	.text.main,"ax",%progbits
  63              		.align	2
  64              		.global	main
  65              		.code	16
  66              		.thumb_func
  67              		.type	main, %function
  68              	main:
  69              	.LFB35:
  27:main.c        **** 
  28:main.c        **** int main(void)
  29:main.c        **** {
  70              		.loc 1 29 0
  71              		.cfi_startproc
  72              		@ args = 0, pretend = 0, frame = 0
  73              		@ frame_needed = 0, uses_anonymous_args = 0
  74 0000 70B5     		push	{r4, r5, r6, lr}
  75              		.cfi_def_cfa_offset 16
  76              		.cfi_offset 4, -16
  77              		.cfi_offset 5, -12
  78              		.cfi_offset 6, -8
  79              		.cfi_offset 14, -4
  30:main.c        ****     CyGlobalIntEnable;
  80              		.loc 1 30 0
  81              		.syntax divided
  82              	@ 30 "main.c" 1
  83 0002 62B6     		CPSIE   i
ARM GAS  C:\Users\write\AppData\Local\Temp\cc6cpJ6h.s 			page 3


  84              	@ 0 "" 2
  31:main.c        ****     Status_Reg_LIM_InterruptEnable();
  85              		.loc 1 31 0
  86              		.thumb
  87              		.syntax unified
  88 0004 FFF7FEFF 		bl	Status_Reg_LIM_InterruptEnable
  89              	.LVL3:
  32:main.c        ****     isr_LIM_StartEx(Limit_Handler);
  90              		.loc 1 32 0
  91 0008 1348     		ldr	r0, .L8
  92 000a FFF7FEFF 		bl	isr_LIM_StartEx
  93              	.LVL4:
  33:main.c        ****     
  34:main.c        ****       
  35:main.c        ****     
  36:main.c        ****     /* Place your initialization/startup code here (e.g. MyInst_Start()) */
  37:main.c        ****     InitCAN(DEVICE_GROUP_SCIENCE, 0x1); //1 because only 1 science board
  94              		.loc 1 37 0
  95 000e 0121     		movs	r1, #1
  96 0010 0720     		movs	r0, #7
  97 0012 FFF7FEFF 		bl	InitCAN
  98              	.LVL5:
  38:main.c        ****     ADC_Start();
  99              		.loc 1 38 0
 100 0016 FFF7FEFF 		bl	ADC_Start
 101              	.LVL6:
  39:main.c        ****     pca_init();
 102              		.loc 1 39 0
 103 001a FFF7FEFF 		bl	pca_init
 104              	.LVL7:
  40:main.c        ****     QuadDec_1_Start();
 105              		.loc 1 40 0
 106 001e FFF7FEFF 		bl	QuadDec_1_Start
 107              	.LVL8:
  41:main.c        ****     QuadDec_2_Start();
 108              		.loc 1 41 0
 109 0022 FFF7FEFF 		bl	QuadDec_2_Start
 110              	.LVL9:
  42:main.c        ****     UART_Start();
 111              		.loc 1 42 0
 112 0026 FFF7FEFF 		bl	UART_Start
 113              	.LVL10:
 114              	.L7:
 115              	.LBB2:
  43:main.c        ****     
  44:main.c        ****      
  45:main.c        ****     for(;;)
  46:main.c        ****     {           
  47:main.c        ****         
  48:main.c        ****         // Testing area
  49:main.c        ****         
  50:main.c        ****         //LEDs
  51:main.c        ****         for(int i = 1; i <=5; ++i){
 116              		.loc 1 51 0
 117 002a 0124     		movs	r4, #1
 118 002c 0EE0     		b	.L5
 119              	.LVL11:
ARM GAS  C:\Users\write\AppData\Local\Temp\cc6cpJ6h.s 			page 4


 120              	.L6:
  52:main.c        ****             DBG_LED_Write(1);
 121              		.loc 1 52 0 discriminator 3
 122 002e 0120     		movs	r0, #1
 123 0030 FFF7FEFF 		bl	DBG_LED_Write
 124              	.LVL12:
  53:main.c        ****             CyDelay(300);
 125              		.loc 1 53 0 discriminator 3
 126 0034 9625     		movs	r5, #150
 127 0036 6D00     		lsls	r5, r5, #1
 128 0038 2800     		movs	r0, r5
 129 003a FFF7FEFF 		bl	CyDelay
 130              	.LVL13:
  54:main.c        ****             DBG_LED_Write(0);
 131              		.loc 1 54 0 discriminator 3
 132 003e 0020     		movs	r0, #0
 133 0040 FFF7FEFF 		bl	DBG_LED_Write
 134              	.LVL14:
  55:main.c        ****             CyDelay(300);
 135              		.loc 1 55 0 discriminator 3
 136 0044 2800     		movs	r0, r5
 137 0046 FFF7FEFF 		bl	CyDelay
 138              	.LVL15:
  51:main.c        ****             DBG_LED_Write(1);
 139              		.loc 1 51 0 discriminator 3
 140 004a 0134     		adds	r4, r4, #1
 141              	.LVL16:
 142              	.L5:
  51:main.c        ****             DBG_LED_Write(1);
 143              		.loc 1 51 0 is_stmt 0 discriminator 1
 144 004c 052C     		cmp	r4, #5
 145 004e EEDD     		ble	.L6
 146              	.LBE2:
  56:main.c        ****         }
  57:main.c        ****         
  58:main.c        ****         //Sensors
  59:main.c        ****         //uint32_t Hum_val = read_ADC(0);
  60:main.c        ****         //uint32_t Temp_val = read_ADC(1);
  61:main.c        ****         //uint32_t sensor_val = read_uv_sensor();
  62:main.c        ****         
  63:main.c        ****         
  64:main.c        ****         //Show Results
  65:main.c        ****         UART_UartPutChar(4); // print test_string
 147              		.loc 1 65 0 is_stmt 1
 148 0050 0420     		movs	r0, #4
 149 0052 FFF7FEFF 		bl	UART_SpiUartWriteTxData
 150              	.LVL17:
  66:main.c        ****         
  67:main.c        ****         
  68:main.c        ****         
  69:main.c        ****         /* Place your application code here. */
  70:main.c        ****         /*CANPacket* current; 
  71:main.c        ****         
  72:main.c        ****         int poll = PollAndReceiveCANPacket(current); 
  73:main.c        ****         if (poll == 0) {
  74:main.c        ****             int ID = GetPacketID(current);
  75:main.c        ****             switch (ID) {
ARM GAS  C:\Users\write\AppData\Local\Temp\cc6cpJ6h.s 			page 5


  76:main.c        ****                 case SERVO_SET_ID : //servo set 
  77:main.c        ****                     {   
  78:main.c        ****                         CAN_LED_Write(1);
  79:main.c        ****                         CyDelay(500);
  80:main.c        ****                         CAN_LED_Write(0);
  81:main.c        ****                         uint8_t servoID = GetScienceServoIDFromPacket(current);
  82:main.c        ****                         uint8_t angle = GetScienceServoAngleFromPacket(current);
  83:main.c        ****                         set_servo_position(servoID, angle);
  84:main.c        ****                     }
  85:main.c        ****                     break;
  86:main.c        ****                 case SERVO_CONTINOUS_ID :
  87:main.c        ****                     {
  88:main.c        ****                         CAN_LED_Write(1);
  89:main.c        ****                         CyDelay(500);
  90:main.c        ****                         CAN_LED_Write(0);
  91:main.c        ****                         uint8_t servoID = GetScienceServoIDFromPacket(current);
  92:main.c        ****                         uint8_t miliDegrees = GetScienceServoAngleFromPacket(current); //tell davis
  93:main.c        ****                         uint8_t speed = GetScienceServoSpeedFromPacket(current);
  94:main.c        ****                         uint8_t direction = GetScienceServoDirectionFromPacket(current);
  95:main.c        ****                         set_servo_continuous(servoID, direction, speed, miliDegrees);
  96:main.c        ****                     }
  97:main.c        ****                 case SENSOR_PULL_ID : //sensor pull
  98:main.c        ****                     {
  99:main.c        ****                         CAN_LED_Write(1);
 100:main.c        ****                         CyDelay(500);
 101:main.c        ****                         CAN_LED_Write(0);
 102:main.c        ****                         get_data(current); //fetch sensor data with ADC read & send new Telemetry P
 103:main.c        ****                     }
 104:main.c        ****                     break;
 105:main.c        ****                 default :
 106:main.c        ****                     ERR_LED_Write(0);
 107:main.c        ****                     CyDelay(500);
 108:main.c        ****                     ERR_LED_Write(1);
 109:main.c        ****                     break;
 110:main.c        ****                     
 111:main.c        ****             }
 112:main.c        ****         }*/
 113:main.c        ****     }            
 151              		.loc 1 113 0
 152 0056 E8E7     		b	.L7
 153              	.L9:
 154              		.align	2
 155              	.L8:
 156 0058 00000000 		.word	Limit_Handler
 157              		.cfi_endproc
 158              	.LFE35:
 159              		.size	main, .-main
 160              		.comm	can_send,12,4
 161              		.text
 162              	.Letext0:
 163              		.file 2 "c:\\program files (x86)\\cypress\\psoc creator\\4.4\\psoc creator\\import\\gnu\\arm\\5.4.
 164              		.file 3 "c:\\program files (x86)\\cypress\\psoc creator\\4.4\\psoc creator\\import\\gnu\\arm\\5.4.
 165              		.file 4 "Generated_Source\\PSoC4/cytypes.h"
 166              		.file 5 "CANPacket.h"
 167              		.file 6 "Generated_Source\\PSoC4/Status_Reg_LIM.h"
 168              		.file 7 "CANMotorUnit.h"
 169              		.file 8 "Port.h"
ARM GAS  C:\Users\write\AppData\Local\Temp\cc6cpJ6h.s 			page 6


 170              		.file 9 "Generated_Source\\PSoC4/DBG_LED.h"
 171              		.file 10 "Generated_Source\\PSoC4/CyLib.h"
 172              		.file 11 "Generated_Source\\PSoC4/isr_LIM.h"
 173              		.file 12 "Generated_Source\\PSoC4/ADC.h"
 174              		.file 13 "PCA9685.h"
 175              		.file 14 "Generated_Source\\PSoC4/QuadDec_1.h"
 176              		.file 15 "Generated_Source\\PSoC4/QuadDec_2.h"
 177              		.file 16 "Generated_Source\\PSoC4/UART.h"
 178              		.file 17 "Generated_Source\\PSoC4/UART_SPI_UART.h"
 179              		.section	.debug_info,"",%progbits
 180              	.Ldebug_info0:
 181 0000 F6020000 		.4byte	0x2f6
 182 0004 0400     		.2byte	0x4
 183 0006 00000000 		.4byte	.Ldebug_abbrev0
 184 000a 04       		.byte	0x4
 185 000b 01       		.uleb128 0x1
 186 000c B1010000 		.4byte	.LASF35
 187 0010 0C       		.byte	0xc
 188 0011 62020000 		.4byte	.LASF36
 189 0015 DB000000 		.4byte	.LASF37
 190 0019 00000000 		.4byte	.Ldebug_ranges0+0
 191 001d 00000000 		.4byte	0
 192 0021 00000000 		.4byte	.Ldebug_line0
 193 0025 02       		.uleb128 0x2
 194 0026 01       		.byte	0x1
 195 0027 06       		.byte	0x6
 196 0028 99020000 		.4byte	.LASF0
 197 002c 03       		.uleb128 0x3
 198 002d 1E000000 		.4byte	.LASF3
 199 0031 02       		.byte	0x2
 200 0032 1D       		.byte	0x1d
 201 0033 37000000 		.4byte	0x37
 202 0037 02       		.uleb128 0x2
 203 0038 01       		.byte	0x1
 204 0039 08       		.byte	0x8
 205 003a 89000000 		.4byte	.LASF1
 206 003e 02       		.uleb128 0x2
 207 003f 02       		.byte	0x2
 208 0040 05       		.byte	0x5
 209 0041 5C010000 		.4byte	.LASF2
 210 0045 03       		.uleb128 0x3
 211 0046 4A010000 		.4byte	.LASF4
 212 004a 02       		.byte	0x2
 213 004b 2B       		.byte	0x2b
 214 004c 50000000 		.4byte	0x50
 215 0050 02       		.uleb128 0x2
 216 0051 02       		.byte	0x2
 217 0052 07       		.byte	0x7
 218 0053 BD000000 		.4byte	.LASF5
 219 0057 02       		.uleb128 0x2
 220 0058 04       		.byte	0x4
 221 0059 05       		.byte	0x5
 222 005a 54000000 		.4byte	.LASF6
 223 005e 02       		.uleb128 0x2
 224 005f 04       		.byte	0x4
 225 0060 07       		.byte	0x7
 226 0061 AB000000 		.4byte	.LASF7
ARM GAS  C:\Users\write\AppData\Local\Temp\cc6cpJ6h.s 			page 7


 227 0065 02       		.uleb128 0x2
 228 0066 08       		.byte	0x8
 229 0067 05       		.byte	0x5
 230 0068 00000000 		.4byte	.LASF8
 231 006c 02       		.uleb128 0x2
 232 006d 08       		.byte	0x8
 233 006e 07       		.byte	0x7
 234 006f 83010000 		.4byte	.LASF9
 235 0073 04       		.uleb128 0x4
 236 0074 04       		.byte	0x4
 237 0075 05       		.byte	0x5
 238 0076 696E7400 		.ascii	"int\000"
 239 007a 02       		.uleb128 0x2
 240 007b 04       		.byte	0x4
 241 007c 07       		.byte	0x7
 242 007d 76010000 		.4byte	.LASF10
 243 0081 03       		.uleb128 0x3
 244 0082 9A010000 		.4byte	.LASF11
 245 0086 03       		.byte	0x3
 246 0087 18       		.byte	0x18
 247 0088 2C000000 		.4byte	0x2c
 248 008c 03       		.uleb128 0x3
 249 008d 76020000 		.4byte	.LASF12
 250 0091 03       		.byte	0x3
 251 0092 24       		.byte	0x24
 252 0093 45000000 		.4byte	0x45
 253 0097 05       		.uleb128 0x5
 254 0098 66010000 		.4byte	.LASF13
 255 009c 04       		.byte	0x4
 256 009d FD01     		.2byte	0x1fd
 257 009f 5E000000 		.4byte	0x5e
 258 00a3 02       		.uleb128 0x2
 259 00a4 04       		.byte	0x4
 260 00a5 04       		.byte	0x4
 261 00a6 75000000 		.4byte	.LASF14
 262 00aa 02       		.uleb128 0x2
 263 00ab 08       		.byte	0x8
 264 00ac 04       		.byte	0x4
 265 00ad 55010000 		.4byte	.LASF15
 266 00b1 02       		.uleb128 0x2
 267 00b2 01       		.byte	0x1
 268 00b3 08       		.byte	0x8
 269 00b4 69020000 		.4byte	.LASF16
 270 00b8 02       		.uleb128 0x2
 271 00b9 08       		.byte	0x8
 272 00ba 04       		.byte	0x4
 273 00bb 8D020000 		.4byte	.LASF17
 274 00bf 02       		.uleb128 0x2
 275 00c0 04       		.byte	0x4
 276 00c1 07       		.byte	0x7
 277 00c2 49020000 		.4byte	.LASF18
 278 00c6 06       		.uleb128 0x6
 279 00c7 0C       		.byte	0xc
 280 00c8 05       		.byte	0x5
 281 00c9 0F       		.byte	0xf
 282 00ca F2000000 		.4byte	0xf2
 283 00ce 07       		.uleb128 0x7
ARM GAS  C:\Users\write\AppData\Local\Temp\cc6cpJ6h.s 			page 8


 284 00cf 696400   		.ascii	"id\000"
 285 00d2 05       		.byte	0x5
 286 00d3 11       		.byte	0x11
 287 00d4 8C000000 		.4byte	0x8c
 288 00d8 00       		.byte	0
 289 00d9 07       		.uleb128 0x7
 290 00da 646C6300 		.ascii	"dlc\000"
 291 00de 05       		.byte	0x5
 292 00df 12       		.byte	0x12
 293 00e0 81000000 		.4byte	0x81
 294 00e4 02       		.byte	0x2
 295 00e5 08       		.uleb128 0x8
 296 00e6 7B000000 		.4byte	.LASF19
 297 00ea 05       		.byte	0x5
 298 00eb 13       		.byte	0x13
 299 00ec F2000000 		.4byte	0xf2
 300 00f0 03       		.byte	0x3
 301 00f1 00       		.byte	0
 302 00f2 09       		.uleb128 0x9
 303 00f3 81000000 		.4byte	0x81
 304 00f7 02010000 		.4byte	0x102
 305 00fb 0A       		.uleb128 0xa
 306 00fc BF000000 		.4byte	0xbf
 307 0100 07       		.byte	0x7
 308 0101 00       		.byte	0
 309 0102 03       		.uleb128 0x3
 310 0103 3F020000 		.4byte	.LASF20
 311 0107 05       		.byte	0x5
 312 0108 14       		.byte	0x14
 313 0109 C6000000 		.4byte	0xc6
 314 010d 0B       		.uleb128 0xb
 315 010e 36000000 		.4byte	.LASF38
 316 0112 01       		.byte	0x1
 317 0113 15       		.byte	0x15
 318 0114 00000000 		.4byte	.LFB34
 319 0118 24000000 		.4byte	.LFE34-.LFB34
 320 011c 01       		.uleb128 0x1
 321 011d 9C       		.byte	0x9c
 322 011e 5A010000 		.4byte	0x15a
 323 0122 0C       		.uleb128 0xc
 324 0123 06000000 		.4byte	.LVL0
 325 0127 5E020000 		.4byte	0x25e
 326 012b 0D       		.uleb128 0xd
 327 012c 16000000 		.4byte	.LVL1
 328 0130 69020000 		.4byte	0x269
 329 0134 49010000 		.4byte	0x149
 330 0138 0E       		.uleb128 0xe
 331 0139 01       		.uleb128 0x1
 332 013a 50       		.byte	0x50
 333 013b 02       		.uleb128 0x2
 334 013c 74       		.byte	0x74
 335 013d 00       		.sleb128 0
 336 013e 0E       		.uleb128 0xe
 337 013f 01       		.uleb128 0x1
 338 0140 51       		.byte	0x51
 339 0141 01       		.uleb128 0x1
 340 0142 32       		.byte	0x32
ARM GAS  C:\Users\write\AppData\Local\Temp\cc6cpJ6h.s 			page 9


 341 0143 0E       		.uleb128 0xe
 342 0144 01       		.uleb128 0x1
 343 0145 52       		.byte	0x52
 344 0146 01       		.uleb128 0x1
 345 0147 31       		.byte	0x31
 346 0148 00       		.byte	0
 347 0149 0F       		.uleb128 0xf
 348 014a 1C000000 		.4byte	.LVL2
 349 014e 74020000 		.4byte	0x274
 350 0152 0E       		.uleb128 0xe
 351 0153 01       		.uleb128 0x1
 352 0154 50       		.byte	0x50
 353 0155 02       		.uleb128 0x2
 354 0156 74       		.byte	0x74
 355 0157 00       		.sleb128 0
 356 0158 00       		.byte	0
 357 0159 00       		.byte	0
 358 015a 10       		.uleb128 0x10
 359 015b AC010000 		.4byte	.LASF39
 360 015f 01       		.byte	0x1
 361 0160 1C       		.byte	0x1c
 362 0161 73000000 		.4byte	0x73
 363 0165 00000000 		.4byte	.LFB35
 364 0169 5C000000 		.4byte	.LFE35-.LFB35
 365 016d 01       		.uleb128 0x1
 366 016e 9C       		.byte	0x9c
 367 016f 4D020000 		.4byte	0x24d
 368 0173 11       		.uleb128 0x11
 369 0174 2A000000 		.4byte	.LBB2
 370 0178 26000000 		.4byte	.LBE2-.LBB2
 371 017c D8010000 		.4byte	0x1d8
 372 0180 12       		.uleb128 0x12
 373 0181 6900     		.ascii	"i\000"
 374 0183 01       		.byte	0x1
 375 0184 33       		.byte	0x33
 376 0185 73000000 		.4byte	0x73
 377 0189 00000000 		.4byte	.LLST0
 378 018d 0D       		.uleb128 0xd
 379 018e 34000000 		.4byte	.LVL12
 380 0192 7F020000 		.4byte	0x27f
 381 0196 A0010000 		.4byte	0x1a0
 382 019a 0E       		.uleb128 0xe
 383 019b 01       		.uleb128 0x1
 384 019c 50       		.byte	0x50
 385 019d 01       		.uleb128 0x1
 386 019e 31       		.byte	0x31
 387 019f 00       		.byte	0
 388 01a0 0D       		.uleb128 0xd
 389 01a1 3E000000 		.4byte	.LVL13
 390 01a5 8A020000 		.4byte	0x28a
 391 01a9 B4010000 		.4byte	0x1b4
 392 01ad 0E       		.uleb128 0xe
 393 01ae 01       		.uleb128 0x1
 394 01af 50       		.byte	0x50
 395 01b0 02       		.uleb128 0x2
 396 01b1 75       		.byte	0x75
 397 01b2 00       		.sleb128 0
ARM GAS  C:\Users\write\AppData\Local\Temp\cc6cpJ6h.s 			page 10


 398 01b3 00       		.byte	0
 399 01b4 0D       		.uleb128 0xd
 400 01b5 44000000 		.4byte	.LVL14
 401 01b9 7F020000 		.4byte	0x27f
 402 01bd C7010000 		.4byte	0x1c7
 403 01c1 0E       		.uleb128 0xe
 404 01c2 01       		.uleb128 0x1
 405 01c3 50       		.byte	0x50
 406 01c4 01       		.uleb128 0x1
 407 01c5 30       		.byte	0x30
 408 01c6 00       		.byte	0
 409 01c7 0F       		.uleb128 0xf
 410 01c8 4A000000 		.4byte	.LVL15
 411 01cc 8A020000 		.4byte	0x28a
 412 01d0 0E       		.uleb128 0xe
 413 01d1 01       		.uleb128 0x1
 414 01d2 50       		.byte	0x50
 415 01d3 02       		.uleb128 0x2
 416 01d4 75       		.byte	0x75
 417 01d5 00       		.sleb128 0
 418 01d6 00       		.byte	0
 419 01d7 00       		.byte	0
 420 01d8 0C       		.uleb128 0xc
 421 01d9 08000000 		.4byte	.LVL3
 422 01dd 95020000 		.4byte	0x295
 423 01e1 0D       		.uleb128 0xd
 424 01e2 0E000000 		.4byte	.LVL4
 425 01e6 A0020000 		.4byte	0x2a0
 426 01ea F8010000 		.4byte	0x1f8
 427 01ee 0E       		.uleb128 0xe
 428 01ef 01       		.uleb128 0x1
 429 01f0 50       		.byte	0x50
 430 01f1 05       		.uleb128 0x5
 431 01f2 03       		.byte	0x3
 432 01f3 00000000 		.4byte	Limit_Handler
 433 01f7 00       		.byte	0
 434 01f8 0D       		.uleb128 0xd
 435 01f9 16000000 		.4byte	.LVL5
 436 01fd AB020000 		.4byte	0x2ab
 437 0201 10020000 		.4byte	0x210
 438 0205 0E       		.uleb128 0xe
 439 0206 01       		.uleb128 0x1
 440 0207 50       		.byte	0x50
 441 0208 01       		.uleb128 0x1
 442 0209 37       		.byte	0x37
 443 020a 0E       		.uleb128 0xe
 444 020b 01       		.uleb128 0x1
 445 020c 51       		.byte	0x51
 446 020d 01       		.uleb128 0x1
 447 020e 31       		.byte	0x31
 448 020f 00       		.byte	0
 449 0210 0C       		.uleb128 0xc
 450 0211 1A000000 		.4byte	.LVL6
 451 0215 B6020000 		.4byte	0x2b6
 452 0219 0C       		.uleb128 0xc
 453 021a 1E000000 		.4byte	.LVL7
 454 021e C1020000 		.4byte	0x2c1
ARM GAS  C:\Users\write\AppData\Local\Temp\cc6cpJ6h.s 			page 11


 455 0222 0C       		.uleb128 0xc
 456 0223 22000000 		.4byte	.LVL8
 457 0227 CC020000 		.4byte	0x2cc
 458 022b 0C       		.uleb128 0xc
 459 022c 26000000 		.4byte	.LVL9
 460 0230 D7020000 		.4byte	0x2d7
 461 0234 0C       		.uleb128 0xc
 462 0235 2A000000 		.4byte	.LVL10
 463 0239 E2020000 		.4byte	0x2e2
 464 023d 0F       		.uleb128 0xf
 465 023e 56000000 		.4byte	.LVL17
 466 0242 ED020000 		.4byte	0x2ed
 467 0246 0E       		.uleb128 0xe
 468 0247 01       		.uleb128 0x1
 469 0248 50       		.byte	0x50
 470 0249 01       		.uleb128 0x1
 471 024a 34       		.byte	0x34
 472 024b 00       		.byte	0
 473 024c 00       		.byte	0
 474 024d 13       		.uleb128 0x13
 475 024e 6D010000 		.4byte	.LASF40
 476 0252 01       		.byte	0x1
 477 0253 13       		.byte	0x13
 478 0254 02010000 		.4byte	0x102
 479 0258 05       		.uleb128 0x5
 480 0259 03       		.byte	0x3
 481 025a 00000000 		.4byte	can_send
 482 025e 14       		.uleb128 0x14
 483 025f 97000000 		.4byte	.LASF21
 484 0263 97000000 		.4byte	.LASF21
 485 0267 06       		.byte	0x6
 486 0268 30       		.byte	0x30
 487 0269 14       		.uleb128 0x14
 488 026a 2B010000 		.4byte	.LASF22
 489 026e 2B010000 		.4byte	.LASF22
 490 0272 07       		.byte	0x7
 491 0273 43       		.byte	0x43
 492 0274 14       		.uleb128 0x14
 493 0275 7F020000 		.4byte	.LASF23
 494 0279 7F020000 		.4byte	.LASF23
 495 027d 08       		.byte	0x8
 496 027e 1C       		.byte	0x1c
 497 027f 14       		.uleb128 0x14
 498 0280 28000000 		.4byte	.LASF24
 499 0284 28000000 		.4byte	.LASF24
 500 0288 09       		.byte	0x9
 501 0289 33       		.byte	0x33
 502 028a 14       		.uleb128 0x14
 503 028b A5020000 		.4byte	.LASF25
 504 028f A5020000 		.4byte	.LASF25
 505 0293 0A       		.byte	0xa
 506 0294 EC       		.byte	0xec
 507 0295 14       		.uleb128 0x14
 508 0296 AD020000 		.4byte	.LASF26
 509 029a AD020000 		.4byte	.LASF26
 510 029e 06       		.byte	0x6
 511 029f 31       		.byte	0x31
ARM GAS  C:\Users\write\AppData\Local\Temp\cc6cpJ6h.s 			page 12


 512 02a0 14       		.uleb128 0x14
 513 02a1 52020000 		.4byte	.LASF27
 514 02a5 52020000 		.4byte	.LASF27
 515 02a9 0B       		.byte	0xb
 516 02aa 18       		.byte	0x18
 517 02ab 14       		.uleb128 0x14
 518 02ac 6E020000 		.4byte	.LASF28
 519 02b0 6E020000 		.4byte	.LASF28
 520 02b4 08       		.byte	0x8
 521 02b5 15       		.byte	0x15
 522 02b6 14       		.uleb128 0x14
 523 02b7 A2010000 		.4byte	.LASF29
 524 02bb A2010000 		.4byte	.LASF29
 525 02bf 0C       		.byte	0xc
 526 02c0 99       		.byte	0x99
 527 02c1 14       		.uleb128 0x14
 528 02c2 80000000 		.4byte	.LASF30
 529 02c6 80000000 		.4byte	.LASF30
 530 02ca 0D       		.byte	0xd
 531 02cb 26       		.byte	0x26
 532 02cc 14       		.uleb128 0x14
 533 02cd 0E000000 		.4byte	.LASF31
 534 02d1 0E000000 		.4byte	.LASF31
 535 02d5 0E       		.byte	0xe
 536 02d6 48       		.byte	0x48
 537 02d7 14       		.uleb128 0x14
 538 02d8 44000000 		.4byte	.LASF32
 539 02dc 44000000 		.4byte	.LASF32
 540 02e0 0F       		.byte	0xf
 541 02e1 48       		.byte	0x48
 542 02e2 14       		.uleb128 0x14
 543 02e3 D0000000 		.4byte	.LASF33
 544 02e7 D0000000 		.4byte	.LASF33
 545 02eb 10       		.byte	0x10
 546 02ec 72       		.byte	0x72
 547 02ed 15       		.uleb128 0x15
 548 02ee 5D000000 		.4byte	.LASF34
 549 02f2 5D000000 		.4byte	.LASF34
 550 02f6 11       		.byte	0x11
 551 02f7 4403     		.2byte	0x344
 552 02f9 00       		.byte	0
 553              		.section	.debug_abbrev,"",%progbits
 554              	.Ldebug_abbrev0:
 555 0000 01       		.uleb128 0x1
 556 0001 11       		.uleb128 0x11
 557 0002 01       		.byte	0x1
 558 0003 25       		.uleb128 0x25
 559 0004 0E       		.uleb128 0xe
 560 0005 13       		.uleb128 0x13
 561 0006 0B       		.uleb128 0xb
 562 0007 03       		.uleb128 0x3
 563 0008 0E       		.uleb128 0xe
 564 0009 1B       		.uleb128 0x1b
 565 000a 0E       		.uleb128 0xe
 566 000b 55       		.uleb128 0x55
 567 000c 17       		.uleb128 0x17
 568 000d 11       		.uleb128 0x11
ARM GAS  C:\Users\write\AppData\Local\Temp\cc6cpJ6h.s 			page 13


 569 000e 01       		.uleb128 0x1
 570 000f 10       		.uleb128 0x10
 571 0010 17       		.uleb128 0x17
 572 0011 00       		.byte	0
 573 0012 00       		.byte	0
 574 0013 02       		.uleb128 0x2
 575 0014 24       		.uleb128 0x24
 576 0015 00       		.byte	0
 577 0016 0B       		.uleb128 0xb
 578 0017 0B       		.uleb128 0xb
 579 0018 3E       		.uleb128 0x3e
 580 0019 0B       		.uleb128 0xb
 581 001a 03       		.uleb128 0x3
 582 001b 0E       		.uleb128 0xe
 583 001c 00       		.byte	0
 584 001d 00       		.byte	0
 585 001e 03       		.uleb128 0x3
 586 001f 16       		.uleb128 0x16
 587 0020 00       		.byte	0
 588 0021 03       		.uleb128 0x3
 589 0022 0E       		.uleb128 0xe
 590 0023 3A       		.uleb128 0x3a
 591 0024 0B       		.uleb128 0xb
 592 0025 3B       		.uleb128 0x3b
 593 0026 0B       		.uleb128 0xb
 594 0027 49       		.uleb128 0x49
 595 0028 13       		.uleb128 0x13
 596 0029 00       		.byte	0
 597 002a 00       		.byte	0
 598 002b 04       		.uleb128 0x4
 599 002c 24       		.uleb128 0x24
 600 002d 00       		.byte	0
 601 002e 0B       		.uleb128 0xb
 602 002f 0B       		.uleb128 0xb
 603 0030 3E       		.uleb128 0x3e
 604 0031 0B       		.uleb128 0xb
 605 0032 03       		.uleb128 0x3
 606 0033 08       		.uleb128 0x8
 607 0034 00       		.byte	0
 608 0035 00       		.byte	0
 609 0036 05       		.uleb128 0x5
 610 0037 16       		.uleb128 0x16
 611 0038 00       		.byte	0
 612 0039 03       		.uleb128 0x3
 613 003a 0E       		.uleb128 0xe
 614 003b 3A       		.uleb128 0x3a
 615 003c 0B       		.uleb128 0xb
 616 003d 3B       		.uleb128 0x3b
 617 003e 05       		.uleb128 0x5
 618 003f 49       		.uleb128 0x49
 619 0040 13       		.uleb128 0x13
 620 0041 00       		.byte	0
 621 0042 00       		.byte	0
 622 0043 06       		.uleb128 0x6
 623 0044 13       		.uleb128 0x13
 624 0045 01       		.byte	0x1
 625 0046 0B       		.uleb128 0xb
ARM GAS  C:\Users\write\AppData\Local\Temp\cc6cpJ6h.s 			page 14


 626 0047 0B       		.uleb128 0xb
 627 0048 3A       		.uleb128 0x3a
 628 0049 0B       		.uleb128 0xb
 629 004a 3B       		.uleb128 0x3b
 630 004b 0B       		.uleb128 0xb
 631 004c 01       		.uleb128 0x1
 632 004d 13       		.uleb128 0x13
 633 004e 00       		.byte	0
 634 004f 00       		.byte	0
 635 0050 07       		.uleb128 0x7
 636 0051 0D       		.uleb128 0xd
 637 0052 00       		.byte	0
 638 0053 03       		.uleb128 0x3
 639 0054 08       		.uleb128 0x8
 640 0055 3A       		.uleb128 0x3a
 641 0056 0B       		.uleb128 0xb
 642 0057 3B       		.uleb128 0x3b
 643 0058 0B       		.uleb128 0xb
 644 0059 49       		.uleb128 0x49
 645 005a 13       		.uleb128 0x13
 646 005b 38       		.uleb128 0x38
 647 005c 0B       		.uleb128 0xb
 648 005d 00       		.byte	0
 649 005e 00       		.byte	0
 650 005f 08       		.uleb128 0x8
 651 0060 0D       		.uleb128 0xd
 652 0061 00       		.byte	0
 653 0062 03       		.uleb128 0x3
 654 0063 0E       		.uleb128 0xe
 655 0064 3A       		.uleb128 0x3a
 656 0065 0B       		.uleb128 0xb
 657 0066 3B       		.uleb128 0x3b
 658 0067 0B       		.uleb128 0xb
 659 0068 49       		.uleb128 0x49
 660 0069 13       		.uleb128 0x13
 661 006a 38       		.uleb128 0x38
 662 006b 0B       		.uleb128 0xb
 663 006c 00       		.byte	0
 664 006d 00       		.byte	0
 665 006e 09       		.uleb128 0x9
 666 006f 01       		.uleb128 0x1
 667 0070 01       		.byte	0x1
 668 0071 49       		.uleb128 0x49
 669 0072 13       		.uleb128 0x13
 670 0073 01       		.uleb128 0x1
 671 0074 13       		.uleb128 0x13
 672 0075 00       		.byte	0
 673 0076 00       		.byte	0
 674 0077 0A       		.uleb128 0xa
 675 0078 21       		.uleb128 0x21
 676 0079 00       		.byte	0
 677 007a 49       		.uleb128 0x49
 678 007b 13       		.uleb128 0x13
 679 007c 2F       		.uleb128 0x2f
 680 007d 0B       		.uleb128 0xb
 681 007e 00       		.byte	0
 682 007f 00       		.byte	0
ARM GAS  C:\Users\write\AppData\Local\Temp\cc6cpJ6h.s 			page 15


 683 0080 0B       		.uleb128 0xb
 684 0081 2E       		.uleb128 0x2e
 685 0082 01       		.byte	0x1
 686 0083 3F       		.uleb128 0x3f
 687 0084 19       		.uleb128 0x19
 688 0085 03       		.uleb128 0x3
 689 0086 0E       		.uleb128 0xe
 690 0087 3A       		.uleb128 0x3a
 691 0088 0B       		.uleb128 0xb
 692 0089 3B       		.uleb128 0x3b
 693 008a 0B       		.uleb128 0xb
 694 008b 27       		.uleb128 0x27
 695 008c 19       		.uleb128 0x19
 696 008d 11       		.uleb128 0x11
 697 008e 01       		.uleb128 0x1
 698 008f 12       		.uleb128 0x12
 699 0090 06       		.uleb128 0x6
 700 0091 40       		.uleb128 0x40
 701 0092 18       		.uleb128 0x18
 702 0093 9742     		.uleb128 0x2117
 703 0095 19       		.uleb128 0x19
 704 0096 01       		.uleb128 0x1
 705 0097 13       		.uleb128 0x13
 706 0098 00       		.byte	0
 707 0099 00       		.byte	0
 708 009a 0C       		.uleb128 0xc
 709 009b 898201   		.uleb128 0x4109
 710 009e 00       		.byte	0
 711 009f 11       		.uleb128 0x11
 712 00a0 01       		.uleb128 0x1
 713 00a1 31       		.uleb128 0x31
 714 00a2 13       		.uleb128 0x13
 715 00a3 00       		.byte	0
 716 00a4 00       		.byte	0
 717 00a5 0D       		.uleb128 0xd
 718 00a6 898201   		.uleb128 0x4109
 719 00a9 01       		.byte	0x1
 720 00aa 11       		.uleb128 0x11
 721 00ab 01       		.uleb128 0x1
 722 00ac 31       		.uleb128 0x31
 723 00ad 13       		.uleb128 0x13
 724 00ae 01       		.uleb128 0x1
 725 00af 13       		.uleb128 0x13
 726 00b0 00       		.byte	0
 727 00b1 00       		.byte	0
 728 00b2 0E       		.uleb128 0xe
 729 00b3 8A8201   		.uleb128 0x410a
 730 00b6 00       		.byte	0
 731 00b7 02       		.uleb128 0x2
 732 00b8 18       		.uleb128 0x18
 733 00b9 9142     		.uleb128 0x2111
 734 00bb 18       		.uleb128 0x18
 735 00bc 00       		.byte	0
 736 00bd 00       		.byte	0
 737 00be 0F       		.uleb128 0xf
 738 00bf 898201   		.uleb128 0x4109
 739 00c2 01       		.byte	0x1
ARM GAS  C:\Users\write\AppData\Local\Temp\cc6cpJ6h.s 			page 16


 740 00c3 11       		.uleb128 0x11
 741 00c4 01       		.uleb128 0x1
 742 00c5 31       		.uleb128 0x31
 743 00c6 13       		.uleb128 0x13
 744 00c7 00       		.byte	0
 745 00c8 00       		.byte	0
 746 00c9 10       		.uleb128 0x10
 747 00ca 2E       		.uleb128 0x2e
 748 00cb 01       		.byte	0x1
 749 00cc 3F       		.uleb128 0x3f
 750 00cd 19       		.uleb128 0x19
 751 00ce 03       		.uleb128 0x3
 752 00cf 0E       		.uleb128 0xe
 753 00d0 3A       		.uleb128 0x3a
 754 00d1 0B       		.uleb128 0xb
 755 00d2 3B       		.uleb128 0x3b
 756 00d3 0B       		.uleb128 0xb
 757 00d4 27       		.uleb128 0x27
 758 00d5 19       		.uleb128 0x19
 759 00d6 49       		.uleb128 0x49
 760 00d7 13       		.uleb128 0x13
 761 00d8 8701     		.uleb128 0x87
 762 00da 19       		.uleb128 0x19
 763 00db 11       		.uleb128 0x11
 764 00dc 01       		.uleb128 0x1
 765 00dd 12       		.uleb128 0x12
 766 00de 06       		.uleb128 0x6
 767 00df 40       		.uleb128 0x40
 768 00e0 18       		.uleb128 0x18
 769 00e1 9742     		.uleb128 0x2117
 770 00e3 19       		.uleb128 0x19
 771 00e4 01       		.uleb128 0x1
 772 00e5 13       		.uleb128 0x13
 773 00e6 00       		.byte	0
 774 00e7 00       		.byte	0
 775 00e8 11       		.uleb128 0x11
 776 00e9 0B       		.uleb128 0xb
 777 00ea 01       		.byte	0x1
 778 00eb 11       		.uleb128 0x11
 779 00ec 01       		.uleb128 0x1
 780 00ed 12       		.uleb128 0x12
 781 00ee 06       		.uleb128 0x6
 782 00ef 01       		.uleb128 0x1
 783 00f0 13       		.uleb128 0x13
 784 00f1 00       		.byte	0
 785 00f2 00       		.byte	0
 786 00f3 12       		.uleb128 0x12
 787 00f4 34       		.uleb128 0x34
 788 00f5 00       		.byte	0
 789 00f6 03       		.uleb128 0x3
 790 00f7 08       		.uleb128 0x8
 791 00f8 3A       		.uleb128 0x3a
 792 00f9 0B       		.uleb128 0xb
 793 00fa 3B       		.uleb128 0x3b
 794 00fb 0B       		.uleb128 0xb
 795 00fc 49       		.uleb128 0x49
 796 00fd 13       		.uleb128 0x13
ARM GAS  C:\Users\write\AppData\Local\Temp\cc6cpJ6h.s 			page 17


 797 00fe 02       		.uleb128 0x2
 798 00ff 17       		.uleb128 0x17
 799 0100 00       		.byte	0
 800 0101 00       		.byte	0
 801 0102 13       		.uleb128 0x13
 802 0103 34       		.uleb128 0x34
 803 0104 00       		.byte	0
 804 0105 03       		.uleb128 0x3
 805 0106 0E       		.uleb128 0xe
 806 0107 3A       		.uleb128 0x3a
 807 0108 0B       		.uleb128 0xb
 808 0109 3B       		.uleb128 0x3b
 809 010a 0B       		.uleb128 0xb
 810 010b 49       		.uleb128 0x49
 811 010c 13       		.uleb128 0x13
 812 010d 3F       		.uleb128 0x3f
 813 010e 19       		.uleb128 0x19
 814 010f 02       		.uleb128 0x2
 815 0110 18       		.uleb128 0x18
 816 0111 00       		.byte	0
 817 0112 00       		.byte	0
 818 0113 14       		.uleb128 0x14
 819 0114 2E       		.uleb128 0x2e
 820 0115 00       		.byte	0
 821 0116 3F       		.uleb128 0x3f
 822 0117 19       		.uleb128 0x19
 823 0118 3C       		.uleb128 0x3c
 824 0119 19       		.uleb128 0x19
 825 011a 6E       		.uleb128 0x6e
 826 011b 0E       		.uleb128 0xe
 827 011c 03       		.uleb128 0x3
 828 011d 0E       		.uleb128 0xe
 829 011e 3A       		.uleb128 0x3a
 830 011f 0B       		.uleb128 0xb
 831 0120 3B       		.uleb128 0x3b
 832 0121 0B       		.uleb128 0xb
 833 0122 00       		.byte	0
 834 0123 00       		.byte	0
 835 0124 15       		.uleb128 0x15
 836 0125 2E       		.uleb128 0x2e
 837 0126 00       		.byte	0
 838 0127 3F       		.uleb128 0x3f
 839 0128 19       		.uleb128 0x19
 840 0129 3C       		.uleb128 0x3c
 841 012a 19       		.uleb128 0x19
 842 012b 6E       		.uleb128 0x6e
 843 012c 0E       		.uleb128 0xe
 844 012d 03       		.uleb128 0x3
 845 012e 0E       		.uleb128 0xe
 846 012f 3A       		.uleb128 0x3a
 847 0130 0B       		.uleb128 0xb
 848 0131 3B       		.uleb128 0x3b
 849 0132 05       		.uleb128 0x5
 850 0133 00       		.byte	0
 851 0134 00       		.byte	0
 852 0135 00       		.byte	0
 853              		.section	.debug_loc,"",%progbits
ARM GAS  C:\Users\write\AppData\Local\Temp\cc6cpJ6h.s 			page 18


 854              	.Ldebug_loc0:
 855              	.LLST0:
 856 0000 2A000000 		.4byte	.LVL10
 857 0004 2E000000 		.4byte	.LVL11
 858 0008 0200     		.2byte	0x2
 859 000a 31       		.byte	0x31
 860 000b 9F       		.byte	0x9f
 861 000c 2E000000 		.4byte	.LVL11
 862 0010 5C000000 		.4byte	.LFE35
 863 0014 0100     		.2byte	0x1
 864 0016 54       		.byte	0x54
 865 0017 00000000 		.4byte	0
 866 001b 00000000 		.4byte	0
 867              		.section	.debug_aranges,"",%progbits
 868 0000 24000000 		.4byte	0x24
 869 0004 0200     		.2byte	0x2
 870 0006 00000000 		.4byte	.Ldebug_info0
 871 000a 04       		.byte	0x4
 872 000b 00       		.byte	0
 873 000c 0000     		.2byte	0
 874 000e 0000     		.2byte	0
 875 0010 00000000 		.4byte	.LFB34
 876 0014 24000000 		.4byte	.LFE34-.LFB34
 877 0018 00000000 		.4byte	.LFB35
 878 001c 5C000000 		.4byte	.LFE35-.LFB35
 879 0020 00000000 		.4byte	0
 880 0024 00000000 		.4byte	0
 881              		.section	.debug_ranges,"",%progbits
 882              	.Ldebug_ranges0:
 883 0000 00000000 		.4byte	.LFB34
 884 0004 24000000 		.4byte	.LFE34
 885 0008 00000000 		.4byte	.LFB35
 886 000c 5C000000 		.4byte	.LFE35
 887 0010 00000000 		.4byte	0
 888 0014 00000000 		.4byte	0
 889              		.section	.debug_line,"",%progbits
 890              	.Ldebug_line0:
 891 0000 4D020000 		.section	.debug_str,"MS",%progbits,1
 891      0200F301 
 891      00000201 
 891      FB0E0D00 
 891      01010101 
 892              	.LASF8:
 893 0000 6C6F6E67 		.ascii	"long long int\000"
 893      206C6F6E 
 893      6720696E 
 893      7400
 894              	.LASF31:
 895 000e 51756164 		.ascii	"QuadDec_1_Start\000"
 895      4465635F 
 895      315F5374 
 895      61727400 
 896              	.LASF3:
 897 001e 5F5F7569 		.ascii	"__uint8_t\000"
 897      6E74385F 
 897      7400
 898              	.LASF24:
ARM GAS  C:\Users\write\AppData\Local\Temp\cc6cpJ6h.s 			page 19


 899 0028 4442475F 		.ascii	"DBG_LED_Write\000"
 899      4C45445F 
 899      57726974 
 899      6500
 900              	.LASF38:
 901 0036 4C696D69 		.ascii	"Limit_Handler\000"
 901      745F4861 
 901      6E646C65 
 901      7200
 902              	.LASF32:
 903 0044 51756164 		.ascii	"QuadDec_2_Start\000"
 903      4465635F 
 903      325F5374 
 903      61727400 
 904              	.LASF6:
 905 0054 6C6F6E67 		.ascii	"long int\000"
 905      20696E74 
 905      00
 906              	.LASF34:
 907 005d 55415254 		.ascii	"UART_SpiUartWriteTxData\000"
 907      5F537069 
 907      55617274 
 907      57726974 
 907      65547844 
 908              	.LASF14:
 909 0075 666C6F61 		.ascii	"float\000"
 909      7400
 910              	.LASF19:
 911 007b 64617461 		.ascii	"data\000"
 911      00
 912              	.LASF30:
 913 0080 7063615F 		.ascii	"pca_init\000"
 913      696E6974 
 913      00
 914              	.LASF1:
 915 0089 756E7369 		.ascii	"unsigned char\000"
 915      676E6564 
 915      20636861 
 915      7200
 916              	.LASF21:
 917 0097 53746174 		.ascii	"Status_Reg_LIM_Read\000"
 917      75735F52 
 917      65675F4C 
 917      494D5F52 
 917      65616400 
 918              	.LASF7:
 919 00ab 6C6F6E67 		.ascii	"long unsigned int\000"
 919      20756E73 
 919      69676E65 
 919      6420696E 
 919      7400
 920              	.LASF5:
 921 00bd 73686F72 		.ascii	"short unsigned int\000"
 921      7420756E 
 921      7369676E 
 921      65642069 
 921      6E7400
ARM GAS  C:\Users\write\AppData\Local\Temp\cc6cpJ6h.s 			page 20


 922              	.LASF33:
 923 00d0 55415254 		.ascii	"UART_Start\000"
 923      5F537461 
 923      727400
 924              	.LASF37:
 925 00db 433A5C55 		.ascii	"C:\\Users\\write\\Documents\\PSoC Creator\\Science_"
 925      73657273 
 925      5C777269 
 925      74655C44 
 925      6F63756D 
 926 0109 426F6172 		.ascii	"Board_2021-2022\\science wow.cydsn\000"
 926      645F3230 
 926      32312D32 
 926      3032325C 
 926      73636965 
 927              	.LASF22:
 928 012b 41737365 		.ascii	"AssembleLimitSwitchAlertPacket\000"
 928      6D626C65 
 928      4C696D69 
 928      74537769 
 928      74636841 
 929              	.LASF4:
 930 014a 5F5F7569 		.ascii	"__uint16_t\000"
 930      6E743136 
 930      5F7400
 931              	.LASF15:
 932 0155 646F7562 		.ascii	"double\000"
 932      6C6500
 933              	.LASF2:
 934 015c 73686F72 		.ascii	"short int\000"
 934      7420696E 
 934      7400
 935              	.LASF13:
 936 0166 75696E74 		.ascii	"uint32\000"
 936      333200
 937              	.LASF40:
 938 016d 63616E5F 		.ascii	"can_send\000"
 938      73656E64 
 938      00
 939              	.LASF10:
 940 0176 756E7369 		.ascii	"unsigned int\000"
 940      676E6564 
 940      20696E74 
 940      00
 941              	.LASF9:
 942 0183 6C6F6E67 		.ascii	"long long unsigned int\000"
 942      206C6F6E 
 942      6720756E 
 942      7369676E 
 942      65642069 
 943              	.LASF11:
 944 019a 75696E74 		.ascii	"uint8_t\000"
 944      385F7400 
 945              	.LASF29:
 946 01a2 4144435F 		.ascii	"ADC_Start\000"
 946      53746172 
 946      7400
ARM GAS  C:\Users\write\AppData\Local\Temp\cc6cpJ6h.s 			page 21


 947              	.LASF39:
 948 01ac 6D61696E 		.ascii	"main\000"
 948      00
 949              	.LASF35:
 950 01b1 474E5520 		.ascii	"GNU C11 5.4.1 20160609 (release) [ARM/embedded-5-br"
 950      43313120 
 950      352E342E 
 950      31203230 
 950      31363036 
 951 01e4 616E6368 		.ascii	"anch revision 237715] -mcpu=cortex-m0 -mthumb -g -O"
 951      20726576 
 951      6973696F 
 951      6E203233 
 951      37373135 
 952 0217 67202D66 		.ascii	"g -ffunction-sections -ffat-lto-objects\000"
 952      66756E63 
 952      74696F6E 
 952      2D736563 
 952      74696F6E 
 953              	.LASF20:
 954 023f 43414E50 		.ascii	"CANPacket\000"
 954      61636B65 
 954      7400
 955              	.LASF18:
 956 0249 73697A65 		.ascii	"sizetype\000"
 956      74797065 
 956      00
 957              	.LASF27:
 958 0252 6973725F 		.ascii	"isr_LIM_StartEx\000"
 958      4C494D5F 
 958      53746172 
 958      74457800 
 959              	.LASF36:
 960 0262 6D61696E 		.ascii	"main.c\000"
 960      2E6300
 961              	.LASF16:
 962 0269 63686172 		.ascii	"char\000"
 962      00
 963              	.LASF28:
 964 026e 496E6974 		.ascii	"InitCAN\000"
 964      43414E00 
 965              	.LASF12:
 966 0276 75696E74 		.ascii	"uint16_t\000"
 966      31365F74 
 966      00
 967              	.LASF23:
 968 027f 53656E64 		.ascii	"SendCANPacket\000"
 968      43414E50 
 968      61636B65 
 968      7400
 969              	.LASF17:
 970 028d 6C6F6E67 		.ascii	"long double\000"
 970      20646F75 
 970      626C6500 
 971              	.LASF0:
 972 0299 7369676E 		.ascii	"signed char\000"
 972      65642063 
ARM GAS  C:\Users\write\AppData\Local\Temp\cc6cpJ6h.s 			page 22


 972      68617200 
 973              	.LASF25:
 974 02a5 43794465 		.ascii	"CyDelay\000"
 974      6C617900 
 975              	.LASF26:
 976 02ad 53746174 		.ascii	"Status_Reg_LIM_InterruptEnable\000"
 976      75735F52 
 976      65675F4C 
 976      494D5F49 
 976      6E746572 
 977              		.ident	"GCC: (GNU Tools for ARM Embedded Processors) 5.4.1 20160609 (release) [ARM/embedded-5-bran
