ARM GAS  C:\Users\mewin\AppData\Local\Temp\cczJw0su.s 			page 1


   1              		.syntax unified
   2              		.cpu cortex-m0
   3              		.fpu softvfp
   4              		.eabi_attribute 20, 1
   5              		.eabi_attribute 21, 1
   6              		.eabi_attribute 23, 3
   7              		.eabi_attribute 24, 1
   8              		.eabi_attribute 25, 1
   9              		.eabi_attribute 26, 1
  10              		.eabi_attribute 30, 1
  11              		.eabi_attribute 34, 0
  12              		.eabi_attribute 18, 4
  13              		.thumb
  14              		.syntax unified
  15              		.file	"Milliseconds.c"
  16              		.text
  17              	.Ltext0:
  18              		.cfi_sections	.debug_frame
  19              		.section	.text.MillisecondInterrupt,"ax",%progbits
  20              		.align	2
  21              		.global	MillisecondInterrupt
  22              		.code	16
  23              		.thumb_func
  24              		.type	MillisecondInterrupt, %function
  25              	MillisecondInterrupt:
  26              	.LFB34:
  27              		.file 1 "Milliseconds.c"
   1:Milliseconds.c **** /* ========================================
   2:Milliseconds.c ****  *
   3:Milliseconds.c ****  * Copyright YOUR COMPANY, THE YEAR
   4:Milliseconds.c ****  * All Rights Reserved
   5:Milliseconds.c ****  * UNPUBLISHED, LICENSED SOFTWARE.
   6:Milliseconds.c ****  *
   7:Milliseconds.c ****  * CONFIDENTIAL AND PROPRIETARY INFORMATION
   8:Milliseconds.c ****  * WHICH IS THE PROPERTY OF your company.
   9:Milliseconds.c ****  *
  10:Milliseconds.c ****  * ========================================
  11:Milliseconds.c **** */
  12:Milliseconds.c **** /* ========================================
  13:Milliseconds.c ****  * Copyright Wade Maxfield, 2020
  14:Milliseconds.c ****  * All Rights Reserved
  15:Milliseconds.c ****  * LICENSED SOFTWARE.
  16:Milliseconds.c ****  *  Under the GPL v3 license
  17:Milliseconds.c ****  * This license does not override previous licenses
  18:Milliseconds.c ****  * Some information may be Proprietary to 
  19:Milliseconds.c ****  * Cypress (http://www.cypress.com) for their
  20:Milliseconds.c ****  * PSoC 5LP®--Cypress Semiconductor and
  21:Milliseconds.c ****  * only usable on their devices.
  22:Milliseconds.c ****  * PROPERTY OF Wade Maxfield.
  23:Milliseconds.c ****  * Commercial license available
  24:Milliseconds.c ****  * ========================================
  25:Milliseconds.c **** */
  26:Milliseconds.c **** #include "Milliseconds.h"
  27:Milliseconds.c **** 
  28:Milliseconds.c **** volatile uint32 milliseconds;
  29:Milliseconds.c **** //volatile uint16 ms,seconds, minutes, hours;
  30:Milliseconds.c **** //volatile int16 MsLedCounter;
ARM GAS  C:\Users\mewin\AppData\Local\Temp\cczJw0su.s 			page 2


  31:Milliseconds.c **** 
  32:Milliseconds.c **** CY_ISR(MillisecondInterrupt) {
  28              		.loc 1 32 0
  29              		.cfi_startproc
  30              		@ args = 0, pretend = 0, frame = 0
  31              		@ frame_needed = 0, uses_anonymous_args = 0
  32              		@ link register save eliminated.
  33:Milliseconds.c ****     milliseconds++;
  33              		.loc 1 33 0
  34 0000 024A     		ldr	r2, .L2
  35 0002 1368     		ldr	r3, [r2]
  36 0004 0133     		adds	r3, r3, #1
  37 0006 1360     		str	r3, [r2]
  34:Milliseconds.c ****     
  35:Milliseconds.c **** }
  38              		.loc 1 35 0
  39              		@ sp needed
  40 0008 7047     		bx	lr
  41              	.L3:
  42 000a C046     		.align	2
  43              	.L2:
  44 000c 00000000 		.word	milliseconds
  45              		.cfi_endproc
  46              	.LFE34:
  47              		.size	MillisecondInterrupt, .-MillisecondInterrupt
  48              		.section	.text.init_milliseconds,"ax",%progbits
  49              		.align	2
  50              		.global	init_milliseconds
  51              		.code	16
  52              		.thumb_func
  53              		.type	init_milliseconds, %function
  54              	init_milliseconds:
  55              	.LFB35:
  36:Milliseconds.c **** 
  37:Milliseconds.c **** void init_milliseconds() {
  56              		.loc 1 37 0
  57              		.cfi_startproc
  58              		@ args = 0, pretend = 0, frame = 0
  59              		@ frame_needed = 0, uses_anonymous_args = 0
  60 0000 10B5     		push	{r4, lr}
  61              		.cfi_def_cfa_offset 8
  62              		.cfi_offset 4, -8
  63              		.cfi_offset 14, -4
  38:Milliseconds.c ****     milliseconds = 0;
  64              		.loc 1 38 0
  65 0002 0022     		movs	r2, #0
  66 0004 024B     		ldr	r3, .L5
  67 0006 1A60     		str	r2, [r3]
  39:Milliseconds.c ****     isr_1ms_StartEx(MillisecondInterrupt);
  68              		.loc 1 39 0
  69 0008 0248     		ldr	r0, .L5+4
  70 000a FFF7FEFF 		bl	isr_1ms_StartEx
  71              	.LVL0:
  40:Milliseconds.c ****     
  41:Milliseconds.c **** }
  72              		.loc 1 41 0
  73              		@ sp needed
ARM GAS  C:\Users\mewin\AppData\Local\Temp\cczJw0su.s 			page 3


  74 000e 10BD     		pop	{r4, pc}
  75              	.L6:
  76              		.align	2
  77              	.L5:
  78 0010 00000000 		.word	milliseconds
  79 0014 00000000 		.word	MillisecondInterrupt
  80              		.cfi_endproc
  81              	.LFE35:
  82              		.size	init_milliseconds, .-init_milliseconds
  83              		.comm	milliseconds,4,4
  84              		.text
  85              	.Letext0:
  86              		.file 2 "Generated_Source\\PSoC4/cytypes.h"
  87              		.file 3 "Generated_Source\\PSoC4/isr_1ms.h"
  88              		.section	.debug_info,"",%progbits
  89              	.Ldebug_info0:
  90 0000 F2000000 		.4byte	0xf2
  91 0004 0400     		.2byte	0x4
  92 0006 00000000 		.4byte	.Ldebug_abbrev0
  93 000a 04       		.byte	0x4
  94 000b 01       		.uleb128 0x1
  95 000c 0E000000 		.4byte	.LASF14
  96 0010 0C       		.byte	0xc
  97 0011 71010000 		.4byte	.LASF15
  98 0015 8A010000 		.4byte	.LASF16
  99 0019 00000000 		.4byte	.Ldebug_ranges0+0
 100 001d 00000000 		.4byte	0
 101 0021 00000000 		.4byte	.Ldebug_line0
 102 0025 02       		.uleb128 0x2
 103 0026 01       		.byte	0x1
 104 0027 06       		.byte	0x6
 105 0028 53010000 		.4byte	.LASF0
 106 002c 02       		.uleb128 0x2
 107 002d 01       		.byte	0x1
 108 002e 08       		.byte	0x8
 109 002f 10010000 		.4byte	.LASF1
 110 0033 02       		.uleb128 0x2
 111 0034 02       		.byte	0x2
 112 0035 05       		.byte	0x5
 113 0036 80010000 		.4byte	.LASF2
 114 003a 02       		.uleb128 0x2
 115 003b 02       		.byte	0x2
 116 003c 07       		.byte	0x7
 117 003d 40010000 		.4byte	.LASF3
 118 0041 02       		.uleb128 0x2
 119 0042 04       		.byte	0x4
 120 0043 05       		.byte	0x5
 121 0044 23010000 		.4byte	.LASF4
 122 0048 02       		.uleb128 0x2
 123 0049 04       		.byte	0x4
 124 004a 07       		.byte	0x7
 125 004b D5000000 		.4byte	.LASF5
 126 004f 02       		.uleb128 0x2
 127 0050 08       		.byte	0x8
 128 0051 05       		.byte	0x5
 129 0052 00000000 		.4byte	.LASF6
 130 0056 02       		.uleb128 0x2
ARM GAS  C:\Users\mewin\AppData\Local\Temp\cczJw0su.s 			page 4


 131 0057 08       		.byte	0x8
 132 0058 07       		.byte	0x7
 133 0059 E7000000 		.4byte	.LASF7
 134 005d 03       		.uleb128 0x3
 135 005e 04       		.byte	0x4
 136 005f 05       		.byte	0x5
 137 0060 696E7400 		.ascii	"int\000"
 138 0064 02       		.uleb128 0x2
 139 0065 04       		.byte	0x4
 140 0066 07       		.byte	0x7
 141 0067 9C000000 		.4byte	.LASF8
 142 006b 04       		.uleb128 0x4
 143 006c A9000000 		.4byte	.LASF17
 144 0070 02       		.byte	0x2
 145 0071 FE01     		.2byte	0x1fe
 146 0073 48000000 		.4byte	0x48
 147 0077 02       		.uleb128 0x2
 148 0078 04       		.byte	0x4
 149 0079 04       		.byte	0x4
 150 007a 6B010000 		.4byte	.LASF9
 151 007e 02       		.uleb128 0x2
 152 007f 08       		.byte	0x8
 153 0080 04       		.byte	0x4
 154 0081 2C010000 		.4byte	.LASF10
 155 0085 02       		.uleb128 0x2
 156 0086 01       		.byte	0x1
 157 0087 08       		.byte	0x8
 158 0088 1E010000 		.4byte	.LASF11
 159 008c 05       		.uleb128 0x5
 160 008d 6B000000 		.4byte	0x6b
 161 0091 02       		.uleb128 0x2
 162 0092 08       		.byte	0x8
 163 0093 04       		.byte	0x4
 164 0094 5F010000 		.4byte	.LASF12
 165 0098 02       		.uleb128 0x2
 166 0099 04       		.byte	0x4
 167 009a 07       		.byte	0x7
 168 009b DA010000 		.4byte	.LASF13
 169 009f 06       		.uleb128 0x6
 170 00a0 C0000000 		.4byte	.LASF18
 171 00a4 01       		.byte	0x1
 172 00a5 20       		.byte	0x20
 173 00a6 00000000 		.4byte	.LFB34
 174 00aa 10000000 		.4byte	.LFE34-.LFB34
 175 00ae 01       		.uleb128 0x1
 176 00af 9C       		.byte	0x9c
 177 00b0 07       		.uleb128 0x7
 178 00b1 FE000000 		.4byte	.LASF19
 179 00b5 01       		.byte	0x1
 180 00b6 25       		.byte	0x25
 181 00b7 00000000 		.4byte	.LFB35
 182 00bb 18000000 		.4byte	.LFE35-.LFB35
 183 00bf 01       		.uleb128 0x1
 184 00c0 9C       		.byte	0x9c
 185 00c1 D9000000 		.4byte	0xd9
 186 00c5 08       		.uleb128 0x8
 187 00c6 0E000000 		.4byte	.LVL0
ARM GAS  C:\Users\mewin\AppData\Local\Temp\cczJw0su.s 			page 5


 188 00ca EA000000 		.4byte	0xea
 189 00ce 09       		.uleb128 0x9
 190 00cf 01       		.uleb128 0x1
 191 00d0 50       		.byte	0x50
 192 00d1 05       		.uleb128 0x5
 193 00d2 03       		.byte	0x3
 194 00d3 00000000 		.4byte	MillisecondInterrupt
 195 00d7 00       		.byte	0
 196 00d8 00       		.byte	0
 197 00d9 0A       		.uleb128 0xa
 198 00da 33010000 		.4byte	.LASF20
 199 00de 01       		.byte	0x1
 200 00df 1C       		.byte	0x1c
 201 00e0 8C000000 		.4byte	0x8c
 202 00e4 05       		.uleb128 0x5
 203 00e5 03       		.byte	0x3
 204 00e6 00000000 		.4byte	milliseconds
 205 00ea 0B       		.uleb128 0xb
 206 00eb B0000000 		.4byte	.LASF21
 207 00ef B0000000 		.4byte	.LASF21
 208 00f3 03       		.byte	0x3
 209 00f4 18       		.byte	0x18
 210 00f5 00       		.byte	0
 211              		.section	.debug_abbrev,"",%progbits
 212              	.Ldebug_abbrev0:
 213 0000 01       		.uleb128 0x1
 214 0001 11       		.uleb128 0x11
 215 0002 01       		.byte	0x1
 216 0003 25       		.uleb128 0x25
 217 0004 0E       		.uleb128 0xe
 218 0005 13       		.uleb128 0x13
 219 0006 0B       		.uleb128 0xb
 220 0007 03       		.uleb128 0x3
 221 0008 0E       		.uleb128 0xe
 222 0009 1B       		.uleb128 0x1b
 223 000a 0E       		.uleb128 0xe
 224 000b 55       		.uleb128 0x55
 225 000c 17       		.uleb128 0x17
 226 000d 11       		.uleb128 0x11
 227 000e 01       		.uleb128 0x1
 228 000f 10       		.uleb128 0x10
 229 0010 17       		.uleb128 0x17
 230 0011 00       		.byte	0
 231 0012 00       		.byte	0
 232 0013 02       		.uleb128 0x2
 233 0014 24       		.uleb128 0x24
 234 0015 00       		.byte	0
 235 0016 0B       		.uleb128 0xb
 236 0017 0B       		.uleb128 0xb
 237 0018 3E       		.uleb128 0x3e
 238 0019 0B       		.uleb128 0xb
 239 001a 03       		.uleb128 0x3
 240 001b 0E       		.uleb128 0xe
 241 001c 00       		.byte	0
 242 001d 00       		.byte	0
 243 001e 03       		.uleb128 0x3
 244 001f 24       		.uleb128 0x24
ARM GAS  C:\Users\mewin\AppData\Local\Temp\cczJw0su.s 			page 6


 245 0020 00       		.byte	0
 246 0021 0B       		.uleb128 0xb
 247 0022 0B       		.uleb128 0xb
 248 0023 3E       		.uleb128 0x3e
 249 0024 0B       		.uleb128 0xb
 250 0025 03       		.uleb128 0x3
 251 0026 08       		.uleb128 0x8
 252 0027 00       		.byte	0
 253 0028 00       		.byte	0
 254 0029 04       		.uleb128 0x4
 255 002a 16       		.uleb128 0x16
 256 002b 00       		.byte	0
 257 002c 03       		.uleb128 0x3
 258 002d 0E       		.uleb128 0xe
 259 002e 3A       		.uleb128 0x3a
 260 002f 0B       		.uleb128 0xb
 261 0030 3B       		.uleb128 0x3b
 262 0031 05       		.uleb128 0x5
 263 0032 49       		.uleb128 0x49
 264 0033 13       		.uleb128 0x13
 265 0034 00       		.byte	0
 266 0035 00       		.byte	0
 267 0036 05       		.uleb128 0x5
 268 0037 35       		.uleb128 0x35
 269 0038 00       		.byte	0
 270 0039 49       		.uleb128 0x49
 271 003a 13       		.uleb128 0x13
 272 003b 00       		.byte	0
 273 003c 00       		.byte	0
 274 003d 06       		.uleb128 0x6
 275 003e 2E       		.uleb128 0x2e
 276 003f 00       		.byte	0
 277 0040 3F       		.uleb128 0x3f
 278 0041 19       		.uleb128 0x19
 279 0042 03       		.uleb128 0x3
 280 0043 0E       		.uleb128 0xe
 281 0044 3A       		.uleb128 0x3a
 282 0045 0B       		.uleb128 0xb
 283 0046 3B       		.uleb128 0x3b
 284 0047 0B       		.uleb128 0xb
 285 0048 27       		.uleb128 0x27
 286 0049 19       		.uleb128 0x19
 287 004a 11       		.uleb128 0x11
 288 004b 01       		.uleb128 0x1
 289 004c 12       		.uleb128 0x12
 290 004d 06       		.uleb128 0x6
 291 004e 40       		.uleb128 0x40
 292 004f 18       		.uleb128 0x18
 293 0050 9742     		.uleb128 0x2117
 294 0052 19       		.uleb128 0x19
 295 0053 00       		.byte	0
 296 0054 00       		.byte	0
 297 0055 07       		.uleb128 0x7
 298 0056 2E       		.uleb128 0x2e
 299 0057 01       		.byte	0x1
 300 0058 3F       		.uleb128 0x3f
 301 0059 19       		.uleb128 0x19
ARM GAS  C:\Users\mewin\AppData\Local\Temp\cczJw0su.s 			page 7


 302 005a 03       		.uleb128 0x3
 303 005b 0E       		.uleb128 0xe
 304 005c 3A       		.uleb128 0x3a
 305 005d 0B       		.uleb128 0xb
 306 005e 3B       		.uleb128 0x3b
 307 005f 0B       		.uleb128 0xb
 308 0060 11       		.uleb128 0x11
 309 0061 01       		.uleb128 0x1
 310 0062 12       		.uleb128 0x12
 311 0063 06       		.uleb128 0x6
 312 0064 40       		.uleb128 0x40
 313 0065 18       		.uleb128 0x18
 314 0066 9742     		.uleb128 0x2117
 315 0068 19       		.uleb128 0x19
 316 0069 01       		.uleb128 0x1
 317 006a 13       		.uleb128 0x13
 318 006b 00       		.byte	0
 319 006c 00       		.byte	0
 320 006d 08       		.uleb128 0x8
 321 006e 898201   		.uleb128 0x4109
 322 0071 01       		.byte	0x1
 323 0072 11       		.uleb128 0x11
 324 0073 01       		.uleb128 0x1
 325 0074 31       		.uleb128 0x31
 326 0075 13       		.uleb128 0x13
 327 0076 00       		.byte	0
 328 0077 00       		.byte	0
 329 0078 09       		.uleb128 0x9
 330 0079 8A8201   		.uleb128 0x410a
 331 007c 00       		.byte	0
 332 007d 02       		.uleb128 0x2
 333 007e 18       		.uleb128 0x18
 334 007f 9142     		.uleb128 0x2111
 335 0081 18       		.uleb128 0x18
 336 0082 00       		.byte	0
 337 0083 00       		.byte	0
 338 0084 0A       		.uleb128 0xa
 339 0085 34       		.uleb128 0x34
 340 0086 00       		.byte	0
 341 0087 03       		.uleb128 0x3
 342 0088 0E       		.uleb128 0xe
 343 0089 3A       		.uleb128 0x3a
 344 008a 0B       		.uleb128 0xb
 345 008b 3B       		.uleb128 0x3b
 346 008c 0B       		.uleb128 0xb
 347 008d 49       		.uleb128 0x49
 348 008e 13       		.uleb128 0x13
 349 008f 3F       		.uleb128 0x3f
 350 0090 19       		.uleb128 0x19
 351 0091 02       		.uleb128 0x2
 352 0092 18       		.uleb128 0x18
 353 0093 00       		.byte	0
 354 0094 00       		.byte	0
 355 0095 0B       		.uleb128 0xb
 356 0096 2E       		.uleb128 0x2e
 357 0097 00       		.byte	0
 358 0098 3F       		.uleb128 0x3f
ARM GAS  C:\Users\mewin\AppData\Local\Temp\cczJw0su.s 			page 8


 359 0099 19       		.uleb128 0x19
 360 009a 3C       		.uleb128 0x3c
 361 009b 19       		.uleb128 0x19
 362 009c 6E       		.uleb128 0x6e
 363 009d 0E       		.uleb128 0xe
 364 009e 03       		.uleb128 0x3
 365 009f 0E       		.uleb128 0xe
 366 00a0 3A       		.uleb128 0x3a
 367 00a1 0B       		.uleb128 0xb
 368 00a2 3B       		.uleb128 0x3b
 369 00a3 0B       		.uleb128 0xb
 370 00a4 00       		.byte	0
 371 00a5 00       		.byte	0
 372 00a6 00       		.byte	0
 373              		.section	.debug_aranges,"",%progbits
 374 0000 24000000 		.4byte	0x24
 375 0004 0200     		.2byte	0x2
 376 0006 00000000 		.4byte	.Ldebug_info0
 377 000a 04       		.byte	0x4
 378 000b 00       		.byte	0
 379 000c 0000     		.2byte	0
 380 000e 0000     		.2byte	0
 381 0010 00000000 		.4byte	.LFB34
 382 0014 10000000 		.4byte	.LFE34-.LFB34
 383 0018 00000000 		.4byte	.LFB35
 384 001c 18000000 		.4byte	.LFE35-.LFB35
 385 0020 00000000 		.4byte	0
 386 0024 00000000 		.4byte	0
 387              		.section	.debug_ranges,"",%progbits
 388              	.Ldebug_ranges0:
 389 0000 00000000 		.4byte	.LFB34
 390 0004 10000000 		.4byte	.LFE34
 391 0008 00000000 		.4byte	.LFB35
 392 000c 18000000 		.4byte	.LFE35
 393 0010 00000000 		.4byte	0
 394 0014 00000000 		.4byte	0
 395              		.section	.debug_line,"",%progbits
 396              	.Ldebug_line0:
 397 0000 7F000000 		.section	.debug_str,"MS",%progbits,1
 397      02005600 
 397      00000201 
 397      FB0E0D00 
 397      01010101 
 398              	.LASF6:
 399 0000 6C6F6E67 		.ascii	"long long int\000"
 399      206C6F6E 
 399      6720696E 
 399      7400
 400              	.LASF14:
 401 000e 474E5520 		.ascii	"GNU C11 5.4.1 20160609 (release) [ARM/embedded-5-br"
 401      43313120 
 401      352E342E 
 401      31203230 
 401      31363036 
 402 0041 616E6368 		.ascii	"anch revision 237715] -mcpu=cortex-m0 -mthumb -g -O"
 402      20726576 
 402      6973696F 
ARM GAS  C:\Users\mewin\AppData\Local\Temp\cczJw0su.s 			page 9


 402      6E203233 
 402      37373135 
 403 0074 67202D66 		.ascii	"g -ffunction-sections -ffat-lto-objects\000"
 403      66756E63 
 403      74696F6E 
 403      2D736563 
 403      74696F6E 
 404              	.LASF8:
 405 009c 756E7369 		.ascii	"unsigned int\000"
 405      676E6564 
 405      20696E74 
 405      00
 406              	.LASF17:
 407 00a9 75696E74 		.ascii	"uint32\000"
 407      333200
 408              	.LASF21:
 409 00b0 6973725F 		.ascii	"isr_1ms_StartEx\000"
 409      316D735F 
 409      53746172 
 409      74457800 
 410              	.LASF18:
 411 00c0 4D696C6C 		.ascii	"MillisecondInterrupt\000"
 411      69736563 
 411      6F6E6449 
 411      6E746572 
 411      72757074 
 412              	.LASF5:
 413 00d5 6C6F6E67 		.ascii	"long unsigned int\000"
 413      20756E73 
 413      69676E65 
 413      6420696E 
 413      7400
 414              	.LASF7:
 415 00e7 6C6F6E67 		.ascii	"long long unsigned int\000"
 415      206C6F6E 
 415      6720756E 
 415      7369676E 
 415      65642069 
 416              	.LASF19:
 417 00fe 696E6974 		.ascii	"init_milliseconds\000"
 417      5F6D696C 
 417      6C697365 
 417      636F6E64 
 417      7300
 418              	.LASF1:
 419 0110 756E7369 		.ascii	"unsigned char\000"
 419      676E6564 
 419      20636861 
 419      7200
 420              	.LASF11:
 421 011e 63686172 		.ascii	"char\000"
 421      00
 422              	.LASF4:
 423 0123 6C6F6E67 		.ascii	"long int\000"
 423      20696E74 
 423      00
 424              	.LASF10:
ARM GAS  C:\Users\mewin\AppData\Local\Temp\cczJw0su.s 			page 10


 425 012c 646F7562 		.ascii	"double\000"
 425      6C6500
 426              	.LASF20:
 427 0133 6D696C6C 		.ascii	"milliseconds\000"
 427      69736563 
 427      6F6E6473 
 427      00
 428              	.LASF3:
 429 0140 73686F72 		.ascii	"short unsigned int\000"
 429      7420756E 
 429      7369676E 
 429      65642069 
 429      6E7400
 430              	.LASF0:
 431 0153 7369676E 		.ascii	"signed char\000"
 431      65642063 
 431      68617200 
 432              	.LASF12:
 433 015f 6C6F6E67 		.ascii	"long double\000"
 433      20646F75 
 433      626C6500 
 434              	.LASF9:
 435 016b 666C6F61 		.ascii	"float\000"
 435      7400
 436              	.LASF15:
 437 0171 4D696C6C 		.ascii	"Milliseconds.c\000"
 437      69736563 
 437      6F6E6473 
 437      2E6300
 438              	.LASF2:
 439 0180 73686F72 		.ascii	"short int\000"
 439      7420696E 
 439      7400
 440              	.LASF16:
 441 018a 433A5C55 		.ascii	"C:\\Users\\mewin\\Documents\\PSoC Creator\\Science_"
 441      73657273 
 441      5C6D6577 
 441      696E5C44 
 441      6F63756D 
 442 01b8 426F6172 		.ascii	"Board_2021-2022\\science wow.cydsn\000"
 442      645F3230 
 442      32312D32 
 442      3032325C 
 442      73636965 
 443              	.LASF13:
 444 01da 73697A65 		.ascii	"sizetype\000"
 444      74797065 
 444      00
 445              		.ident	"GCC: (GNU Tools for ARM Embedded Processors) 5.4.1 20160609 (release) [ARM/embedded-5-bran
