ARM GAS  C:\Users\mewin\AppData\Local\Temp\ccd8OhvF.s 			page 1


   1              		.syntax unified
   2              		.cpu cortex-m0
   3              		.fpu softvfp
   4              		.eabi_attribute 20, 1
   5              		.eabi_attribute 21, 1
   6              		.eabi_attribute 23, 3
   7              		.eabi_attribute 24, 1
   8              		.eabi_attribute 25, 1
   9              		.eabi_attribute 26, 1
  10              		.eabi_attribute 30, 1
  11              		.eabi_attribute 34, 0
  12              		.eabi_attribute 18, 4
  13              		.thumb
  14              		.syntax unified
  15              		.file	"PCA9685.c"
  16              		.text
  17              	.Ltext0:
  18              		.cfi_sections	.debug_frame
  19              		.section	.text.TurnOnTimeL,"ax",%progbits
  20              		.align	2
  21              		.global	TurnOnTimeL
  22              		.code	16
  23              		.thumb_func
  24              		.type	TurnOnTimeL, %function
  25              	TurnOnTimeL:
  26              	.LFB36:
  27              		.file 1 "PCA9685.c"
   1:PCA9685.c     **** /* ========================================
   2:PCA9685.c     ****  *
   3:PCA9685.c     ****  * Driver for PCA9685
   4:PCA9685.c     ****  * 
   5:PCA9685.c     ****  * Name I2C Block in Top Design "I2C"
   6:PCA9685.c     ****  *
   7:PCA9685.c     ****  * Written by Dupri Chipman and Davis Sauer
   8:PCA9685.c     ****  * 
   9:PCA9685.c     ****  *
  10:PCA9685.c     ****  * ========================================
  11:PCA9685.c     **** */
  12:PCA9685.c     **** 
  13:PCA9685.c     **** #include "project.h"
  14:PCA9685.c     **** #include "PCA9685.h"
  15:PCA9685.c     **** 
  16:PCA9685.c     **** void pca_init(){
  17:PCA9685.c     ****     I2C_Start();
  18:PCA9685.c     ****     I2C_Enable();
  19:PCA9685.c     ****     
  20:PCA9685.c     ****     uint8 mode_buf[2] = {0,0b10010000}; // put to sleep (bit 4) to enable prescaler update
  21:PCA9685.c     ****     writeBuffer(mode_buf, PCA9685ADDY);
  22:PCA9685.c     ****     
  23:PCA9685.c     ****     uint8 freq_buf[2] = {254, 121};     // write to register 254 the magic num 121 to set 50hz pwm
  24:PCA9685.c     ****     writeBuffer(freq_buf, PCA9685ADDY);
  25:PCA9685.c     ****     
  26:PCA9685.c     ****     uint8 mode_buf2[2] = {0,0b10000000}; // unsleep to resume normal operation
  27:PCA9685.c     ****     writeBuffer(mode_buf2, PCA9685ADDY);
  28:PCA9685.c     **** }
  29:PCA9685.c     **** 
  30:PCA9685.c     **** /*Writes a single byte over i2c*/
ARM GAS  C:\Users\mewin\AppData\Local\Temp\ccd8OhvF.s 			page 2


  31:PCA9685.c     **** void writeByte(uint8 chip_register, uint8 value){
  32:PCA9685.c     ****      uint8 buf[2] = {chip_register, value};
  33:PCA9685.c     ****      writeBuffer(buf, PCA9685ADDY);
  34:PCA9685.c     **** }
  35:PCA9685.c     **** 
  36:PCA9685.c     **** 
  37:PCA9685.c     **** /*Casting delayTime as uint8_t gets rid of the four left most significant bits*/
  38:PCA9685.c     **** uint8 TurnOnTimeL(){
  28              		.loc 1 38 0
  29              		.cfi_startproc
  30              		@ args = 0, pretend = 0, frame = 0
  31              		@ frame_needed = 0, uses_anonymous_args = 0
  32              		@ link register save eliminated.
  33              	.LVL0:
  39:PCA9685.c     ****            int delayTime = DELAYTIME; /*This ammounts to 41 ticks before turn on*/
  40:PCA9685.c     ****            //dutyCycle = (4095*dutyCycle)/100;
  41:PCA9685.c     ****             delayTime = (4095*delayTime)/100 - 1;
  42:PCA9685.c     ****         return delayTime;
  43:PCA9685.c     **** }
  34              		.loc 1 43 0
  35 0000 2720     		movs	r0, #39
  36              		@ sp needed
  37 0002 7047     		bx	lr
  38              		.cfi_endproc
  39              	.LFE36:
  40              		.size	TurnOnTimeL, .-TurnOnTimeL
  41              		.section	.text.TurnOnTimeH,"ax",%progbits
  42              		.align	2
  43              		.global	TurnOnTimeH
  44              		.code	16
  45              		.thumb_func
  46              		.type	TurnOnTimeH, %function
  47              	TurnOnTimeH:
  48              	.LFB37:
  44:PCA9685.c     **** 
  45:PCA9685.c     **** /*Shifting to the right keeps the four most signifcant bits but gets rid of 8 least significant dig
  46:PCA9685.c     **** uint8 TurnOnTimeH(){
  49              		.loc 1 46 0
  50              		.cfi_startproc
  51              		@ args = 0, pretend = 0, frame = 0
  52              		@ frame_needed = 0, uses_anonymous_args = 0
  53              		@ link register save eliminated.
  54              	.LVL1:
  47:PCA9685.c     ****     int delayTime = DELAYTIME;
  48:PCA9685.c     ****     delayTime = (4095*delayTime)/100 - 1;
  49:PCA9685.c     ****     delayTime = delayTime >> 8;
  50:PCA9685.c     ****         return delayTime;
  51:PCA9685.c     **** }
  55              		.loc 1 51 0
  56 0000 0020     		movs	r0, #0
  57              		@ sp needed
  58 0002 7047     		bx	lr
  59              		.cfi_endproc
  60              	.LFE37:
  61              		.size	TurnOnTimeH, .-TurnOnTimeH
  62              		.global	__aeabi_f2iz
  63              		.global	__aeabi_fmul
ARM GAS  C:\Users\mewin\AppData\Local\Temp\ccd8OhvF.s 			page 3


  64              		.global	__aeabi_fdiv
  65              		.global	__aeabi_fadd
  66              		.global	__aeabi_fsub
  67              		.section	.text.TurnOffTimeL,"ax",%progbits
  68              		.align	2
  69              		.global	TurnOffTimeL
  70              		.code	16
  71              		.thumb_func
  72              		.type	TurnOffTimeL, %function
  73              	TurnOffTimeL:
  74              	.LFB38:
  52:PCA9685.c     **** 
  53:PCA9685.c     **** uint8 TurnOffTimeL(float32 dutyCycle){
  75              		.loc 1 53 0
  76              		.cfi_startproc
  77              		@ args = 0, pretend = 0, frame = 0
  78              		@ frame_needed = 0, uses_anonymous_args = 0
  79              	.LVL2:
  80 0000 10B5     		push	{r4, lr}
  81              		.cfi_def_cfa_offset 8
  82              		.cfi_offset 4, -8
  83              		.cfi_offset 14, -4
  84 0002 041C     		adds	r4, r0, #0
  85              	.LVL3:
  54:PCA9685.c     ****     int delayTime = DELAYTIME;
  55:PCA9685.c     ****     int offTime=0;
  56:PCA9685.c     ****     if(delayTime+((int)dutyCycle)<=100){
  86              		.loc 1 56 0
  87 0004 FFF7FEFF 		bl	__aeabi_f2iz
  88              	.LVL4:
  89 0008 0130     		adds	r0, r0, #1
  90 000a 6428     		cmp	r0, #100
  91 000c 0CDC     		bgt	.L4
  92              	.LVL5:
  57:PCA9685.c     ****     delayTime = (4095*delayTime)/100 - 1;
  58:PCA9685.c     ****     dutyCycle = (4095*dutyCycle)/100;
  93              		.loc 1 58 0
  94 000e 0F49     		ldr	r1, .L6
  95 0010 201C     		adds	r0, r4, #0
  96 0012 FFF7FEFF 		bl	__aeabi_fmul
  97              	.LVL6:
  98 0016 0E49     		ldr	r1, .L6+4
  99 0018 FFF7FEFF 		bl	__aeabi_fdiv
 100              	.LVL7:
  59:PCA9685.c     ****     offTime = delayTime + dutyCycle;
 101              		.loc 1 59 0
 102 001c 0D49     		ldr	r1, .L6+8
 103 001e FFF7FEFF 		bl	__aeabi_fadd
 104              	.LVL8:
 105 0022 FFF7FEFF 		bl	__aeabi_f2iz
 106              	.LVL9:
 107 0026 0FE0     		b	.L5
 108              	.LVL10:
 109              	.L4:
  60:PCA9685.c     ****     } else {
  61:PCA9685.c     ****     delayTime = (4095*delayTime)/100 - 1;
  62:PCA9685.c     ****     dutyCycle = (4095*dutyCycle)/100;
ARM GAS  C:\Users\mewin\AppData\Local\Temp\ccd8OhvF.s 			page 4


 110              		.loc 1 62 0
 111 0028 0849     		ldr	r1, .L6
 112 002a 201C     		adds	r0, r4, #0
 113 002c FFF7FEFF 		bl	__aeabi_fmul
 114              	.LVL11:
 115 0030 0749     		ldr	r1, .L6+4
 116 0032 FFF7FEFF 		bl	__aeabi_fdiv
 117              	.LVL12:
  63:PCA9685.c     ****     offTime = delayTime + dutyCycle - 4096;
 118              		.loc 1 63 0
 119 0036 0749     		ldr	r1, .L6+8
 120 0038 FFF7FEFF 		bl	__aeabi_fadd
 121              	.LVL13:
 122 003c 8B21     		movs	r1, #139
 123 003e C905     		lsls	r1, r1, #23
 124 0040 FFF7FEFF 		bl	__aeabi_fsub
 125              	.LVL14:
 126 0044 FFF7FEFF 		bl	__aeabi_f2iz
 127              	.LVL15:
 128              	.L5:
  64:PCA9685.c     ****     offTime = offTime;
  65:PCA9685.c     ****     }
  66:PCA9685.c     ****        return offTime;}
 129              		.loc 1 66 0
 130 0048 C0B2     		uxtb	r0, r0
 131              	.LVL16:
 132              		@ sp needed
 133 004a 10BD     		pop	{r4, pc}
 134              	.L7:
 135              		.align	2
 136              	.L6:
 137 004c 00F07F45 		.word	1166012416
 138 0050 0000C842 		.word	1120403456
 139 0054 00001C42 		.word	1109131264
 140              		.cfi_endproc
 141              	.LFE38:
 142              		.size	TurnOffTimeL, .-TurnOffTimeL
 143              		.section	.text.TurnOffTimeH,"ax",%progbits
 144              		.align	2
 145              		.global	TurnOffTimeH
 146              		.code	16
 147              		.thumb_func
 148              		.type	TurnOffTimeH, %function
 149              	TurnOffTimeH:
 150              	.LFB39:
  67:PCA9685.c     **** 
  68:PCA9685.c     **** uint8 TurnOffTimeH(float32 dutyCycle){
 151              		.loc 1 68 0
 152              		.cfi_startproc
 153              		@ args = 0, pretend = 0, frame = 0
 154              		@ frame_needed = 0, uses_anonymous_args = 0
 155              	.LVL17:
 156 0000 10B5     		push	{r4, lr}
 157              		.cfi_def_cfa_offset 8
 158              		.cfi_offset 4, -8
 159              		.cfi_offset 14, -4
 160 0002 041C     		adds	r4, r0, #0
ARM GAS  C:\Users\mewin\AppData\Local\Temp\ccd8OhvF.s 			page 5


 161              	.LVL18:
  69:PCA9685.c     ****     int delayTime = DELAYTIME;
  70:PCA9685.c     ****     int offTime = 0; //initialized because program giving a warning
  71:PCA9685.c     ****     if(delayTime+((int)dutyCycle)<=100){
 162              		.loc 1 71 0
 163 0004 FFF7FEFF 		bl	__aeabi_f2iz
 164              	.LVL19:
 165 0008 0130     		adds	r0, r0, #1
 166 000a 6428     		cmp	r0, #100
 167 000c 0CDC     		bgt	.L9
 168              	.LVL20:
  72:PCA9685.c     ****     delayTime = (4095*delayTime)/100 - 1;
  73:PCA9685.c     ****     dutyCycle = (4095*dutyCycle)/100;
 169              		.loc 1 73 0
 170 000e 0E49     		ldr	r1, .L11
 171 0010 201C     		adds	r0, r4, #0
 172 0012 FFF7FEFF 		bl	__aeabi_fmul
 173              	.LVL21:
 174 0016 0D49     		ldr	r1, .L11+4
 175 0018 FFF7FEFF 		bl	__aeabi_fdiv
 176              	.LVL22:
  74:PCA9685.c     ****     offTime = delayTime + dutyCycle;
 177              		.loc 1 74 0
 178 001c 0C49     		ldr	r1, .L11+8
 179 001e FFF7FEFF 		bl	__aeabi_fadd
 180              	.LVL23:
 181 0022 FFF7FEFF 		bl	__aeabi_f2iz
 182              	.LVL24:
 183 0026 0BE0     		b	.L10
 184              	.LVL25:
 185              	.L9:
  75:PCA9685.c     ****     } else {
  76:PCA9685.c     ****     delayTime = (4095*delayTime)/100 - 1;
  77:PCA9685.c     ****     dutyCycle = (4095*dutyCycle)/100;
 186              		.loc 1 77 0
 187 0028 0749     		ldr	r1, .L11
 188 002a 201C     		adds	r0, r4, #0
 189 002c FFF7FEFF 		bl	__aeabi_fmul
 190              	.LVL26:
 191 0030 0649     		ldr	r1, .L11+4
 192 0032 FFF7FEFF 		bl	__aeabi_fdiv
 193              	.LVL27:
  78:PCA9685.c     ****     offTime = delayTime + dutyCycle - offTime;
 194              		.loc 1 78 0
 195 0036 0649     		ldr	r1, .L11+8
 196 0038 FFF7FEFF 		bl	__aeabi_fadd
 197              	.LVL28:
 198 003c FFF7FEFF 		bl	__aeabi_f2iz
 199              	.LVL29:
 200              	.L10:
  79:PCA9685.c     ****     }
  80:PCA9685.c     ****        return offTime >> 8;}
 201              		.loc 1 80 0
 202 0040 0012     		asrs	r0, r0, #8
 203              	.LVL30:
 204 0042 C0B2     		uxtb	r0, r0
 205              		@ sp needed
ARM GAS  C:\Users\mewin\AppData\Local\Temp\ccd8OhvF.s 			page 6


 206 0044 10BD     		pop	{r4, pc}
 207              	.L12:
 208 0046 C046     		.align	2
 209              	.L11:
 210 0048 00F07F45 		.word	1166012416
 211 004c 0000C842 		.word	1120403456
 212 0050 00001C42 		.word	1109131264
 213              		.cfi_endproc
 214              	.LFE39:
 215              		.size	TurnOffTimeH, .-TurnOffTimeH
 216              		.section	.text.writeBuffer,"ax",%progbits
 217              		.align	2
 218              		.global	writeBuffer
 219              		.code	16
 220              		.thumb_func
 221              		.type	writeBuffer, %function
 222              	writeBuffer:
 223              	.LFB40:
  81:PCA9685.c     **** 
  82:PCA9685.c     **** uint32 writeBuffer(uint8 *buff, uint32_t PCA9685Address){
 224              		.loc 1 82 0
 225              		.cfi_startproc
 226              		@ args = 0, pretend = 0, frame = 0
 227              		@ frame_needed = 0, uses_anonymous_args = 0
 228              	.LVL31:
 229 0000 70B5     		push	{r4, r5, r6, lr}
 230              		.cfi_def_cfa_offset 16
 231              		.cfi_offset 4, -16
 232              		.cfi_offset 5, -12
 233              		.cfi_offset 6, -8
 234              		.cfi_offset 14, -4
 235 0002 0500     		movs	r5, r0
 236 0004 0C00     		movs	r4, r1
 237              	.LVL32:
  83:PCA9685.c     ****      uint32 status = TRANSFER_ERROR;
  84:PCA9685.c     ****     
  85:PCA9685.c     ****     (void) I2C_I2CMasterClearStatus();
 238              		.loc 1 85 0
 239 0006 FFF7FEFF 		bl	I2C_I2CMasterClearStatus
 240              	.LVL33:
  86:PCA9685.c     ****          if( I2C_I2C_MSTR_NO_ERROR ==  I2C_I2CMasterWriteBuf(PCA9685Address, buff,
 241              		.loc 1 86 0
 242 000a 0023     		movs	r3, #0
 243 000c 0222     		movs	r2, #2
 244 000e 2900     		movs	r1, r5
 245 0010 2000     		movs	r0, r4
 246 0012 FFF7FEFF 		bl	I2C_I2CMasterWriteBuf
 247              	.LVL34:
 248 0016 0028     		cmp	r0, #0
 249 0018 0DD1     		bne	.L16
 250              	.L15:
  87:PCA9685.c     ****                                                             bufferSize, I2C_I2C_MODE_COMPLETE_XFER)
  88:PCA9685.c     ****      /* If I2C write started without errors, 
  89:PCA9685.c     ****          * wait until I2C Master completes write transfer */
  90:PCA9685.c     ****         while (0u == (I2C_I2CMasterStatus() & I2C_I2C_MSTAT_WR_CMPLT))
 251              		.loc 1 90 0 discriminator 1
 252 001a FFF7FEFF 		bl	I2C_I2CMasterStatus
ARM GAS  C:\Users\mewin\AppData\Local\Temp\ccd8OhvF.s 			page 7


 253              	.LVL35:
 254 001e 8307     		lsls	r3, r0, #30
 255 0020 FBD5     		bpl	.L15
  91:PCA9685.c     ****         {
  92:PCA9685.c     ****         }
  93:PCA9685.c     ****         
  94:PCA9685.c     ****         /* Report transfer status */
  95:PCA9685.c     ****         if (0u == (I2C_I2CMasterStatus() & I2C_I2C_MSTAT_ERR_XFER))
 256              		.loc 1 95 0
 257 0022 FFF7FEFF 		bl	I2C_I2CMasterStatus
 258              	.LVL36:
 259 0026 8305     		lsls	r3, r0, #22
 260 0028 07D4     		bmi	.L17
  96:PCA9685.c     ****         {
  97:PCA9685.c     ****             /* Check if all bytes were written */
  98:PCA9685.c     ****             if (I2C_I2CMasterGetWriteBufSize() == bufferSize)
 261              		.loc 1 98 0
 262 002a FFF7FEFF 		bl	I2C_I2CMasterGetWriteBufSize
 263              	.LVL37:
 264 002e 0228     		cmp	r0, #2
 265 0030 05D0     		beq	.L18
  83:PCA9685.c     ****     
 266              		.loc 1 83 0
 267 0032 FF20     		movs	r0, #255
 268 0034 04E0     		b	.L14
 269              	.L16:
 270 0036 FF20     		movs	r0, #255
 271 0038 02E0     		b	.L14
 272              	.L17:
 273 003a FF20     		movs	r0, #255
 274 003c 00E0     		b	.L14
 275              	.L18:
  99:PCA9685.c     ****             {
 100:PCA9685.c     ****                 status = TRANSFER_CMPLT;
 276              		.loc 1 100 0
 277 003e 0020     		movs	r0, #0
 278              	.L14:
 279              	.LVL38:
 101:PCA9685.c     ****             }
 102:PCA9685.c     ****         }
 103:PCA9685.c     ****     }
 104:PCA9685.c     ****     
 105:PCA9685.c     ****     return status;}
 280              		.loc 1 105 0
 281              		@ sp needed
 282              	.LVL39:
 283              	.LVL40:
 284 0040 70BD     		pop	{r4, r5, r6, pc}
 285              		.cfi_endproc
 286              	.LFE40:
 287              		.size	writeBuffer, .-writeBuffer
 288 0042 C046     		.section	.text.pca_init,"ax",%progbits
 289              		.align	2
 290              		.global	pca_init
 291              		.code	16
 292              		.thumb_func
 293              		.type	pca_init, %function
ARM GAS  C:\Users\mewin\AppData\Local\Temp\ccd8OhvF.s 			page 8


 294              	pca_init:
 295              	.LFB34:
  16:PCA9685.c     ****     I2C_Start();
 296              		.loc 1 16 0
 297              		.cfi_startproc
 298              		@ args = 0, pretend = 0, frame = 16
 299              		@ frame_needed = 0, uses_anonymous_args = 0
 300 0000 10B5     		push	{r4, lr}
 301              		.cfi_def_cfa_offset 8
 302              		.cfi_offset 4, -8
 303              		.cfi_offset 14, -4
 304 0002 84B0     		sub	sp, sp, #16
 305              		.cfi_def_cfa_offset 24
  17:PCA9685.c     ****     I2C_Enable();
 306              		.loc 1 17 0
 307 0004 FFF7FEFF 		bl	I2C_Start
 308              	.LVL41:
  18:PCA9685.c     ****     
 309              		.loc 1 18 0
 310 0008 FFF7FEFF 		bl	I2C_Enable
 311              	.LVL42:
  20:PCA9685.c     ****     writeBuffer(mode_buf, PCA9685ADDY);
 312              		.loc 1 20 0
 313 000c 03A8     		add	r0, sp, #12
 314 000e 0024     		movs	r4, #0
 315 0010 0470     		strb	r4, [r0]
 316 0012 9023     		movs	r3, #144
 317 0014 4370     		strb	r3, [r0, #1]
  21:PCA9685.c     ****     
 318              		.loc 1 21 0
 319 0016 4021     		movs	r1, #64
 320 0018 FFF7FEFF 		bl	writeBuffer
 321              	.LVL43:
  23:PCA9685.c     ****     writeBuffer(freq_buf, PCA9685ADDY);
 322              		.loc 1 23 0
 323 001c 0222     		movs	r2, #2
 324 001e 0849     		ldr	r1, .L20
 325 0020 02A8     		add	r0, sp, #8
 326 0022 FFF7FEFF 		bl	memcpy
 327              	.LVL44:
  24:PCA9685.c     ****     
 328              		.loc 1 24 0
 329 0026 4021     		movs	r1, #64
 330 0028 02A8     		add	r0, sp, #8
 331 002a FFF7FEFF 		bl	writeBuffer
 332              	.LVL45:
  26:PCA9685.c     ****     writeBuffer(mode_buf2, PCA9685ADDY);
 333              		.loc 1 26 0
 334 002e 01A8     		add	r0, sp, #4
 335 0030 0470     		strb	r4, [r0]
 336 0032 8023     		movs	r3, #128
 337 0034 4370     		strb	r3, [r0, #1]
  27:PCA9685.c     **** }
 338              		.loc 1 27 0
 339 0036 4021     		movs	r1, #64
 340 0038 FFF7FEFF 		bl	writeBuffer
 341              	.LVL46:
ARM GAS  C:\Users\mewin\AppData\Local\Temp\ccd8OhvF.s 			page 9


  28:PCA9685.c     **** 
 342              		.loc 1 28 0
 343 003c 04B0     		add	sp, sp, #16
 344              		@ sp needed
 345 003e 10BD     		pop	{r4, pc}
 346              	.L21:
 347              		.align	2
 348              	.L20:
 349 0040 00000000 		.word	.LANCHOR0
 350              		.cfi_endproc
 351              	.LFE34:
 352              		.size	pca_init, .-pca_init
 353              		.section	.text.writeByte,"ax",%progbits
 354              		.align	2
 355              		.global	writeByte
 356              		.code	16
 357              		.thumb_func
 358              		.type	writeByte, %function
 359              	writeByte:
 360              	.LFB35:
  31:PCA9685.c     ****      uint8 buf[2] = {chip_register, value};
 361              		.loc 1 31 0
 362              		.cfi_startproc
 363              		@ args = 0, pretend = 0, frame = 8
 364              		@ frame_needed = 0, uses_anonymous_args = 0
 365              	.LVL47:
 366 0000 00B5     		push	{lr}
 367              		.cfi_def_cfa_offset 4
 368              		.cfi_offset 14, -4
 369 0002 83B0     		sub	sp, sp, #12
 370              		.cfi_def_cfa_offset 16
  32:PCA9685.c     ****      writeBuffer(buf, PCA9685ADDY);
 371              		.loc 1 32 0
 372 0004 01AB     		add	r3, sp, #4
 373 0006 1870     		strb	r0, [r3]
 374 0008 5970     		strb	r1, [r3, #1]
  33:PCA9685.c     **** }
 375              		.loc 1 33 0
 376 000a 4021     		movs	r1, #64
 377              	.LVL48:
 378 000c 1800     		movs	r0, r3
 379              	.LVL49:
 380 000e FFF7FEFF 		bl	writeBuffer
 381              	.LVL50:
  34:PCA9685.c     **** 
 382              		.loc 1 34 0
 383 0012 03B0     		add	sp, sp, #12
 384              		@ sp needed
 385 0014 00BD     		pop	{pc}
 386              		.cfi_endproc
 387              	.LFE35:
 388              		.size	writeByte, .-writeByte
 389 0016 C046     		.section	.text.setPWMFromBytes,"ax",%progbits
 390              		.align	2
 391              		.global	setPWMFromBytes
 392              		.code	16
 393              		.thumb_func
ARM GAS  C:\Users\mewin\AppData\Local\Temp\ccd8OhvF.s 			page 10


 394              		.type	setPWMFromBytes, %function
 395              	setPWMFromBytes:
 396              	.LFB41:
 106:PCA9685.c     **** 
 107:PCA9685.c     **** //void setPWMFromBytes(int pinN, uint8 onTimeL, uint8 onTimeH, uint8 offTimeL, uint8 offTimeH){
 108:PCA9685.c     **** //    uint8 registerNum = 0;
 109:PCA9685.c     **** //    registerNum = 0x06 + pinN * 4;
 110:PCA9685.c     **** //    uint8 buf[5] = {registerNum, onTimeL, onTimeH, offTimeL, offTimeH};
 111:PCA9685.c     **** //    writeBuffer(buf, PCA9685ADDY);
 112:PCA9685.c     **** //    
 113:PCA9685.c     **** ////    writeByte(registerNum, onTimeL);
 114:PCA9685.c     **** ////    writeByte(registerNum+1, onTimeH);
 115:PCA9685.c     **** ////    writeByte(registerNum+2, offTimeL);
 116:PCA9685.c     **** ////    writeByte(registerNum+3, offTimeH);
 117:PCA9685.c     **** //}
 118:PCA9685.c     **** void setPWMFromBytes(int pinN, uint8 onTimeL, uint8 onTimeH, uint8 offTimeL, uint8 offTimeH){
 397              		.loc 1 118 0
 398              		.cfi_startproc
 399              		@ args = 4, pretend = 0, frame = 0
 400              		@ frame_needed = 0, uses_anonymous_args = 0
 401              	.LVL51:
 402 0000 F8B5     		push	{r3, r4, r5, r6, r7, lr}
 403              		.cfi_def_cfa_offset 24
 404              		.cfi_offset 3, -24
 405              		.cfi_offset 4, -20
 406              		.cfi_offset 5, -16
 407              		.cfi_offset 6, -12
 408              		.cfi_offset 7, -8
 409              		.cfi_offset 14, -4
 410 0002 1700     		movs	r7, r2
 411 0004 1D00     		movs	r5, r3
 412 0006 06AB     		add	r3, sp, #24
 413              	.LVL52:
 414 0008 1E78     		ldrb	r6, [r3]
 415              	.LVL53:
 119:PCA9685.c     ****     uint8 registerNum = 0;
 120:PCA9685.c     ****     registerNum = 0x06 + pinN * 4;
 416              		.loc 1 120 0
 417 000a 8000     		lsls	r0, r0, #2
 418              	.LVL54:
 419 000c C4B2     		uxtb	r4, r0
 420 000e A01D     		adds	r0, r4, #6
 421 0010 C0B2     		uxtb	r0, r0
 422              	.LVL55:
 121:PCA9685.c     ****     
 122:PCA9685.c     ****     writeByte(registerNum, onTimeL);
 423              		.loc 1 122 0
 424 0012 FFF7FEFF 		bl	writeByte
 425              	.LVL56:
 123:PCA9685.c     ****     writeByte(registerNum+1, onTimeH);
 426              		.loc 1 123 0
 427 0016 E01D     		adds	r0, r4, #7
 428 0018 C0B2     		uxtb	r0, r0
 429 001a 3900     		movs	r1, r7
 430 001c FFF7FEFF 		bl	writeByte
 431              	.LVL57:
 124:PCA9685.c     ****     writeByte(registerNum+2, offTimeL);
ARM GAS  C:\Users\mewin\AppData\Local\Temp\ccd8OhvF.s 			page 11


 432              		.loc 1 124 0
 433 0020 2000     		movs	r0, r4
 434 0022 0830     		adds	r0, r0, #8
 435 0024 C0B2     		uxtb	r0, r0
 436 0026 2900     		movs	r1, r5
 437 0028 FFF7FEFF 		bl	writeByte
 438              	.LVL58:
 125:PCA9685.c     ****     writeByte(registerNum+3, offTimeH);
 439              		.loc 1 125 0
 440 002c 0934     		adds	r4, r4, #9
 441              	.LVL59:
 442 002e E0B2     		uxtb	r0, r4
 443 0030 3100     		movs	r1, r6
 444 0032 FFF7FEFF 		bl	writeByte
 445              	.LVL60:
 126:PCA9685.c     **** }
 446              		.loc 1 126 0
 447              		@ sp needed
 448              	.LVL61:
 449 0036 F8BD     		pop	{r3, r4, r5, r6, r7, pc}
 450              		.cfi_endproc
 451              	.LFE41:
 452              		.size	setPWMFromBytes, .-setPWMFromBytes
 453              		.section	.text.setPWMFromDutyCycle,"ax",%progbits
 454              		.align	2
 455              		.global	setPWMFromDutyCycle
 456              		.code	16
 457              		.thumb_func
 458              		.type	setPWMFromDutyCycle, %function
 459              	setPWMFromDutyCycle:
 460              	.LFB42:
 127:PCA9685.c     **** 
 128:PCA9685.c     **** void setPWMFromDutyCycle(int pinN, float32 dutyCycle){
 461              		.loc 1 128 0
 462              		.cfi_startproc
 463              		@ args = 0, pretend = 0, frame = 0
 464              		@ frame_needed = 0, uses_anonymous_args = 0
 465              	.LVL62:
 466 0000 70B5     		push	{r4, r5, r6, lr}
 467              		.cfi_def_cfa_offset 16
 468              		.cfi_offset 4, -16
 469              		.cfi_offset 5, -12
 470              		.cfi_offset 6, -8
 471              		.cfi_offset 14, -4
 472 0002 0D1C     		adds	r5, r1, #0
 473              	.LVL63:
 129:PCA9685.c     ****     uint8 registerNum = 0;
 130:PCA9685.c     ****     registerNum = 0x06 + pinN * 4;
 474              		.loc 1 130 0
 475 0004 8000     		lsls	r0, r0, #2
 476              	.LVL64:
 477 0006 C4B2     		uxtb	r4, r0
 478 0008 A61D     		adds	r6, r4, #6
 479 000a F6B2     		uxtb	r6, r6
 480              	.LVL65:
 131:PCA9685.c     ****        
 132:PCA9685.c     ****     writeByte(registerNum, TurnOnTimeL());
ARM GAS  C:\Users\mewin\AppData\Local\Temp\ccd8OhvF.s 			page 12


 481              		.loc 1 132 0
 482 000c FFF7FEFF 		bl	TurnOnTimeL
 483              	.LVL66:
 484 0010 0100     		movs	r1, r0
 485 0012 3000     		movs	r0, r6
 486 0014 FFF7FEFF 		bl	writeByte
 487              	.LVL67:
 133:PCA9685.c     ****     writeByte(registerNum+1, TurnOnTimeH());
 488              		.loc 1 133 0
 489 0018 FFF7FEFF 		bl	TurnOnTimeH
 490              	.LVL68:
 491 001c 0100     		movs	r1, r0
 492 001e E31D     		adds	r3, r4, #7
 493 0020 D8B2     		uxtb	r0, r3
 494 0022 FFF7FEFF 		bl	writeByte
 495              	.LVL69:
 134:PCA9685.c     ****     writeByte(registerNum+2, TurnOffTimeL(dutyCycle));
 496              		.loc 1 134 0
 497 0026 281C     		adds	r0, r5, #0
 498 0028 FFF7FEFF 		bl	TurnOffTimeL
 499              	.LVL70:
 500 002c 0100     		movs	r1, r0
 501 002e 2300     		movs	r3, r4
 502 0030 0833     		adds	r3, r3, #8
 503 0032 D8B2     		uxtb	r0, r3
 504 0034 FFF7FEFF 		bl	writeByte
 505              	.LVL71:
 135:PCA9685.c     ****     writeByte(registerNum+3, TurnOffTimeH(dutyCycle));
 506              		.loc 1 135 0
 507 0038 281C     		adds	r0, r5, #0
 508 003a FFF7FEFF 		bl	TurnOffTimeH
 509              	.LVL72:
 510 003e 0100     		movs	r1, r0
 511 0040 0934     		adds	r4, r4, #9
 512 0042 E0B2     		uxtb	r0, r4
 513 0044 FFF7FEFF 		bl	writeByte
 514              	.LVL73:
 136:PCA9685.c     **** }
 515              		.loc 1 136 0
 516              		@ sp needed
 517              	.LVL74:
 518              	.LVL75:
 519 0048 70BD     		pop	{r4, r5, r6, pc}
 520              		.cfi_endproc
 521              	.LFE42:
 522              		.size	setPWMFromDutyCycle, .-setPWMFromDutyCycle
 523 004a C046     		.section	.rodata
 524              		.align	2
 525              		.set	.LANCHOR0,. + 0
 526              	.LC0:
 527 0000 FE       		.byte	-2
 528 0001 79       		.byte	121
 529              		.text
 530              	.Letext0:
 531              		.file 2 "c:\\program files (x86)\\cypress\\psoc creator\\4.4\\psoc creator\\import\\gnu\\arm\\5.4.
 532              		.file 3 "c:\\program files (x86)\\cypress\\psoc creator\\4.4\\psoc creator\\import\\gnu\\arm\\5.4.
 533              		.file 4 "Generated_Source\\PSoC4/cytypes.h"
ARM GAS  C:\Users\mewin\AppData\Local\Temp\ccd8OhvF.s 			page 13


 534              		.file 5 "Generated_Source\\PSoC4/I2C_I2C.h"
 535              		.file 6 "Generated_Source\\PSoC4/I2C.h"
 536              		.section	.debug_info,"",%progbits
 537              	.Ldebug_info0:
 538 0000 4E050000 		.4byte	0x54e
 539 0004 0400     		.2byte	0x4
 540 0006 00000000 		.4byte	.Ldebug_abbrev0
 541 000a 04       		.byte	0x4
 542 000b 01       		.uleb128 0x1
 543 000c EB010000 		.4byte	.LASF51
 544 0010 0C       		.byte	0xc
 545 0011 7F010000 		.4byte	.LASF52
 546 0015 52000000 		.4byte	.LASF53
 547 0019 00000000 		.4byte	.Ldebug_ranges0+0
 548 001d 00000000 		.4byte	0
 549 0021 00000000 		.4byte	.Ldebug_line0
 550 0025 02       		.uleb128 0x2
 551 0026 04       		.byte	0x4
 552 0027 04       		.byte	0x4
 553 0028 F2000000 		.4byte	.LASF0
 554 002c 02       		.uleb128 0x2
 555 002d 01       		.byte	0x1
 556 002e 06       		.byte	0x6
 557 002f 05030000 		.4byte	.LASF1
 558 0033 02       		.uleb128 0x2
 559 0034 01       		.byte	0x1
 560 0035 08       		.byte	0x8
 561 0036 FD000000 		.4byte	.LASF2
 562 003a 02       		.uleb128 0x2
 563 003b 02       		.byte	0x2
 564 003c 05       		.byte	0x5
 565 003d C2020000 		.4byte	.LASF3
 566 0041 02       		.uleb128 0x2
 567 0042 02       		.byte	0x2
 568 0043 07       		.byte	0x7
 569 0044 33010000 		.4byte	.LASF4
 570 0048 02       		.uleb128 0x2
 571 0049 04       		.byte	0x4
 572 004a 05       		.byte	0x5
 573 004b 46010000 		.4byte	.LASF5
 574 004f 03       		.uleb128 0x3
 575 0050 74010000 		.4byte	.LASF10
 576 0054 02       		.byte	0x2
 577 0055 41       		.byte	0x41
 578 0056 5A000000 		.4byte	0x5a
 579 005a 02       		.uleb128 0x2
 580 005b 04       		.byte	0x4
 581 005c 07       		.byte	0x7
 582 005d 0B010000 		.4byte	.LASF6
 583 0061 02       		.uleb128 0x2
 584 0062 08       		.byte	0x8
 585 0063 05       		.byte	0x5
 586 0064 96020000 		.4byte	.LASF7
 587 0068 02       		.uleb128 0x2
 588 0069 08       		.byte	0x8
 589 006a 07       		.byte	0x7
 590 006b B5010000 		.4byte	.LASF8
ARM GAS  C:\Users\mewin\AppData\Local\Temp\ccd8OhvF.s 			page 14


 591 006f 04       		.uleb128 0x4
 592 0070 04       		.byte	0x4
 593 0071 05       		.byte	0x5
 594 0072 696E7400 		.ascii	"int\000"
 595 0076 02       		.uleb128 0x2
 596 0077 04       		.byte	0x4
 597 0078 07       		.byte	0x7
 598 0079 A0010000 		.4byte	.LASF9
 599 007d 03       		.uleb128 0x3
 600 007e DB020000 		.4byte	.LASF11
 601 0082 03       		.byte	0x3
 602 0083 30       		.byte	0x30
 603 0084 4F000000 		.4byte	0x4f
 604 0088 05       		.uleb128 0x5
 605 0089 CC020000 		.4byte	.LASF12
 606 008d 04       		.byte	0x4
 607 008e FC01     		.2byte	0x1fc
 608 0090 33000000 		.4byte	0x33
 609 0094 05       		.uleb128 0x5
 610 0095 92010000 		.4byte	.LASF13
 611 0099 04       		.byte	0x4
 612 009a FD01     		.2byte	0x1fd
 613 009c 41000000 		.4byte	0x41
 614 00a0 05       		.uleb128 0x5
 615 00a1 99010000 		.4byte	.LASF14
 616 00a5 04       		.byte	0x4
 617 00a6 FE01     		.2byte	0x1fe
 618 00a8 5A000000 		.4byte	0x5a
 619 00ac 05       		.uleb128 0x5
 620 00ad E4020000 		.4byte	.LASF15
 621 00b1 04       		.byte	0x4
 622 00b2 0202     		.2byte	0x202
 623 00b4 25000000 		.4byte	0x25
 624 00b8 02       		.uleb128 0x2
 625 00b9 08       		.byte	0x8
 626 00ba 04       		.byte	0x4
 627 00bb 11030000 		.4byte	.LASF16
 628 00bf 02       		.uleb128 0x2
 629 00c0 01       		.byte	0x1
 630 00c1 08       		.byte	0x8
 631 00c2 AD020000 		.4byte	.LASF17
 632 00c6 02       		.uleb128 0x2
 633 00c7 08       		.byte	0x8
 634 00c8 04       		.byte	0x4
 635 00c9 EC020000 		.4byte	.LASF18
 636 00cd 02       		.uleb128 0x2
 637 00ce 04       		.byte	0x4
 638 00cf 07       		.byte	0x7
 639 00d0 8D020000 		.4byte	.LASF19
 640 00d4 06       		.uleb128 0x6
 641 00d5 04       		.byte	0x4
 642 00d6 88000000 		.4byte	0x88
 643 00da 07       		.uleb128 0x7
 644 00db DF010000 		.4byte	.LASF20
 645 00df 01       		.byte	0x1
 646 00e0 26       		.byte	0x26
 647 00e1 88000000 		.4byte	0x88
ARM GAS  C:\Users\mewin\AppData\Local\Temp\ccd8OhvF.s 			page 15


 648 00e5 00000000 		.4byte	.LFB36
 649 00e9 04000000 		.4byte	.LFE36-.LFB36
 650 00ed 01       		.uleb128 0x1
 651 00ee 9C       		.byte	0x9c
 652 00ef 00010000 		.4byte	0x100
 653 00f3 08       		.uleb128 0x8
 654 00f4 CC010000 		.4byte	.LASF22
 655 00f8 01       		.byte	0x1
 656 00f9 27       		.byte	0x27
 657 00fa 6F000000 		.4byte	0x6f
 658 00fe 27       		.byte	0x27
 659 00ff 00       		.byte	0
 660 0100 07       		.uleb128 0x7
 661 0101 D2000000 		.4byte	.LASF21
 662 0105 01       		.byte	0x1
 663 0106 2E       		.byte	0x2e
 664 0107 88000000 		.4byte	0x88
 665 010b 00000000 		.4byte	.LFB37
 666 010f 04000000 		.4byte	.LFE37-.LFB37
 667 0113 01       		.uleb128 0x1
 668 0114 9C       		.byte	0x9c
 669 0115 26010000 		.4byte	0x126
 670 0119 08       		.uleb128 0x8
 671 011a CC010000 		.4byte	.LASF22
 672 011e 01       		.byte	0x1
 673 011f 2F       		.byte	0x2f
 674 0120 6F000000 		.4byte	0x6f
 675 0124 00       		.byte	0
 676 0125 00       		.byte	0
 677 0126 09       		.uleb128 0x9
 678 0127 18030000 		.4byte	.LASF24
 679 012b 01       		.byte	0x1
 680 012c 35       		.byte	0x35
 681 012d 88000000 		.4byte	0x88
 682 0131 00000000 		.4byte	.LFB38
 683 0135 58000000 		.4byte	.LFE38-.LFB38
 684 0139 01       		.uleb128 0x1
 685 013a 9C       		.byte	0x9c
 686 013b 6D010000 		.4byte	0x16d
 687 013f 0A       		.uleb128 0xa
 688 0140 1D000000 		.4byte	.LASF26
 689 0144 01       		.byte	0x1
 690 0145 35       		.byte	0x35
 691 0146 AC000000 		.4byte	0xac
 692 014a 00000000 		.4byte	.LLST0
 693 014e 0B       		.uleb128 0xb
 694 014f CC010000 		.4byte	.LASF22
 695 0153 01       		.byte	0x1
 696 0154 36       		.byte	0x36
 697 0155 6F000000 		.4byte	0x6f
 698 0159 3F000000 		.4byte	.LLST1
 699 015d 0B       		.uleb128 0xb
 700 015e AD010000 		.4byte	.LASF23
 701 0162 01       		.byte	0x1
 702 0163 37       		.byte	0x37
 703 0164 6F000000 		.4byte	0x6f
 704 0168 60000000 		.4byte	.LLST2
ARM GAS  C:\Users\mewin\AppData\Local\Temp\ccd8OhvF.s 			page 16


 705 016c 00       		.byte	0
 706 016d 09       		.uleb128 0x9
 707 016e F8020000 		.4byte	.LASF25
 708 0172 01       		.byte	0x1
 709 0173 44       		.byte	0x44
 710 0174 88000000 		.4byte	0x88
 711 0178 00000000 		.4byte	.LFB39
 712 017c 54000000 		.4byte	.LFE39-.LFB39
 713 0180 01       		.uleb128 0x1
 714 0181 9C       		.byte	0x9c
 715 0182 B4010000 		.4byte	0x1b4
 716 0186 0A       		.uleb128 0xa
 717 0187 1D000000 		.4byte	.LASF26
 718 018b 01       		.byte	0x1
 719 018c 44       		.byte	0x44
 720 018d AC000000 		.4byte	0xac
 721 0191 96000000 		.4byte	.LLST3
 722 0195 0B       		.uleb128 0xb
 723 0196 CC010000 		.4byte	.LASF22
 724 019a 01       		.byte	0x1
 725 019b 45       		.byte	0x45
 726 019c 6F000000 		.4byte	0x6f
 727 01a0 D5000000 		.4byte	.LLST4
 728 01a4 0B       		.uleb128 0xb
 729 01a5 AD010000 		.4byte	.LASF23
 730 01a9 01       		.byte	0x1
 731 01aa 46       		.byte	0x46
 732 01ab 6F000000 		.4byte	0x6f
 733 01af F6000000 		.4byte	.LLST5
 734 01b3 00       		.byte	0
 735 01b4 0C       		.uleb128 0xc
 736 01b5 3B000000 		.4byte	.LASF27
 737 01b9 01       		.byte	0x1
 738 01ba 52       		.byte	0x52
 739 01bb A0000000 		.4byte	0xa0
 740 01bf 00000000 		.4byte	.LFB40
 741 01c3 42000000 		.4byte	.LFE40-.LFB40
 742 01c7 01       		.uleb128 0x1
 743 01c8 9C       		.byte	0x9c
 744 01c9 43020000 		.4byte	0x243
 745 01cd 0A       		.uleb128 0xa
 746 01ce 65010000 		.4byte	.LASF28
 747 01d2 01       		.byte	0x1
 748 01d3 52       		.byte	0x52
 749 01d4 D4000000 		.4byte	0xd4
 750 01d8 2C010000 		.4byte	.LLST6
 751 01dc 0A       		.uleb128 0xa
 752 01dd AA000000 		.4byte	.LASF29
 753 01e1 01       		.byte	0x1
 754 01e2 52       		.byte	0x52
 755 01e3 7D000000 		.4byte	0x7d
 756 01e7 58010000 		.4byte	.LLST7
 757 01eb 0B       		.uleb128 0xb
 758 01ec B9000000 		.4byte	.LASF30
 759 01f0 01       		.byte	0x1
 760 01f1 53       		.byte	0x53
 761 01f2 A0000000 		.4byte	0xa0
ARM GAS  C:\Users\mewin\AppData\Local\Temp\ccd8OhvF.s 			page 17


 762 01f6 84010000 		.4byte	.LLST8
 763 01fa 0D       		.uleb128 0xd
 764 01fb 0A000000 		.4byte	.LVL33
 765 01ff 02050000 		.4byte	0x502
 766 0203 0E       		.uleb128 0xe
 767 0204 16000000 		.4byte	.LVL34
 768 0208 0E050000 		.4byte	0x50e
 769 020c 27020000 		.4byte	0x227
 770 0210 0F       		.uleb128 0xf
 771 0211 01       		.uleb128 0x1
 772 0212 50       		.byte	0x50
 773 0213 02       		.uleb128 0x2
 774 0214 74       		.byte	0x74
 775 0215 00       		.sleb128 0
 776 0216 0F       		.uleb128 0xf
 777 0217 01       		.uleb128 0x1
 778 0218 51       		.byte	0x51
 779 0219 02       		.uleb128 0x2
 780 021a 75       		.byte	0x75
 781 021b 00       		.sleb128 0
 782 021c 0F       		.uleb128 0xf
 783 021d 01       		.uleb128 0x1
 784 021e 52       		.byte	0x52
 785 021f 01       		.uleb128 0x1
 786 0220 32       		.byte	0x32
 787 0221 0F       		.uleb128 0xf
 788 0222 01       		.uleb128 0x1
 789 0223 53       		.byte	0x53
 790 0224 01       		.uleb128 0x1
 791 0225 30       		.byte	0x30
 792 0226 00       		.byte	0
 793 0227 0D       		.uleb128 0xd
 794 0228 1E000000 		.4byte	.LVL35
 795 022c 1A050000 		.4byte	0x51a
 796 0230 0D       		.uleb128 0xd
 797 0231 26000000 		.4byte	.LVL36
 798 0235 1A050000 		.4byte	0x51a
 799 0239 0D       		.uleb128 0xd
 800 023a 2E000000 		.4byte	.LVL37
 801 023e 26050000 		.4byte	0x526
 802 0242 00       		.byte	0
 803 0243 10       		.uleb128 0x10
 804 0244 A4020000 		.4byte	.LASF54
 805 0248 01       		.byte	0x1
 806 0249 10       		.byte	0x10
 807 024a 00000000 		.4byte	.LFB34
 808 024e 44000000 		.4byte	.LFE34-.LFB34
 809 0252 01       		.uleb128 0x1
 810 0253 9C       		.byte	0x9c
 811 0254 01030000 		.4byte	0x301
 812 0258 11       		.uleb128 0x11
 813 0259 D6010000 		.4byte	.LASF31
 814 025d 01       		.byte	0x1
 815 025e 14       		.byte	0x14
 816 025f 01030000 		.4byte	0x301
 817 0263 02       		.uleb128 0x2
 818 0264 91       		.byte	0x91
ARM GAS  C:\Users\mewin\AppData\Local\Temp\ccd8OhvF.s 			page 18


 819 0265 74       		.sleb128 -12
 820 0266 11       		.uleb128 0x11
 821 0267 89010000 		.4byte	.LASF32
 822 026b 01       		.byte	0x1
 823 026c 17       		.byte	0x17
 824 026d 01030000 		.4byte	0x301
 825 0271 02       		.uleb128 0x2
 826 0272 91       		.byte	0x91
 827 0273 70       		.sleb128 -16
 828 0274 11       		.uleb128 0x11
 829 0275 6A010000 		.4byte	.LASF33
 830 0279 01       		.byte	0x1
 831 027a 1A       		.byte	0x1a
 832 027b 01030000 		.4byte	0x301
 833 027f 02       		.uleb128 0x2
 834 0280 91       		.byte	0x91
 835 0281 6C       		.sleb128 -20
 836 0282 0D       		.uleb128 0xd
 837 0283 08000000 		.4byte	.LVL41
 838 0287 32050000 		.4byte	0x532
 839 028b 0D       		.uleb128 0xd
 840 028c 0C000000 		.4byte	.LVL42
 841 0290 3D050000 		.4byte	0x53d
 842 0294 0E       		.uleb128 0xe
 843 0295 1C000000 		.4byte	.LVL43
 844 0299 B4010000 		.4byte	0x1b4
 845 029d AE020000 		.4byte	0x2ae
 846 02a1 0F       		.uleb128 0xf
 847 02a2 01       		.uleb128 0x1
 848 02a3 50       		.byte	0x50
 849 02a4 02       		.uleb128 0x2
 850 02a5 91       		.byte	0x91
 851 02a6 74       		.sleb128 -12
 852 02a7 0F       		.uleb128 0xf
 853 02a8 01       		.uleb128 0x1
 854 02a9 51       		.byte	0x51
 855 02aa 02       		.uleb128 0x2
 856 02ab 08       		.byte	0x8
 857 02ac 40       		.byte	0x40
 858 02ad 00       		.byte	0
 859 02ae 0E       		.uleb128 0xe
 860 02af 26000000 		.4byte	.LVL44
 861 02b3 48050000 		.4byte	0x548
 862 02b7 D0020000 		.4byte	0x2d0
 863 02bb 0F       		.uleb128 0xf
 864 02bc 01       		.uleb128 0x1
 865 02bd 50       		.byte	0x50
 866 02be 02       		.uleb128 0x2
 867 02bf 91       		.byte	0x91
 868 02c0 70       		.sleb128 -16
 869 02c1 0F       		.uleb128 0xf
 870 02c2 01       		.uleb128 0x1
 871 02c3 51       		.byte	0x51
 872 02c4 05       		.uleb128 0x5
 873 02c5 03       		.byte	0x3
 874 02c6 00000000 		.4byte	.LANCHOR0
 875 02ca 0F       		.uleb128 0xf
ARM GAS  C:\Users\mewin\AppData\Local\Temp\ccd8OhvF.s 			page 19


 876 02cb 01       		.uleb128 0x1
 877 02cc 52       		.byte	0x52
 878 02cd 01       		.uleb128 0x1
 879 02ce 32       		.byte	0x32
 880 02cf 00       		.byte	0
 881 02d0 0E       		.uleb128 0xe
 882 02d1 2E000000 		.4byte	.LVL45
 883 02d5 B4010000 		.4byte	0x1b4
 884 02d9 EA020000 		.4byte	0x2ea
 885 02dd 0F       		.uleb128 0xf
 886 02de 01       		.uleb128 0x1
 887 02df 50       		.byte	0x50
 888 02e0 02       		.uleb128 0x2
 889 02e1 91       		.byte	0x91
 890 02e2 70       		.sleb128 -16
 891 02e3 0F       		.uleb128 0xf
 892 02e4 01       		.uleb128 0x1
 893 02e5 51       		.byte	0x51
 894 02e6 02       		.uleb128 0x2
 895 02e7 08       		.byte	0x8
 896 02e8 40       		.byte	0x40
 897 02e9 00       		.byte	0
 898 02ea 12       		.uleb128 0x12
 899 02eb 3C000000 		.4byte	.LVL46
 900 02ef B4010000 		.4byte	0x1b4
 901 02f3 0F       		.uleb128 0xf
 902 02f4 01       		.uleb128 0x1
 903 02f5 50       		.byte	0x50
 904 02f6 02       		.uleb128 0x2
 905 02f7 91       		.byte	0x91
 906 02f8 6C       		.sleb128 -20
 907 02f9 0F       		.uleb128 0xf
 908 02fa 01       		.uleb128 0x1
 909 02fb 51       		.byte	0x51
 910 02fc 02       		.uleb128 0x2
 911 02fd 08       		.byte	0x8
 912 02fe 40       		.byte	0x40
 913 02ff 00       		.byte	0
 914 0300 00       		.byte	0
 915 0301 13       		.uleb128 0x13
 916 0302 88000000 		.4byte	0x88
 917 0306 11030000 		.4byte	0x311
 918 030a 14       		.uleb128 0x14
 919 030b CD000000 		.4byte	0xcd
 920 030f 01       		.byte	0x1
 921 0310 00       		.byte	0
 922 0311 15       		.uleb128 0x15
 923 0312 4F010000 		.4byte	.LASF34
 924 0316 01       		.byte	0x1
 925 0317 1F       		.byte	0x1f
 926 0318 00000000 		.4byte	.LFB35
 927 031c 16000000 		.4byte	.LFE35-.LFB35
 928 0320 01       		.uleb128 0x1
 929 0321 9C       		.byte	0x9c
 930 0322 69030000 		.4byte	0x369
 931 0326 0A       		.uleb128 0xa
 932 0327 27000000 		.4byte	.LASF35
ARM GAS  C:\Users\mewin\AppData\Local\Temp\ccd8OhvF.s 			page 20


 933 032b 01       		.byte	0x1
 934 032c 1F       		.byte	0x1f
 935 032d 88000000 		.4byte	0x88
 936 0331 A4010000 		.4byte	.LLST9
 937 0335 0A       		.uleb128 0xa
 938 0336 35000000 		.4byte	.LASF36
 939 033a 01       		.byte	0x1
 940 033b 1F       		.byte	0x1f
 941 033c 88000000 		.4byte	0x88
 942 0340 D1010000 		.4byte	.LLST10
 943 0344 16       		.uleb128 0x16
 944 0345 62756600 		.ascii	"buf\000"
 945 0349 01       		.byte	0x1
 946 034a 20       		.byte	0x20
 947 034b 01030000 		.4byte	0x301
 948 034f 02       		.uleb128 0x2
 949 0350 91       		.byte	0x91
 950 0351 74       		.sleb128 -12
 951 0352 12       		.uleb128 0x12
 952 0353 12000000 		.4byte	.LVL50
 953 0357 B4010000 		.4byte	0x1b4
 954 035b 0F       		.uleb128 0xf
 955 035c 01       		.uleb128 0x1
 956 035d 50       		.byte	0x50
 957 035e 02       		.uleb128 0x2
 958 035f 91       		.byte	0x91
 959 0360 74       		.sleb128 -12
 960 0361 0F       		.uleb128 0xf
 961 0362 01       		.uleb128 0x1
 962 0363 51       		.byte	0x51
 963 0364 02       		.uleb128 0x2
 964 0365 08       		.byte	0x8
 965 0366 40       		.byte	0x40
 966 0367 00       		.byte	0
 967 0368 00       		.byte	0
 968 0369 15       		.uleb128 0x15
 969 036a 25030000 		.4byte	.LASF37
 970 036e 01       		.byte	0x1
 971 036f 76       		.byte	0x76
 972 0370 00000000 		.4byte	.LFB41
 973 0374 38000000 		.4byte	.LFE41-.LFB41
 974 0378 01       		.uleb128 0x1
 975 0379 9C       		.byte	0x9c
 976 037a 37040000 		.4byte	0x437
 977 037e 0A       		.uleb128 0xa
 978 037f F8000000 		.4byte	.LASF38
 979 0383 01       		.byte	0x1
 980 0384 76       		.byte	0x76
 981 0385 6F000000 		.4byte	0x6f
 982 0389 FE010000 		.4byte	.LLST11
 983 038d 0A       		.uleb128 0xa
 984 038e C0000000 		.4byte	.LASF39
 985 0392 01       		.byte	0x1
 986 0393 76       		.byte	0x76
 987 0394 88000000 		.4byte	0x88
 988 0398 1F020000 		.4byte	.LLST12
 989 039c 0A       		.uleb128 0xa
ARM GAS  C:\Users\mewin\AppData\Local\Temp\ccd8OhvF.s 			page 21


 990 039d A2000000 		.4byte	.LASF40
 991 03a1 01       		.byte	0x1
 992 03a2 76       		.byte	0x76
 993 03a3 88000000 		.4byte	0x88
 994 03a7 40020000 		.4byte	.LLST13
 995 03ab 0A       		.uleb128 0xa
 996 03ac D2020000 		.4byte	.LASF41
 997 03b0 01       		.byte	0x1
 998 03b1 76       		.byte	0x76
 999 03b2 88000000 		.4byte	0x88
 1000 03b6 61020000 		.4byte	.LLST14
 1001 03ba 0A       		.uleb128 0xa
 1002 03bb B9020000 		.4byte	.LASF42
 1003 03bf 01       		.byte	0x1
 1004 03c0 76       		.byte	0x76
 1005 03c1 88000000 		.4byte	0x88
 1006 03c5 82020000 		.4byte	.LLST15
 1007 03c9 0B       		.uleb128 0xb
 1008 03ca 59010000 		.4byte	.LASF43
 1009 03ce 01       		.byte	0x1
 1010 03cf 77       		.byte	0x77
 1011 03d0 88000000 		.4byte	0x88
 1012 03d4 AE020000 		.4byte	.LLST16
 1013 03d8 0E       		.uleb128 0xe
 1014 03d9 16000000 		.4byte	.LVL56
 1015 03dd 11030000 		.4byte	0x311
 1016 03e1 EC030000 		.4byte	0x3ec
 1017 03e5 0F       		.uleb128 0xf
 1018 03e6 01       		.uleb128 0x1
 1019 03e7 50       		.byte	0x50
 1020 03e8 02       		.uleb128 0x2
 1021 03e9 74       		.byte	0x74
 1022 03ea 06       		.sleb128 6
 1023 03eb 00       		.byte	0
 1024 03ec 0E       		.uleb128 0xe
 1025 03ed 20000000 		.4byte	.LVL57
 1026 03f1 11030000 		.4byte	0x311
 1027 03f5 06040000 		.4byte	0x406
 1028 03f9 0F       		.uleb128 0xf
 1029 03fa 01       		.uleb128 0x1
 1030 03fb 50       		.byte	0x50
 1031 03fc 02       		.uleb128 0x2
 1032 03fd 74       		.byte	0x74
 1033 03fe 07       		.sleb128 7
 1034 03ff 0F       		.uleb128 0xf
 1035 0400 01       		.uleb128 0x1
 1036 0401 51       		.byte	0x51
 1037 0402 02       		.uleb128 0x2
 1038 0403 77       		.byte	0x77
 1039 0404 00       		.sleb128 0
 1040 0405 00       		.byte	0
 1041 0406 0E       		.uleb128 0xe
 1042 0407 2C000000 		.4byte	.LVL58
 1043 040b 11030000 		.4byte	0x311
 1044 040f 20040000 		.4byte	0x420
 1045 0413 0F       		.uleb128 0xf
 1046 0414 01       		.uleb128 0x1
ARM GAS  C:\Users\mewin\AppData\Local\Temp\ccd8OhvF.s 			page 22


 1047 0415 50       		.byte	0x50
 1048 0416 02       		.uleb128 0x2
 1049 0417 74       		.byte	0x74
 1050 0418 08       		.sleb128 8
 1051 0419 0F       		.uleb128 0xf
 1052 041a 01       		.uleb128 0x1
 1053 041b 51       		.byte	0x51
 1054 041c 02       		.uleb128 0x2
 1055 041d 75       		.byte	0x75
 1056 041e 00       		.sleb128 0
 1057 041f 00       		.byte	0
 1058 0420 12       		.uleb128 0x12
 1059 0421 36000000 		.4byte	.LVL60
 1060 0425 11030000 		.4byte	0x311
 1061 0429 0F       		.uleb128 0xf
 1062 042a 01       		.uleb128 0x1
 1063 042b 50       		.byte	0x50
 1064 042c 02       		.uleb128 0x2
 1065 042d 74       		.byte	0x74
 1066 042e 00       		.sleb128 0
 1067 042f 0F       		.uleb128 0xf
 1068 0430 01       		.uleb128 0x1
 1069 0431 51       		.byte	0x51
 1070 0432 02       		.uleb128 0x2
 1071 0433 76       		.byte	0x76
 1072 0434 00       		.sleb128 0
 1073 0435 00       		.byte	0
 1074 0436 00       		.byte	0
 1075 0437 15       		.uleb128 0x15
 1076 0438 79020000 		.4byte	.LASF44
 1077 043c 01       		.byte	0x1
 1078 043d 80       		.byte	0x80
 1079 043e 00000000 		.4byte	.LFB42
 1080 0442 4A000000 		.4byte	.LFE42-.LFB42
 1081 0446 01       		.uleb128 0x1
 1082 0447 9C       		.byte	0x9c
 1083 0448 02050000 		.4byte	0x502
 1084 044c 0A       		.uleb128 0xa
 1085 044d F8000000 		.4byte	.LASF38
 1086 0451 01       		.byte	0x1
 1087 0452 80       		.byte	0x80
 1088 0453 6F000000 		.4byte	0x6f
 1089 0457 FC020000 		.4byte	.LLST17
 1090 045b 0A       		.uleb128 0xa
 1091 045c 1D000000 		.4byte	.LASF26
 1092 0460 01       		.byte	0x1
 1093 0461 80       		.byte	0x80
 1094 0462 AC000000 		.4byte	0xac
 1095 0466 1D030000 		.4byte	.LLST18
 1096 046a 0B       		.uleb128 0xb
 1097 046b 59010000 		.4byte	.LASF43
 1098 046f 01       		.byte	0x1
 1099 0470 81       		.byte	0x81
 1100 0471 88000000 		.4byte	0x88
 1101 0475 4B030000 		.4byte	.LLST19
 1102 0479 0D       		.uleb128 0xd
 1103 047a 10000000 		.4byte	.LVL66
ARM GAS  C:\Users\mewin\AppData\Local\Temp\ccd8OhvF.s 			page 23


 1104 047e DA000000 		.4byte	0xda
 1105 0482 0E       		.uleb128 0xe
 1106 0483 18000000 		.4byte	.LVL67
 1107 0487 11030000 		.4byte	0x311
 1108 048b 96040000 		.4byte	0x496
 1109 048f 0F       		.uleb128 0xf
 1110 0490 01       		.uleb128 0x1
 1111 0491 50       		.byte	0x50
 1112 0492 02       		.uleb128 0x2
 1113 0493 76       		.byte	0x76
 1114 0494 00       		.sleb128 0
 1115 0495 00       		.byte	0
 1116 0496 0D       		.uleb128 0xd
 1117 0497 1C000000 		.4byte	.LVL68
 1118 049b 00010000 		.4byte	0x100
 1119 049f 0E       		.uleb128 0xe
 1120 04a0 26000000 		.4byte	.LVL69
 1121 04a4 11030000 		.4byte	0x311
 1122 04a8 B3040000 		.4byte	0x4b3
 1123 04ac 0F       		.uleb128 0xf
 1124 04ad 01       		.uleb128 0x1
 1125 04ae 50       		.byte	0x50
 1126 04af 02       		.uleb128 0x2
 1127 04b0 74       		.byte	0x74
 1128 04b1 07       		.sleb128 7
 1129 04b2 00       		.byte	0
 1130 04b3 0E       		.uleb128 0xe
 1131 04b4 2C000000 		.4byte	.LVL70
 1132 04b8 26010000 		.4byte	0x126
 1133 04bc C8040000 		.4byte	0x4c8
 1134 04c0 0F       		.uleb128 0xf
 1135 04c1 01       		.uleb128 0x1
 1136 04c2 50       		.byte	0x50
 1137 04c3 03       		.uleb128 0x3
 1138 04c4 F5       		.byte	0xf5
 1139 04c5 05       		.uleb128 0x5
 1140 04c6 25       		.uleb128 0x25
 1141 04c7 00       		.byte	0
 1142 04c8 0E       		.uleb128 0xe
 1143 04c9 38000000 		.4byte	.LVL71
 1144 04cd 11030000 		.4byte	0x311
 1145 04d1 DC040000 		.4byte	0x4dc
 1146 04d5 0F       		.uleb128 0xf
 1147 04d6 01       		.uleb128 0x1
 1148 04d7 50       		.byte	0x50
 1149 04d8 02       		.uleb128 0x2
 1150 04d9 74       		.byte	0x74
 1151 04da 08       		.sleb128 8
 1152 04db 00       		.byte	0
 1153 04dc 0E       		.uleb128 0xe
 1154 04dd 3E000000 		.4byte	.LVL72
 1155 04e1 6D010000 		.4byte	0x16d
 1156 04e5 F1040000 		.4byte	0x4f1
 1157 04e9 0F       		.uleb128 0xf
 1158 04ea 01       		.uleb128 0x1
 1159 04eb 50       		.byte	0x50
 1160 04ec 03       		.uleb128 0x3
ARM GAS  C:\Users\mewin\AppData\Local\Temp\ccd8OhvF.s 			page 24


 1161 04ed F5       		.byte	0xf5
 1162 04ee 05       		.uleb128 0x5
 1163 04ef 25       		.uleb128 0x25
 1164 04f0 00       		.byte	0
 1165 04f1 12       		.uleb128 0x12
 1166 04f2 48000000 		.4byte	.LVL73
 1167 04f6 11030000 		.4byte	0x311
 1168 04fa 0F       		.uleb128 0xf
 1169 04fb 01       		.uleb128 0x1
 1170 04fc 50       		.byte	0x50
 1171 04fd 02       		.uleb128 0x2
 1172 04fe 74       		.byte	0x74
 1173 04ff 00       		.sleb128 0
 1174 0500 00       		.byte	0
 1175 0501 00       		.byte	0
 1176 0502 17       		.uleb128 0x17
 1177 0503 35030000 		.4byte	.LASF45
 1178 0507 35030000 		.4byte	.LASF45
 1179 050b 05       		.byte	0x5
 1180 050c 1001     		.2byte	0x110
 1181 050e 17       		.uleb128 0x17
 1182 050f 1D010000 		.4byte	.LASF46
 1183 0513 1D010000 		.4byte	.LASF46
 1184 0517 05       		.byte	0x5
 1185 0518 1301     		.2byte	0x113
 1186 051a 17       		.uleb128 0x17
 1187 051b DE000000 		.4byte	.LASF47
 1188 051f DE000000 		.4byte	.LASF47
 1189 0523 05       		.byte	0x5
 1190 0524 0F01     		.2byte	0x10f
 1191 0526 17       		.uleb128 0x17
 1192 0527 00000000 		.4byte	.LASF48
 1193 052b 00000000 		.4byte	.LASF48
 1194 052f 05       		.byte	0x5
 1195 0530 1601     		.2byte	0x116
 1196 0532 18       		.uleb128 0x18
 1197 0533 C8000000 		.4byte	.LASF49
 1198 0537 C8000000 		.4byte	.LASF49
 1199 053b 06       		.byte	0x6
 1200 053c 72       		.byte	0x72
 1201 053d 18       		.uleb128 0x18
 1202 053e 47000000 		.4byte	.LASF50
 1203 0542 47000000 		.4byte	.LASF50
 1204 0546 06       		.byte	0x6
 1205 0547 71       		.byte	0x71
 1206 0548 19       		.uleb128 0x19
 1207 0549 B2020000 		.4byte	.LASF55
 1208 054d B2020000 		.4byte	.LASF55
 1209 0551 00       		.byte	0
 1210              		.section	.debug_abbrev,"",%progbits
 1211              	.Ldebug_abbrev0:
 1212 0000 01       		.uleb128 0x1
 1213 0001 11       		.uleb128 0x11
 1214 0002 01       		.byte	0x1
 1215 0003 25       		.uleb128 0x25
 1216 0004 0E       		.uleb128 0xe
 1217 0005 13       		.uleb128 0x13
ARM GAS  C:\Users\mewin\AppData\Local\Temp\ccd8OhvF.s 			page 25


 1218 0006 0B       		.uleb128 0xb
 1219 0007 03       		.uleb128 0x3
 1220 0008 0E       		.uleb128 0xe
 1221 0009 1B       		.uleb128 0x1b
 1222 000a 0E       		.uleb128 0xe
 1223 000b 55       		.uleb128 0x55
 1224 000c 17       		.uleb128 0x17
 1225 000d 11       		.uleb128 0x11
 1226 000e 01       		.uleb128 0x1
 1227 000f 10       		.uleb128 0x10
 1228 0010 17       		.uleb128 0x17
 1229 0011 00       		.byte	0
 1230 0012 00       		.byte	0
 1231 0013 02       		.uleb128 0x2
 1232 0014 24       		.uleb128 0x24
 1233 0015 00       		.byte	0
 1234 0016 0B       		.uleb128 0xb
 1235 0017 0B       		.uleb128 0xb
 1236 0018 3E       		.uleb128 0x3e
 1237 0019 0B       		.uleb128 0xb
 1238 001a 03       		.uleb128 0x3
 1239 001b 0E       		.uleb128 0xe
 1240 001c 00       		.byte	0
 1241 001d 00       		.byte	0
 1242 001e 03       		.uleb128 0x3
 1243 001f 16       		.uleb128 0x16
 1244 0020 00       		.byte	0
 1245 0021 03       		.uleb128 0x3
 1246 0022 0E       		.uleb128 0xe
 1247 0023 3A       		.uleb128 0x3a
 1248 0024 0B       		.uleb128 0xb
 1249 0025 3B       		.uleb128 0x3b
 1250 0026 0B       		.uleb128 0xb
 1251 0027 49       		.uleb128 0x49
 1252 0028 13       		.uleb128 0x13
 1253 0029 00       		.byte	0
 1254 002a 00       		.byte	0
 1255 002b 04       		.uleb128 0x4
 1256 002c 24       		.uleb128 0x24
 1257 002d 00       		.byte	0
 1258 002e 0B       		.uleb128 0xb
 1259 002f 0B       		.uleb128 0xb
 1260 0030 3E       		.uleb128 0x3e
 1261 0031 0B       		.uleb128 0xb
 1262 0032 03       		.uleb128 0x3
 1263 0033 08       		.uleb128 0x8
 1264 0034 00       		.byte	0
 1265 0035 00       		.byte	0
 1266 0036 05       		.uleb128 0x5
 1267 0037 16       		.uleb128 0x16
 1268 0038 00       		.byte	0
 1269 0039 03       		.uleb128 0x3
 1270 003a 0E       		.uleb128 0xe
 1271 003b 3A       		.uleb128 0x3a
 1272 003c 0B       		.uleb128 0xb
 1273 003d 3B       		.uleb128 0x3b
 1274 003e 05       		.uleb128 0x5
ARM GAS  C:\Users\mewin\AppData\Local\Temp\ccd8OhvF.s 			page 26


 1275 003f 49       		.uleb128 0x49
 1276 0040 13       		.uleb128 0x13
 1277 0041 00       		.byte	0
 1278 0042 00       		.byte	0
 1279 0043 06       		.uleb128 0x6
 1280 0044 0F       		.uleb128 0xf
 1281 0045 00       		.byte	0
 1282 0046 0B       		.uleb128 0xb
 1283 0047 0B       		.uleb128 0xb
 1284 0048 49       		.uleb128 0x49
 1285 0049 13       		.uleb128 0x13
 1286 004a 00       		.byte	0
 1287 004b 00       		.byte	0
 1288 004c 07       		.uleb128 0x7
 1289 004d 2E       		.uleb128 0x2e
 1290 004e 01       		.byte	0x1
 1291 004f 3F       		.uleb128 0x3f
 1292 0050 19       		.uleb128 0x19
 1293 0051 03       		.uleb128 0x3
 1294 0052 0E       		.uleb128 0xe
 1295 0053 3A       		.uleb128 0x3a
 1296 0054 0B       		.uleb128 0xb
 1297 0055 3B       		.uleb128 0x3b
 1298 0056 0B       		.uleb128 0xb
 1299 0057 49       		.uleb128 0x49
 1300 0058 13       		.uleb128 0x13
 1301 0059 11       		.uleb128 0x11
 1302 005a 01       		.uleb128 0x1
 1303 005b 12       		.uleb128 0x12
 1304 005c 06       		.uleb128 0x6
 1305 005d 40       		.uleb128 0x40
 1306 005e 18       		.uleb128 0x18
 1307 005f 9742     		.uleb128 0x2117
 1308 0061 19       		.uleb128 0x19
 1309 0062 01       		.uleb128 0x1
 1310 0063 13       		.uleb128 0x13
 1311 0064 00       		.byte	0
 1312 0065 00       		.byte	0
 1313 0066 08       		.uleb128 0x8
 1314 0067 34       		.uleb128 0x34
 1315 0068 00       		.byte	0
 1316 0069 03       		.uleb128 0x3
 1317 006a 0E       		.uleb128 0xe
 1318 006b 3A       		.uleb128 0x3a
 1319 006c 0B       		.uleb128 0xb
 1320 006d 3B       		.uleb128 0x3b
 1321 006e 0B       		.uleb128 0xb
 1322 006f 49       		.uleb128 0x49
 1323 0070 13       		.uleb128 0x13
 1324 0071 1C       		.uleb128 0x1c
 1325 0072 0B       		.uleb128 0xb
 1326 0073 00       		.byte	0
 1327 0074 00       		.byte	0
 1328 0075 09       		.uleb128 0x9
 1329 0076 2E       		.uleb128 0x2e
 1330 0077 01       		.byte	0x1
 1331 0078 3F       		.uleb128 0x3f
ARM GAS  C:\Users\mewin\AppData\Local\Temp\ccd8OhvF.s 			page 27


 1332 0079 19       		.uleb128 0x19
 1333 007a 03       		.uleb128 0x3
 1334 007b 0E       		.uleb128 0xe
 1335 007c 3A       		.uleb128 0x3a
 1336 007d 0B       		.uleb128 0xb
 1337 007e 3B       		.uleb128 0x3b
 1338 007f 0B       		.uleb128 0xb
 1339 0080 27       		.uleb128 0x27
 1340 0081 19       		.uleb128 0x19
 1341 0082 49       		.uleb128 0x49
 1342 0083 13       		.uleb128 0x13
 1343 0084 11       		.uleb128 0x11
 1344 0085 01       		.uleb128 0x1
 1345 0086 12       		.uleb128 0x12
 1346 0087 06       		.uleb128 0x6
 1347 0088 40       		.uleb128 0x40
 1348 0089 18       		.uleb128 0x18
 1349 008a 9642     		.uleb128 0x2116
 1350 008c 19       		.uleb128 0x19
 1351 008d 01       		.uleb128 0x1
 1352 008e 13       		.uleb128 0x13
 1353 008f 00       		.byte	0
 1354 0090 00       		.byte	0
 1355 0091 0A       		.uleb128 0xa
 1356 0092 05       		.uleb128 0x5
 1357 0093 00       		.byte	0
 1358 0094 03       		.uleb128 0x3
 1359 0095 0E       		.uleb128 0xe
 1360 0096 3A       		.uleb128 0x3a
 1361 0097 0B       		.uleb128 0xb
 1362 0098 3B       		.uleb128 0x3b
 1363 0099 0B       		.uleb128 0xb
 1364 009a 49       		.uleb128 0x49
 1365 009b 13       		.uleb128 0x13
 1366 009c 02       		.uleb128 0x2
 1367 009d 17       		.uleb128 0x17
 1368 009e 00       		.byte	0
 1369 009f 00       		.byte	0
 1370 00a0 0B       		.uleb128 0xb
 1371 00a1 34       		.uleb128 0x34
 1372 00a2 00       		.byte	0
 1373 00a3 03       		.uleb128 0x3
 1374 00a4 0E       		.uleb128 0xe
 1375 00a5 3A       		.uleb128 0x3a
 1376 00a6 0B       		.uleb128 0xb
 1377 00a7 3B       		.uleb128 0x3b
 1378 00a8 0B       		.uleb128 0xb
 1379 00a9 49       		.uleb128 0x49
 1380 00aa 13       		.uleb128 0x13
 1381 00ab 02       		.uleb128 0x2
 1382 00ac 17       		.uleb128 0x17
 1383 00ad 00       		.byte	0
 1384 00ae 00       		.byte	0
 1385 00af 0C       		.uleb128 0xc
 1386 00b0 2E       		.uleb128 0x2e
 1387 00b1 01       		.byte	0x1
 1388 00b2 3F       		.uleb128 0x3f
ARM GAS  C:\Users\mewin\AppData\Local\Temp\ccd8OhvF.s 			page 28


 1389 00b3 19       		.uleb128 0x19
 1390 00b4 03       		.uleb128 0x3
 1391 00b5 0E       		.uleb128 0xe
 1392 00b6 3A       		.uleb128 0x3a
 1393 00b7 0B       		.uleb128 0xb
 1394 00b8 3B       		.uleb128 0x3b
 1395 00b9 0B       		.uleb128 0xb
 1396 00ba 27       		.uleb128 0x27
 1397 00bb 19       		.uleb128 0x19
 1398 00bc 49       		.uleb128 0x49
 1399 00bd 13       		.uleb128 0x13
 1400 00be 11       		.uleb128 0x11
 1401 00bf 01       		.uleb128 0x1
 1402 00c0 12       		.uleb128 0x12
 1403 00c1 06       		.uleb128 0x6
 1404 00c2 40       		.uleb128 0x40
 1405 00c3 18       		.uleb128 0x18
 1406 00c4 9742     		.uleb128 0x2117
 1407 00c6 19       		.uleb128 0x19
 1408 00c7 01       		.uleb128 0x1
 1409 00c8 13       		.uleb128 0x13
 1410 00c9 00       		.byte	0
 1411 00ca 00       		.byte	0
 1412 00cb 0D       		.uleb128 0xd
 1413 00cc 898201   		.uleb128 0x4109
 1414 00cf 00       		.byte	0
 1415 00d0 11       		.uleb128 0x11
 1416 00d1 01       		.uleb128 0x1
 1417 00d2 31       		.uleb128 0x31
 1418 00d3 13       		.uleb128 0x13
 1419 00d4 00       		.byte	0
 1420 00d5 00       		.byte	0
 1421 00d6 0E       		.uleb128 0xe
 1422 00d7 898201   		.uleb128 0x4109
 1423 00da 01       		.byte	0x1
 1424 00db 11       		.uleb128 0x11
 1425 00dc 01       		.uleb128 0x1
 1426 00dd 31       		.uleb128 0x31
 1427 00de 13       		.uleb128 0x13
 1428 00df 01       		.uleb128 0x1
 1429 00e0 13       		.uleb128 0x13
 1430 00e1 00       		.byte	0
 1431 00e2 00       		.byte	0
 1432 00e3 0F       		.uleb128 0xf
 1433 00e4 8A8201   		.uleb128 0x410a
 1434 00e7 00       		.byte	0
 1435 00e8 02       		.uleb128 0x2
 1436 00e9 18       		.uleb128 0x18
 1437 00ea 9142     		.uleb128 0x2111
 1438 00ec 18       		.uleb128 0x18
 1439 00ed 00       		.byte	0
 1440 00ee 00       		.byte	0
 1441 00ef 10       		.uleb128 0x10
 1442 00f0 2E       		.uleb128 0x2e
 1443 00f1 01       		.byte	0x1
 1444 00f2 3F       		.uleb128 0x3f
 1445 00f3 19       		.uleb128 0x19
ARM GAS  C:\Users\mewin\AppData\Local\Temp\ccd8OhvF.s 			page 29


 1446 00f4 03       		.uleb128 0x3
 1447 00f5 0E       		.uleb128 0xe
 1448 00f6 3A       		.uleb128 0x3a
 1449 00f7 0B       		.uleb128 0xb
 1450 00f8 3B       		.uleb128 0x3b
 1451 00f9 0B       		.uleb128 0xb
 1452 00fa 11       		.uleb128 0x11
 1453 00fb 01       		.uleb128 0x1
 1454 00fc 12       		.uleb128 0x12
 1455 00fd 06       		.uleb128 0x6
 1456 00fe 40       		.uleb128 0x40
 1457 00ff 18       		.uleb128 0x18
 1458 0100 9742     		.uleb128 0x2117
 1459 0102 19       		.uleb128 0x19
 1460 0103 01       		.uleb128 0x1
 1461 0104 13       		.uleb128 0x13
 1462 0105 00       		.byte	0
 1463 0106 00       		.byte	0
 1464 0107 11       		.uleb128 0x11
 1465 0108 34       		.uleb128 0x34
 1466 0109 00       		.byte	0
 1467 010a 03       		.uleb128 0x3
 1468 010b 0E       		.uleb128 0xe
 1469 010c 3A       		.uleb128 0x3a
 1470 010d 0B       		.uleb128 0xb
 1471 010e 3B       		.uleb128 0x3b
 1472 010f 0B       		.uleb128 0xb
 1473 0110 49       		.uleb128 0x49
 1474 0111 13       		.uleb128 0x13
 1475 0112 02       		.uleb128 0x2
 1476 0113 18       		.uleb128 0x18
 1477 0114 00       		.byte	0
 1478 0115 00       		.byte	0
 1479 0116 12       		.uleb128 0x12
 1480 0117 898201   		.uleb128 0x4109
 1481 011a 01       		.byte	0x1
 1482 011b 11       		.uleb128 0x11
 1483 011c 01       		.uleb128 0x1
 1484 011d 31       		.uleb128 0x31
 1485 011e 13       		.uleb128 0x13
 1486 011f 00       		.byte	0
 1487 0120 00       		.byte	0
 1488 0121 13       		.uleb128 0x13
 1489 0122 01       		.uleb128 0x1
 1490 0123 01       		.byte	0x1
 1491 0124 49       		.uleb128 0x49
 1492 0125 13       		.uleb128 0x13
 1493 0126 01       		.uleb128 0x1
 1494 0127 13       		.uleb128 0x13
 1495 0128 00       		.byte	0
 1496 0129 00       		.byte	0
 1497 012a 14       		.uleb128 0x14
 1498 012b 21       		.uleb128 0x21
 1499 012c 00       		.byte	0
 1500 012d 49       		.uleb128 0x49
 1501 012e 13       		.uleb128 0x13
 1502 012f 2F       		.uleb128 0x2f
ARM GAS  C:\Users\mewin\AppData\Local\Temp\ccd8OhvF.s 			page 30


 1503 0130 0B       		.uleb128 0xb
 1504 0131 00       		.byte	0
 1505 0132 00       		.byte	0
 1506 0133 15       		.uleb128 0x15
 1507 0134 2E       		.uleb128 0x2e
 1508 0135 01       		.byte	0x1
 1509 0136 3F       		.uleb128 0x3f
 1510 0137 19       		.uleb128 0x19
 1511 0138 03       		.uleb128 0x3
 1512 0139 0E       		.uleb128 0xe
 1513 013a 3A       		.uleb128 0x3a
 1514 013b 0B       		.uleb128 0xb
 1515 013c 3B       		.uleb128 0x3b
 1516 013d 0B       		.uleb128 0xb
 1517 013e 27       		.uleb128 0x27
 1518 013f 19       		.uleb128 0x19
 1519 0140 11       		.uleb128 0x11
 1520 0141 01       		.uleb128 0x1
 1521 0142 12       		.uleb128 0x12
 1522 0143 06       		.uleb128 0x6
 1523 0144 40       		.uleb128 0x40
 1524 0145 18       		.uleb128 0x18
 1525 0146 9742     		.uleb128 0x2117
 1526 0148 19       		.uleb128 0x19
 1527 0149 01       		.uleb128 0x1
 1528 014a 13       		.uleb128 0x13
 1529 014b 00       		.byte	0
 1530 014c 00       		.byte	0
 1531 014d 16       		.uleb128 0x16
 1532 014e 34       		.uleb128 0x34
 1533 014f 00       		.byte	0
 1534 0150 03       		.uleb128 0x3
 1535 0151 08       		.uleb128 0x8
 1536 0152 3A       		.uleb128 0x3a
 1537 0153 0B       		.uleb128 0xb
 1538 0154 3B       		.uleb128 0x3b
 1539 0155 0B       		.uleb128 0xb
 1540 0156 49       		.uleb128 0x49
 1541 0157 13       		.uleb128 0x13
 1542 0158 02       		.uleb128 0x2
 1543 0159 18       		.uleb128 0x18
 1544 015a 00       		.byte	0
 1545 015b 00       		.byte	0
 1546 015c 17       		.uleb128 0x17
 1547 015d 2E       		.uleb128 0x2e
 1548 015e 00       		.byte	0
 1549 015f 3F       		.uleb128 0x3f
 1550 0160 19       		.uleb128 0x19
 1551 0161 3C       		.uleb128 0x3c
 1552 0162 19       		.uleb128 0x19
 1553 0163 6E       		.uleb128 0x6e
 1554 0164 0E       		.uleb128 0xe
 1555 0165 03       		.uleb128 0x3
 1556 0166 0E       		.uleb128 0xe
 1557 0167 3A       		.uleb128 0x3a
 1558 0168 0B       		.uleb128 0xb
 1559 0169 3B       		.uleb128 0x3b
ARM GAS  C:\Users\mewin\AppData\Local\Temp\ccd8OhvF.s 			page 31


 1560 016a 05       		.uleb128 0x5
 1561 016b 00       		.byte	0
 1562 016c 00       		.byte	0
 1563 016d 18       		.uleb128 0x18
 1564 016e 2E       		.uleb128 0x2e
 1565 016f 00       		.byte	0
 1566 0170 3F       		.uleb128 0x3f
 1567 0171 19       		.uleb128 0x19
 1568 0172 3C       		.uleb128 0x3c
 1569 0173 19       		.uleb128 0x19
 1570 0174 6E       		.uleb128 0x6e
 1571 0175 0E       		.uleb128 0xe
 1572 0176 03       		.uleb128 0x3
 1573 0177 0E       		.uleb128 0xe
 1574 0178 3A       		.uleb128 0x3a
 1575 0179 0B       		.uleb128 0xb
 1576 017a 3B       		.uleb128 0x3b
 1577 017b 0B       		.uleb128 0xb
 1578 017c 00       		.byte	0
 1579 017d 00       		.byte	0
 1580 017e 19       		.uleb128 0x19
 1581 017f 2E       		.uleb128 0x2e
 1582 0180 00       		.byte	0
 1583 0181 3F       		.uleb128 0x3f
 1584 0182 19       		.uleb128 0x19
 1585 0183 3C       		.uleb128 0x3c
 1586 0184 19       		.uleb128 0x19
 1587 0185 6E       		.uleb128 0x6e
 1588 0186 0E       		.uleb128 0xe
 1589 0187 03       		.uleb128 0x3
 1590 0188 0E       		.uleb128 0xe
 1591 0189 00       		.byte	0
 1592 018a 00       		.byte	0
 1593 018b 00       		.byte	0
 1594              		.section	.debug_loc,"",%progbits
 1595              	.Ldebug_loc0:
 1596              	.LLST0:
 1597 0000 00000000 		.4byte	.LVL2
 1598 0004 07000000 		.4byte	.LVL4-1
 1599 0008 0100     		.2byte	0x1
 1600 000a 50       		.byte	0x50
 1601 000b 07000000 		.4byte	.LVL4-1
 1602 000f 1C000000 		.4byte	.LVL7
 1603 0013 0100     		.2byte	0x1
 1604 0015 54       		.byte	0x54
 1605 0016 1C000000 		.4byte	.LVL7
 1606 001a 21000000 		.4byte	.LVL8-1
 1607 001e 0100     		.2byte	0x1
 1608 0020 50       		.byte	0x50
 1609 0021 28000000 		.4byte	.LVL10
 1610 0025 36000000 		.4byte	.LVL12
 1611 0029 0100     		.2byte	0x1
 1612 002b 54       		.byte	0x54
 1613 002c 36000000 		.4byte	.LVL12
 1614 0030 3B000000 		.4byte	.LVL13-1
 1615 0034 0100     		.2byte	0x1
 1616 0036 50       		.byte	0x50
ARM GAS  C:\Users\mewin\AppData\Local\Temp\ccd8OhvF.s 			page 32


 1617 0037 00000000 		.4byte	0
 1618 003b 00000000 		.4byte	0
 1619              	.LLST1:
 1620 003f 04000000 		.4byte	.LVL3
 1621 0043 0E000000 		.4byte	.LVL5
 1622 0047 0200     		.2byte	0x2
 1623 0049 31       		.byte	0x31
 1624 004a 9F       		.byte	0x9f
 1625 004b 0E000000 		.4byte	.LVL5
 1626 004f 58000000 		.4byte	.LFE38
 1627 0053 0300     		.2byte	0x3
 1628 0055 08       		.byte	0x8
 1629 0056 27       		.byte	0x27
 1630 0057 9F       		.byte	0x9f
 1631 0058 00000000 		.4byte	0
 1632 005c 00000000 		.4byte	0
 1633              	.LLST2:
 1634 0060 04000000 		.4byte	.LVL3
 1635 0064 26000000 		.4byte	.LVL9
 1636 0068 0200     		.2byte	0x2
 1637 006a 30       		.byte	0x30
 1638 006b 9F       		.byte	0x9f
 1639 006c 26000000 		.4byte	.LVL9
 1640 0070 28000000 		.4byte	.LVL10
 1641 0074 0100     		.2byte	0x1
 1642 0076 50       		.byte	0x50
 1643 0077 28000000 		.4byte	.LVL10
 1644 007b 48000000 		.4byte	.LVL15
 1645 007f 0200     		.2byte	0x2
 1646 0081 30       		.byte	0x30
 1647 0082 9F       		.byte	0x9f
 1648 0083 48000000 		.4byte	.LVL15
 1649 0087 4A000000 		.4byte	.LVL16
 1650 008b 0100     		.2byte	0x1
 1651 008d 50       		.byte	0x50
 1652 008e 00000000 		.4byte	0
 1653 0092 00000000 		.4byte	0
 1654              	.LLST3:
 1655 0096 00000000 		.4byte	.LVL17
 1656 009a 07000000 		.4byte	.LVL19-1
 1657 009e 0100     		.2byte	0x1
 1658 00a0 50       		.byte	0x50
 1659 00a1 07000000 		.4byte	.LVL19-1
 1660 00a5 1C000000 		.4byte	.LVL22
 1661 00a9 0100     		.2byte	0x1
 1662 00ab 54       		.byte	0x54
 1663 00ac 1C000000 		.4byte	.LVL22
 1664 00b0 21000000 		.4byte	.LVL23-1
 1665 00b4 0100     		.2byte	0x1
 1666 00b6 50       		.byte	0x50
 1667 00b7 28000000 		.4byte	.LVL25
 1668 00bb 36000000 		.4byte	.LVL27
 1669 00bf 0100     		.2byte	0x1
 1670 00c1 54       		.byte	0x54
 1671 00c2 36000000 		.4byte	.LVL27
 1672 00c6 3B000000 		.4byte	.LVL28-1
 1673 00ca 0100     		.2byte	0x1
ARM GAS  C:\Users\mewin\AppData\Local\Temp\ccd8OhvF.s 			page 33


 1674 00cc 50       		.byte	0x50
 1675 00cd 00000000 		.4byte	0
 1676 00d1 00000000 		.4byte	0
 1677              	.LLST4:
 1678 00d5 04000000 		.4byte	.LVL18
 1679 00d9 0E000000 		.4byte	.LVL20
 1680 00dd 0200     		.2byte	0x2
 1681 00df 31       		.byte	0x31
 1682 00e0 9F       		.byte	0x9f
 1683 00e1 0E000000 		.4byte	.LVL20
 1684 00e5 54000000 		.4byte	.LFE39
 1685 00e9 0300     		.2byte	0x3
 1686 00eb 08       		.byte	0x8
 1687 00ec 27       		.byte	0x27
 1688 00ed 9F       		.byte	0x9f
 1689 00ee 00000000 		.4byte	0
 1690 00f2 00000000 		.4byte	0
 1691              	.LLST5:
 1692 00f6 04000000 		.4byte	.LVL18
 1693 00fa 26000000 		.4byte	.LVL24
 1694 00fe 0200     		.2byte	0x2
 1695 0100 30       		.byte	0x30
 1696 0101 9F       		.byte	0x9f
 1697 0102 26000000 		.4byte	.LVL24
 1698 0106 28000000 		.4byte	.LVL25
 1699 010a 0100     		.2byte	0x1
 1700 010c 50       		.byte	0x50
 1701 010d 28000000 		.4byte	.LVL25
 1702 0111 40000000 		.4byte	.LVL29
 1703 0115 0200     		.2byte	0x2
 1704 0117 30       		.byte	0x30
 1705 0118 9F       		.byte	0x9f
 1706 0119 40000000 		.4byte	.LVL29
 1707 011d 42000000 		.4byte	.LVL30
 1708 0121 0100     		.2byte	0x1
 1709 0123 50       		.byte	0x50
 1710 0124 00000000 		.4byte	0
 1711 0128 00000000 		.4byte	0
 1712              	.LLST6:
 1713 012c 00000000 		.4byte	.LVL31
 1714 0130 09000000 		.4byte	.LVL33-1
 1715 0134 0100     		.2byte	0x1
 1716 0136 50       		.byte	0x50
 1717 0137 09000000 		.4byte	.LVL33-1
 1718 013b 40000000 		.4byte	.LVL40
 1719 013f 0100     		.2byte	0x1
 1720 0141 55       		.byte	0x55
 1721 0142 40000000 		.4byte	.LVL40
 1722 0146 42000000 		.4byte	.LFE40
 1723 014a 0400     		.2byte	0x4
 1724 014c F3       		.byte	0xf3
 1725 014d 01       		.uleb128 0x1
 1726 014e 50       		.byte	0x50
 1727 014f 9F       		.byte	0x9f
 1728 0150 00000000 		.4byte	0
 1729 0154 00000000 		.4byte	0
 1730              	.LLST7:
ARM GAS  C:\Users\mewin\AppData\Local\Temp\ccd8OhvF.s 			page 34


 1731 0158 00000000 		.4byte	.LVL31
 1732 015c 09000000 		.4byte	.LVL33-1
 1733 0160 0100     		.2byte	0x1
 1734 0162 51       		.byte	0x51
 1735 0163 09000000 		.4byte	.LVL33-1
 1736 0167 40000000 		.4byte	.LVL39
 1737 016b 0100     		.2byte	0x1
 1738 016d 54       		.byte	0x54
 1739 016e 40000000 		.4byte	.LVL39
 1740 0172 42000000 		.4byte	.LFE40
 1741 0176 0400     		.2byte	0x4
 1742 0178 F3       		.byte	0xf3
 1743 0179 01       		.uleb128 0x1
 1744 017a 51       		.byte	0x51
 1745 017b 9F       		.byte	0x9f
 1746 017c 00000000 		.4byte	0
 1747 0180 00000000 		.4byte	0
 1748              	.LLST8:
 1749 0184 06000000 		.4byte	.LVL32
 1750 0188 40000000 		.4byte	.LVL38
 1751 018c 0300     		.2byte	0x3
 1752 018e 08       		.byte	0x8
 1753 018f FF       		.byte	0xff
 1754 0190 9F       		.byte	0x9f
 1755 0191 40000000 		.4byte	.LVL38
 1756 0195 42000000 		.4byte	.LFE40
 1757 0199 0100     		.2byte	0x1
 1758 019b 50       		.byte	0x50
 1759 019c 00000000 		.4byte	0
 1760 01a0 00000000 		.4byte	0
 1761              	.LLST9:
 1762 01a4 00000000 		.4byte	.LVL47
 1763 01a8 0E000000 		.4byte	.LVL49
 1764 01ac 0100     		.2byte	0x1
 1765 01ae 50       		.byte	0x50
 1766 01af 0E000000 		.4byte	.LVL49
 1767 01b3 11000000 		.4byte	.LVL50-1
 1768 01b7 0200     		.2byte	0x2
 1769 01b9 73       		.byte	0x73
 1770 01ba 00       		.sleb128 0
 1771 01bb 11000000 		.4byte	.LVL50-1
 1772 01bf 16000000 		.4byte	.LFE35
 1773 01c3 0400     		.2byte	0x4
 1774 01c5 F3       		.byte	0xf3
 1775 01c6 01       		.uleb128 0x1
 1776 01c7 50       		.byte	0x50
 1777 01c8 9F       		.byte	0x9f
 1778 01c9 00000000 		.4byte	0
 1779 01cd 00000000 		.4byte	0
 1780              	.LLST10:
 1781 01d1 00000000 		.4byte	.LVL47
 1782 01d5 0C000000 		.4byte	.LVL48
 1783 01d9 0100     		.2byte	0x1
 1784 01db 51       		.byte	0x51
 1785 01dc 0C000000 		.4byte	.LVL48
 1786 01e0 11000000 		.4byte	.LVL50-1
 1787 01e4 0200     		.2byte	0x2
ARM GAS  C:\Users\mewin\AppData\Local\Temp\ccd8OhvF.s 			page 35


 1788 01e6 73       		.byte	0x73
 1789 01e7 01       		.sleb128 1
 1790 01e8 11000000 		.4byte	.LVL50-1
 1791 01ec 16000000 		.4byte	.LFE35
 1792 01f0 0400     		.2byte	0x4
 1793 01f2 F3       		.byte	0xf3
 1794 01f3 01       		.uleb128 0x1
 1795 01f4 51       		.byte	0x51
 1796 01f5 9F       		.byte	0x9f
 1797 01f6 00000000 		.4byte	0
 1798 01fa 00000000 		.4byte	0
 1799              	.LLST11:
 1800 01fe 00000000 		.4byte	.LVL51
 1801 0202 0C000000 		.4byte	.LVL54
 1802 0206 0100     		.2byte	0x1
 1803 0208 50       		.byte	0x50
 1804 0209 0C000000 		.4byte	.LVL54
 1805 020d 38000000 		.4byte	.LFE41
 1806 0211 0400     		.2byte	0x4
 1807 0213 F3       		.byte	0xf3
 1808 0214 01       		.uleb128 0x1
 1809 0215 50       		.byte	0x50
 1810 0216 9F       		.byte	0x9f
 1811 0217 00000000 		.4byte	0
 1812 021b 00000000 		.4byte	0
 1813              	.LLST12:
 1814 021f 00000000 		.4byte	.LVL51
 1815 0223 15000000 		.4byte	.LVL56-1
 1816 0227 0100     		.2byte	0x1
 1817 0229 51       		.byte	0x51
 1818 022a 15000000 		.4byte	.LVL56-1
 1819 022e 38000000 		.4byte	.LFE41
 1820 0232 0400     		.2byte	0x4
 1821 0234 F3       		.byte	0xf3
 1822 0235 01       		.uleb128 0x1
 1823 0236 51       		.byte	0x51
 1824 0237 9F       		.byte	0x9f
 1825 0238 00000000 		.4byte	0
 1826 023c 00000000 		.4byte	0
 1827              	.LLST13:
 1828 0240 00000000 		.4byte	.LVL51
 1829 0244 15000000 		.4byte	.LVL56-1
 1830 0248 0100     		.2byte	0x1
 1831 024a 52       		.byte	0x52
 1832 024b 15000000 		.4byte	.LVL56-1
 1833 024f 38000000 		.4byte	.LFE41
 1834 0253 0400     		.2byte	0x4
 1835 0255 F3       		.byte	0xf3
 1836 0256 01       		.uleb128 0x1
 1837 0257 52       		.byte	0x52
 1838 0258 9F       		.byte	0x9f
 1839 0259 00000000 		.4byte	0
 1840 025d 00000000 		.4byte	0
 1841              	.LLST14:
 1842 0261 00000000 		.4byte	.LVL51
 1843 0265 08000000 		.4byte	.LVL52
 1844 0269 0100     		.2byte	0x1
ARM GAS  C:\Users\mewin\AppData\Local\Temp\ccd8OhvF.s 			page 36


 1845 026b 53       		.byte	0x53
 1846 026c 08000000 		.4byte	.LVL52
 1847 0270 38000000 		.4byte	.LFE41
 1848 0274 0400     		.2byte	0x4
 1849 0276 F3       		.byte	0xf3
 1850 0277 01       		.uleb128 0x1
 1851 0278 53       		.byte	0x53
 1852 0279 9F       		.byte	0x9f
 1853 027a 00000000 		.4byte	0
 1854 027e 00000000 		.4byte	0
 1855              	.LLST15:
 1856 0282 00000000 		.4byte	.LVL51
 1857 0286 08000000 		.4byte	.LVL52
 1858 028a 0200     		.2byte	0x2
 1859 028c 91       		.byte	0x91
 1860 028d 00       		.sleb128 0
 1861 028e 08000000 		.4byte	.LVL52
 1862 0292 15000000 		.4byte	.LVL56-1
 1863 0296 0200     		.2byte	0x2
 1864 0298 73       		.byte	0x73
 1865 0299 00       		.sleb128 0
 1866 029a 15000000 		.4byte	.LVL56-1
 1867 029e 38000000 		.4byte	.LFE41
 1868 02a2 0200     		.2byte	0x2
 1869 02a4 91       		.byte	0x91
 1870 02a5 00       		.sleb128 0
 1871 02a6 00000000 		.4byte	0
 1872 02aa 00000000 		.4byte	0
 1873              	.LLST16:
 1874 02ae 0A000000 		.4byte	.LVL53
 1875 02b2 12000000 		.4byte	.LVL55
 1876 02b6 0200     		.2byte	0x2
 1877 02b8 30       		.byte	0x30
 1878 02b9 9F       		.byte	0x9f
 1879 02ba 12000000 		.4byte	.LVL55
 1880 02be 15000000 		.4byte	.LVL56-1
 1881 02c2 0100     		.2byte	0x1
 1882 02c4 50       		.byte	0x50
 1883 02c5 15000000 		.4byte	.LVL56-1
 1884 02c9 2E000000 		.4byte	.LVL59
 1885 02cd 0300     		.2byte	0x3
 1886 02cf 74       		.byte	0x74
 1887 02d0 06       		.sleb128 6
 1888 02d1 9F       		.byte	0x9f
 1889 02d2 2E000000 		.4byte	.LVL59
 1890 02d6 36000000 		.4byte	.LVL61
 1891 02da 0300     		.2byte	0x3
 1892 02dc 74       		.byte	0x74
 1893 02dd 7D       		.sleb128 -3
 1894 02de 9F       		.byte	0x9f
 1895 02df 36000000 		.4byte	.LVL61
 1896 02e3 38000000 		.4byte	.LFE41
 1897 02e7 0B00     		.2byte	0xb
 1898 02e9 F3       		.byte	0xf3
 1899 02ea 01       		.uleb128 0x1
 1900 02eb 50       		.byte	0x50
 1901 02ec 32       		.byte	0x32
ARM GAS  C:\Users\mewin\AppData\Local\Temp\ccd8OhvF.s 			page 37


 1902 02ed 24       		.byte	0x24
 1903 02ee 08       		.byte	0x8
 1904 02ef FF       		.byte	0xff
 1905 02f0 1A       		.byte	0x1a
 1906 02f1 23       		.byte	0x23
 1907 02f2 06       		.uleb128 0x6
 1908 02f3 9F       		.byte	0x9f
 1909 02f4 00000000 		.4byte	0
 1910 02f8 00000000 		.4byte	0
 1911              	.LLST17:
 1912 02fc 00000000 		.4byte	.LVL62
 1913 0300 06000000 		.4byte	.LVL64
 1914 0304 0100     		.2byte	0x1
 1915 0306 50       		.byte	0x50
 1916 0307 06000000 		.4byte	.LVL64
 1917 030b 4A000000 		.4byte	.LFE42
 1918 030f 0400     		.2byte	0x4
 1919 0311 F3       		.byte	0xf3
 1920 0312 01       		.uleb128 0x1
 1921 0313 50       		.byte	0x50
 1922 0314 9F       		.byte	0x9f
 1923 0315 00000000 		.4byte	0
 1924 0319 00000000 		.4byte	0
 1925              	.LLST18:
 1926 031d 00000000 		.4byte	.LVL62
 1927 0321 0F000000 		.4byte	.LVL66-1
 1928 0325 0100     		.2byte	0x1
 1929 0327 51       		.byte	0x51
 1930 0328 0F000000 		.4byte	.LVL66-1
 1931 032c 48000000 		.4byte	.LVL74
 1932 0330 0100     		.2byte	0x1
 1933 0332 55       		.byte	0x55
 1934 0333 48000000 		.4byte	.LVL74
 1935 0337 4A000000 		.4byte	.LFE42
 1936 033b 0600     		.2byte	0x6
 1937 033d F3       		.byte	0xf3
 1938 033e 03       		.uleb128 0x3
 1939 033f F5       		.byte	0xf5
 1940 0340 01       		.uleb128 0x1
 1941 0341 25       		.uleb128 0x25
 1942 0342 9F       		.byte	0x9f
 1943 0343 00000000 		.4byte	0
 1944 0347 00000000 		.4byte	0
 1945              	.LLST19:
 1946 034b 04000000 		.4byte	.LVL63
 1947 034f 0C000000 		.4byte	.LVL65
 1948 0353 0200     		.2byte	0x2
 1949 0355 30       		.byte	0x30
 1950 0356 9F       		.byte	0x9f
 1951 0357 0C000000 		.4byte	.LVL65
 1952 035b 48000000 		.4byte	.LVL75
 1953 035f 0100     		.2byte	0x1
 1954 0361 56       		.byte	0x56
 1955 0362 48000000 		.4byte	.LVL75
 1956 0366 4A000000 		.4byte	.LFE42
 1957 036a 0B00     		.2byte	0xb
 1958 036c F3       		.byte	0xf3
ARM GAS  C:\Users\mewin\AppData\Local\Temp\ccd8OhvF.s 			page 38


 1959 036d 01       		.uleb128 0x1
 1960 036e 50       		.byte	0x50
 1961 036f 32       		.byte	0x32
 1962 0370 24       		.byte	0x24
 1963 0371 08       		.byte	0x8
 1964 0372 FF       		.byte	0xff
 1965 0373 1A       		.byte	0x1a
 1966 0374 23       		.byte	0x23
 1967 0375 06       		.uleb128 0x6
 1968 0376 9F       		.byte	0x9f
 1969 0377 00000000 		.4byte	0
 1970 037b 00000000 		.4byte	0
 1971              		.section	.debug_aranges,"",%progbits
 1972 0000 5C000000 		.4byte	0x5c
 1973 0004 0200     		.2byte	0x2
 1974 0006 00000000 		.4byte	.Ldebug_info0
 1975 000a 04       		.byte	0x4
 1976 000b 00       		.byte	0
 1977 000c 0000     		.2byte	0
 1978 000e 0000     		.2byte	0
 1979 0010 00000000 		.4byte	.LFB36
 1980 0014 04000000 		.4byte	.LFE36-.LFB36
 1981 0018 00000000 		.4byte	.LFB37
 1982 001c 04000000 		.4byte	.LFE37-.LFB37
 1983 0020 00000000 		.4byte	.LFB38
 1984 0024 58000000 		.4byte	.LFE38-.LFB38
 1985 0028 00000000 		.4byte	.LFB39
 1986 002c 54000000 		.4byte	.LFE39-.LFB39
 1987 0030 00000000 		.4byte	.LFB40
 1988 0034 42000000 		.4byte	.LFE40-.LFB40
 1989 0038 00000000 		.4byte	.LFB34
 1990 003c 44000000 		.4byte	.LFE34-.LFB34
 1991 0040 00000000 		.4byte	.LFB35
 1992 0044 16000000 		.4byte	.LFE35-.LFB35
 1993 0048 00000000 		.4byte	.LFB41
 1994 004c 38000000 		.4byte	.LFE41-.LFB41
 1995 0050 00000000 		.4byte	.LFB42
 1996 0054 4A000000 		.4byte	.LFE42-.LFB42
 1997 0058 00000000 		.4byte	0
 1998 005c 00000000 		.4byte	0
 1999              		.section	.debug_ranges,"",%progbits
 2000              	.Ldebug_ranges0:
 2001 0000 00000000 		.4byte	.LFB36
 2002 0004 04000000 		.4byte	.LFE36
 2003 0008 00000000 		.4byte	.LFB37
 2004 000c 04000000 		.4byte	.LFE37
 2005 0010 00000000 		.4byte	.LFB38
 2006 0014 58000000 		.4byte	.LFE38
 2007 0018 00000000 		.4byte	.LFB39
 2008 001c 54000000 		.4byte	.LFE39
 2009 0020 00000000 		.4byte	.LFB40
 2010 0024 42000000 		.4byte	.LFE40
 2011 0028 00000000 		.4byte	.LFB34
 2012 002c 44000000 		.4byte	.LFE34
 2013 0030 00000000 		.4byte	.LFB35
 2014 0034 16000000 		.4byte	.LFE35
 2015 0038 00000000 		.4byte	.LFB41
ARM GAS  C:\Users\mewin\AppData\Local\Temp\ccd8OhvF.s 			page 39


 2016 003c 38000000 		.4byte	.LFE41
 2017 0040 00000000 		.4byte	.LFB42
 2018 0044 4A000000 		.4byte	.LFE42
 2019 0048 00000000 		.4byte	0
 2020 004c 00000000 		.4byte	0
 2021              		.section	.debug_line,"",%progbits
 2022              	.Ldebug_line0:
 2023 0000 1E020000 		.section	.debug_str,"MS",%progbits,1
 2023      02005701 
 2023      00000201 
 2023      FB0E0D00 
 2023      01010101 
 2024              	.LASF48:
 2025 0000 4932435F 		.ascii	"I2C_I2CMasterGetWriteBufSize\000"
 2025      4932434D 
 2025      61737465 
 2025      72476574 
 2025      57726974 
 2026              	.LASF26:
 2027 001d 64757479 		.ascii	"dutyCycle\000"
 2027      4379636C 
 2027      6500
 2028              	.LASF35:
 2029 0027 63686970 		.ascii	"chip_register\000"
 2029      5F726567 
 2029      69737465 
 2029      7200
 2030              	.LASF36:
 2031 0035 76616C75 		.ascii	"value\000"
 2031      6500
 2032              	.LASF27:
 2033 003b 77726974 		.ascii	"writeBuffer\000"
 2033      65427566 
 2033      66657200 
 2034              	.LASF50:
 2035 0047 4932435F 		.ascii	"I2C_Enable\000"
 2035      456E6162 
 2035      6C6500
 2036              	.LASF53:
 2037 0052 433A5C55 		.ascii	"C:\\Users\\mewin\\Documents\\PSoC Creator\\Science_"
 2037      73657273 
 2037      5C6D6577 
 2037      696E5C44 
 2037      6F63756D 
 2038 0080 426F6172 		.ascii	"Board_2021-2022\\science wow.cydsn\000"
 2038      645F3230 
 2038      32312D32 
 2038      3032325C 
 2038      73636965 
 2039              	.LASF40:
 2040 00a2 6F6E5469 		.ascii	"onTimeH\000"
 2040      6D654800 
 2041              	.LASF29:
 2042 00aa 50434139 		.ascii	"PCA9685Address\000"
 2042      36383541 
 2042      64647265 
 2042      737300
ARM GAS  C:\Users\mewin\AppData\Local\Temp\ccd8OhvF.s 			page 40


 2043              	.LASF30:
 2044 00b9 73746174 		.ascii	"status\000"
 2044      757300
 2045              	.LASF39:
 2046 00c0 6F6E5469 		.ascii	"onTimeL\000"
 2046      6D654C00 
 2047              	.LASF49:
 2048 00c8 4932435F 		.ascii	"I2C_Start\000"
 2048      53746172 
 2048      7400
 2049              	.LASF21:
 2050 00d2 5475726E 		.ascii	"TurnOnTimeH\000"
 2050      4F6E5469 
 2050      6D654800 
 2051              	.LASF47:
 2052 00de 4932435F 		.ascii	"I2C_I2CMasterStatus\000"
 2052      4932434D 
 2052      61737465 
 2052      72537461 
 2052      74757300 
 2053              	.LASF0:
 2054 00f2 666C6F61 		.ascii	"float\000"
 2054      7400
 2055              	.LASF38:
 2056 00f8 70696E4E 		.ascii	"pinN\000"
 2056      00
 2057              	.LASF2:
 2058 00fd 756E7369 		.ascii	"unsigned char\000"
 2058      676E6564 
 2058      20636861 
 2058      7200
 2059              	.LASF6:
 2060 010b 6C6F6E67 		.ascii	"long unsigned int\000"
 2060      20756E73 
 2060      69676E65 
 2060      6420696E 
 2060      7400
 2061              	.LASF46:
 2062 011d 4932435F 		.ascii	"I2C_I2CMasterWriteBuf\000"
 2062      4932434D 
 2062      61737465 
 2062      72577269 
 2062      74654275 
 2063              	.LASF4:
 2064 0133 73686F72 		.ascii	"short unsigned int\000"
 2064      7420756E 
 2064      7369676E 
 2064      65642069 
 2064      6E7400
 2065              	.LASF5:
 2066 0146 6C6F6E67 		.ascii	"long int\000"
 2066      20696E74 
 2066      00
 2067              	.LASF34:
 2068 014f 77726974 		.ascii	"writeByte\000"
 2068      65427974 
 2068      6500
ARM GAS  C:\Users\mewin\AppData\Local\Temp\ccd8OhvF.s 			page 41


 2069              	.LASF43:
 2070 0159 72656769 		.ascii	"registerNum\000"
 2070      73746572 
 2070      4E756D00 
 2071              	.LASF28:
 2072 0165 62756666 		.ascii	"buff\000"
 2072      00
 2073              	.LASF33:
 2074 016a 6D6F6465 		.ascii	"mode_buf2\000"
 2074      5F627566 
 2074      3200
 2075              	.LASF10:
 2076 0174 5F5F7569 		.ascii	"__uint32_t\000"
 2076      6E743332 
 2076      5F7400
 2077              	.LASF52:
 2078 017f 50434139 		.ascii	"PCA9685.c\000"
 2078      3638352E 
 2078      6300
 2079              	.LASF32:
 2080 0189 66726571 		.ascii	"freq_buf\000"
 2080      5F627566 
 2080      00
 2081              	.LASF13:
 2082 0192 75696E74 		.ascii	"uint16\000"
 2082      313600
 2083              	.LASF14:
 2084 0199 75696E74 		.ascii	"uint32\000"
 2084      333200
 2085              	.LASF9:
 2086 01a0 756E7369 		.ascii	"unsigned int\000"
 2086      676E6564 
 2086      20696E74 
 2086      00
 2087              	.LASF23:
 2088 01ad 6F666654 		.ascii	"offTime\000"
 2088      696D6500 
 2089              	.LASF8:
 2090 01b5 6C6F6E67 		.ascii	"long long unsigned int\000"
 2090      206C6F6E 
 2090      6720756E 
 2090      7369676E 
 2090      65642069 
 2091              	.LASF22:
 2092 01cc 64656C61 		.ascii	"delayTime\000"
 2092      7954696D 
 2092      6500
 2093              	.LASF31:
 2094 01d6 6D6F6465 		.ascii	"mode_buf\000"
 2094      5F627566 
 2094      00
 2095              	.LASF20:
 2096 01df 5475726E 		.ascii	"TurnOnTimeL\000"
 2096      4F6E5469 
 2096      6D654C00 
 2097              	.LASF51:
 2098 01eb 474E5520 		.ascii	"GNU C11 5.4.1 20160609 (release) [ARM/embedded-5-br"
ARM GAS  C:\Users\mewin\AppData\Local\Temp\ccd8OhvF.s 			page 42


 2098      43313120 
 2098      352E342E 
 2098      31203230 
 2098      31363036 
 2099 021e 616E6368 		.ascii	"anch revision 237715] -mcpu=cortex-m0 -mthumb -g -O"
 2099      20726576 
 2099      6973696F 
 2099      6E203233 
 2099      37373135 
 2100 0251 67202D66 		.ascii	"g -ffunction-sections -ffat-lto-objects\000"
 2100      66756E63 
 2100      74696F6E 
 2100      2D736563 
 2100      74696F6E 
 2101              	.LASF44:
 2102 0279 73657450 		.ascii	"setPWMFromDutyCycle\000"
 2102      574D4672 
 2102      6F6D4475 
 2102      74794379 
 2102      636C6500 
 2103              	.LASF19:
 2104 028d 73697A65 		.ascii	"sizetype\000"
 2104      74797065 
 2104      00
 2105              	.LASF7:
 2106 0296 6C6F6E67 		.ascii	"long long int\000"
 2106      206C6F6E 
 2106      6720696E 
 2106      7400
 2107              	.LASF54:
 2108 02a4 7063615F 		.ascii	"pca_init\000"
 2108      696E6974 
 2108      00
 2109              	.LASF17:
 2110 02ad 63686172 		.ascii	"char\000"
 2110      00
 2111              	.LASF55:
 2112 02b2 6D656D63 		.ascii	"memcpy\000"
 2112      707900
 2113              	.LASF42:
 2114 02b9 6F666654 		.ascii	"offTimeH\000"
 2114      696D6548 
 2114      00
 2115              	.LASF3:
 2116 02c2 73686F72 		.ascii	"short int\000"
 2116      7420696E 
 2116      7400
 2117              	.LASF12:
 2118 02cc 75696E74 		.ascii	"uint8\000"
 2118      3800
 2119              	.LASF41:
 2120 02d2 6F666654 		.ascii	"offTimeL\000"
 2120      696D654C 
 2120      00
 2121              	.LASF11:
 2122 02db 75696E74 		.ascii	"uint32_t\000"
 2122      33325F74 
ARM GAS  C:\Users\mewin\AppData\Local\Temp\ccd8OhvF.s 			page 43


 2122      00
 2123              	.LASF15:
 2124 02e4 666C6F61 		.ascii	"float32\000"
 2124      74333200 
 2125              	.LASF18:
 2126 02ec 6C6F6E67 		.ascii	"long double\000"
 2126      20646F75 
 2126      626C6500 
 2127              	.LASF25:
 2128 02f8 5475726E 		.ascii	"TurnOffTimeH\000"
 2128      4F666654 
 2128      696D6548 
 2128      00
 2129              	.LASF1:
 2130 0305 7369676E 		.ascii	"signed char\000"
 2130      65642063 
 2130      68617200 
 2131              	.LASF16:
 2132 0311 646F7562 		.ascii	"double\000"
 2132      6C6500
 2133              	.LASF24:
 2134 0318 5475726E 		.ascii	"TurnOffTimeL\000"
 2134      4F666654 
 2134      696D654C 
 2134      00
 2135              	.LASF37:
 2136 0325 73657450 		.ascii	"setPWMFromBytes\000"
 2136      574D4672 
 2136      6F6D4279 
 2136      74657300 
 2137              	.LASF45:
 2138 0335 4932435F 		.ascii	"I2C_I2CMasterClearStatus\000"
 2138      4932434D 
 2138      61737465 
 2138      72436C65 
 2138      61725374 
 2139              		.ident	"GCC: (GNU Tools for ARM Embedded Processors) 5.4.1 20160609 (release) [ARM/embedded-5-bran
