ARM GAS  C:\Users\write\AppData\Local\Temp\ccVkjSQc.s 			page 1


   1              		.syntax unified
   2              		.cpu cortex-m0
   3              		.fpu softvfp
   4              		.eabi_attribute 20, 1
   5              		.eabi_attribute 21, 1
   6              		.eabi_attribute 23, 3
   7              		.eabi_attribute 24, 1
   8              		.eabi_attribute 25, 1
   9              		.eabi_attribute 26, 1
  10              		.eabi_attribute 30, 1
  11              		.eabi_attribute 34, 0
  12              		.eabi_attribute 18, 4
  13              		.thumb
  14              		.syntax unified
  15              		.file	"sensor.c"
  16              		.text
  17              	.Ltext0:
  18              		.cfi_sections	.debug_frame
  19              		.section	.text.read_ADC,"ax",%progbits
  20              		.align	2
  21              		.global	read_ADC
  22              		.code	16
  23              		.thumb_func
  24              		.type	read_ADC, %function
  25              	read_ADC:
  26              	.LFB35:
  27              		.file 1 "sensor.c"
   1:sensor.c      **** /* File:         sensor.c
   2:sensor.c      ****  * Authors:      Oliver Huang, Jordan Smith.
   3:sensor.c      ****  * Organization: Husky Robotics Team
   4:sensor.c      ****  * 
   5:sensor.c      ****  * This file includes fuction implementations for the sensors on the 
   6:sensor.c      ****  * Science Board allowing reading from an ADC
   7:sensor.c      ****  */
   8:sensor.c      **** #include "project.h"
   9:sensor.c      **** #include "CANLibrary.h"
  10:sensor.c      **** #include "CANScience.h"
  11:sensor.c      **** #include "sensor.h"
  12:sensor.c      **** #include <stdint.h>
  13:sensor.c      **** 
  14:sensor.c      **** #define HUMIDITY (uint8_t) 0x16
  15:sensor.c      **** #define TEMPERATURE (uint8_t) 0x17 //wrong
  16:sensor.c      **** 
  17:sensor.c      **** #define VEML6070_ADDR_ARA 0x18
  18:sensor.c      **** #define VEML6070_ADDR_CMD 0x70
  19:sensor.c      **** #define VEML6070_ADDR_DATA_LSB 0x71
  20:sensor.c      **** #define VEML6070_ADDR_DATA_MSB 0x73
  21:sensor.c      **** 
  22:sensor.c      **** 
  23:sensor.c      **** //referenced John's past work
  24:sensor.c      **** void get_data(CANPacket* packet) {
  25:sensor.c      ****     CANPacket new_packet;
  26:sensor.c      ****     uint8_t sensor_type = DecodeTelemetryType(packet);
  27:sensor.c      ****     uint8_t target_group = GetSenderDeviceGroupCode(packet);
  28:sensor.c      ****     uint8_t target_serial = GetSenderDeviceSerialNumber(packet);
  29:sensor.c      ****     uint32_t sensor_val = 0;
  30:sensor.c      ****     switch(sensor_type) {
ARM GAS  C:\Users\write\AppData\Local\Temp\ccVkjSQc.s 			page 2


  31:sensor.c      ****         case HUMIDITY :
  32:sensor.c      ****             sensor_val = read_ADC(0);
  33:sensor.c      ****             break;
  34:sensor.c      ****         case TEMPERATURE :
  35:sensor.c      ****             sensor_val = read_ADC(1); 
  36:sensor.c      ****             break;
  37:sensor.c      ****         case CAN_SCIENCE_SENSOR_UV :
  38:sensor.c      ****             sensor_val = read_uv_sensor();
  39:sensor.c      ****             break;
  40:sensor.c      ****     }
  41:sensor.c      ****     //assemble and send telemetry packet
  42:sensor.c      ****     AssembleTelemetryReportPacket(&new_packet, target_group, target_serial, sensor_type, sensor_val
  43:sensor.c      ****     //SendCANPacket returns 0x0 for successful send, 0x1 for generic error, 0x2 if all output buffe
  44:sensor.c      ****     if(SendCANPacket(&new_packet)){ 
  45:sensor.c      **** 		ERR_LED_Write(0);
  46:sensor.c      ****         CyDelay(500);
  47:sensor.c      ****         ERR_LED_Write(1);
  48:sensor.c      **** 	}
  49:sensor.c      ****     
  50:sensor.c      **** }
  51:sensor.c      **** 
  52:sensor.c      **** uint16_t read_ADC(uint32_t channel) {
  28              		.loc 1 52 0
  29              		.cfi_startproc
  30              		@ args = 0, pretend = 0, frame = 0
  31              		@ frame_needed = 0, uses_anonymous_args = 0
  32              	.LVL0:
  33 0000 10B5     		push	{r4, lr}
  34              		.cfi_def_cfa_offset 8
  35              		.cfi_offset 4, -8
  36              		.cfi_offset 14, -4
  37 0002 0400     		movs	r4, r0
  53:sensor.c      ****     ADC_StartConvert();
  38              		.loc 1 53 0
  39 0004 FFF7FEFF 		bl	ADC_StartConvert
  40              	.LVL1:
  54:sensor.c      ****     ADC_IsEndConversion(ADC_WAIT_FOR_RESULT); //returns when all conversions are completed
  41              		.loc 1 54 0
  42 0008 0220     		movs	r0, #2
  43 000a FFF7FEFF 		bl	ADC_IsEndConversion
  44              	.LVL2:
  55:sensor.c      ****     ADC_StopConvert();
  45              		.loc 1 55 0
  46 000e FFF7FEFF 		bl	ADC_StopConvert
  47              	.LVL3:
  56:sensor.c      ****     return ADC_GetResult16(channel); //channel 0 for humidity and 1 for temperature
  48              		.loc 1 56 0
  49 0012 2000     		movs	r0, r4
  50 0014 FFF7FEFF 		bl	ADC_GetResult16
  51              	.LVL4:
  52 0018 80B2     		uxth	r0, r0
  57:sensor.c      **** }
  53              		.loc 1 57 0
  54              		@ sp needed
  55              	.LVL5:
  56 001a 10BD     		pop	{r4, pc}
  57              		.cfi_endproc
ARM GAS  C:\Users\write\AppData\Local\Temp\ccVkjSQc.s 			page 3


  58              	.LFE35:
  59              		.size	read_ADC, .-read_ADC
  60              		.section	.text.I2C_bus_read,"ax",%progbits
  61              		.align	2
  62              		.global	I2C_bus_read
  63              		.code	16
  64              		.thumb_func
  65              		.type	I2C_bus_read, %function
  66              	I2C_bus_read:
  67              	.LFB37:
  58:sensor.c      **** 
  59:sensor.c      **** 
  60:sensor.c      **** 
  61:sensor.c      **** 
  62:sensor.c      **** //void VEML6070_init(){
  63:sensor.c      **** //	wdt_reset();
  64:sensor.c      **** //	VEML6070_read_byte(VEML6070_ADDR_ARA);
  65:sensor.c      **** //	VEML6070_write_byte(VEML6070_ADDR_CMD, 0x04); //Integration time = 1 //Possibly 06
  66:sensor.c      **** //}
  67:sensor.c      **** 
  68:sensor.c      **** uint16_t read_uv_sensor(){
  69:sensor.c      **** 	uint8_t lsb;
  70:sensor.c      ****     uint8_t msb;
  71:sensor.c      ****     uint8_t lsberror = I2C_bus_read(VEML6070_ADDR_CMD, VEML6070_ADDR_DATA_LSB, &lsb, 1);
  72:sensor.c      **** 	uint8_t msberror = I2C_bus_read(VEML6070_ADDR_CMD, VEML6070_ADDR_DATA_MSB, &msb, 1);
  73:sensor.c      ****     
  74:sensor.c      ****     if (lsberror != I2C_I2C_MSTR_NO_ERROR || msberror != I2C_I2C_MSTR_NO_ERROR){
  75:sensor.c      ****         ERR_LED_Write(0);
  76:sensor.c      ****         CyDelay(500);
  77:sensor.c      ****         ERR_LED_Write(1);
  78:sensor.c      ****     }
  79:sensor.c      **** 	return (msb << 8) | lsb;
  80:sensor.c      **** }
  81:sensor.c      **** 
  82:sensor.c      **** 
  83:sensor.c      **** 
  84:sensor.c      **** //yoinked from davis
  85:sensor.c      **** //read byte(s) from i2C and store in array
  86:sensor.c      **** uint8_t I2C_bus_read(uint8_t dev_addr, uint8_t reg_addr, uint8_t *reg_data, uint8_t cnt)
  87:sensor.c      **** {
  68              		.loc 1 87 0
  69              		.cfi_startproc
  70              		@ args = 0, pretend = 0, frame = 0
  71              		@ frame_needed = 0, uses_anonymous_args = 0
  72              	.LVL6:
  73 0000 F8B5     		push	{r3, r4, r5, r6, r7, lr}
  74              		.cfi_def_cfa_offset 24
  75              		.cfi_offset 3, -24
  76              		.cfi_offset 4, -20
  77              		.cfi_offset 5, -16
  78              		.cfi_offset 6, -12
  79              		.cfi_offset 7, -8
  80              		.cfi_offset 14, -4
  81 0002 0400     		movs	r4, r0
  82 0004 0E00     		movs	r6, r1
  83 0006 1700     		movs	r7, r2
  84 0008 1D00     		movs	r5, r3
ARM GAS  C:\Users\write\AppData\Local\Temp\ccVkjSQc.s 			page 4


  88:sensor.c      ****     I2C_I2CMasterClearStatus(); //clear the garbage
  85              		.loc 1 88 0
  86 000a FFF7FEFF 		bl	I2C_I2CMasterClearStatus
  87              	.LVL7:
  89:sensor.c      ****   
  90:sensor.c      ****     int ms_timeout = 20; 
  91:sensor.c      ****     int32_t BNO055_iERROR = 0; // this is the "status" we usually use in our R/W functions 
  92:sensor.c      **** 	uint8_t idx;
  93:sensor.c      **** 	BNO055_iERROR = I2C_I2CMasterSendStart(dev_addr, I2C_I2C_WRITE_XFER_MODE, ms_timeout);
  88              		.loc 1 93 0
  89 000e 1422     		movs	r2, #20
  90 0010 0021     		movs	r1, #0
  91 0012 2000     		movs	r0, r4
  92 0014 FFF7FEFF 		bl	I2C_I2CMasterSendStart
  93              	.LVL8:
  94:sensor.c      **** 	// Check for BNO055_iERROR before proceeding
  95:sensor.c      **** 	BNO055_iERROR = I2C_I2CMasterWriteByte(reg_addr, ms_timeout);
  94              		.loc 1 95 0
  95 0018 1421     		movs	r1, #20
  96 001a 3000     		movs	r0, r6
  97 001c FFF7FEFF 		bl	I2C_I2CMasterWriteByte
  98              	.LVL9:
  96:sensor.c      **** 	// Check for BNO055_iERROR before proceeding
  97:sensor.c      **** 	BNO055_iERROR = I2C_I2CMasterSendStop(10);
  99              		.loc 1 97 0
 100 0020 0A20     		movs	r0, #10
 101 0022 FFF7FEFF 		bl	I2C_I2CMasterSendStop
 102              	.LVL10:
  98:sensor.c      **** 	
  99:sensor.c      **** 	BNO055_iERROR = I2C_I2CMasterSendStart(dev_addr, I2C_I2C_READ_XFER_MODE, ms_timeout);
 103              		.loc 1 99 0
 104 0026 1422     		movs	r2, #20
 105 0028 0121     		movs	r1, #1
 106 002a 2000     		movs	r0, r4
 107 002c FFF7FEFF 		bl	I2C_I2CMasterSendStart
 108              	.LVL11:
 109 0030 0600     		movs	r6, r0
 110              	.LVL12:
 100:sensor.c      ****     //PrintInt(BNO055_iERROR);
 101:sensor.c      **** 	for (idx = 0; (idx < cnt) && (BNO055_iERROR == 0); idx++)
 111              		.loc 1 101 0
 112 0032 0024     		movs	r4, #0
 113 0034 0FE0     		b	.L3
 114              	.LVL13:
 115              	.L7:
 102:sensor.c      **** 	{
 103:sensor.c      ****         if (idx < cnt-1)
 116              		.loc 1 103 0
 117 0036 6B1E     		subs	r3, r5, #1
 118 0038 9C42     		cmp	r4, r3
 119 003a 05DA     		bge	.L4
 104:sensor.c      ****         {
 105:sensor.c      **** 		    I2C_I2CMasterReadByte(I2C_I2C_ACK_DATA, &reg_data[idx], ms_timeout);
 120              		.loc 1 105 0
 121 003c 3919     		adds	r1, r7, r4
 122 003e 1422     		movs	r2, #20
 123 0040 0020     		movs	r0, #0
ARM GAS  C:\Users\write\AppData\Local\Temp\ccVkjSQc.s 			page 5


 124 0042 FFF7FEFF 		bl	I2C_I2CMasterReadByte
 125              	.LVL14:
 126 0046 04E0     		b	.L5
 127              	.L4:
 106:sensor.c      ****         }
 107:sensor.c      ****         else
 108:sensor.c      ****         {
 109:sensor.c      ****             I2C_I2CMasterReadByte(I2C_I2C_NAK_DATA, &reg_data[idx], ms_timeout);
 128              		.loc 1 109 0
 129 0048 3919     		adds	r1, r7, r4
 130 004a 1422     		movs	r2, #20
 131 004c 0120     		movs	r0, #1
 132 004e FFF7FEFF 		bl	I2C_I2CMasterReadByte
 133              	.LVL15:
 134              	.L5:
 101:sensor.c      **** 	{
 135              		.loc 1 101 0 discriminator 2
 136 0052 0134     		adds	r4, r4, #1
 137              	.LVL16:
 138 0054 E4B2     		uxtb	r4, r4
 139              	.LVL17:
 140              	.L3:
 101:sensor.c      **** 	{
 141              		.loc 1 101 0 is_stmt 0 discriminator 1
 142 0056 AC42     		cmp	r4, r5
 143 0058 01D2     		bcs	.L6
 101:sensor.c      **** 	{
 144              		.loc 1 101 0 discriminator 3
 145 005a 002E     		cmp	r6, #0
 146 005c EBD0     		beq	.L7
 147              	.L6:
 110:sensor.c      ****         }
 111:sensor.c      **** 	}
 112:sensor.c      **** 	// Check for BNO055_iERROR before proceeding
 113:sensor.c      **** 	BNO055_iERROR = I2C_I2CMasterSendStop(ms_timeout);
 148              		.loc 1 113 0 is_stmt 1
 149 005e 1420     		movs	r0, #20
 150 0060 FFF7FEFF 		bl	I2C_I2CMasterSendStop
 151              	.LVL18:
 114:sensor.c      **** 
 115:sensor.c      **** 	return (int8_t)BNO055_iERROR;
 152              		.loc 1 115 0
 153 0064 C0B2     		uxtb	r0, r0
 154              	.LVL19:
 116:sensor.c      **** }
 155              		.loc 1 116 0
 156              		@ sp needed
 157              	.LVL20:
 158              	.LVL21:
 159 0066 F8BD     		pop	{r3, r4, r5, r6, r7, pc}
 160              		.cfi_endproc
 161              	.LFE37:
 162              		.size	I2C_bus_read, .-I2C_bus_read
 163              		.section	.text.read_uv_sensor,"ax",%progbits
 164              		.align	2
 165              		.global	read_uv_sensor
 166              		.code	16
ARM GAS  C:\Users\write\AppData\Local\Temp\ccVkjSQc.s 			page 6


 167              		.thumb_func
 168              		.type	read_uv_sensor, %function
 169              	read_uv_sensor:
 170              	.LFB36:
  68:sensor.c      **** 	uint8_t lsb;
 171              		.loc 1 68 0
 172              		.cfi_startproc
 173              		@ args = 0, pretend = 0, frame = 8
 174              		@ frame_needed = 0, uses_anonymous_args = 0
 175 0000 10B5     		push	{r4, lr}
 176              		.cfi_def_cfa_offset 8
 177              		.cfi_offset 4, -8
 178              		.cfi_offset 14, -4
 179 0002 82B0     		sub	sp, sp, #8
 180              		.cfi_def_cfa_offset 16
  71:sensor.c      **** 	uint8_t msberror = I2C_bus_read(VEML6070_ADDR_CMD, VEML6070_ADDR_DATA_MSB, &msb, 1);
 181              		.loc 1 71 0
 182 0004 0123     		movs	r3, #1
 183 0006 6A46     		mov	r2, sp
 184 0008 0732     		adds	r2, r2, #7
 185 000a 7121     		movs	r1, #113
 186 000c 7020     		movs	r0, #112
 187 000e FFF7FEFF 		bl	I2C_bus_read
 188              	.LVL22:
 189 0012 0400     		movs	r4, r0
 190              	.LVL23:
  72:sensor.c      ****     
 191              		.loc 1 72 0
 192 0014 0123     		movs	r3, #1
 193 0016 6A46     		mov	r2, sp
 194 0018 0632     		adds	r2, r2, #6
 195 001a 7321     		movs	r1, #115
 196 001c 7020     		movs	r0, #112
 197 001e FFF7FEFF 		bl	I2C_bus_read
 198              	.LVL24:
  74:sensor.c      ****         ERR_LED_Write(0);
 199              		.loc 1 74 0
 200 0022 2043     		orrs	r0, r4
 201              	.LVL25:
 202 0024 C0B2     		uxtb	r0, r0
 203 0026 0028     		cmp	r0, #0
 204 0028 09D0     		beq	.L9
  75:sensor.c      ****         CyDelay(500);
 205              		.loc 1 75 0
 206 002a 0020     		movs	r0, #0
 207 002c FFF7FEFF 		bl	ERR_LED_Write
 208              	.LVL26:
  76:sensor.c      ****         ERR_LED_Write(1);
 209              		.loc 1 76 0
 210 0030 FA20     		movs	r0, #250
 211 0032 4000     		lsls	r0, r0, #1
 212 0034 FFF7FEFF 		bl	CyDelay
 213              	.LVL27:
  77:sensor.c      ****     }
 214              		.loc 1 77 0
 215 0038 0120     		movs	r0, #1
 216 003a FFF7FEFF 		bl	ERR_LED_Write
ARM GAS  C:\Users\write\AppData\Local\Temp\ccVkjSQc.s 			page 7


 217              	.LVL28:
 218              	.L9:
  79:sensor.c      **** }
 219              		.loc 1 79 0
 220 003e 6B46     		mov	r3, sp
 221 0040 9879     		ldrb	r0, [r3, #6]
 222 0042 0002     		lsls	r0, r0, #8
 223 0044 6B46     		mov	r3, sp
 224 0046 0733     		adds	r3, r3, #7
 225 0048 1B78     		ldrb	r3, [r3]
 226 004a 1843     		orrs	r0, r3
  80:sensor.c      **** 
 227              		.loc 1 80 0
 228 004c 02B0     		add	sp, sp, #8
 229              		@ sp needed
 230              	.LVL29:
 231 004e 10BD     		pop	{r4, pc}
 232              		.cfi_endproc
 233              	.LFE36:
 234              		.size	read_uv_sensor, .-read_uv_sensor
 235              		.section	.text.get_data,"ax",%progbits
 236              		.align	2
 237              		.global	get_data
 238              		.code	16
 239              		.thumb_func
 240              		.type	get_data, %function
 241              	get_data:
 242              	.LFB34:
  24:sensor.c      ****     CANPacket new_packet;
 243              		.loc 1 24 0
 244              		.cfi_startproc
 245              		@ args = 0, pretend = 0, frame = 16
 246              		@ frame_needed = 0, uses_anonymous_args = 0
 247              	.LVL30:
 248 0000 F0B5     		push	{r4, r5, r6, r7, lr}
 249              		.cfi_def_cfa_offset 20
 250              		.cfi_offset 4, -20
 251              		.cfi_offset 5, -16
 252              		.cfi_offset 6, -12
 253              		.cfi_offset 7, -8
 254              		.cfi_offset 14, -4
 255 0002 87B0     		sub	sp, sp, #28
 256              		.cfi_def_cfa_offset 48
 257 0004 0400     		movs	r4, r0
  26:sensor.c      ****     uint8_t target_group = GetSenderDeviceGroupCode(packet);
 258              		.loc 1 26 0
 259 0006 FFF7FEFF 		bl	DecodeTelemetryType
 260              	.LVL31:
 261 000a 0500     		movs	r5, r0
 262              	.LVL32:
  27:sensor.c      ****     uint8_t target_serial = GetSenderDeviceSerialNumber(packet);
 263              		.loc 1 27 0
 264 000c 2000     		movs	r0, r4
 265 000e FFF7FEFF 		bl	GetSenderDeviceGroupCode
 266              	.LVL33:
 267 0012 0600     		movs	r6, r0
 268              	.LVL34:
ARM GAS  C:\Users\write\AppData\Local\Temp\ccVkjSQc.s 			page 8


  28:sensor.c      ****     uint32_t sensor_val = 0;
 269              		.loc 1 28 0
 270 0014 2000     		movs	r0, r4
 271 0016 FFF7FEFF 		bl	GetSenderDeviceSerialNumber
 272              	.LVL35:
 273 001a 0400     		movs	r4, r0
 274              	.LVL36:
  30:sensor.c      ****         case HUMIDITY :
 275              		.loc 1 30 0
 276 001c 162D     		cmp	r5, #22
 277 001e 04D0     		beq	.L12
 278 0020 172D     		cmp	r5, #23
 279 0022 06D0     		beq	.L13
 280 0024 142D     		cmp	r5, #20
 281 0026 0BD1     		bne	.L17
 282 0028 07E0     		b	.L14
 283              	.L12:
  32:sensor.c      ****             break;
 284              		.loc 1 32 0
 285 002a 0020     		movs	r0, #0
 286 002c FFF7FEFF 		bl	read_ADC
 287              	.LVL37:
  33:sensor.c      ****         case TEMPERATURE :
 288              		.loc 1 33 0
 289 0030 07E0     		b	.L11
 290              	.LVL38:
 291              	.L13:
  35:sensor.c      ****             break;
 292              		.loc 1 35 0
 293 0032 0120     		movs	r0, #1
 294 0034 FFF7FEFF 		bl	read_ADC
 295              	.LVL39:
  36:sensor.c      ****         case CAN_SCIENCE_SENSOR_UV :
 296              		.loc 1 36 0
 297 0038 03E0     		b	.L11
 298              	.LVL40:
 299              	.L14:
  38:sensor.c      ****             break;
 300              		.loc 1 38 0
 301 003a FFF7FEFF 		bl	read_uv_sensor
 302              	.LVL41:
  39:sensor.c      ****     }
 303              		.loc 1 39 0
 304 003e 00E0     		b	.L11
 305              	.LVL42:
 306              	.L17:
  29:sensor.c      ****     switch(sensor_type) {
 307              		.loc 1 29 0
 308 0040 0020     		movs	r0, #0
 309              	.LVL43:
 310              	.L11:
  42:sensor.c      ****     //SendCANPacket returns 0x0 for successful send, 0x1 for generic error, 0x2 if all output buffe
 311              		.loc 1 42 0
 312 0042 0090     		str	r0, [sp]
 313 0044 2B00     		movs	r3, r5
 314 0046 2200     		movs	r2, r4
 315 0048 3100     		movs	r1, r6
ARM GAS  C:\Users\write\AppData\Local\Temp\ccVkjSQc.s 			page 9


 316 004a 03A8     		add	r0, sp, #12
 317              	.LVL44:
 318 004c FFF7FEFF 		bl	AssembleTelemetryReportPacket
 319              	.LVL45:
  44:sensor.c      **** 		ERR_LED_Write(0);
 320              		.loc 1 44 0
 321 0050 03A8     		add	r0, sp, #12
 322 0052 FFF7FEFF 		bl	SendCANPacket
 323              	.LVL46:
 324 0056 0028     		cmp	r0, #0
 325 0058 09D0     		beq	.L10
  45:sensor.c      ****         CyDelay(500);
 326              		.loc 1 45 0
 327 005a 0020     		movs	r0, #0
 328 005c FFF7FEFF 		bl	ERR_LED_Write
 329              	.LVL47:
  46:sensor.c      ****         ERR_LED_Write(1);
 330              		.loc 1 46 0
 331 0060 FA20     		movs	r0, #250
 332 0062 4000     		lsls	r0, r0, #1
 333 0064 FFF7FEFF 		bl	CyDelay
 334              	.LVL48:
  47:sensor.c      **** 	}
 335              		.loc 1 47 0
 336 0068 0120     		movs	r0, #1
 337 006a FFF7FEFF 		bl	ERR_LED_Write
 338              	.LVL49:
 339              	.L10:
  50:sensor.c      **** 
 340              		.loc 1 50 0
 341 006e 07B0     		add	sp, sp, #28
 342              		@ sp needed
 343              	.LVL50:
 344              	.LVL51:
 345              	.LVL52:
 346 0070 F0BD     		pop	{r4, r5, r6, r7, pc}
 347              		.cfi_endproc
 348              	.LFE34:
 349              		.size	get_data, .-get_data
 350 0072 C046     		.text
 351              	.Letext0:
 352              		.file 2 "c:\\program files (x86)\\cypress\\psoc creator\\4.4\\psoc creator\\import\\gnu\\arm\\5.4.
 353              		.file 3 "c:\\program files (x86)\\cypress\\psoc creator\\4.4\\psoc creator\\import\\gnu\\arm\\5.4.
 354              		.file 4 "CANPacket.h"
 355              		.file 5 "Generated_Source\\PSoC4/ADC.h"
 356              		.file 6 "Generated_Source\\PSoC4/I2C_I2C.h"
 357              		.file 7 "Generated_Source\\PSoC4/ERR_LED.h"
 358              		.file 8 "Generated_Source\\PSoC4/CyLib.h"
 359              		.file 9 "CANCommon.h"
 360              		.file 10 "Port.h"
 361              		.section	.debug_info,"",%progbits
 362              	.Ldebug_info0:
 363 0000 C1050000 		.4byte	0x5c1
 364 0004 0400     		.2byte	0x4
 365 0006 00000000 		.4byte	.Ldebug_abbrev0
 366 000a 04       		.byte	0x4
 367 000b 01       		.uleb128 0x1
ARM GAS  C:\Users\write\AppData\Local\Temp\ccVkjSQc.s 			page 10


 368 000c FB000000 		.4byte	.LASF60
 369 0010 0C       		.byte	0xc
 370 0011 7B030000 		.4byte	.LASF61
 371 0015 C2010000 		.4byte	.LASF62
 372 0019 00000000 		.4byte	.Ldebug_ranges0+0
 373 001d 00000000 		.4byte	0
 374 0021 00000000 		.4byte	.Ldebug_line0
 375 0025 02       		.uleb128 0x2
 376 0026 16030000 		.4byte	.LASF0
 377 002a 02       		.byte	0x2
 378 002b 1B       		.byte	0x1b
 379 002c 30000000 		.4byte	0x30
 380 0030 03       		.uleb128 0x3
 381 0031 01       		.byte	0x1
 382 0032 06       		.byte	0x6
 383 0033 A8020000 		.4byte	.LASF2
 384 0037 02       		.uleb128 0x2
 385 0038 3C020000 		.4byte	.LASF1
 386 003c 02       		.byte	0x2
 387 003d 1D       		.byte	0x1d
 388 003e 42000000 		.4byte	0x42
 389 0042 03       		.uleb128 0x3
 390 0043 01       		.byte	0x1
 391 0044 08       		.byte	0x8
 392 0045 9A020000 		.4byte	.LASF3
 393 0049 03       		.uleb128 0x3
 394 004a 02       		.byte	0x2
 395 004b 05       		.byte	0x5
 396 004c 52000000 		.4byte	.LASF4
 397 0050 02       		.uleb128 0x2
 398 0051 AF000000 		.4byte	.LASF5
 399 0055 02       		.byte	0x2
 400 0056 2B       		.byte	0x2b
 401 0057 5B000000 		.4byte	0x5b
 402 005b 03       		.uleb128 0x3
 403 005c 02       		.byte	0x2
 404 005d 07       		.byte	0x7
 405 005e 03030000 		.4byte	.LASF6
 406 0062 02       		.uleb128 0x2
 407 0063 84030000 		.4byte	.LASF7
 408 0067 02       		.byte	0x2
 409 0068 3F       		.byte	0x3f
 410 0069 6D000000 		.4byte	0x6d
 411 006d 03       		.uleb128 0x3
 412 006e 04       		.byte	0x4
 413 006f 05       		.byte	0x5
 414 0070 24030000 		.4byte	.LASF8
 415 0074 02       		.uleb128 0x2
 416 0075 A4000000 		.4byte	.LASF9
 417 0079 02       		.byte	0x2
 418 007a 41       		.byte	0x41
 419 007b 7F000000 		.4byte	0x7f
 420 007f 03       		.uleb128 0x3
 421 0080 04       		.byte	0x4
 422 0081 07       		.byte	0x7
 423 0082 4E030000 		.4byte	.LASF10
 424 0086 03       		.uleb128 0x3
ARM GAS  C:\Users\write\AppData\Local\Temp\ccVkjSQc.s 			page 11


 425 0087 08       		.byte	0x8
 426 0088 05       		.byte	0x5
 427 0089 96000000 		.4byte	.LASF11
 428 008d 03       		.uleb128 0x3
 429 008e 08       		.byte	0x8
 430 008f 07       		.byte	0x7
 431 0090 B4020000 		.4byte	.LASF12
 432 0094 04       		.uleb128 0x4
 433 0095 04       		.byte	0x4
 434 0096 05       		.byte	0x5
 435 0097 696E7400 		.ascii	"int\000"
 436 009b 03       		.uleb128 0x3
 437 009c 04       		.byte	0x4
 438 009d 07       		.byte	0x7
 439 009e D4020000 		.4byte	.LASF13
 440 00a2 02       		.uleb128 0x2
 441 00a3 42000000 		.4byte	.LASF14
 442 00a7 03       		.byte	0x3
 443 00a8 14       		.byte	0x14
 444 00a9 25000000 		.4byte	0x25
 445 00ad 02       		.uleb128 0x2
 446 00ae A2010000 		.4byte	.LASF15
 447 00b2 03       		.byte	0x3
 448 00b3 18       		.byte	0x18
 449 00b4 37000000 		.4byte	0x37
 450 00b8 02       		.uleb128 0x2
 451 00b9 E1020000 		.4byte	.LASF16
 452 00bd 03       		.byte	0x3
 453 00be 24       		.byte	0x24
 454 00bf 50000000 		.4byte	0x50
 455 00c3 02       		.uleb128 0x2
 456 00c4 2D030000 		.4byte	.LASF17
 457 00c8 03       		.byte	0x3
 458 00c9 2C       		.byte	0x2c
 459 00ca 62000000 		.4byte	0x62
 460 00ce 02       		.uleb128 0x2
 461 00cf CB020000 		.4byte	.LASF18
 462 00d3 03       		.byte	0x3
 463 00d4 30       		.byte	0x30
 464 00d5 74000000 		.4byte	0x74
 465 00d9 03       		.uleb128 0x3
 466 00da 04       		.byte	0x4
 467 00db 04       		.byte	0x4
 468 00dc BC010000 		.4byte	.LASF19
 469 00e0 03       		.uleb128 0x3
 470 00e1 08       		.byte	0x8
 471 00e2 04       		.byte	0x4
 472 00e3 60030000 		.4byte	.LASF20
 473 00e7 03       		.uleb128 0x3
 474 00e8 01       		.byte	0x1
 475 00e9 08       		.byte	0x8
 476 00ea 1F030000 		.4byte	.LASF21
 477 00ee 03       		.uleb128 0x3
 478 00ef 08       		.byte	0x8
 479 00f0 04       		.byte	0x4
 480 00f1 58020000 		.4byte	.LASF22
 481 00f5 03       		.uleb128 0x3
ARM GAS  C:\Users\write\AppData\Local\Temp\ccVkjSQc.s 			page 12


 482 00f6 04       		.byte	0x4
 483 00f7 07       		.byte	0x7
 484 00f8 72000000 		.4byte	.LASF23
 485 00fc 05       		.uleb128 0x5
 486 00fd 0C       		.byte	0xc
 487 00fe 04       		.byte	0x4
 488 00ff 0F       		.byte	0xf
 489 0100 28010000 		.4byte	0x128
 490 0104 06       		.uleb128 0x6
 491 0105 696400   		.ascii	"id\000"
 492 0108 04       		.byte	0x4
 493 0109 11       		.byte	0x11
 494 010a B8000000 		.4byte	0xb8
 495 010e 00       		.byte	0
 496 010f 06       		.uleb128 0x6
 497 0110 646C6300 		.ascii	"dlc\000"
 498 0114 04       		.byte	0x4
 499 0115 12       		.byte	0x12
 500 0116 AD000000 		.4byte	0xad
 501 011a 02       		.byte	0x2
 502 011b 07       		.uleb128 0x7
 503 011c 49030000 		.4byte	.LASF24
 504 0120 04       		.byte	0x4
 505 0121 13       		.byte	0x13
 506 0122 28010000 		.4byte	0x128
 507 0126 03       		.byte	0x3
 508 0127 00       		.byte	0
 509 0128 08       		.uleb128 0x8
 510 0129 AD000000 		.4byte	0xad
 511 012d 38010000 		.4byte	0x138
 512 0131 09       		.uleb128 0x9
 513 0132 F5000000 		.4byte	0xf5
 514 0136 07       		.byte	0x7
 515 0137 00       		.byte	0
 516 0138 02       		.uleb128 0x2
 517 0139 12020000 		.4byte	.LASF25
 518 013d 04       		.byte	0x4
 519 013e 14       		.byte	0x14
 520 013f FC000000 		.4byte	0xfc
 521 0143 0A       		.uleb128 0xa
 522 0144 49000000 		.4byte	.LASF26
 523 0148 01       		.byte	0x1
 524 0149 34       		.byte	0x34
 525 014a B8000000 		.4byte	0xb8
 526 014e 00000000 		.4byte	.LFB35
 527 0152 1C000000 		.4byte	.LFE35-.LFB35
 528 0156 01       		.uleb128 0x1
 529 0157 9C       		.byte	0x9c
 530 0158 A1010000 		.4byte	0x1a1
 531 015c 0B       		.uleb128 0xb
 532 015d 41030000 		.4byte	.LASF28
 533 0161 01       		.byte	0x1
 534 0162 34       		.byte	0x34
 535 0163 CE000000 		.4byte	0xce
 536 0167 00000000 		.4byte	.LLST0
 537 016b 0C       		.uleb128 0xc
 538 016c 08000000 		.4byte	.LVL1
ARM GAS  C:\Users\write\AppData\Local\Temp\ccVkjSQc.s 			page 13


 539 0170 0F050000 		.4byte	0x50f
 540 0174 0D       		.uleb128 0xd
 541 0175 0E000000 		.4byte	.LVL2
 542 0179 1A050000 		.4byte	0x51a
 543 017d 87010000 		.4byte	0x187
 544 0181 0E       		.uleb128 0xe
 545 0182 01       		.uleb128 0x1
 546 0183 50       		.byte	0x50
 547 0184 01       		.uleb128 0x1
 548 0185 32       		.byte	0x32
 549 0186 00       		.byte	0
 550 0187 0C       		.uleb128 0xc
 551 0188 12000000 		.4byte	.LVL3
 552 018c 25050000 		.4byte	0x525
 553 0190 0F       		.uleb128 0xf
 554 0191 18000000 		.4byte	.LVL4
 555 0195 30050000 		.4byte	0x530
 556 0199 0E       		.uleb128 0xe
 557 019a 01       		.uleb128 0x1
 558 019b 50       		.byte	0x50
 559 019c 02       		.uleb128 0x2
 560 019d 74       		.byte	0x74
 561 019e 00       		.sleb128 0
 562 019f 00       		.byte	0
 563 01a0 00       		.byte	0
 564 01a1 0A       		.uleb128 0xa
 565 01a2 7B000000 		.4byte	.LASF27
 566 01a6 01       		.byte	0x1
 567 01a7 56       		.byte	0x56
 568 01a8 AD000000 		.4byte	0xad
 569 01ac 00000000 		.4byte	.LFB37
 570 01b0 68000000 		.4byte	.LFE37-.LFB37
 571 01b4 01       		.uleb128 0x1
 572 01b5 9C       		.byte	0x9c
 573 01b6 E3020000 		.4byte	0x2e3
 574 01ba 0B       		.uleb128 0xb
 575 01bb EA020000 		.4byte	.LASF29
 576 01bf 01       		.byte	0x1
 577 01c0 56       		.byte	0x56
 578 01c1 AD000000 		.4byte	0xad
 579 01c5 2C000000 		.4byte	.LLST1
 580 01c9 0B       		.uleb128 0xb
 581 01ca 91020000 		.4byte	.LASF30
 582 01ce 01       		.byte	0x1
 583 01cf 56       		.byte	0x56
 584 01d0 AD000000 		.4byte	0xad
 585 01d4 4D000000 		.4byte	.LLST2
 586 01d8 0B       		.uleb128 0xb
 587 01d9 72030000 		.4byte	.LASF31
 588 01dd 01       		.byte	0x1
 589 01de 56       		.byte	0x56
 590 01df E3020000 		.4byte	0x2e3
 591 01e3 6E000000 		.4byte	.LLST3
 592 01e7 10       		.uleb128 0x10
 593 01e8 636E7400 		.ascii	"cnt\000"
 594 01ec 01       		.byte	0x1
 595 01ed 56       		.byte	0x56
ARM GAS  C:\Users\write\AppData\Local\Temp\ccVkjSQc.s 			page 14


 596 01ee AD000000 		.4byte	0xad
 597 01f2 9A000000 		.4byte	.LLST4
 598 01f6 11       		.uleb128 0x11
 599 01f7 67030000 		.4byte	.LASF32
 600 01fb 01       		.byte	0x1
 601 01fc 5A       		.byte	0x5a
 602 01fd 94000000 		.4byte	0x94
 603 0201 14       		.byte	0x14
 604 0202 12       		.uleb128 0x12
 605 0203 C8030000 		.4byte	.LASF33
 606 0207 01       		.byte	0x1
 607 0208 5B       		.byte	0x5b
 608 0209 C3000000 		.4byte	0xc3
 609 020d BB000000 		.4byte	.LLST5
 610 0211 13       		.uleb128 0x13
 611 0212 69647800 		.ascii	"idx\000"
 612 0216 01       		.byte	0x1
 613 0217 5C       		.byte	0x5c
 614 0218 AD000000 		.4byte	0xad
 615 021c F0000000 		.4byte	.LLST6
 616 0220 0C       		.uleb128 0xc
 617 0221 0E000000 		.4byte	.LVL7
 618 0225 3B050000 		.4byte	0x53b
 619 0229 0D       		.uleb128 0xd
 620 022a 18000000 		.4byte	.LVL8
 621 022e 47050000 		.4byte	0x547
 622 0232 47020000 		.4byte	0x247
 623 0236 0E       		.uleb128 0xe
 624 0237 01       		.uleb128 0x1
 625 0238 50       		.byte	0x50
 626 0239 02       		.uleb128 0x2
 627 023a 74       		.byte	0x74
 628 023b 00       		.sleb128 0
 629 023c 0E       		.uleb128 0xe
 630 023d 01       		.uleb128 0x1
 631 023e 51       		.byte	0x51
 632 023f 01       		.uleb128 0x1
 633 0240 30       		.byte	0x30
 634 0241 0E       		.uleb128 0xe
 635 0242 01       		.uleb128 0x1
 636 0243 52       		.byte	0x52
 637 0244 01       		.uleb128 0x1
 638 0245 44       		.byte	0x44
 639 0246 00       		.byte	0
 640 0247 0D       		.uleb128 0xd
 641 0248 20000000 		.4byte	.LVL9
 642 024c 53050000 		.4byte	0x553
 643 0250 60020000 		.4byte	0x260
 644 0254 0E       		.uleb128 0xe
 645 0255 01       		.uleb128 0x1
 646 0256 50       		.byte	0x50
 647 0257 02       		.uleb128 0x2
 648 0258 76       		.byte	0x76
 649 0259 00       		.sleb128 0
 650 025a 0E       		.uleb128 0xe
 651 025b 01       		.uleb128 0x1
 652 025c 51       		.byte	0x51
ARM GAS  C:\Users\write\AppData\Local\Temp\ccVkjSQc.s 			page 15


 653 025d 01       		.uleb128 0x1
 654 025e 44       		.byte	0x44
 655 025f 00       		.byte	0
 656 0260 0D       		.uleb128 0xd
 657 0261 26000000 		.4byte	.LVL10
 658 0265 5F050000 		.4byte	0x55f
 659 0269 73020000 		.4byte	0x273
 660 026d 0E       		.uleb128 0xe
 661 026e 01       		.uleb128 0x1
 662 026f 50       		.byte	0x50
 663 0270 01       		.uleb128 0x1
 664 0271 3A       		.byte	0x3a
 665 0272 00       		.byte	0
 666 0273 0D       		.uleb128 0xd
 667 0274 30000000 		.4byte	.LVL11
 668 0278 47050000 		.4byte	0x547
 669 027c 91020000 		.4byte	0x291
 670 0280 0E       		.uleb128 0xe
 671 0281 01       		.uleb128 0x1
 672 0282 50       		.byte	0x50
 673 0283 02       		.uleb128 0x2
 674 0284 74       		.byte	0x74
 675 0285 00       		.sleb128 0
 676 0286 0E       		.uleb128 0xe
 677 0287 01       		.uleb128 0x1
 678 0288 51       		.byte	0x51
 679 0289 01       		.uleb128 0x1
 680 028a 31       		.byte	0x31
 681 028b 0E       		.uleb128 0xe
 682 028c 01       		.uleb128 0x1
 683 028d 52       		.byte	0x52
 684 028e 01       		.uleb128 0x1
 685 028f 44       		.byte	0x44
 686 0290 00       		.byte	0
 687 0291 0D       		.uleb128 0xd
 688 0292 46000000 		.4byte	.LVL14
 689 0296 6B050000 		.4byte	0x56b
 690 029a B2020000 		.4byte	0x2b2
 691 029e 0E       		.uleb128 0xe
 692 029f 01       		.uleb128 0x1
 693 02a0 50       		.byte	0x50
 694 02a1 01       		.uleb128 0x1
 695 02a2 30       		.byte	0x30
 696 02a3 0E       		.uleb128 0xe
 697 02a4 01       		.uleb128 0x1
 698 02a5 51       		.byte	0x51
 699 02a6 05       		.uleb128 0x5
 700 02a7 77       		.byte	0x77
 701 02a8 00       		.sleb128 0
 702 02a9 74       		.byte	0x74
 703 02aa 00       		.sleb128 0
 704 02ab 22       		.byte	0x22
 705 02ac 0E       		.uleb128 0xe
 706 02ad 01       		.uleb128 0x1
 707 02ae 52       		.byte	0x52
 708 02af 01       		.uleb128 0x1
 709 02b0 44       		.byte	0x44
ARM GAS  C:\Users\write\AppData\Local\Temp\ccVkjSQc.s 			page 16


 710 02b1 00       		.byte	0
 711 02b2 0D       		.uleb128 0xd
 712 02b3 52000000 		.4byte	.LVL15
 713 02b7 6B050000 		.4byte	0x56b
 714 02bb D3020000 		.4byte	0x2d3
 715 02bf 0E       		.uleb128 0xe
 716 02c0 01       		.uleb128 0x1
 717 02c1 50       		.byte	0x50
 718 02c2 01       		.uleb128 0x1
 719 02c3 31       		.byte	0x31
 720 02c4 0E       		.uleb128 0xe
 721 02c5 01       		.uleb128 0x1
 722 02c6 51       		.byte	0x51
 723 02c7 05       		.uleb128 0x5
 724 02c8 77       		.byte	0x77
 725 02c9 00       		.sleb128 0
 726 02ca 74       		.byte	0x74
 727 02cb 00       		.sleb128 0
 728 02cc 22       		.byte	0x22
 729 02cd 0E       		.uleb128 0xe
 730 02ce 01       		.uleb128 0x1
 731 02cf 52       		.byte	0x52
 732 02d0 01       		.uleb128 0x1
 733 02d1 44       		.byte	0x44
 734 02d2 00       		.byte	0
 735 02d3 0F       		.uleb128 0xf
 736 02d4 64000000 		.4byte	.LVL18
 737 02d8 5F050000 		.4byte	0x55f
 738 02dc 0E       		.uleb128 0xe
 739 02dd 01       		.uleb128 0x1
 740 02de 50       		.byte	0x50
 741 02df 01       		.uleb128 0x1
 742 02e0 44       		.byte	0x44
 743 02e1 00       		.byte	0
 744 02e2 00       		.byte	0
 745 02e3 14       		.uleb128 0x14
 746 02e4 04       		.byte	0x4
 747 02e5 AD000000 		.4byte	0xad
 748 02e9 15       		.uleb128 0x15
 749 02ea 82020000 		.4byte	.LASF36
 750 02ee 01       		.byte	0x1
 751 02ef 44       		.byte	0x44
 752 02f0 B8000000 		.4byte	0xb8
 753 02f4 00000000 		.4byte	.LFB36
 754 02f8 50000000 		.4byte	.LFE36-.LFB36
 755 02fc 01       		.uleb128 0x1
 756 02fd 9C       		.byte	0x9c
 757 02fe BE030000 		.4byte	0x3be
 758 0302 16       		.uleb128 0x16
 759 0303 6C736200 		.ascii	"lsb\000"
 760 0307 01       		.byte	0x1
 761 0308 45       		.byte	0x45
 762 0309 AD000000 		.4byte	0xad
 763 030d 02       		.uleb128 0x2
 764 030e 91       		.byte	0x91
 765 030f 77       		.sleb128 -9
 766 0310 16       		.uleb128 0x16
ARM GAS  C:\Users\write\AppData\Local\Temp\ccVkjSQc.s 			page 17


 767 0311 6D736200 		.ascii	"msb\000"
 768 0315 01       		.byte	0x1
 769 0316 46       		.byte	0x46
 770 0317 AD000000 		.4byte	0xad
 771 031b 02       		.uleb128 0x2
 772 031c 91       		.byte	0x91
 773 031d 76       		.sleb128 -10
 774 031e 12       		.uleb128 0x12
 775 031f 1C020000 		.4byte	.LASF34
 776 0323 01       		.byte	0x1
 777 0324 47       		.byte	0x47
 778 0325 AD000000 		.4byte	0xad
 779 0329 1A010000 		.4byte	.LLST7
 780 032d 12       		.uleb128 0x12
 781 032e 4F020000 		.4byte	.LASF35
 782 0332 01       		.byte	0x1
 783 0333 48       		.byte	0x48
 784 0334 AD000000 		.4byte	0xad
 785 0338 2D010000 		.4byte	.LLST8
 786 033c 0D       		.uleb128 0xd
 787 033d 12000000 		.4byte	.LVL22
 788 0341 A1010000 		.4byte	0x1a1
 789 0345 61030000 		.4byte	0x361
 790 0349 0E       		.uleb128 0xe
 791 034a 01       		.uleb128 0x1
 792 034b 50       		.byte	0x50
 793 034c 02       		.uleb128 0x2
 794 034d 08       		.byte	0x8
 795 034e 70       		.byte	0x70
 796 034f 0E       		.uleb128 0xe
 797 0350 01       		.uleb128 0x1
 798 0351 51       		.byte	0x51
 799 0352 02       		.uleb128 0x2
 800 0353 08       		.byte	0x8
 801 0354 71       		.byte	0x71
 802 0355 0E       		.uleb128 0xe
 803 0356 01       		.uleb128 0x1
 804 0357 52       		.byte	0x52
 805 0358 02       		.uleb128 0x2
 806 0359 7D       		.byte	0x7d
 807 035a 07       		.sleb128 7
 808 035b 0E       		.uleb128 0xe
 809 035c 01       		.uleb128 0x1
 810 035d 53       		.byte	0x53
 811 035e 01       		.uleb128 0x1
 812 035f 31       		.byte	0x31
 813 0360 00       		.byte	0
 814 0361 0D       		.uleb128 0xd
 815 0362 22000000 		.4byte	.LVL24
 816 0366 A1010000 		.4byte	0x1a1
 817 036a 86030000 		.4byte	0x386
 818 036e 0E       		.uleb128 0xe
 819 036f 01       		.uleb128 0x1
 820 0370 50       		.byte	0x50
 821 0371 02       		.uleb128 0x2
 822 0372 08       		.byte	0x8
 823 0373 70       		.byte	0x70
ARM GAS  C:\Users\write\AppData\Local\Temp\ccVkjSQc.s 			page 18


 824 0374 0E       		.uleb128 0xe
 825 0375 01       		.uleb128 0x1
 826 0376 51       		.byte	0x51
 827 0377 02       		.uleb128 0x2
 828 0378 08       		.byte	0x8
 829 0379 73       		.byte	0x73
 830 037a 0E       		.uleb128 0xe
 831 037b 01       		.uleb128 0x1
 832 037c 52       		.byte	0x52
 833 037d 02       		.uleb128 0x2
 834 037e 7D       		.byte	0x7d
 835 037f 06       		.sleb128 6
 836 0380 0E       		.uleb128 0xe
 837 0381 01       		.uleb128 0x1
 838 0382 53       		.byte	0x53
 839 0383 01       		.uleb128 0x1
 840 0384 31       		.byte	0x31
 841 0385 00       		.byte	0
 842 0386 0D       		.uleb128 0xd
 843 0387 30000000 		.4byte	.LVL26
 844 038b 77050000 		.4byte	0x577
 845 038f 99030000 		.4byte	0x399
 846 0393 0E       		.uleb128 0xe
 847 0394 01       		.uleb128 0x1
 848 0395 50       		.byte	0x50
 849 0396 01       		.uleb128 0x1
 850 0397 30       		.byte	0x30
 851 0398 00       		.byte	0
 852 0399 0D       		.uleb128 0xd
 853 039a 38000000 		.4byte	.LVL27
 854 039e 82050000 		.4byte	0x582
 855 03a2 AE030000 		.4byte	0x3ae
 856 03a6 0E       		.uleb128 0xe
 857 03a7 01       		.uleb128 0x1
 858 03a8 50       		.byte	0x50
 859 03a9 03       		.uleb128 0x3
 860 03aa 0A       		.byte	0xa
 861 03ab F401     		.2byte	0x1f4
 862 03ad 00       		.byte	0
 863 03ae 0F       		.uleb128 0xf
 864 03af 3E000000 		.4byte	.LVL28
 865 03b3 77050000 		.4byte	0x577
 866 03b7 0E       		.uleb128 0xe
 867 03b8 01       		.uleb128 0x1
 868 03b9 50       		.byte	0x50
 869 03ba 01       		.uleb128 0x1
 870 03bb 31       		.byte	0x31
 871 03bc 00       		.byte	0
 872 03bd 00       		.byte	0
 873 03be 17       		.uleb128 0x17
 874 03bf 46020000 		.4byte	.LASF37
 875 03c3 01       		.byte	0x1
 876 03c4 18       		.byte	0x18
 877 03c5 00000000 		.4byte	.LFB34
 878 03c9 72000000 		.4byte	.LFE34-.LFB34
 879 03cd 01       		.uleb128 0x1
 880 03ce 9C       		.byte	0x9c
ARM GAS  C:\Users\write\AppData\Local\Temp\ccVkjSQc.s 			page 19


 881 03cf 09050000 		.4byte	0x509
 882 03d3 0B       		.uleb128 0xb
 883 03d4 B5010000 		.4byte	.LASF38
 884 03d8 01       		.byte	0x1
 885 03d9 18       		.byte	0x18
 886 03da 09050000 		.4byte	0x509
 887 03de 40010000 		.4byte	.LLST9
 888 03e2 18       		.uleb128 0x18
 889 03e3 D6030000 		.4byte	.LASF39
 890 03e7 01       		.byte	0x1
 891 03e8 19       		.byte	0x19
 892 03e9 38010000 		.4byte	0x138
 893 03ed 02       		.uleb128 0x2
 894 03ee 91       		.byte	0x91
 895 03ef 5C       		.sleb128 -36
 896 03f0 12       		.uleb128 0x12
 897 03f1 35030000 		.4byte	.LASF40
 898 03f5 01       		.byte	0x1
 899 03f6 1A       		.byte	0x1a
 900 03f7 AD000000 		.4byte	0xad
 901 03fb 6C010000 		.4byte	.LLST10
 902 03ff 12       		.uleb128 0x12
 903 0400 8E030000 		.4byte	.LASF41
 904 0404 01       		.byte	0x1
 905 0405 1B       		.byte	0x1b
 906 0406 AD000000 		.4byte	0xad
 907 040a 7F010000 		.4byte	.LLST11
 908 040e 12       		.uleb128 0x12
 909 040f 88000000 		.4byte	.LASF42
 910 0413 01       		.byte	0x1
 911 0414 1C       		.byte	0x1c
 912 0415 AD000000 		.4byte	0xad
 913 0419 92010000 		.4byte	.LLST12
 914 041d 12       		.uleb128 0x12
 915 041e AA010000 		.4byte	.LASF43
 916 0422 01       		.byte	0x1
 917 0423 1D       		.byte	0x1d
 918 0424 CE000000 		.4byte	0xce
 919 0428 A5010000 		.4byte	.LLST13
 920 042c 0D       		.uleb128 0xd
 921 042d 0A000000 		.4byte	.LVL31
 922 0431 8D050000 		.4byte	0x58d
 923 0435 40040000 		.4byte	0x440
 924 0439 0E       		.uleb128 0xe
 925 043a 01       		.uleb128 0x1
 926 043b 50       		.byte	0x50
 927 043c 02       		.uleb128 0x2
 928 043d 74       		.byte	0x74
 929 043e 00       		.sleb128 0
 930 043f 00       		.byte	0
 931 0440 0D       		.uleb128 0xd
 932 0441 12000000 		.4byte	.LVL33
 933 0445 98050000 		.4byte	0x598
 934 0449 54040000 		.4byte	0x454
 935 044d 0E       		.uleb128 0xe
 936 044e 01       		.uleb128 0x1
 937 044f 50       		.byte	0x50
ARM GAS  C:\Users\write\AppData\Local\Temp\ccVkjSQc.s 			page 20


 938 0450 02       		.uleb128 0x2
 939 0451 74       		.byte	0x74
 940 0452 00       		.sleb128 0
 941 0453 00       		.byte	0
 942 0454 0D       		.uleb128 0xd
 943 0455 1A000000 		.4byte	.LVL35
 944 0459 A3050000 		.4byte	0x5a3
 945 045d 68040000 		.4byte	0x468
 946 0461 0E       		.uleb128 0xe
 947 0462 01       		.uleb128 0x1
 948 0463 50       		.byte	0x50
 949 0464 02       		.uleb128 0x2
 950 0465 74       		.byte	0x74
 951 0466 00       		.sleb128 0
 952 0467 00       		.byte	0
 953 0468 0D       		.uleb128 0xd
 954 0469 30000000 		.4byte	.LVL37
 955 046d 43010000 		.4byte	0x143
 956 0471 7B040000 		.4byte	0x47b
 957 0475 0E       		.uleb128 0xe
 958 0476 01       		.uleb128 0x1
 959 0477 50       		.byte	0x50
 960 0478 01       		.uleb128 0x1
 961 0479 30       		.byte	0x30
 962 047a 00       		.byte	0
 963 047b 0D       		.uleb128 0xd
 964 047c 38000000 		.4byte	.LVL39
 965 0480 43010000 		.4byte	0x143
 966 0484 8E040000 		.4byte	0x48e
 967 0488 0E       		.uleb128 0xe
 968 0489 01       		.uleb128 0x1
 969 048a 50       		.byte	0x50
 970 048b 01       		.uleb128 0x1
 971 048c 31       		.byte	0x31
 972 048d 00       		.byte	0
 973 048e 0C       		.uleb128 0xc
 974 048f 3E000000 		.4byte	.LVL41
 975 0493 E9020000 		.4byte	0x2e9
 976 0497 0D       		.uleb128 0xd
 977 0498 50000000 		.4byte	.LVL45
 978 049c AE050000 		.4byte	0x5ae
 979 04a0 BD040000 		.4byte	0x4bd
 980 04a4 0E       		.uleb128 0xe
 981 04a5 01       		.uleb128 0x1
 982 04a6 50       		.byte	0x50
 983 04a7 02       		.uleb128 0x2
 984 04a8 91       		.byte	0x91
 985 04a9 5C       		.sleb128 -36
 986 04aa 0E       		.uleb128 0xe
 987 04ab 01       		.uleb128 0x1
 988 04ac 51       		.byte	0x51
 989 04ad 02       		.uleb128 0x2
 990 04ae 76       		.byte	0x76
 991 04af 00       		.sleb128 0
 992 04b0 0E       		.uleb128 0xe
 993 04b1 01       		.uleb128 0x1
 994 04b2 52       		.byte	0x52
ARM GAS  C:\Users\write\AppData\Local\Temp\ccVkjSQc.s 			page 21


 995 04b3 02       		.uleb128 0x2
 996 04b4 74       		.byte	0x74
 997 04b5 00       		.sleb128 0
 998 04b6 0E       		.uleb128 0xe
 999 04b7 01       		.uleb128 0x1
 1000 04b8 53       		.byte	0x53
 1001 04b9 02       		.uleb128 0x2
 1002 04ba 75       		.byte	0x75
 1003 04bb 00       		.sleb128 0
 1004 04bc 00       		.byte	0
 1005 04bd 0D       		.uleb128 0xd
 1006 04be 56000000 		.4byte	.LVL46
 1007 04c2 B9050000 		.4byte	0x5b9
 1008 04c6 D1040000 		.4byte	0x4d1
 1009 04ca 0E       		.uleb128 0xe
 1010 04cb 01       		.uleb128 0x1
 1011 04cc 50       		.byte	0x50
 1012 04cd 02       		.uleb128 0x2
 1013 04ce 91       		.byte	0x91
 1014 04cf 5C       		.sleb128 -36
 1015 04d0 00       		.byte	0
 1016 04d1 0D       		.uleb128 0xd
 1017 04d2 60000000 		.4byte	.LVL47
 1018 04d6 77050000 		.4byte	0x577
 1019 04da E4040000 		.4byte	0x4e4
 1020 04de 0E       		.uleb128 0xe
 1021 04df 01       		.uleb128 0x1
 1022 04e0 50       		.byte	0x50
 1023 04e1 01       		.uleb128 0x1
 1024 04e2 30       		.byte	0x30
 1025 04e3 00       		.byte	0
 1026 04e4 0D       		.uleb128 0xd
 1027 04e5 68000000 		.4byte	.LVL48
 1028 04e9 82050000 		.4byte	0x582
 1029 04ed F9040000 		.4byte	0x4f9
 1030 04f1 0E       		.uleb128 0xe
 1031 04f2 01       		.uleb128 0x1
 1032 04f3 50       		.byte	0x50
 1033 04f4 03       		.uleb128 0x3
 1034 04f5 0A       		.byte	0xa
 1035 04f6 F401     		.2byte	0x1f4
 1036 04f8 00       		.byte	0
 1037 04f9 0F       		.uleb128 0xf
 1038 04fa 6E000000 		.4byte	.LVL49
 1039 04fe 77050000 		.4byte	0x577
 1040 0502 0E       		.uleb128 0xe
 1041 0503 01       		.uleb128 0x1
 1042 0504 50       		.byte	0x50
 1043 0505 01       		.uleb128 0x1
 1044 0506 31       		.byte	0x31
 1045 0507 00       		.byte	0
 1046 0508 00       		.byte	0
 1047 0509 14       		.uleb128 0x14
 1048 050a 04       		.byte	0x4
 1049 050b 38010000 		.4byte	0x138
 1050 050f 19       		.uleb128 0x19
 1051 0510 B7030000 		.4byte	.LASF44
ARM GAS  C:\Users\write\AppData\Local\Temp\ccVkjSQc.s 			page 22


 1052 0514 B7030000 		.4byte	.LASF44
 1053 0518 05       		.byte	0x5
 1054 0519 9D       		.byte	0x9d
 1055 051a 19       		.uleb128 0x19
 1056 051b CE000000 		.4byte	.LASF45
 1057 051f CE000000 		.4byte	.LASF45
 1058 0523 05       		.byte	0x5
 1059 0524 9F       		.byte	0x9f
 1060 0525 19       		.uleb128 0x19
 1061 0526 F3020000 		.4byte	.LASF46
 1062 052a F3020000 		.4byte	.LASF46
 1063 052e 05       		.byte	0x5
 1064 052f 9E       		.byte	0x9e
 1065 0530 19       		.uleb128 0x19
 1066 0531 0E000000 		.4byte	.LASF47
 1067 0535 0E000000 		.4byte	.LASF47
 1068 0539 05       		.byte	0x5
 1069 053a A0       		.byte	0xa0
 1070 053b 1A       		.uleb128 0x1a
 1071 053c E2000000 		.4byte	.LASF48
 1072 0540 E2000000 		.4byte	.LASF48
 1073 0544 06       		.byte	0x6
 1074 0545 1001     		.2byte	0x110
 1075 0547 1A       		.uleb128 0x1a
 1076 0548 E9030000 		.4byte	.LASF49
 1077 054c E9030000 		.4byte	.LASF49
 1078 0550 06       		.byte	0x6
 1079 0551 1B01     		.2byte	0x11b
 1080 0553 1A       		.uleb128 0x1a
 1081 0554 25020000 		.4byte	.LASF50
 1082 0558 25020000 		.4byte	.LASF50
 1083 055c 06       		.byte	0x6
 1084 055d 1E01     		.2byte	0x11e
 1085 055f 1A       		.uleb128 0x1a
 1086 0560 1E000000 		.4byte	.LASF51
 1087 0564 1E000000 		.4byte	.LASF51
 1088 0568 06       		.byte	0x6
 1089 0569 1D01     		.2byte	0x11d
 1090 056b 1A       		.uleb128 0x1a
 1091 056c 5C000000 		.4byte	.LASF52
 1092 0570 5C000000 		.4byte	.LASF52
 1093 0574 06       		.byte	0x6
 1094 0575 1F01     		.2byte	0x11f
 1095 0577 19       		.uleb128 0x19
 1096 0578 34000000 		.4byte	.LASF53
 1097 057c 34000000 		.4byte	.LASF53
 1098 0580 07       		.byte	0x7
 1099 0581 33       		.byte	0x33
 1100 0582 19       		.uleb128 0x19
 1101 0583 E1030000 		.4byte	.LASF54
 1102 0587 E1030000 		.4byte	.LASF54
 1103 058b 08       		.byte	0x8
 1104 058c EC       		.byte	0xec
 1105 058d 19       		.uleb128 0x19
 1106 058e BA000000 		.4byte	.LASF55
 1107 0592 BA000000 		.4byte	.LASF55
 1108 0596 09       		.byte	0x9
ARM GAS  C:\Users\write\AppData\Local\Temp\ccVkjSQc.s 			page 23


 1109 0597 44       		.byte	0x44
 1110 0598 19       		.uleb128 0x19
 1111 0599 89010000 		.4byte	.LASF56
 1112 059d 89010000 		.4byte	.LASF56
 1113 05a1 04       		.byte	0x4
 1114 05a2 22       		.byte	0x22
 1115 05a3 19       		.uleb128 0x19
 1116 05a4 9B030000 		.4byte	.LASF57
 1117 05a8 9B030000 		.4byte	.LASF57
 1118 05ac 04       		.byte	0x4
 1119 05ad 21       		.byte	0x21
 1120 05ae 19       		.uleb128 0x19
 1121 05af 64020000 		.4byte	.LASF58
 1122 05b3 64020000 		.4byte	.LASF58
 1123 05b7 09       		.byte	0x9
 1124 05b8 3C       		.byte	0x3c
 1125 05b9 19       		.uleb128 0x19
 1126 05ba 00000000 		.4byte	.LASF59
 1127 05be 00000000 		.4byte	.LASF59
 1128 05c2 0A       		.byte	0xa
 1129 05c3 1C       		.byte	0x1c
 1130 05c4 00       		.byte	0
 1131              		.section	.debug_abbrev,"",%progbits
 1132              	.Ldebug_abbrev0:
 1133 0000 01       		.uleb128 0x1
 1134 0001 11       		.uleb128 0x11
 1135 0002 01       		.byte	0x1
 1136 0003 25       		.uleb128 0x25
 1137 0004 0E       		.uleb128 0xe
 1138 0005 13       		.uleb128 0x13
 1139 0006 0B       		.uleb128 0xb
 1140 0007 03       		.uleb128 0x3
 1141 0008 0E       		.uleb128 0xe
 1142 0009 1B       		.uleb128 0x1b
 1143 000a 0E       		.uleb128 0xe
 1144 000b 55       		.uleb128 0x55
 1145 000c 17       		.uleb128 0x17
 1146 000d 11       		.uleb128 0x11
 1147 000e 01       		.uleb128 0x1
 1148 000f 10       		.uleb128 0x10
 1149 0010 17       		.uleb128 0x17
 1150 0011 00       		.byte	0
 1151 0012 00       		.byte	0
 1152 0013 02       		.uleb128 0x2
 1153 0014 16       		.uleb128 0x16
 1154 0015 00       		.byte	0
 1155 0016 03       		.uleb128 0x3
 1156 0017 0E       		.uleb128 0xe
 1157 0018 3A       		.uleb128 0x3a
 1158 0019 0B       		.uleb128 0xb
 1159 001a 3B       		.uleb128 0x3b
 1160 001b 0B       		.uleb128 0xb
 1161 001c 49       		.uleb128 0x49
 1162 001d 13       		.uleb128 0x13
 1163 001e 00       		.byte	0
 1164 001f 00       		.byte	0
 1165 0020 03       		.uleb128 0x3
ARM GAS  C:\Users\write\AppData\Local\Temp\ccVkjSQc.s 			page 24


 1166 0021 24       		.uleb128 0x24
 1167 0022 00       		.byte	0
 1168 0023 0B       		.uleb128 0xb
 1169 0024 0B       		.uleb128 0xb
 1170 0025 3E       		.uleb128 0x3e
 1171 0026 0B       		.uleb128 0xb
 1172 0027 03       		.uleb128 0x3
 1173 0028 0E       		.uleb128 0xe
 1174 0029 00       		.byte	0
 1175 002a 00       		.byte	0
 1176 002b 04       		.uleb128 0x4
 1177 002c 24       		.uleb128 0x24
 1178 002d 00       		.byte	0
 1179 002e 0B       		.uleb128 0xb
 1180 002f 0B       		.uleb128 0xb
 1181 0030 3E       		.uleb128 0x3e
 1182 0031 0B       		.uleb128 0xb
 1183 0032 03       		.uleb128 0x3
 1184 0033 08       		.uleb128 0x8
 1185 0034 00       		.byte	0
 1186 0035 00       		.byte	0
 1187 0036 05       		.uleb128 0x5
 1188 0037 13       		.uleb128 0x13
 1189 0038 01       		.byte	0x1
 1190 0039 0B       		.uleb128 0xb
 1191 003a 0B       		.uleb128 0xb
 1192 003b 3A       		.uleb128 0x3a
 1193 003c 0B       		.uleb128 0xb
 1194 003d 3B       		.uleb128 0x3b
 1195 003e 0B       		.uleb128 0xb
 1196 003f 01       		.uleb128 0x1
 1197 0040 13       		.uleb128 0x13
 1198 0041 00       		.byte	0
 1199 0042 00       		.byte	0
 1200 0043 06       		.uleb128 0x6
 1201 0044 0D       		.uleb128 0xd
 1202 0045 00       		.byte	0
 1203 0046 03       		.uleb128 0x3
 1204 0047 08       		.uleb128 0x8
 1205 0048 3A       		.uleb128 0x3a
 1206 0049 0B       		.uleb128 0xb
 1207 004a 3B       		.uleb128 0x3b
 1208 004b 0B       		.uleb128 0xb
 1209 004c 49       		.uleb128 0x49
 1210 004d 13       		.uleb128 0x13
 1211 004e 38       		.uleb128 0x38
 1212 004f 0B       		.uleb128 0xb
 1213 0050 00       		.byte	0
 1214 0051 00       		.byte	0
 1215 0052 07       		.uleb128 0x7
 1216 0053 0D       		.uleb128 0xd
 1217 0054 00       		.byte	0
 1218 0055 03       		.uleb128 0x3
 1219 0056 0E       		.uleb128 0xe
 1220 0057 3A       		.uleb128 0x3a
 1221 0058 0B       		.uleb128 0xb
 1222 0059 3B       		.uleb128 0x3b
ARM GAS  C:\Users\write\AppData\Local\Temp\ccVkjSQc.s 			page 25


 1223 005a 0B       		.uleb128 0xb
 1224 005b 49       		.uleb128 0x49
 1225 005c 13       		.uleb128 0x13
 1226 005d 38       		.uleb128 0x38
 1227 005e 0B       		.uleb128 0xb
 1228 005f 00       		.byte	0
 1229 0060 00       		.byte	0
 1230 0061 08       		.uleb128 0x8
 1231 0062 01       		.uleb128 0x1
 1232 0063 01       		.byte	0x1
 1233 0064 49       		.uleb128 0x49
 1234 0065 13       		.uleb128 0x13
 1235 0066 01       		.uleb128 0x1
 1236 0067 13       		.uleb128 0x13
 1237 0068 00       		.byte	0
 1238 0069 00       		.byte	0
 1239 006a 09       		.uleb128 0x9
 1240 006b 21       		.uleb128 0x21
 1241 006c 00       		.byte	0
 1242 006d 49       		.uleb128 0x49
 1243 006e 13       		.uleb128 0x13
 1244 006f 2F       		.uleb128 0x2f
 1245 0070 0B       		.uleb128 0xb
 1246 0071 00       		.byte	0
 1247 0072 00       		.byte	0
 1248 0073 0A       		.uleb128 0xa
 1249 0074 2E       		.uleb128 0x2e
 1250 0075 01       		.byte	0x1
 1251 0076 3F       		.uleb128 0x3f
 1252 0077 19       		.uleb128 0x19
 1253 0078 03       		.uleb128 0x3
 1254 0079 0E       		.uleb128 0xe
 1255 007a 3A       		.uleb128 0x3a
 1256 007b 0B       		.uleb128 0xb
 1257 007c 3B       		.uleb128 0x3b
 1258 007d 0B       		.uleb128 0xb
 1259 007e 27       		.uleb128 0x27
 1260 007f 19       		.uleb128 0x19
 1261 0080 49       		.uleb128 0x49
 1262 0081 13       		.uleb128 0x13
 1263 0082 11       		.uleb128 0x11
 1264 0083 01       		.uleb128 0x1
 1265 0084 12       		.uleb128 0x12
 1266 0085 06       		.uleb128 0x6
 1267 0086 40       		.uleb128 0x40
 1268 0087 18       		.uleb128 0x18
 1269 0088 9742     		.uleb128 0x2117
 1270 008a 19       		.uleb128 0x19
 1271 008b 01       		.uleb128 0x1
 1272 008c 13       		.uleb128 0x13
 1273 008d 00       		.byte	0
 1274 008e 00       		.byte	0
 1275 008f 0B       		.uleb128 0xb
 1276 0090 05       		.uleb128 0x5
 1277 0091 00       		.byte	0
 1278 0092 03       		.uleb128 0x3
 1279 0093 0E       		.uleb128 0xe
ARM GAS  C:\Users\write\AppData\Local\Temp\ccVkjSQc.s 			page 26


 1280 0094 3A       		.uleb128 0x3a
 1281 0095 0B       		.uleb128 0xb
 1282 0096 3B       		.uleb128 0x3b
 1283 0097 0B       		.uleb128 0xb
 1284 0098 49       		.uleb128 0x49
 1285 0099 13       		.uleb128 0x13
 1286 009a 02       		.uleb128 0x2
 1287 009b 17       		.uleb128 0x17
 1288 009c 00       		.byte	0
 1289 009d 00       		.byte	0
 1290 009e 0C       		.uleb128 0xc
 1291 009f 898201   		.uleb128 0x4109
 1292 00a2 00       		.byte	0
 1293 00a3 11       		.uleb128 0x11
 1294 00a4 01       		.uleb128 0x1
 1295 00a5 31       		.uleb128 0x31
 1296 00a6 13       		.uleb128 0x13
 1297 00a7 00       		.byte	0
 1298 00a8 00       		.byte	0
 1299 00a9 0D       		.uleb128 0xd
 1300 00aa 898201   		.uleb128 0x4109
 1301 00ad 01       		.byte	0x1
 1302 00ae 11       		.uleb128 0x11
 1303 00af 01       		.uleb128 0x1
 1304 00b0 31       		.uleb128 0x31
 1305 00b1 13       		.uleb128 0x13
 1306 00b2 01       		.uleb128 0x1
 1307 00b3 13       		.uleb128 0x13
 1308 00b4 00       		.byte	0
 1309 00b5 00       		.byte	0
 1310 00b6 0E       		.uleb128 0xe
 1311 00b7 8A8201   		.uleb128 0x410a
 1312 00ba 00       		.byte	0
 1313 00bb 02       		.uleb128 0x2
 1314 00bc 18       		.uleb128 0x18
 1315 00bd 9142     		.uleb128 0x2111
 1316 00bf 18       		.uleb128 0x18
 1317 00c0 00       		.byte	0
 1318 00c1 00       		.byte	0
 1319 00c2 0F       		.uleb128 0xf
 1320 00c3 898201   		.uleb128 0x4109
 1321 00c6 01       		.byte	0x1
 1322 00c7 11       		.uleb128 0x11
 1323 00c8 01       		.uleb128 0x1
 1324 00c9 31       		.uleb128 0x31
 1325 00ca 13       		.uleb128 0x13
 1326 00cb 00       		.byte	0
 1327 00cc 00       		.byte	0
 1328 00cd 10       		.uleb128 0x10
 1329 00ce 05       		.uleb128 0x5
 1330 00cf 00       		.byte	0
 1331 00d0 03       		.uleb128 0x3
 1332 00d1 08       		.uleb128 0x8
 1333 00d2 3A       		.uleb128 0x3a
 1334 00d3 0B       		.uleb128 0xb
 1335 00d4 3B       		.uleb128 0x3b
 1336 00d5 0B       		.uleb128 0xb
ARM GAS  C:\Users\write\AppData\Local\Temp\ccVkjSQc.s 			page 27


 1337 00d6 49       		.uleb128 0x49
 1338 00d7 13       		.uleb128 0x13
 1339 00d8 02       		.uleb128 0x2
 1340 00d9 17       		.uleb128 0x17
 1341 00da 00       		.byte	0
 1342 00db 00       		.byte	0
 1343 00dc 11       		.uleb128 0x11
 1344 00dd 34       		.uleb128 0x34
 1345 00de 00       		.byte	0
 1346 00df 03       		.uleb128 0x3
 1347 00e0 0E       		.uleb128 0xe
 1348 00e1 3A       		.uleb128 0x3a
 1349 00e2 0B       		.uleb128 0xb
 1350 00e3 3B       		.uleb128 0x3b
 1351 00e4 0B       		.uleb128 0xb
 1352 00e5 49       		.uleb128 0x49
 1353 00e6 13       		.uleb128 0x13
 1354 00e7 1C       		.uleb128 0x1c
 1355 00e8 0B       		.uleb128 0xb
 1356 00e9 00       		.byte	0
 1357 00ea 00       		.byte	0
 1358 00eb 12       		.uleb128 0x12
 1359 00ec 34       		.uleb128 0x34
 1360 00ed 00       		.byte	0
 1361 00ee 03       		.uleb128 0x3
 1362 00ef 0E       		.uleb128 0xe
 1363 00f0 3A       		.uleb128 0x3a
 1364 00f1 0B       		.uleb128 0xb
 1365 00f2 3B       		.uleb128 0x3b
 1366 00f3 0B       		.uleb128 0xb
 1367 00f4 49       		.uleb128 0x49
 1368 00f5 13       		.uleb128 0x13
 1369 00f6 02       		.uleb128 0x2
 1370 00f7 17       		.uleb128 0x17
 1371 00f8 00       		.byte	0
 1372 00f9 00       		.byte	0
 1373 00fa 13       		.uleb128 0x13
 1374 00fb 34       		.uleb128 0x34
 1375 00fc 00       		.byte	0
 1376 00fd 03       		.uleb128 0x3
 1377 00fe 08       		.uleb128 0x8
 1378 00ff 3A       		.uleb128 0x3a
 1379 0100 0B       		.uleb128 0xb
 1380 0101 3B       		.uleb128 0x3b
 1381 0102 0B       		.uleb128 0xb
 1382 0103 49       		.uleb128 0x49
 1383 0104 13       		.uleb128 0x13
 1384 0105 02       		.uleb128 0x2
 1385 0106 17       		.uleb128 0x17
 1386 0107 00       		.byte	0
 1387 0108 00       		.byte	0
 1388 0109 14       		.uleb128 0x14
 1389 010a 0F       		.uleb128 0xf
 1390 010b 00       		.byte	0
 1391 010c 0B       		.uleb128 0xb
 1392 010d 0B       		.uleb128 0xb
 1393 010e 49       		.uleb128 0x49
ARM GAS  C:\Users\write\AppData\Local\Temp\ccVkjSQc.s 			page 28


 1394 010f 13       		.uleb128 0x13
 1395 0110 00       		.byte	0
 1396 0111 00       		.byte	0
 1397 0112 15       		.uleb128 0x15
 1398 0113 2E       		.uleb128 0x2e
 1399 0114 01       		.byte	0x1
 1400 0115 3F       		.uleb128 0x3f
 1401 0116 19       		.uleb128 0x19
 1402 0117 03       		.uleb128 0x3
 1403 0118 0E       		.uleb128 0xe
 1404 0119 3A       		.uleb128 0x3a
 1405 011a 0B       		.uleb128 0xb
 1406 011b 3B       		.uleb128 0x3b
 1407 011c 0B       		.uleb128 0xb
 1408 011d 49       		.uleb128 0x49
 1409 011e 13       		.uleb128 0x13
 1410 011f 11       		.uleb128 0x11
 1411 0120 01       		.uleb128 0x1
 1412 0121 12       		.uleb128 0x12
 1413 0122 06       		.uleb128 0x6
 1414 0123 40       		.uleb128 0x40
 1415 0124 18       		.uleb128 0x18
 1416 0125 9742     		.uleb128 0x2117
 1417 0127 19       		.uleb128 0x19
 1418 0128 01       		.uleb128 0x1
 1419 0129 13       		.uleb128 0x13
 1420 012a 00       		.byte	0
 1421 012b 00       		.byte	0
 1422 012c 16       		.uleb128 0x16
 1423 012d 34       		.uleb128 0x34
 1424 012e 00       		.byte	0
 1425 012f 03       		.uleb128 0x3
 1426 0130 08       		.uleb128 0x8
 1427 0131 3A       		.uleb128 0x3a
 1428 0132 0B       		.uleb128 0xb
 1429 0133 3B       		.uleb128 0x3b
 1430 0134 0B       		.uleb128 0xb
 1431 0135 49       		.uleb128 0x49
 1432 0136 13       		.uleb128 0x13
 1433 0137 02       		.uleb128 0x2
 1434 0138 18       		.uleb128 0x18
 1435 0139 00       		.byte	0
 1436 013a 00       		.byte	0
 1437 013b 17       		.uleb128 0x17
 1438 013c 2E       		.uleb128 0x2e
 1439 013d 01       		.byte	0x1
 1440 013e 3F       		.uleb128 0x3f
 1441 013f 19       		.uleb128 0x19
 1442 0140 03       		.uleb128 0x3
 1443 0141 0E       		.uleb128 0xe
 1444 0142 3A       		.uleb128 0x3a
 1445 0143 0B       		.uleb128 0xb
 1446 0144 3B       		.uleb128 0x3b
 1447 0145 0B       		.uleb128 0xb
 1448 0146 27       		.uleb128 0x27
 1449 0147 19       		.uleb128 0x19
 1450 0148 11       		.uleb128 0x11
ARM GAS  C:\Users\write\AppData\Local\Temp\ccVkjSQc.s 			page 29


 1451 0149 01       		.uleb128 0x1
 1452 014a 12       		.uleb128 0x12
 1453 014b 06       		.uleb128 0x6
 1454 014c 40       		.uleb128 0x40
 1455 014d 18       		.uleb128 0x18
 1456 014e 9742     		.uleb128 0x2117
 1457 0150 19       		.uleb128 0x19
 1458 0151 01       		.uleb128 0x1
 1459 0152 13       		.uleb128 0x13
 1460 0153 00       		.byte	0
 1461 0154 00       		.byte	0
 1462 0155 18       		.uleb128 0x18
 1463 0156 34       		.uleb128 0x34
 1464 0157 00       		.byte	0
 1465 0158 03       		.uleb128 0x3
 1466 0159 0E       		.uleb128 0xe
 1467 015a 3A       		.uleb128 0x3a
 1468 015b 0B       		.uleb128 0xb
 1469 015c 3B       		.uleb128 0x3b
 1470 015d 0B       		.uleb128 0xb
 1471 015e 49       		.uleb128 0x49
 1472 015f 13       		.uleb128 0x13
 1473 0160 02       		.uleb128 0x2
 1474 0161 18       		.uleb128 0x18
 1475 0162 00       		.byte	0
 1476 0163 00       		.byte	0
 1477 0164 19       		.uleb128 0x19
 1478 0165 2E       		.uleb128 0x2e
 1479 0166 00       		.byte	0
 1480 0167 3F       		.uleb128 0x3f
 1481 0168 19       		.uleb128 0x19
 1482 0169 3C       		.uleb128 0x3c
 1483 016a 19       		.uleb128 0x19
 1484 016b 6E       		.uleb128 0x6e
 1485 016c 0E       		.uleb128 0xe
 1486 016d 03       		.uleb128 0x3
 1487 016e 0E       		.uleb128 0xe
 1488 016f 3A       		.uleb128 0x3a
 1489 0170 0B       		.uleb128 0xb
 1490 0171 3B       		.uleb128 0x3b
 1491 0172 0B       		.uleb128 0xb
 1492 0173 00       		.byte	0
 1493 0174 00       		.byte	0
 1494 0175 1A       		.uleb128 0x1a
 1495 0176 2E       		.uleb128 0x2e
 1496 0177 00       		.byte	0
 1497 0178 3F       		.uleb128 0x3f
 1498 0179 19       		.uleb128 0x19
 1499 017a 3C       		.uleb128 0x3c
 1500 017b 19       		.uleb128 0x19
 1501 017c 6E       		.uleb128 0x6e
 1502 017d 0E       		.uleb128 0xe
 1503 017e 03       		.uleb128 0x3
 1504 017f 0E       		.uleb128 0xe
 1505 0180 3A       		.uleb128 0x3a
 1506 0181 0B       		.uleb128 0xb
 1507 0182 3B       		.uleb128 0x3b
ARM GAS  C:\Users\write\AppData\Local\Temp\ccVkjSQc.s 			page 30


 1508 0183 05       		.uleb128 0x5
 1509 0184 00       		.byte	0
 1510 0185 00       		.byte	0
 1511 0186 00       		.byte	0
 1512              		.section	.debug_loc,"",%progbits
 1513              	.Ldebug_loc0:
 1514              	.LLST0:
 1515 0000 00000000 		.4byte	.LVL0
 1516 0004 07000000 		.4byte	.LVL1-1
 1517 0008 0100     		.2byte	0x1
 1518 000a 50       		.byte	0x50
 1519 000b 07000000 		.4byte	.LVL1-1
 1520 000f 1A000000 		.4byte	.LVL5
 1521 0013 0100     		.2byte	0x1
 1522 0015 54       		.byte	0x54
 1523 0016 1A000000 		.4byte	.LVL5
 1524 001a 1C000000 		.4byte	.LFE35
 1525 001e 0400     		.2byte	0x4
 1526 0020 F3       		.byte	0xf3
 1527 0021 01       		.uleb128 0x1
 1528 0022 50       		.byte	0x50
 1529 0023 9F       		.byte	0x9f
 1530 0024 00000000 		.4byte	0
 1531 0028 00000000 		.4byte	0
 1532              	.LLST1:
 1533 002c 00000000 		.4byte	.LVL6
 1534 0030 0D000000 		.4byte	.LVL7-1
 1535 0034 0100     		.2byte	0x1
 1536 0036 50       		.byte	0x50
 1537 0037 0D000000 		.4byte	.LVL7-1
 1538 003b 68000000 		.4byte	.LFE37
 1539 003f 0400     		.2byte	0x4
 1540 0041 F3       		.byte	0xf3
 1541 0042 01       		.uleb128 0x1
 1542 0043 50       		.byte	0x50
 1543 0044 9F       		.byte	0x9f
 1544 0045 00000000 		.4byte	0
 1545 0049 00000000 		.4byte	0
 1546              	.LLST2:
 1547 004d 00000000 		.4byte	.LVL6
 1548 0051 0D000000 		.4byte	.LVL7-1
 1549 0055 0100     		.2byte	0x1
 1550 0057 51       		.byte	0x51
 1551 0058 0D000000 		.4byte	.LVL7-1
 1552 005c 68000000 		.4byte	.LFE37
 1553 0060 0400     		.2byte	0x4
 1554 0062 F3       		.byte	0xf3
 1555 0063 01       		.uleb128 0x1
 1556 0064 51       		.byte	0x51
 1557 0065 9F       		.byte	0x9f
 1558 0066 00000000 		.4byte	0
 1559 006a 00000000 		.4byte	0
 1560              	.LLST3:
 1561 006e 00000000 		.4byte	.LVL6
 1562 0072 0D000000 		.4byte	.LVL7-1
 1563 0076 0100     		.2byte	0x1
 1564 0078 52       		.byte	0x52
ARM GAS  C:\Users\write\AppData\Local\Temp\ccVkjSQc.s 			page 31


 1565 0079 0D000000 		.4byte	.LVL7-1
 1566 007d 66000000 		.4byte	.LVL21
 1567 0081 0100     		.2byte	0x1
 1568 0083 57       		.byte	0x57
 1569 0084 66000000 		.4byte	.LVL21
 1570 0088 68000000 		.4byte	.LFE37
 1571 008c 0400     		.2byte	0x4
 1572 008e F3       		.byte	0xf3
 1573 008f 01       		.uleb128 0x1
 1574 0090 52       		.byte	0x52
 1575 0091 9F       		.byte	0x9f
 1576 0092 00000000 		.4byte	0
 1577 0096 00000000 		.4byte	0
 1578              	.LLST4:
 1579 009a 00000000 		.4byte	.LVL6
 1580 009e 0D000000 		.4byte	.LVL7-1
 1581 00a2 0100     		.2byte	0x1
 1582 00a4 53       		.byte	0x53
 1583 00a5 0D000000 		.4byte	.LVL7-1
 1584 00a9 68000000 		.4byte	.LFE37
 1585 00ad 0400     		.2byte	0x4
 1586 00af F3       		.byte	0xf3
 1587 00b0 01       		.uleb128 0x1
 1588 00b1 53       		.byte	0x53
 1589 00b2 9F       		.byte	0x9f
 1590 00b3 00000000 		.4byte	0
 1591 00b7 00000000 		.4byte	0
 1592              	.LLST5:
 1593 00bb 0E000000 		.4byte	.LVL7
 1594 00bf 18000000 		.4byte	.LVL8
 1595 00c3 0200     		.2byte	0x2
 1596 00c5 30       		.byte	0x30
 1597 00c6 9F       		.byte	0x9f
 1598 00c7 32000000 		.4byte	.LVL12
 1599 00cb 36000000 		.4byte	.LVL13
 1600 00cf 0100     		.2byte	0x1
 1601 00d1 50       		.byte	0x50
 1602 00d2 36000000 		.4byte	.LVL13
 1603 00d6 64000000 		.4byte	.LVL18
 1604 00da 0100     		.2byte	0x1
 1605 00dc 56       		.byte	0x56
 1606 00dd 64000000 		.4byte	.LVL18
 1607 00e1 66000000 		.4byte	.LVL19
 1608 00e5 0100     		.2byte	0x1
 1609 00e7 50       		.byte	0x50
 1610 00e8 00000000 		.4byte	0
 1611 00ec 00000000 		.4byte	0
 1612              	.LLST6:
 1613 00f0 32000000 		.4byte	.LVL12
 1614 00f4 36000000 		.4byte	.LVL13
 1615 00f8 0200     		.2byte	0x2
 1616 00fa 30       		.byte	0x30
 1617 00fb 9F       		.byte	0x9f
 1618 00fc 36000000 		.4byte	.LVL13
 1619 0100 54000000 		.4byte	.LVL16
 1620 0104 0100     		.2byte	0x1
 1621 0106 54       		.byte	0x54
ARM GAS  C:\Users\write\AppData\Local\Temp\ccVkjSQc.s 			page 32


 1622 0107 56000000 		.4byte	.LVL17
 1623 010b 66000000 		.4byte	.LVL20
 1624 010f 0100     		.2byte	0x1
 1625 0111 54       		.byte	0x54
 1626 0112 00000000 		.4byte	0
 1627 0116 00000000 		.4byte	0
 1628              	.LLST7:
 1629 011a 14000000 		.4byte	.LVL23
 1630 011e 4E000000 		.4byte	.LVL29
 1631 0122 0100     		.2byte	0x1
 1632 0124 54       		.byte	0x54
 1633 0125 00000000 		.4byte	0
 1634 0129 00000000 		.4byte	0
 1635              	.LLST8:
 1636 012d 22000000 		.4byte	.LVL24
 1637 0131 24000000 		.4byte	.LVL25
 1638 0135 0100     		.2byte	0x1
 1639 0137 50       		.byte	0x50
 1640 0138 00000000 		.4byte	0
 1641 013c 00000000 		.4byte	0
 1642              	.LLST9:
 1643 0140 00000000 		.4byte	.LVL30
 1644 0144 09000000 		.4byte	.LVL31-1
 1645 0148 0100     		.2byte	0x1
 1646 014a 50       		.byte	0x50
 1647 014b 09000000 		.4byte	.LVL31-1
 1648 014f 1C000000 		.4byte	.LVL36
 1649 0153 0100     		.2byte	0x1
 1650 0155 54       		.byte	0x54
 1651 0156 1C000000 		.4byte	.LVL36
 1652 015a 72000000 		.4byte	.LFE34
 1653 015e 0400     		.2byte	0x4
 1654 0160 F3       		.byte	0xf3
 1655 0161 01       		.uleb128 0x1
 1656 0162 50       		.byte	0x50
 1657 0163 9F       		.byte	0x9f
 1658 0164 00000000 		.4byte	0
 1659 0168 00000000 		.4byte	0
 1660              	.LLST10:
 1661 016c 0C000000 		.4byte	.LVL32
 1662 0170 70000000 		.4byte	.LVL51
 1663 0174 0100     		.2byte	0x1
 1664 0176 55       		.byte	0x55
 1665 0177 00000000 		.4byte	0
 1666 017b 00000000 		.4byte	0
 1667              	.LLST11:
 1668 017f 14000000 		.4byte	.LVL34
 1669 0183 70000000 		.4byte	.LVL52
 1670 0187 0100     		.2byte	0x1
 1671 0189 56       		.byte	0x56
 1672 018a 00000000 		.4byte	0
 1673 018e 00000000 		.4byte	0
 1674              	.LLST12:
 1675 0192 1C000000 		.4byte	.LVL36
 1676 0196 70000000 		.4byte	.LVL50
 1677 019a 0100     		.2byte	0x1
 1678 019c 54       		.byte	0x54
ARM GAS  C:\Users\write\AppData\Local\Temp\ccVkjSQc.s 			page 33


 1679 019d 00000000 		.4byte	0
 1680 01a1 00000000 		.4byte	0
 1681              	.LLST13:
 1682 01a5 1C000000 		.4byte	.LVL36
 1683 01a9 30000000 		.4byte	.LVL37
 1684 01ad 0200     		.2byte	0x2
 1685 01af 30       		.byte	0x30
 1686 01b0 9F       		.byte	0x9f
 1687 01b1 30000000 		.4byte	.LVL37
 1688 01b5 32000000 		.4byte	.LVL38
 1689 01b9 0100     		.2byte	0x1
 1690 01bb 50       		.byte	0x50
 1691 01bc 32000000 		.4byte	.LVL38
 1692 01c0 38000000 		.4byte	.LVL39
 1693 01c4 0200     		.2byte	0x2
 1694 01c6 30       		.byte	0x30
 1695 01c7 9F       		.byte	0x9f
 1696 01c8 38000000 		.4byte	.LVL39
 1697 01cc 3A000000 		.4byte	.LVL40
 1698 01d0 0100     		.2byte	0x1
 1699 01d2 50       		.byte	0x50
 1700 01d3 3A000000 		.4byte	.LVL40
 1701 01d7 3E000000 		.4byte	.LVL41
 1702 01db 0200     		.2byte	0x2
 1703 01dd 30       		.byte	0x30
 1704 01de 9F       		.byte	0x9f
 1705 01df 3E000000 		.4byte	.LVL41
 1706 01e3 40000000 		.4byte	.LVL42
 1707 01e7 0100     		.2byte	0x1
 1708 01e9 50       		.byte	0x50
 1709 01ea 40000000 		.4byte	.LVL42
 1710 01ee 42000000 		.4byte	.LVL43
 1711 01f2 0200     		.2byte	0x2
 1712 01f4 30       		.byte	0x30
 1713 01f5 9F       		.byte	0x9f
 1714 01f6 42000000 		.4byte	.LVL43
 1715 01fa 4C000000 		.4byte	.LVL44
 1716 01fe 0100     		.2byte	0x1
 1717 0200 50       		.byte	0x50
 1718 0201 4C000000 		.4byte	.LVL44
 1719 0205 4F000000 		.4byte	.LVL45-1
 1720 0209 0200     		.2byte	0x2
 1721 020b 7D       		.byte	0x7d
 1722 020c 00       		.sleb128 0
 1723 020d 00000000 		.4byte	0
 1724 0211 00000000 		.4byte	0
 1725              		.section	.debug_aranges,"",%progbits
 1726 0000 34000000 		.4byte	0x34
 1727 0004 0200     		.2byte	0x2
 1728 0006 00000000 		.4byte	.Ldebug_info0
 1729 000a 04       		.byte	0x4
 1730 000b 00       		.byte	0
 1731 000c 0000     		.2byte	0
 1732 000e 0000     		.2byte	0
 1733 0010 00000000 		.4byte	.LFB35
 1734 0014 1C000000 		.4byte	.LFE35-.LFB35
 1735 0018 00000000 		.4byte	.LFB37
ARM GAS  C:\Users\write\AppData\Local\Temp\ccVkjSQc.s 			page 34


 1736 001c 68000000 		.4byte	.LFE37-.LFB37
 1737 0020 00000000 		.4byte	.LFB36
 1738 0024 50000000 		.4byte	.LFE36-.LFB36
 1739 0028 00000000 		.4byte	.LFB34
 1740 002c 72000000 		.4byte	.LFE34-.LFB34
 1741 0030 00000000 		.4byte	0
 1742 0034 00000000 		.4byte	0
 1743              		.section	.debug_ranges,"",%progbits
 1744              	.Ldebug_ranges0:
 1745 0000 00000000 		.4byte	.LFB35
 1746 0004 1C000000 		.4byte	.LFE35
 1747 0008 00000000 		.4byte	.LFB37
 1748 000c 68000000 		.4byte	.LFE37
 1749 0010 00000000 		.4byte	.LFB36
 1750 0014 50000000 		.4byte	.LFE36
 1751 0018 00000000 		.4byte	.LFB34
 1752 001c 72000000 		.4byte	.LFE34
 1753 0020 00000000 		.4byte	0
 1754 0024 00000000 		.4byte	0
 1755              		.section	.debug_line,"",%progbits
 1756              	.Ldebug_line0:
 1757 0000 10020000 		.section	.debug_str,"MS",%progbits,1
 1757      02008901 
 1757      00000201 
 1757      FB0E0D00 
 1757      01010101 
 1758              	.LASF59:
 1759 0000 53656E64 		.ascii	"SendCANPacket\000"
 1759      43414E50 
 1759      61636B65 
 1759      7400
 1760              	.LASF47:
 1761 000e 4144435F 		.ascii	"ADC_GetResult16\000"
 1761      47657452 
 1761      6573756C 
 1761      74313600 
 1762              	.LASF51:
 1763 001e 4932435F 		.ascii	"I2C_I2CMasterSendStop\000"
 1763      4932434D 
 1763      61737465 
 1763      7253656E 
 1763      6453746F 
 1764              	.LASF53:
 1765 0034 4552525F 		.ascii	"ERR_LED_Write\000"
 1765      4C45445F 
 1765      57726974 
 1765      6500
 1766              	.LASF14:
 1767 0042 696E7438 		.ascii	"int8_t\000"
 1767      5F7400
 1768              	.LASF26:
 1769 0049 72656164 		.ascii	"read_ADC\000"
 1769      5F414443 
 1769      00
 1770              	.LASF4:
 1771 0052 73686F72 		.ascii	"short int\000"
 1771      7420696E 
ARM GAS  C:\Users\write\AppData\Local\Temp\ccVkjSQc.s 			page 35


 1771      7400
 1772              	.LASF52:
 1773 005c 4932435F 		.ascii	"I2C_I2CMasterReadByte\000"
 1773      4932434D 
 1773      61737465 
 1773      72526561 
 1773      64427974 
 1774              	.LASF23:
 1775 0072 73697A65 		.ascii	"sizetype\000"
 1775      74797065 
 1775      00
 1776              	.LASF27:
 1777 007b 4932435F 		.ascii	"I2C_bus_read\000"
 1777      6275735F 
 1777      72656164 
 1777      00
 1778              	.LASF42:
 1779 0088 74617267 		.ascii	"target_serial\000"
 1779      65745F73 
 1779      65726961 
 1779      6C00
 1780              	.LASF11:
 1781 0096 6C6F6E67 		.ascii	"long long int\000"
 1781      206C6F6E 
 1781      6720696E 
 1781      7400
 1782              	.LASF9:
 1783 00a4 5F5F7569 		.ascii	"__uint32_t\000"
 1783      6E743332 
 1783      5F7400
 1784              	.LASF5:
 1785 00af 5F5F7569 		.ascii	"__uint16_t\000"
 1785      6E743136 
 1785      5F7400
 1786              	.LASF55:
 1787 00ba 4465636F 		.ascii	"DecodeTelemetryType\000"
 1787      64655465 
 1787      6C656D65 
 1787      74727954 
 1787      79706500 
 1788              	.LASF45:
 1789 00ce 4144435F 		.ascii	"ADC_IsEndConversion\000"
 1789      4973456E 
 1789      64436F6E 
 1789      76657273 
 1789      696F6E00 
 1790              	.LASF48:
 1791 00e2 4932435F 		.ascii	"I2C_I2CMasterClearStatus\000"
 1791      4932434D 
 1791      61737465 
 1791      72436C65 
 1791      61725374 
 1792              	.LASF60:
 1793 00fb 474E5520 		.ascii	"GNU C11 5.4.1 20160609 (release) [ARM/embedded-5-br"
 1793      43313120 
 1793      352E342E 
 1793      31203230 
ARM GAS  C:\Users\write\AppData\Local\Temp\ccVkjSQc.s 			page 36


 1793      31363036 
 1794 012e 616E6368 		.ascii	"anch revision 237715] -mcpu=cortex-m0 -mthumb -g -O"
 1794      20726576 
 1794      6973696F 
 1794      6E203233 
 1794      37373135 
 1795 0161 67202D66 		.ascii	"g -ffunction-sections -ffat-lto-objects\000"
 1795      66756E63 
 1795      74696F6E 
 1795      2D736563 
 1795      74696F6E 
 1796              	.LASF56:
 1797 0189 47657453 		.ascii	"GetSenderDeviceGroupCode\000"
 1797      656E6465 
 1797      72446576 
 1797      69636547 
 1797      726F7570 
 1798              	.LASF15:
 1799 01a2 75696E74 		.ascii	"uint8_t\000"
 1799      385F7400 
 1800              	.LASF43:
 1801 01aa 73656E73 		.ascii	"sensor_val\000"
 1801      6F725F76 
 1801      616C00
 1802              	.LASF38:
 1803 01b5 7061636B 		.ascii	"packet\000"
 1803      657400
 1804              	.LASF19:
 1805 01bc 666C6F61 		.ascii	"float\000"
 1805      7400
 1806              	.LASF62:
 1807 01c2 433A5C55 		.ascii	"C:\\Users\\write\\Documents\\PSoC Creator\\Science_"
 1807      73657273 
 1807      5C777269 
 1807      74655C44 
 1807      6F63756D 
 1808 01f0 426F6172 		.ascii	"Board_2021-2022\\science wow.cydsn\000"
 1808      645F3230 
 1808      32312D32 
 1808      3032325C 
 1808      73636965 
 1809              	.LASF25:
 1810 0212 43414E50 		.ascii	"CANPacket\000"
 1810      61636B65 
 1810      7400
 1811              	.LASF34:
 1812 021c 6C736265 		.ascii	"lsberror\000"
 1812      72726F72 
 1812      00
 1813              	.LASF50:
 1814 0225 4932435F 		.ascii	"I2C_I2CMasterWriteByte\000"
 1814      4932434D 
 1814      61737465 
 1814      72577269 
 1814      74654279 
 1815              	.LASF1:
 1816 023c 5F5F7569 		.ascii	"__uint8_t\000"
ARM GAS  C:\Users\write\AppData\Local\Temp\ccVkjSQc.s 			page 37


 1816      6E74385F 
 1816      7400
 1817              	.LASF37:
 1818 0246 6765745F 		.ascii	"get_data\000"
 1818      64617461 
 1818      00
 1819              	.LASF35:
 1820 024f 6D736265 		.ascii	"msberror\000"
 1820      72726F72 
 1820      00
 1821              	.LASF22:
 1822 0258 6C6F6E67 		.ascii	"long double\000"
 1822      20646F75 
 1822      626C6500 
 1823              	.LASF58:
 1824 0264 41737365 		.ascii	"AssembleTelemetryReportPacket\000"
 1824      6D626C65 
 1824      54656C65 
 1824      6D657472 
 1824      79526570 
 1825              	.LASF36:
 1826 0282 72656164 		.ascii	"read_uv_sensor\000"
 1826      5F75765F 
 1826      73656E73 
 1826      6F7200
 1827              	.LASF30:
 1828 0291 7265675F 		.ascii	"reg_addr\000"
 1828      61646472 
 1828      00
 1829              	.LASF3:
 1830 029a 756E7369 		.ascii	"unsigned char\000"
 1830      676E6564 
 1830      20636861 
 1830      7200
 1831              	.LASF2:
 1832 02a8 7369676E 		.ascii	"signed char\000"
 1832      65642063 
 1832      68617200 
 1833              	.LASF12:
 1834 02b4 6C6F6E67 		.ascii	"long long unsigned int\000"
 1834      206C6F6E 
 1834      6720756E 
 1834      7369676E 
 1834      65642069 
 1835              	.LASF18:
 1836 02cb 75696E74 		.ascii	"uint32_t\000"
 1836      33325F74 
 1836      00
 1837              	.LASF13:
 1838 02d4 756E7369 		.ascii	"unsigned int\000"
 1838      676E6564 
 1838      20696E74 
 1838      00
 1839              	.LASF16:
 1840 02e1 75696E74 		.ascii	"uint16_t\000"
 1840      31365F74 
 1840      00
ARM GAS  C:\Users\write\AppData\Local\Temp\ccVkjSQc.s 			page 38


 1841              	.LASF29:
 1842 02ea 6465765F 		.ascii	"dev_addr\000"
 1842      61646472 
 1842      00
 1843              	.LASF46:
 1844 02f3 4144435F 		.ascii	"ADC_StopConvert\000"
 1844      53746F70 
 1844      436F6E76 
 1844      65727400 
 1845              	.LASF6:
 1846 0303 73686F72 		.ascii	"short unsigned int\000"
 1846      7420756E 
 1846      7369676E 
 1846      65642069 
 1846      6E7400
 1847              	.LASF0:
 1848 0316 5F5F696E 		.ascii	"__int8_t\000"
 1848      74385F74 
 1848      00
 1849              	.LASF21:
 1850 031f 63686172 		.ascii	"char\000"
 1850      00
 1851              	.LASF8:
 1852 0324 6C6F6E67 		.ascii	"long int\000"
 1852      20696E74 
 1852      00
 1853              	.LASF17:
 1854 032d 696E7433 		.ascii	"int32_t\000"
 1854      325F7400 
 1855              	.LASF40:
 1856 0335 73656E73 		.ascii	"sensor_type\000"
 1856      6F725F74 
 1856      79706500 
 1857              	.LASF28:
 1858 0341 6368616E 		.ascii	"channel\000"
 1858      6E656C00 
 1859              	.LASF24:
 1860 0349 64617461 		.ascii	"data\000"
 1860      00
 1861              	.LASF10:
 1862 034e 6C6F6E67 		.ascii	"long unsigned int\000"
 1862      20756E73 
 1862      69676E65 
 1862      6420696E 
 1862      7400
 1863              	.LASF20:
 1864 0360 646F7562 		.ascii	"double\000"
 1864      6C6500
 1865              	.LASF32:
 1866 0367 6D735F74 		.ascii	"ms_timeout\000"
 1866      696D656F 
 1866      757400
 1867              	.LASF31:
 1868 0372 7265675F 		.ascii	"reg_data\000"
 1868      64617461 
 1868      00
 1869              	.LASF61:
ARM GAS  C:\Users\write\AppData\Local\Temp\ccVkjSQc.s 			page 39


 1870 037b 73656E73 		.ascii	"sensor.c\000"
 1870      6F722E63 
 1870      00
 1871              	.LASF7:
 1872 0384 5F5F696E 		.ascii	"__int32_t\000"
 1872      7433325F 
 1872      7400
 1873              	.LASF41:
 1874 038e 74617267 		.ascii	"target_group\000"
 1874      65745F67 
 1874      726F7570 
 1874      00
 1875              	.LASF57:
 1876 039b 47657453 		.ascii	"GetSenderDeviceSerialNumber\000"
 1876      656E6465 
 1876      72446576 
 1876      69636553 
 1876      65726961 
 1877              	.LASF44:
 1878 03b7 4144435F 		.ascii	"ADC_StartConvert\000"
 1878      53746172 
 1878      74436F6E 
 1878      76657274 
 1878      00
 1879              	.LASF33:
 1880 03c8 424E4F30 		.ascii	"BNO055_iERROR\000"
 1880      35355F69 
 1880      4552524F 
 1880      5200
 1881              	.LASF39:
 1882 03d6 6E65775F 		.ascii	"new_packet\000"
 1882      7061636B 
 1882      657400
 1883              	.LASF54:
 1884 03e1 43794465 		.ascii	"CyDelay\000"
 1884      6C617900 
 1885              	.LASF49:
 1886 03e9 4932435F 		.ascii	"I2C_I2CMasterSendStart\000"
 1886      4932434D 
 1886      61737465 
 1886      7253656E 
 1886      64537461 
 1887              		.ident	"GCC: (GNU Tools for ARM Embedded Processors) 5.4.1 20160609 (release) [ARM/embedded-5-bran
