ARM GAS  C:\Users\mewin\AppData\Local\Temp\ccErZclw.s 			page 1


   1              		.syntax unified
   2              		.cpu cortex-m0
   3              		.fpu softvfp
   4              		.eabi_attribute 20, 1
   5              		.eabi_attribute 21, 1
   6              		.eabi_attribute 23, 3
   7              		.eabi_attribute 24, 1
   8              		.eabi_attribute 25, 1
   9              		.eabi_attribute 26, 1
  10              		.eabi_attribute 30, 1
  11              		.eabi_attribute 34, 0
  12              		.eabi_attribute 18, 4
  13              		.thumb
  14              		.syntax unified
  15              		.file	"servo.c"
  16              		.text
  17              	.Ltext0:
  18              		.cfi_sections	.debug_frame
  19              		.global	__aeabi_i2f
  20              		.global	__aeabi_fdiv
  21              		.global	__aeabi_fmul
  22              		.global	__aeabi_fadd
  23              		.section	.text.set_servo_position,"ax",%progbits
  24              		.align	2
  25              		.global	set_servo_position
  26              		.code	16
  27              		.thumb_func
  28              		.type	set_servo_position, %function
  29              	set_servo_position:
  30              	.LFB34:
  31              		.file 1 "servo.c"
   1:servo.c       **** /* File:         sensor.c
   2:servo.c       ****  * Authors:      Oliver Huang, Jordan Smith.
   3:servo.c       ****  * Organization: Husky Robotics Team
   4:servo.c       ****  * 
   5:servo.c       ****  * This file includes fuction implementations for the servos on the 
   6:servo.c       ****  * Science Board including continuous servos
   7:servo.c       ****  */
   8:servo.c       **** #include <stdint.h>
   9:servo.c       **** #include "CANLibrary.h"
  10:servo.c       **** #include "CANScience.h"
  11:servo.c       **** #include "PCA9685.h"
  12:servo.c       **** #include "project.h"
  13:servo.c       **** #include "servo.h"
  14:servo.c       **** 
  15:servo.c       **** #define PWM_PERIOD 20 //pwm period ms
  16:servo.c       **** 
  17:servo.c       **** //constants for actual LED pin number on board
  18:servo.c       **** //#define CUP_LIDS_SERVO 1
  19:servo.c       **** //#define CAMERA_SERVO 5
  20:servo.c       **** //#define DRILL_ARM 7
  21:servo.c       **** 
  22:servo.c       **** //#define MSCOPE_CONT_SERVO 8  
  23:servo.c       **** #define LSUSAN_CONT_SERVO_LED_NUM 9
  24:servo.c       **** //#define CAMERA_CONT_SERVO 15
  25:servo.c       **** 
  26:servo.c       **** #define DRILL_COVER_SERVO_LED_NUM 8
ARM GAS  C:\Users\mewin\AppData\Local\Temp\ccErZclw.s 			page 2


  27:servo.c       **** 
  28:servo.c       **** 
  29:servo.c       **** void set_servo_position(uint8_t servo, uint8_t degrees){
  32              		.loc 1 29 0
  33              		.cfi_startproc
  34              		@ args = 0, pretend = 0, frame = 0
  35              		@ frame_needed = 0, uses_anonymous_args = 0
  36              	.LVL0:
  37 0000 70B5     		push	{r4, r5, r6, lr}
  38              		.cfi_def_cfa_offset 16
  39              		.cfi_offset 4, -16
  40              		.cfi_offset 5, -12
  41              		.cfi_offset 6, -8
  42              		.cfi_offset 14, -4
  43 0002 0500     		movs	r5, r0
  44 0004 0C00     		movs	r4, r1
  45              	.LVL1:
  30:servo.c       ****     // float32 min;
  31:servo.c       ****     // float32 range;
  32:servo.c       ****     // float32 offset;
  33:servo.c       ****     float32 pwmDuty;
  34:servo.c       ****     int found = 1;
  35:servo.c       ****     if(degrees > 179) degrees = 179; //may be different for each case
  46              		.loc 1 35 0
  47 0006 B329     		cmp	r1, #179
  48 0008 00D9     		bls	.L2
  49 000a B324     		movs	r4, #179
  50              	.L2:
  51              	.LVL2:
  36:servo.c       **** 	if(degrees < 1) degrees = 1;
  52              		.loc 1 36 0
  53 000c 002C     		cmp	r4, #0
  54 000e 00D1     		bne	.L3
  55 0010 0134     		adds	r4, r4, #1
  56              	.LVL3:
  57              	.L3:
  37:servo.c       **** 	if (servo < 0) {// || servo > 4){
  38:servo.c       **** 		return;
  39:servo.c       **** 	}
  40:servo.c       ****     switch(servo) {
  58              		.loc 1 40 0
  59 0012 052D     		cmp	r5, #5
  60 0014 07D0     		beq	.L9
  61              	.LVL4:
  41:servo.c       ****         //case numbers were arbitrarily defined by software
  42:servo.c       ****         case DRILL_COVER_ID : // Drill Cover Servo
  43:servo.c       ****             servo = DRILL_COVER_SERVO_LED_NUM;
  44:servo.c       ****             break;
  45:servo.c       **** //        case 4 : //Tower Pro SG90 //CAMERA TILT
  46:servo.c       **** //            servo = CAMERA_SERVO;
  47:servo.c       **** //            break;
  48:servo.c       **** //        case 5: //Tower Pro SG90 //DRILL ARM
  49:servo.c       **** //            servo = DRILL_ARM;
  50:servo.c       **** //            break;
  51:servo.c       ****         default: 
  52:servo.c       ****             found = 0;
  53:servo.c       ****             ERR_LED_Write(0);
ARM GAS  C:\Users\mewin\AppData\Local\Temp\ccErZclw.s 			page 3


  62              		.loc 1 53 0
  63 0016 0020     		movs	r0, #0
  64              	.LVL5:
  65 0018 FFF7FEFF 		bl	ERR_LED_Write
  66              	.LVL6:
  54:servo.c       ****             //CyDelay(500);
  55:servo.c       ****             ERR_LED_Write(1);
  67              		.loc 1 55 0
  68 001c 0120     		movs	r0, #1
  69 001e FFF7FEFF 		bl	ERR_LED_Write
  70              	.LVL7:
  52:servo.c       ****             ERR_LED_Write(0);
  71              		.loc 1 52 0
  72 0022 0023     		movs	r3, #0
  56:servo.c       ****             break;
  73              		.loc 1 56 0
  74 0024 01E0     		b	.L5
  75              	.LVL8:
  76              	.L9:
  34:servo.c       ****     if(degrees > 179) degrees = 179; //may be different for each case
  77              		.loc 1 34 0
  78 0026 0123     		movs	r3, #1
  43:servo.c       ****             break;
  79              		.loc 1 43 0
  80 0028 0825     		movs	r5, #8
  81              	.LVL9:
  82              	.L5:
  57:servo.c       ****     }
  58:servo.c       ****     //offset = ((float)degrees / 180) * range; 
  59:servo.c       ****     if (found) {
  83              		.loc 1 59 0
  84 002a 002B     		cmp	r3, #0
  85 002c 0FD0     		beq	.L1
  60:servo.c       ****         pwmDuty = (degrees/((float32)180))*5 + 5;
  86              		.loc 1 60 0
  87 002e 2000     		movs	r0, r4
  88 0030 FFF7FEFF 		bl	__aeabi_i2f
  89              	.LVL10:
  90 0034 0649     		ldr	r1, .L10
  91 0036 FFF7FEFF 		bl	__aeabi_fdiv
  92              	.LVL11:
  93 003a 0649     		ldr	r1, .L10+4
  94 003c FFF7FEFF 		bl	__aeabi_fmul
  95              	.LVL12:
  96 0040 0449     		ldr	r1, .L10+4
  97 0042 FFF7FEFF 		bl	__aeabi_fadd
  98              	.LVL13:
  99 0046 011C     		adds	r1, r0, #0
 100              	.LVL14:
  61:servo.c       ****    	    setPWMFromDutyCycle(servo, pwmDuty);
 101              		.loc 1 61 0
 102 0048 2800     		movs	r0, r5
 103              	.LVL15:
 104 004a FFF7FEFF 		bl	setPWMFromDutyCycle
 105              	.LVL16:
 106              	.L1:
  62:servo.c       ****     }
ARM GAS  C:\Users\mewin\AppData\Local\Temp\ccErZclw.s 			page 4


  63:servo.c       **** }
 107              		.loc 1 63 0
 108              		@ sp needed
 109              	.LVL17:
 110              	.LVL18:
 111 004e 70BD     		pop	{r4, r5, r6, pc}
 112              	.L11:
 113              		.align	2
 114              	.L10:
 115 0050 00003443 		.word	1127481344
 116 0054 0000A040 		.word	1084227584
 117              		.cfi_endproc
 118              	.LFE34:
 119              		.size	set_servo_position, .-set_servo_position
 120              		.section	.text.lazy_susan_pos_set,"ax",%progbits
 121              		.align	2
 122              		.global	lazy_susan_pos_set
 123              		.code	16
 124              		.thumb_func
 125              		.type	lazy_susan_pos_set, %function
 126              	lazy_susan_pos_set:
 127              	.LFB36:
  64:servo.c       **** 
  65:servo.c       **** void reset_servo_cont() {
  66:servo.c       ****     //setPWMFromDutyCycle(9, 7.6);
  67:servo.c       ****     set_servo_continuous(0, 0);
  68:servo.c       ****     set_servo_continuous(2, 0);
  69:servo.c       ****     set_servo_continuous(4, 0);
  70:servo.c       **** }
  71:servo.c       **** 
  72:servo.c       **** void lazy_susan_pos_set() {
 128              		.loc 1 72 0
 129              		.cfi_startproc
 130              		@ args = 0, pretend = 0, frame = 0
 131              		@ frame_needed = 0, uses_anonymous_args = 0
 132              		@ link register save eliminated.
  73:servo.c       **** }
 133              		.loc 1 73 0
 134              		@ sp needed
 135 0000 7047     		bx	lr
 136              		.cfi_endproc
 137              	.LFE36:
 138              		.size	lazy_susan_pos_set, .-lazy_susan_pos_set
 139              		.global	__aeabi_f2d
 140              		.global	__aeabi_dadd
 141              		.global	__aeabi_d2f
 142 0002 C046     		.section	.text.set_servo_continuous,"ax",%progbits
 143              		.align	2
 144              		.global	set_servo_continuous
 145              		.code	16
 146              		.thumb_func
 147              		.type	set_servo_continuous, %function
 148              	set_servo_continuous:
 149              	.LFB37:
  74:servo.c       **** void set_servo_continuous(int servo, int power) {
 150              		.loc 1 74 0
 151              		.cfi_startproc
ARM GAS  C:\Users\mewin\AppData\Local\Temp\ccErZclw.s 			page 5


 152              		@ args = 0, pretend = 0, frame = 0
 153              		@ frame_needed = 0, uses_anonymous_args = 0
 154              	.LVL19:
 155 0000 70B5     		push	{r4, r5, r6, lr}
 156              		.cfi_def_cfa_offset 16
 157              		.cfi_offset 4, -16
 158              		.cfi_offset 5, -12
 159              		.cfi_offset 6, -8
 160              		.cfi_offset 14, -4
 161 0002 0400     		movs	r4, r0
 162 0004 0E00     		movs	r6, r1
 163              	.LVL20:
  75:servo.c       **** // Do math to control servo, stable is 1.5, so use given direction and speed to determine what puls
  76:servo.c       ****     //vector gives speed and direction, from -100 to 100. negative is counter-clockwise
  77:servo.c       ****     
  78:servo.c       ****     //int32_t tickGoal = miliDegrees;
  79:servo.c       ****     //float32 range = 0;
  80:servo.c       ****     float32 offset = 0;
  81:servo.c       ****     float32 pwmDuty = 0;
  82:servo.c       ****     int found = 1;
  83:servo.c       ****     switch(servo) {
 164              		.loc 1 83 0
 165 0006 0028     		cmp	r0, #0
 166 0008 07D0     		beq	.L17
 167              	.LVL21:
  84:servo.c       ****         case LAZY_SUSAN_ID: //SM-S4303R //Lazy Susan
  85:servo.c       ****             servo = LSUSAN_CONT_SERVO_LED_NUM;
  86:servo.c       ****             //range = 0.5;
  87:servo.c       ****             break;
  88:servo.c       **** //        case 2: //Parallax Rotation //Microscope
  89:servo.c       **** //            servo = MSCOPE_CONT_SERVO;
  90:servo.c       **** //            //range = 0.4;
  91:servo.c       **** //            break;
  92:servo.c       **** //        case 3: //SM-S4303R //camera PAN
  93:servo.c       **** //            servo = CAMERA_CONT_SERVO;
  94:servo.c       **** //            //range = 0.5;
  95:servo.c       **** //            break;
  96:servo.c       ****         default:
  97:servo.c       ****             found = 0;
  98:servo.c       ****             ERR_LED_Write(0);
 168              		.loc 1 98 0
 169 000a 0020     		movs	r0, #0
 170              	.LVL22:
 171 000c FFF7FEFF 		bl	ERR_LED_Write
 172              	.LVL23:
  99:servo.c       ****             //CyDelay(500);
 100:servo.c       ****             ERR_LED_Write(1);
 173              		.loc 1 100 0
 174 0010 0120     		movs	r0, #1
 175 0012 FFF7FEFF 		bl	ERR_LED_Write
 176              	.LVL24:
  97:servo.c       ****             ERR_LED_Write(0);
 177              		.loc 1 97 0
 178 0016 0025     		movs	r5, #0
 101:servo.c       ****             break;
 179              		.loc 1 101 0
 180 0018 01E0     		b	.L15
ARM GAS  C:\Users\mewin\AppData\Local\Temp\ccErZclw.s 			page 6


 181              	.LVL25:
 182              	.L17:
  82:servo.c       ****     switch(servo) {
 183              		.loc 1 82 0
 184 001a 0125     		movs	r5, #1
  85:servo.c       ****             //range = 0.5;
 185              		.loc 1 85 0
 186 001c 0924     		movs	r4, #9
 187              	.LVL26:
 188              	.L15:
 102:servo.c       ****     }
 103:servo.c       ****     pwmDuty = (((float32)power + 100) / 200)* 5 + 5.1;     
 189              		.loc 1 103 0
 190 001e 3000     		movs	r0, r6
 191 0020 FFF7FEFF 		bl	__aeabi_i2f
 192              	.LVL27:
 193 0024 0B49     		ldr	r1, .L18
 194 0026 FFF7FEFF 		bl	__aeabi_fadd
 195              	.LVL28:
 196 002a 0B49     		ldr	r1, .L18+4
 197 002c FFF7FEFF 		bl	__aeabi_fdiv
 198              	.LVL29:
 199 0030 0A49     		ldr	r1, .L18+8
 200 0032 FFF7FEFF 		bl	__aeabi_fmul
 201              	.LVL30:
 202 0036 FFF7FEFF 		bl	__aeabi_f2d
 203              	.LVL31:
 204 003a 094A     		ldr	r2, .L18+12
 205 003c 094B     		ldr	r3, .L18+16
 206 003e FFF7FEFF 		bl	__aeabi_dadd
 207              	.LVL32:
 208 0042 FFF7FEFF 		bl	__aeabi_d2f
 209              	.LVL33:
 104:servo.c       ****     
 105:servo.c       ****     if (found) { //if correct servo id
 210              		.loc 1 105 0
 211 0046 002D     		cmp	r5, #0
 212 0048 03D0     		beq	.L13
 106:servo.c       ****         //setPWMFromBytes(servo, ((int)(4095 - pwm) & 0xFF), (int)(4095 - pwm) >> 8, (int)pwm & 0xF
 107:servo.c       ****         setPWMFromDutyCycle(servo, pwmDuty);
 213              		.loc 1 107 0
 214 004a 011C     		adds	r1, r0, #0
 215 004c 2000     		movs	r0, r4
 216              	.LVL34:
 217 004e FFF7FEFF 		bl	setPWMFromDutyCycle
 218              	.LVL35:
 219              	.L13:
 108:servo.c       ****     }
 109:servo.c       ****         
 110:servo.c       **** //    if (servo == PIN3){ //HSR-1425CR
 111:servo.c       **** //        while (QuadDec_1_GetCounter() < tickGoal){};
 112:servo.c       **** //        setPWMFromDutyCycle(servo, 0);
 113:servo.c       **** //        
 114:servo.c       **** //        //old
 115:servo.c       **** //        //if ((QuadDec_1_GetCounter() - tickGoal) >= 5){correctPosition(servo, 1);}
 116:servo.c       **** //        //if ((QuadDec_1_GetCounter() - tickGoal) <= 5){correctPosition(servo, 0);}
 117:servo.c       **** //    }
ARM GAS  C:\Users\mewin\AppData\Local\Temp\ccErZclw.s 			page 7


 118:servo.c       ****            
 119:servo.c       **** //    if (servo == PIN4){ //Parallax Rotation
 120:servo.c       **** //        while (QuadDec_2_GetCounter() < tickGoal){};
 121:servo.c       **** //        setPWMFromDutyCycle(servo, 0);
 122:servo.c       **** //        
 123:servo.c       **** //        //old
 124:servo.c       **** //        //if ((QuadDec_2_GetCounter() - tickGoal) >= 5){correctPosition(servo, 1);}
 125:servo.c       **** //        //if ((QuadDec_2_GetCounter() - tickGoal) <= 5){correctPosition(servo, 0);}
 126:servo.c       **** //    }
 127:servo.c       **** }
 220              		.loc 1 127 0
 221              		@ sp needed
 222              	.LVL36:
 223              	.LVL37:
 224              	.LVL38:
 225 0052 70BD     		pop	{r4, r5, r6, pc}
 226              	.L19:
 227              		.align	2
 228              	.L18:
 229 0054 0000C842 		.word	1120403456
 230 0058 00004843 		.word	1128792064
 231 005c 0000A040 		.word	1084227584
 232 0060 66666666 		.word	1717986918
 233 0064 66661440 		.word	1075078758
 234              		.cfi_endproc
 235              	.LFE37:
 236              		.size	set_servo_continuous, .-set_servo_continuous
 237              		.section	.text.reset_servo_cont,"ax",%progbits
 238              		.align	2
 239              		.global	reset_servo_cont
 240              		.code	16
 241              		.thumb_func
 242              		.type	reset_servo_cont, %function
 243              	reset_servo_cont:
 244              	.LFB35:
  65:servo.c       ****     //setPWMFromDutyCycle(9, 7.6);
 245              		.loc 1 65 0
 246              		.cfi_startproc
 247              		@ args = 0, pretend = 0, frame = 0
 248              		@ frame_needed = 0, uses_anonymous_args = 0
 249 0000 10B5     		push	{r4, lr}
 250              		.cfi_def_cfa_offset 8
 251              		.cfi_offset 4, -8
 252              		.cfi_offset 14, -4
  67:servo.c       ****     set_servo_continuous(2, 0);
 253              		.loc 1 67 0
 254 0002 0021     		movs	r1, #0
 255 0004 0020     		movs	r0, #0
 256 0006 FFF7FEFF 		bl	set_servo_continuous
 257              	.LVL39:
  68:servo.c       ****     set_servo_continuous(4, 0);
 258              		.loc 1 68 0
 259 000a 0021     		movs	r1, #0
 260 000c 0220     		movs	r0, #2
 261 000e FFF7FEFF 		bl	set_servo_continuous
 262              	.LVL40:
  69:servo.c       **** }
ARM GAS  C:\Users\mewin\AppData\Local\Temp\ccErZclw.s 			page 8


 263              		.loc 1 69 0
 264 0012 0021     		movs	r1, #0
 265 0014 0420     		movs	r0, #4
 266 0016 FFF7FEFF 		bl	set_servo_continuous
 267              	.LVL41:
  70:servo.c       **** 
 268              		.loc 1 70 0
 269              		@ sp needed
 270 001a 10BD     		pop	{r4, pc}
 271              		.cfi_endproc
 272              	.LFE35:
 273              		.size	reset_servo_cont, .-reset_servo_cont
 274              		.text
 275              	.Letext0:
 276              		.file 2 "c:\\program files (x86)\\cypress\\psoc creator\\4.4\\psoc creator\\import\\gnu\\arm\\5.4.
 277              		.file 3 "c:\\program files (x86)\\cypress\\psoc creator\\4.4\\psoc creator\\import\\gnu\\arm\\5.4.
 278              		.file 4 "Generated_Source\\PSoC4/cytypes.h"
 279              		.file 5 "Generated_Source\\PSoC4/ERR_LED.h"
 280              		.file 6 "PCA9685.h"
 281              		.section	.debug_info,"",%progbits
 282              	.Ldebug_info0:
 283 0000 4E020000 		.4byte	0x24e
 284 0004 0400     		.2byte	0x4
 285 0006 00000000 		.4byte	.Ldebug_abbrev0
 286 000a 04       		.byte	0x4
 287 000b 01       		.uleb128 0x1
 288 000c 3F010000 		.4byte	.LASF27
 289 0010 0C       		.byte	0xc
 290 0011 2F010000 		.4byte	.LASF28
 291 0015 37000000 		.4byte	.LASF29
 292 0019 00000000 		.4byte	.Ldebug_ranges0+0
 293 001d 00000000 		.4byte	0
 294 0021 00000000 		.4byte	.Ldebug_line0
 295 0025 02       		.uleb128 0x2
 296 0026 01       		.byte	0x1
 297 0027 06       		.byte	0x6
 298 0028 21020000 		.4byte	.LASF0
 299 002c 03       		.uleb128 0x3
 300 002d 0E000000 		.4byte	.LASF9
 301 0031 02       		.byte	0x2
 302 0032 1D       		.byte	0x1d
 303 0033 37000000 		.4byte	0x37
 304 0037 02       		.uleb128 0x2
 305 0038 01       		.byte	0x1
 306 0039 08       		.byte	0x8
 307 003a BD000000 		.4byte	.LASF1
 308 003e 02       		.uleb128 0x2
 309 003f 02       		.byte	0x2
 310 0040 05       		.byte	0x5
 311 0041 FC010000 		.4byte	.LASF2
 312 0045 02       		.uleb128 0x2
 313 0046 02       		.byte	0x2
 314 0047 07       		.byte	0x7
 315 0048 DD000000 		.4byte	.LASF3
 316 004c 02       		.uleb128 0x2
 317 004d 04       		.byte	0x4
 318 004e 05       		.byte	0x5
ARM GAS  C:\Users\mewin\AppData\Local\Temp\ccErZclw.s 			page 9


 319 004f 06020000 		.4byte	.LASF4
 320 0053 02       		.uleb128 0x2
 321 0054 04       		.byte	0x4
 322 0055 07       		.byte	0x7
 323 0056 CB000000 		.4byte	.LASF5
 324 005a 02       		.uleb128 0x2
 325 005b 08       		.byte	0x8
 326 005c 05       		.byte	0x5
 327 005d 00000000 		.4byte	.LASF6
 328 0061 02       		.uleb128 0x2
 329 0062 08       		.byte	0x8
 330 0063 07       		.byte	0x7
 331 0064 A6000000 		.4byte	.LASF7
 332 0068 04       		.uleb128 0x4
 333 0069 04       		.byte	0x4
 334 006a 05       		.byte	0x5
 335 006b 696E7400 		.ascii	"int\000"
 336 006f 02       		.uleb128 0x2
 337 0070 04       		.byte	0x4
 338 0071 07       		.byte	0x7
 339 0072 22010000 		.4byte	.LASF8
 340 0076 03       		.uleb128 0x3
 341 0077 37010000 		.4byte	.LASF10
 342 007b 03       		.byte	0x3
 343 007c 18       		.byte	0x18
 344 007d 2C000000 		.4byte	0x2c
 345 0081 02       		.uleb128 0x2
 346 0082 04       		.byte	0x4
 347 0083 07       		.byte	0x7
 348 0084 E1010000 		.4byte	.LASF11
 349 0088 05       		.uleb128 0x5
 350 0089 1A010000 		.4byte	.LASF12
 351 008d 04       		.byte	0x4
 352 008e 0202     		.2byte	0x202
 353 0090 94000000 		.4byte	0x94
 354 0094 02       		.uleb128 0x2
 355 0095 04       		.byte	0x4
 356 0096 04       		.byte	0x4
 357 0097 A0000000 		.4byte	.LASF13
 358 009b 02       		.uleb128 0x2
 359 009c 08       		.byte	0x8
 360 009d 04       		.byte	0x4
 361 009e 13010000 		.4byte	.LASF14
 362 00a2 02       		.uleb128 0x2
 363 00a3 01       		.byte	0x1
 364 00a4 08       		.byte	0x8
 365 00a5 F0010000 		.4byte	.LASF15
 366 00a9 02       		.uleb128 0x2
 367 00aa 08       		.byte	0x8
 368 00ab 04       		.byte	0x4
 369 00ac 0F020000 		.4byte	.LASF16
 370 00b0 06       		.uleb128 0x6
 371 00b1 87000000 		.4byte	.LASF21
 372 00b5 01       		.byte	0x1
 373 00b6 1D       		.byte	0x1d
 374 00b7 00000000 		.4byte	.LFB34
 375 00bb 58000000 		.4byte	.LFE34-.LFB34
ARM GAS  C:\Users\mewin\AppData\Local\Temp\ccErZclw.s 			page 10


 376 00bf 01       		.uleb128 0x1
 377 00c0 9C       		.byte	0x9c
 378 00c1 38010000 		.4byte	0x138
 379 00c5 07       		.uleb128 0x7
 380 00c6 1B020000 		.4byte	.LASF17
 381 00ca 01       		.byte	0x1
 382 00cb 1D       		.byte	0x1d
 383 00cc 76000000 		.4byte	0x76
 384 00d0 00000000 		.4byte	.LLST0
 385 00d4 07       		.uleb128 0x7
 386 00d5 0B010000 		.4byte	.LASF18
 387 00d9 01       		.byte	0x1
 388 00da 1D       		.byte	0x1d
 389 00db 76000000 		.4byte	0x76
 390 00df 37000000 		.4byte	.LLST1
 391 00e3 08       		.uleb128 0x8
 392 00e4 F0000000 		.4byte	.LASF19
 393 00e8 01       		.byte	0x1
 394 00e9 21       		.byte	0x21
 395 00ea 88000000 		.4byte	0x88
 396 00ee 55000000 		.4byte	.LLST2
 397 00f2 08       		.uleb128 0x8
 398 00f3 EA010000 		.4byte	.LASF20
 399 00f7 01       		.byte	0x1
 400 00f8 22       		.byte	0x22
 401 00f9 68000000 		.4byte	0x68
 402 00fd 73000000 		.4byte	.LLST3
 403 0101 09       		.uleb128 0x9
 404 0102 1C000000 		.4byte	.LVL6
 405 0106 3B020000 		.4byte	0x23b
 406 010a 14010000 		.4byte	0x114
 407 010e 0A       		.uleb128 0xa
 408 010f 01       		.uleb128 0x1
 409 0110 50       		.byte	0x50
 410 0111 01       		.uleb128 0x1
 411 0112 30       		.byte	0x30
 412 0113 00       		.byte	0
 413 0114 09       		.uleb128 0x9
 414 0115 22000000 		.4byte	.LVL7
 415 0119 3B020000 		.4byte	0x23b
 416 011d 27010000 		.4byte	0x127
 417 0121 0A       		.uleb128 0xa
 418 0122 01       		.uleb128 0x1
 419 0123 50       		.byte	0x50
 420 0124 01       		.uleb128 0x1
 421 0125 31       		.byte	0x31
 422 0126 00       		.byte	0
 423 0127 0B       		.uleb128 0xb
 424 0128 4E000000 		.4byte	.LVL16
 425 012c 46020000 		.4byte	0x246
 426 0130 0A       		.uleb128 0xa
 427 0131 01       		.uleb128 0x1
 428 0132 50       		.byte	0x50
 429 0133 02       		.uleb128 0x2
 430 0134 75       		.byte	0x75
 431 0135 00       		.sleb128 0
 432 0136 00       		.byte	0
ARM GAS  C:\Users\mewin\AppData\Local\Temp\ccErZclw.s 			page 11


 433 0137 00       		.byte	0
 434 0138 0C       		.uleb128 0xc
 435 0139 F8000000 		.4byte	.LASF30
 436 013d 01       		.byte	0x1
 437 013e 48       		.byte	0x48
 438 013f 00000000 		.4byte	.LFB36
 439 0143 02000000 		.4byte	.LFE36-.LFB36
 440 0147 01       		.uleb128 0x1
 441 0148 9C       		.byte	0x9c
 442 0149 06       		.uleb128 0x6
 443 014a 2D020000 		.4byte	.LASF22
 444 014e 01       		.byte	0x1
 445 014f 4A       		.byte	0x4a
 446 0150 00000000 		.4byte	.LFB37
 447 0154 68000000 		.4byte	.LFE37-.LFB37
 448 0158 01       		.uleb128 0x1
 449 0159 9C       		.byte	0x9c
 450 015a E1010000 		.4byte	0x1e1
 451 015e 07       		.uleb128 0x7
 452 015f 1B020000 		.4byte	.LASF17
 453 0163 01       		.byte	0x1
 454 0164 4A       		.byte	0x4a
 455 0165 68000000 		.4byte	0x68
 456 0169 AA000000 		.4byte	.LLST4
 457 016d 07       		.uleb128 0x7
 458 016e 9A000000 		.4byte	.LASF23
 459 0172 01       		.byte	0x1
 460 0173 4A       		.byte	0x4a
 461 0174 68000000 		.4byte	0x68
 462 0178 DE000000 		.4byte	.LLST5
 463 017c 0D       		.uleb128 0xd
 464 017d F5010000 		.4byte	.LASF24
 465 0181 01       		.byte	0x1
 466 0182 50       		.byte	0x50
 467 0183 88000000 		.4byte	0x88
 468 0187 04       		.byte	0x4
 469 0188 00000000 		.4byte	0
 470 018c 08       		.uleb128 0x8
 471 018d F0000000 		.4byte	.LASF19
 472 0191 01       		.byte	0x1
 473 0192 51       		.byte	0x51
 474 0193 88000000 		.4byte	0x88
 475 0197 20010000 		.4byte	.LLST6
 476 019b 08       		.uleb128 0x8
 477 019c EA010000 		.4byte	.LASF20
 478 01a0 01       		.byte	0x1
 479 01a1 52       		.byte	0x52
 480 01a2 68000000 		.4byte	0x68
 481 01a6 4E010000 		.4byte	.LLST7
 482 01aa 09       		.uleb128 0x9
 483 01ab 10000000 		.4byte	.LVL23
 484 01af 3B020000 		.4byte	0x23b
 485 01b3 BD010000 		.4byte	0x1bd
 486 01b7 0A       		.uleb128 0xa
 487 01b8 01       		.uleb128 0x1
 488 01b9 50       		.byte	0x50
 489 01ba 01       		.uleb128 0x1
ARM GAS  C:\Users\mewin\AppData\Local\Temp\ccErZclw.s 			page 12


 490 01bb 30       		.byte	0x30
 491 01bc 00       		.byte	0
 492 01bd 09       		.uleb128 0x9
 493 01be 16000000 		.4byte	.LVL24
 494 01c2 3B020000 		.4byte	0x23b
 495 01c6 D0010000 		.4byte	0x1d0
 496 01ca 0A       		.uleb128 0xa
 497 01cb 01       		.uleb128 0x1
 498 01cc 50       		.byte	0x50
 499 01cd 01       		.uleb128 0x1
 500 01ce 31       		.byte	0x31
 501 01cf 00       		.byte	0
 502 01d0 0B       		.uleb128 0xb
 503 01d1 52000000 		.4byte	.LVL35
 504 01d5 46020000 		.4byte	0x246
 505 01d9 0A       		.uleb128 0xa
 506 01da 01       		.uleb128 0x1
 507 01db 50       		.byte	0x50
 508 01dc 02       		.uleb128 0x2
 509 01dd 74       		.byte	0x74
 510 01de 00       		.sleb128 0
 511 01df 00       		.byte	0
 512 01e0 00       		.byte	0
 513 01e1 0E       		.uleb128 0xe
 514 01e2 18000000 		.4byte	.LASF31
 515 01e6 01       		.byte	0x1
 516 01e7 41       		.byte	0x41
 517 01e8 00000000 		.4byte	.LFB35
 518 01ec 1C000000 		.4byte	.LFE35-.LFB35
 519 01f0 01       		.uleb128 0x1
 520 01f1 9C       		.byte	0x9c
 521 01f2 3B020000 		.4byte	0x23b
 522 01f6 09       		.uleb128 0x9
 523 01f7 0A000000 		.4byte	.LVL39
 524 01fb 49010000 		.4byte	0x149
 525 01ff 0E020000 		.4byte	0x20e
 526 0203 0A       		.uleb128 0xa
 527 0204 01       		.uleb128 0x1
 528 0205 50       		.byte	0x50
 529 0206 01       		.uleb128 0x1
 530 0207 30       		.byte	0x30
 531 0208 0A       		.uleb128 0xa
 532 0209 01       		.uleb128 0x1
 533 020a 51       		.byte	0x51
 534 020b 01       		.uleb128 0x1
 535 020c 30       		.byte	0x30
 536 020d 00       		.byte	0
 537 020e 09       		.uleb128 0x9
 538 020f 12000000 		.4byte	.LVL40
 539 0213 49010000 		.4byte	0x149
 540 0217 26020000 		.4byte	0x226
 541 021b 0A       		.uleb128 0xa
 542 021c 01       		.uleb128 0x1
 543 021d 50       		.byte	0x50
 544 021e 01       		.uleb128 0x1
 545 021f 32       		.byte	0x32
 546 0220 0A       		.uleb128 0xa
ARM GAS  C:\Users\mewin\AppData\Local\Temp\ccErZclw.s 			page 13


 547 0221 01       		.uleb128 0x1
 548 0222 51       		.byte	0x51
 549 0223 01       		.uleb128 0x1
 550 0224 30       		.byte	0x30
 551 0225 00       		.byte	0
 552 0226 0B       		.uleb128 0xb
 553 0227 1A000000 		.4byte	.LVL41
 554 022b 49010000 		.4byte	0x149
 555 022f 0A       		.uleb128 0xa
 556 0230 01       		.uleb128 0x1
 557 0231 50       		.byte	0x50
 558 0232 01       		.uleb128 0x1
 559 0233 34       		.byte	0x34
 560 0234 0A       		.uleb128 0xa
 561 0235 01       		.uleb128 0x1
 562 0236 51       		.byte	0x51
 563 0237 01       		.uleb128 0x1
 564 0238 30       		.byte	0x30
 565 0239 00       		.byte	0
 566 023a 00       		.byte	0
 567 023b 0F       		.uleb128 0xf
 568 023c 29000000 		.4byte	.LASF25
 569 0240 29000000 		.4byte	.LASF25
 570 0244 05       		.byte	0x5
 571 0245 33       		.byte	0x33
 572 0246 0F       		.uleb128 0xf
 573 0247 CD010000 		.4byte	.LASF26
 574 024b CD010000 		.4byte	.LASF26
 575 024f 06       		.byte	0x6
 576 0250 1E       		.byte	0x1e
 577 0251 00       		.byte	0
 578              		.section	.debug_abbrev,"",%progbits
 579              	.Ldebug_abbrev0:
 580 0000 01       		.uleb128 0x1
 581 0001 11       		.uleb128 0x11
 582 0002 01       		.byte	0x1
 583 0003 25       		.uleb128 0x25
 584 0004 0E       		.uleb128 0xe
 585 0005 13       		.uleb128 0x13
 586 0006 0B       		.uleb128 0xb
 587 0007 03       		.uleb128 0x3
 588 0008 0E       		.uleb128 0xe
 589 0009 1B       		.uleb128 0x1b
 590 000a 0E       		.uleb128 0xe
 591 000b 55       		.uleb128 0x55
 592 000c 17       		.uleb128 0x17
 593 000d 11       		.uleb128 0x11
 594 000e 01       		.uleb128 0x1
 595 000f 10       		.uleb128 0x10
 596 0010 17       		.uleb128 0x17
 597 0011 00       		.byte	0
 598 0012 00       		.byte	0
 599 0013 02       		.uleb128 0x2
 600 0014 24       		.uleb128 0x24
 601 0015 00       		.byte	0
 602 0016 0B       		.uleb128 0xb
 603 0017 0B       		.uleb128 0xb
ARM GAS  C:\Users\mewin\AppData\Local\Temp\ccErZclw.s 			page 14


 604 0018 3E       		.uleb128 0x3e
 605 0019 0B       		.uleb128 0xb
 606 001a 03       		.uleb128 0x3
 607 001b 0E       		.uleb128 0xe
 608 001c 00       		.byte	0
 609 001d 00       		.byte	0
 610 001e 03       		.uleb128 0x3
 611 001f 16       		.uleb128 0x16
 612 0020 00       		.byte	0
 613 0021 03       		.uleb128 0x3
 614 0022 0E       		.uleb128 0xe
 615 0023 3A       		.uleb128 0x3a
 616 0024 0B       		.uleb128 0xb
 617 0025 3B       		.uleb128 0x3b
 618 0026 0B       		.uleb128 0xb
 619 0027 49       		.uleb128 0x49
 620 0028 13       		.uleb128 0x13
 621 0029 00       		.byte	0
 622 002a 00       		.byte	0
 623 002b 04       		.uleb128 0x4
 624 002c 24       		.uleb128 0x24
 625 002d 00       		.byte	0
 626 002e 0B       		.uleb128 0xb
 627 002f 0B       		.uleb128 0xb
 628 0030 3E       		.uleb128 0x3e
 629 0031 0B       		.uleb128 0xb
 630 0032 03       		.uleb128 0x3
 631 0033 08       		.uleb128 0x8
 632 0034 00       		.byte	0
 633 0035 00       		.byte	0
 634 0036 05       		.uleb128 0x5
 635 0037 16       		.uleb128 0x16
 636 0038 00       		.byte	0
 637 0039 03       		.uleb128 0x3
 638 003a 0E       		.uleb128 0xe
 639 003b 3A       		.uleb128 0x3a
 640 003c 0B       		.uleb128 0xb
 641 003d 3B       		.uleb128 0x3b
 642 003e 05       		.uleb128 0x5
 643 003f 49       		.uleb128 0x49
 644 0040 13       		.uleb128 0x13
 645 0041 00       		.byte	0
 646 0042 00       		.byte	0
 647 0043 06       		.uleb128 0x6
 648 0044 2E       		.uleb128 0x2e
 649 0045 01       		.byte	0x1
 650 0046 3F       		.uleb128 0x3f
 651 0047 19       		.uleb128 0x19
 652 0048 03       		.uleb128 0x3
 653 0049 0E       		.uleb128 0xe
 654 004a 3A       		.uleb128 0x3a
 655 004b 0B       		.uleb128 0xb
 656 004c 3B       		.uleb128 0x3b
 657 004d 0B       		.uleb128 0xb
 658 004e 27       		.uleb128 0x27
 659 004f 19       		.uleb128 0x19
 660 0050 11       		.uleb128 0x11
ARM GAS  C:\Users\mewin\AppData\Local\Temp\ccErZclw.s 			page 15


 661 0051 01       		.uleb128 0x1
 662 0052 12       		.uleb128 0x12
 663 0053 06       		.uleb128 0x6
 664 0054 40       		.uleb128 0x40
 665 0055 18       		.uleb128 0x18
 666 0056 9642     		.uleb128 0x2116
 667 0058 19       		.uleb128 0x19
 668 0059 01       		.uleb128 0x1
 669 005a 13       		.uleb128 0x13
 670 005b 00       		.byte	0
 671 005c 00       		.byte	0
 672 005d 07       		.uleb128 0x7
 673 005e 05       		.uleb128 0x5
 674 005f 00       		.byte	0
 675 0060 03       		.uleb128 0x3
 676 0061 0E       		.uleb128 0xe
 677 0062 3A       		.uleb128 0x3a
 678 0063 0B       		.uleb128 0xb
 679 0064 3B       		.uleb128 0x3b
 680 0065 0B       		.uleb128 0xb
 681 0066 49       		.uleb128 0x49
 682 0067 13       		.uleb128 0x13
 683 0068 02       		.uleb128 0x2
 684 0069 17       		.uleb128 0x17
 685 006a 00       		.byte	0
 686 006b 00       		.byte	0
 687 006c 08       		.uleb128 0x8
 688 006d 34       		.uleb128 0x34
 689 006e 00       		.byte	0
 690 006f 03       		.uleb128 0x3
 691 0070 0E       		.uleb128 0xe
 692 0071 3A       		.uleb128 0x3a
 693 0072 0B       		.uleb128 0xb
 694 0073 3B       		.uleb128 0x3b
 695 0074 0B       		.uleb128 0xb
 696 0075 49       		.uleb128 0x49
 697 0076 13       		.uleb128 0x13
 698 0077 02       		.uleb128 0x2
 699 0078 17       		.uleb128 0x17
 700 0079 00       		.byte	0
 701 007a 00       		.byte	0
 702 007b 09       		.uleb128 0x9
 703 007c 898201   		.uleb128 0x4109
 704 007f 01       		.byte	0x1
 705 0080 11       		.uleb128 0x11
 706 0081 01       		.uleb128 0x1
 707 0082 31       		.uleb128 0x31
 708 0083 13       		.uleb128 0x13
 709 0084 01       		.uleb128 0x1
 710 0085 13       		.uleb128 0x13
 711 0086 00       		.byte	0
 712 0087 00       		.byte	0
 713 0088 0A       		.uleb128 0xa
 714 0089 8A8201   		.uleb128 0x410a
 715 008c 00       		.byte	0
 716 008d 02       		.uleb128 0x2
 717 008e 18       		.uleb128 0x18
ARM GAS  C:\Users\mewin\AppData\Local\Temp\ccErZclw.s 			page 16


 718 008f 9142     		.uleb128 0x2111
 719 0091 18       		.uleb128 0x18
 720 0092 00       		.byte	0
 721 0093 00       		.byte	0
 722 0094 0B       		.uleb128 0xb
 723 0095 898201   		.uleb128 0x4109
 724 0098 01       		.byte	0x1
 725 0099 11       		.uleb128 0x11
 726 009a 01       		.uleb128 0x1
 727 009b 31       		.uleb128 0x31
 728 009c 13       		.uleb128 0x13
 729 009d 00       		.byte	0
 730 009e 00       		.byte	0
 731 009f 0C       		.uleb128 0xc
 732 00a0 2E       		.uleb128 0x2e
 733 00a1 00       		.byte	0
 734 00a2 3F       		.uleb128 0x3f
 735 00a3 19       		.uleb128 0x19
 736 00a4 03       		.uleb128 0x3
 737 00a5 0E       		.uleb128 0xe
 738 00a6 3A       		.uleb128 0x3a
 739 00a7 0B       		.uleb128 0xb
 740 00a8 3B       		.uleb128 0x3b
 741 00a9 0B       		.uleb128 0xb
 742 00aa 11       		.uleb128 0x11
 743 00ab 01       		.uleb128 0x1
 744 00ac 12       		.uleb128 0x12
 745 00ad 06       		.uleb128 0x6
 746 00ae 40       		.uleb128 0x40
 747 00af 18       		.uleb128 0x18
 748 00b0 9742     		.uleb128 0x2117
 749 00b2 19       		.uleb128 0x19
 750 00b3 00       		.byte	0
 751 00b4 00       		.byte	0
 752 00b5 0D       		.uleb128 0xd
 753 00b6 34       		.uleb128 0x34
 754 00b7 00       		.byte	0
 755 00b8 03       		.uleb128 0x3
 756 00b9 0E       		.uleb128 0xe
 757 00ba 3A       		.uleb128 0x3a
 758 00bb 0B       		.uleb128 0xb
 759 00bc 3B       		.uleb128 0x3b
 760 00bd 0B       		.uleb128 0xb
 761 00be 49       		.uleb128 0x49
 762 00bf 13       		.uleb128 0x13
 763 00c0 1C       		.uleb128 0x1c
 764 00c1 0A       		.uleb128 0xa
 765 00c2 00       		.byte	0
 766 00c3 00       		.byte	0
 767 00c4 0E       		.uleb128 0xe
 768 00c5 2E       		.uleb128 0x2e
 769 00c6 01       		.byte	0x1
 770 00c7 3F       		.uleb128 0x3f
 771 00c8 19       		.uleb128 0x19
 772 00c9 03       		.uleb128 0x3
 773 00ca 0E       		.uleb128 0xe
 774 00cb 3A       		.uleb128 0x3a
ARM GAS  C:\Users\mewin\AppData\Local\Temp\ccErZclw.s 			page 17


 775 00cc 0B       		.uleb128 0xb
 776 00cd 3B       		.uleb128 0x3b
 777 00ce 0B       		.uleb128 0xb
 778 00cf 11       		.uleb128 0x11
 779 00d0 01       		.uleb128 0x1
 780 00d1 12       		.uleb128 0x12
 781 00d2 06       		.uleb128 0x6
 782 00d3 40       		.uleb128 0x40
 783 00d4 18       		.uleb128 0x18
 784 00d5 9742     		.uleb128 0x2117
 785 00d7 19       		.uleb128 0x19
 786 00d8 01       		.uleb128 0x1
 787 00d9 13       		.uleb128 0x13
 788 00da 00       		.byte	0
 789 00db 00       		.byte	0
 790 00dc 0F       		.uleb128 0xf
 791 00dd 2E       		.uleb128 0x2e
 792 00de 00       		.byte	0
 793 00df 3F       		.uleb128 0x3f
 794 00e0 19       		.uleb128 0x19
 795 00e1 3C       		.uleb128 0x3c
 796 00e2 19       		.uleb128 0x19
 797 00e3 6E       		.uleb128 0x6e
 798 00e4 0E       		.uleb128 0xe
 799 00e5 03       		.uleb128 0x3
 800 00e6 0E       		.uleb128 0xe
 801 00e7 3A       		.uleb128 0x3a
 802 00e8 0B       		.uleb128 0xb
 803 00e9 3B       		.uleb128 0x3b
 804 00ea 0B       		.uleb128 0xb
 805 00eb 00       		.byte	0
 806 00ec 00       		.byte	0
 807 00ed 00       		.byte	0
 808              		.section	.debug_loc,"",%progbits
 809              	.Ldebug_loc0:
 810              	.LLST0:
 811 0000 00000000 		.4byte	.LVL0
 812 0004 18000000 		.4byte	.LVL5
 813 0008 0100     		.2byte	0x1
 814 000a 50       		.byte	0x50
 815 000b 18000000 		.4byte	.LVL5
 816 000f 26000000 		.4byte	.LVL8
 817 0013 0400     		.2byte	0x4
 818 0015 F3       		.byte	0xf3
 819 0016 01       		.uleb128 0x1
 820 0017 50       		.byte	0x50
 821 0018 9F       		.byte	0x9f
 822 0019 26000000 		.4byte	.LVL8
 823 001d 2A000000 		.4byte	.LVL9
 824 0021 0100     		.2byte	0x1
 825 0023 50       		.byte	0x50
 826 0024 2A000000 		.4byte	.LVL9
 827 0028 4E000000 		.4byte	.LVL18
 828 002c 0100     		.2byte	0x1
 829 002e 55       		.byte	0x55
 830 002f 00000000 		.4byte	0
 831 0033 00000000 		.4byte	0
ARM GAS  C:\Users\mewin\AppData\Local\Temp\ccErZclw.s 			page 18


 832              	.LLST1:
 833 0037 00000000 		.4byte	.LVL0
 834 003b 0C000000 		.4byte	.LVL2
 835 003f 0100     		.2byte	0x1
 836 0041 51       		.byte	0x51
 837 0042 0C000000 		.4byte	.LVL2
 838 0046 4E000000 		.4byte	.LVL17
 839 004a 0100     		.2byte	0x1
 840 004c 54       		.byte	0x54
 841 004d 00000000 		.4byte	0
 842 0051 00000000 		.4byte	0
 843              	.LLST2:
 844 0055 48000000 		.4byte	.LVL14
 845 0059 4A000000 		.4byte	.LVL15
 846 005d 0100     		.2byte	0x1
 847 005f 50       		.byte	0x50
 848 0060 4A000000 		.4byte	.LVL15
 849 0064 4D000000 		.4byte	.LVL16-1
 850 0068 0100     		.2byte	0x1
 851 006a 51       		.byte	0x51
 852 006b 00000000 		.4byte	0
 853 006f 00000000 		.4byte	0
 854              	.LLST3:
 855 0073 06000000 		.4byte	.LVL1
 856 0077 16000000 		.4byte	.LVL4
 857 007b 0200     		.2byte	0x2
 858 007d 31       		.byte	0x31
 859 007e 9F       		.byte	0x9f
 860 007f 16000000 		.4byte	.LVL4
 861 0083 26000000 		.4byte	.LVL8
 862 0087 0200     		.2byte	0x2
 863 0089 30       		.byte	0x30
 864 008a 9F       		.byte	0x9f
 865 008b 26000000 		.4byte	.LVL8
 866 008f 2A000000 		.4byte	.LVL9
 867 0093 0200     		.2byte	0x2
 868 0095 31       		.byte	0x31
 869 0096 9F       		.byte	0x9f
 870 0097 2A000000 		.4byte	.LVL9
 871 009b 33000000 		.4byte	.LVL10-1
 872 009f 0100     		.2byte	0x1
 873 00a1 53       		.byte	0x53
 874 00a2 00000000 		.4byte	0
 875 00a6 00000000 		.4byte	0
 876              	.LLST4:
 877 00aa 00000000 		.4byte	.LVL19
 878 00ae 0C000000 		.4byte	.LVL22
 879 00b2 0100     		.2byte	0x1
 880 00b4 50       		.byte	0x50
 881 00b5 0C000000 		.4byte	.LVL22
 882 00b9 1A000000 		.4byte	.LVL25
 883 00bd 0100     		.2byte	0x1
 884 00bf 54       		.byte	0x54
 885 00c0 1A000000 		.4byte	.LVL25
 886 00c4 1E000000 		.4byte	.LVL26
 887 00c8 0100     		.2byte	0x1
 888 00ca 50       		.byte	0x50
ARM GAS  C:\Users\mewin\AppData\Local\Temp\ccErZclw.s 			page 19


 889 00cb 1E000000 		.4byte	.LVL26
 890 00cf 52000000 		.4byte	.LVL36
 891 00d3 0100     		.2byte	0x1
 892 00d5 54       		.byte	0x54
 893 00d6 00000000 		.4byte	0
 894 00da 00000000 		.4byte	0
 895              	.LLST5:
 896 00de 00000000 		.4byte	.LVL19
 897 00e2 0F000000 		.4byte	.LVL23-1
 898 00e6 0100     		.2byte	0x1
 899 00e8 51       		.byte	0x51
 900 00e9 0F000000 		.4byte	.LVL23-1
 901 00ed 1A000000 		.4byte	.LVL25
 902 00f1 0100     		.2byte	0x1
 903 00f3 56       		.byte	0x56
 904 00f4 1A000000 		.4byte	.LVL25
 905 00f8 1E000000 		.4byte	.LVL26
 906 00fc 0100     		.2byte	0x1
 907 00fe 51       		.byte	0x51
 908 00ff 1E000000 		.4byte	.LVL26
 909 0103 52000000 		.4byte	.LVL38
 910 0107 0100     		.2byte	0x1
 911 0109 56       		.byte	0x56
 912 010a 52000000 		.4byte	.LVL38
 913 010e 68000000 		.4byte	.LFE37
 914 0112 0400     		.2byte	0x4
 915 0114 F3       		.byte	0xf3
 916 0115 01       		.uleb128 0x1
 917 0116 51       		.byte	0x51
 918 0117 9F       		.byte	0x9f
 919 0118 00000000 		.4byte	0
 920 011c 00000000 		.4byte	0
 921              	.LLST6:
 922 0120 06000000 		.4byte	.LVL20
 923 0124 46000000 		.4byte	.LVL33
 924 0128 0600     		.2byte	0x6
 925 012a 9E       		.byte	0x9e
 926 012b 04       		.uleb128 0x4
 927 012c 00000000 		.4byte	0
 928 0130 46000000 		.4byte	.LVL33
 929 0134 4E000000 		.4byte	.LVL34
 930 0138 0100     		.2byte	0x1
 931 013a 50       		.byte	0x50
 932 013b 4E000000 		.4byte	.LVL34
 933 013f 51000000 		.4byte	.LVL35-1
 934 0143 0100     		.2byte	0x1
 935 0145 51       		.byte	0x51
 936 0146 00000000 		.4byte	0
 937 014a 00000000 		.4byte	0
 938              	.LLST7:
 939 014e 06000000 		.4byte	.LVL20
 940 0152 0A000000 		.4byte	.LVL21
 941 0156 0200     		.2byte	0x2
 942 0158 31       		.byte	0x31
 943 0159 9F       		.byte	0x9f
 944 015a 0A000000 		.4byte	.LVL21
 945 015e 1A000000 		.4byte	.LVL25
ARM GAS  C:\Users\mewin\AppData\Local\Temp\ccErZclw.s 			page 20


 946 0162 0200     		.2byte	0x2
 947 0164 30       		.byte	0x30
 948 0165 9F       		.byte	0x9f
 949 0166 1A000000 		.4byte	.LVL25
 950 016a 1E000000 		.4byte	.LVL26
 951 016e 0200     		.2byte	0x2
 952 0170 31       		.byte	0x31
 953 0171 9F       		.byte	0x9f
 954 0172 1E000000 		.4byte	.LVL26
 955 0176 52000000 		.4byte	.LVL37
 956 017a 0100     		.2byte	0x1
 957 017c 55       		.byte	0x55
 958 017d 00000000 		.4byte	0
 959 0181 00000000 		.4byte	0
 960              		.section	.debug_aranges,"",%progbits
 961 0000 34000000 		.4byte	0x34
 962 0004 0200     		.2byte	0x2
 963 0006 00000000 		.4byte	.Ldebug_info0
 964 000a 04       		.byte	0x4
 965 000b 00       		.byte	0
 966 000c 0000     		.2byte	0
 967 000e 0000     		.2byte	0
 968 0010 00000000 		.4byte	.LFB34
 969 0014 58000000 		.4byte	.LFE34-.LFB34
 970 0018 00000000 		.4byte	.LFB36
 971 001c 02000000 		.4byte	.LFE36-.LFB36
 972 0020 00000000 		.4byte	.LFB37
 973 0024 68000000 		.4byte	.LFE37-.LFB37
 974 0028 00000000 		.4byte	.LFB35
 975 002c 1C000000 		.4byte	.LFE35-.LFB35
 976 0030 00000000 		.4byte	0
 977 0034 00000000 		.4byte	0
 978              		.section	.debug_ranges,"",%progbits
 979              	.Ldebug_ranges0:
 980 0000 00000000 		.4byte	.LFB34
 981 0004 58000000 		.4byte	.LFE34
 982 0008 00000000 		.4byte	.LFB36
 983 000c 02000000 		.4byte	.LFE36
 984 0010 00000000 		.4byte	.LFB37
 985 0014 68000000 		.4byte	.LFE37
 986 0018 00000000 		.4byte	.LFB35
 987 001c 1C000000 		.4byte	.LFE35
 988 0020 00000000 		.4byte	0
 989 0024 00000000 		.4byte	0
 990              		.section	.debug_line,"",%progbits
 991              	.Ldebug_line0:
 992 0000 CE010000 		.section	.debug_str,"MS",%progbits,1
 992      02005901 
 992      00000201 
 992      FB0E0D00 
 992      01010101 
 993              	.LASF6:
 994 0000 6C6F6E67 		.ascii	"long long int\000"
 994      206C6F6E 
 994      6720696E 
 994      7400
 995              	.LASF9:
ARM GAS  C:\Users\mewin\AppData\Local\Temp\ccErZclw.s 			page 21


 996 000e 5F5F7569 		.ascii	"__uint8_t\000"
 996      6E74385F 
 996      7400
 997              	.LASF31:
 998 0018 72657365 		.ascii	"reset_servo_cont\000"
 998      745F7365 
 998      72766F5F 
 998      636F6E74 
 998      00
 999              	.LASF25:
 1000 0029 4552525F 		.ascii	"ERR_LED_Write\000"
 1000      4C45445F 
 1000      57726974 
 1000      6500
 1001              	.LASF29:
 1002 0037 433A5C55 		.ascii	"C:\\Users\\mewin\\Documents\\PSoC Creator\\Science_"
 1002      73657273 
 1002      5C6D6577 
 1002      696E5C44 
 1002      6F63756D 
 1003 0065 426F6172 		.ascii	"Board_2021-2022\\science wow.cydsn\000"
 1003      645F3230 
 1003      32312D32 
 1003      3032325C 
 1003      73636965 
 1004              	.LASF21:
 1005 0087 7365745F 		.ascii	"set_servo_position\000"
 1005      73657276 
 1005      6F5F706F 
 1005      73697469 
 1005      6F6E00
 1006              	.LASF23:
 1007 009a 706F7765 		.ascii	"power\000"
 1007      7200
 1008              	.LASF13:
 1009 00a0 666C6F61 		.ascii	"float\000"
 1009      7400
 1010              	.LASF7:
 1011 00a6 6C6F6E67 		.ascii	"long long unsigned int\000"
 1011      206C6F6E 
 1011      6720756E 
 1011      7369676E 
 1011      65642069 
 1012              	.LASF1:
 1013 00bd 756E7369 		.ascii	"unsigned char\000"
 1013      676E6564 
 1013      20636861 
 1013      7200
 1014              	.LASF5:
 1015 00cb 6C6F6E67 		.ascii	"long unsigned int\000"
 1015      20756E73 
 1015      69676E65 
 1015      6420696E 
 1015      7400
 1016              	.LASF3:
 1017 00dd 73686F72 		.ascii	"short unsigned int\000"
 1017      7420756E 
ARM GAS  C:\Users\mewin\AppData\Local\Temp\ccErZclw.s 			page 22


 1017      7369676E 
 1017      65642069 
 1017      6E7400
 1018              	.LASF19:
 1019 00f0 70776D44 		.ascii	"pwmDuty\000"
 1019      75747900 
 1020              	.LASF30:
 1021 00f8 6C617A79 		.ascii	"lazy_susan_pos_set\000"
 1021      5F737573 
 1021      616E5F70 
 1021      6F735F73 
 1021      657400
 1022              	.LASF18:
 1023 010b 64656772 		.ascii	"degrees\000"
 1023      65657300 
 1024              	.LASF14:
 1025 0113 646F7562 		.ascii	"double\000"
 1025      6C6500
 1026              	.LASF12:
 1027 011a 666C6F61 		.ascii	"float32\000"
 1027      74333200 
 1028              	.LASF8:
 1029 0122 756E7369 		.ascii	"unsigned int\000"
 1029      676E6564 
 1029      20696E74 
 1029      00
 1030              	.LASF28:
 1031 012f 73657276 		.ascii	"servo.c\000"
 1031      6F2E6300 
 1032              	.LASF10:
 1033 0137 75696E74 		.ascii	"uint8_t\000"
 1033      385F7400 
 1034              	.LASF27:
 1035 013f 474E5520 		.ascii	"GNU C11 5.4.1 20160609 (release) [ARM/embedded-5-br"
 1035      43313120 
 1035      352E342E 
 1035      31203230 
 1035      31363036 
 1036 0172 616E6368 		.ascii	"anch revision 237715] -mcpu=cortex-m0 -mthumb -g -O"
 1036      20726576 
 1036      6973696F 
 1036      6E203233 
 1036      37373135 
 1037 01a5 67202D66 		.ascii	"g -ffunction-sections -ffat-lto-objects\000"
 1037      66756E63 
 1037      74696F6E 
 1037      2D736563 
 1037      74696F6E 
 1038              	.LASF26:
 1039 01cd 73657450 		.ascii	"setPWMFromDutyCycle\000"
 1039      574D4672 
 1039      6F6D4475 
 1039      74794379 
 1039      636C6500 
 1040              	.LASF11:
 1041 01e1 73697A65 		.ascii	"sizetype\000"
 1041      74797065 
ARM GAS  C:\Users\mewin\AppData\Local\Temp\ccErZclw.s 			page 23


 1041      00
 1042              	.LASF20:
 1043 01ea 666F756E 		.ascii	"found\000"
 1043      6400
 1044              	.LASF15:
 1045 01f0 63686172 		.ascii	"char\000"
 1045      00
 1046              	.LASF24:
 1047 01f5 6F666673 		.ascii	"offset\000"
 1047      657400
 1048              	.LASF2:
 1049 01fc 73686F72 		.ascii	"short int\000"
 1049      7420696E 
 1049      7400
 1050              	.LASF4:
 1051 0206 6C6F6E67 		.ascii	"long int\000"
 1051      20696E74 
 1051      00
 1052              	.LASF16:
 1053 020f 6C6F6E67 		.ascii	"long double\000"
 1053      20646F75 
 1053      626C6500 
 1054              	.LASF17:
 1055 021b 73657276 		.ascii	"servo\000"
 1055      6F00
 1056              	.LASF0:
 1057 0221 7369676E 		.ascii	"signed char\000"
 1057      65642063 
 1057      68617200 
 1058              	.LASF22:
 1059 022d 7365745F 		.ascii	"set_servo_continuous\000"
 1059      73657276 
 1059      6F5F636F 
 1059      6E74696E 
 1059      756F7573 
 1060              		.ident	"GCC: (GNU Tools for ARM Embedded Processors) 5.4.1 20160609 (release) [ARM/embedded-5-bran
